[0.068s] Invoking command in '/home/arno/microver/rover_input_pkg/build/rover_input_pkg': CMAKE_PREFIX_PATH=${CMAKE_PREFIX_PATH}:/opt/ros/humble /usr/bin/cmake --build /home/arno/microver/rover_input_pkg/build/rover_input_pkg -- -j8 -l8
[0.103s] Invoked command in '/home/arno/microver/rover_input_pkg/build/rover_input_pkg' returned '0': CMAKE_PREFIX_PATH=${CMAKE_PREFIX_PATH}:/opt/ros/humble /usr/bin/cmake --build /home/arno/microver/rover_input_pkg/build/rover_input_pkg -- -j8 -l8
[0.129s] Invoking command in '/home/arno/microver/rover_input_pkg/build/rover_input_pkg': CMAKE_PREFIX_PATH=${CMAKE_PREFIX_PATH}:/opt/ros/humble /usr/bin/cmake --install /home/arno/microver/rover_input_pkg/build/rover_input_pkg
[0.135s] -- Install configuration: ""
[0.136s] -- Execute custom install script
[0.136s] -- Up-to-date symlink: /home/arno/microver/rover_input_pkg/install/rover_input_pkg/share/ament_index/resource_index/package_run_dependencies/rover_input_pkg
[0.136s] -- Up-to-date symlink: /home/arno/microver/rover_input_pkg/install/rover_input_pkg/share/ament_index/resource_index/parent_prefix_path/rover_input_pkg
[0.136s] -- Up-to-date symlink: /home/arno/microver/rover_input_pkg/install/rover_input_pkg/share/rover_input_pkg/environment/ament_prefix_path.sh
[0.136s] -- Up-to-date symlink: /home/arno/microver/rover_input_pkg/install/rover_input_pkg/share/rover_input_pkg/environment/ament_prefix_path.dsv
[0.137s] -- Up-to-date symlink: /home/arno/microver/rover_input_pkg/install/rover_input_pkg/share/rover_input_pkg/environment/path.sh
[0.137s] -- Up-to-date symlink: /home/arno/microver/rover_input_pkg/install/rover_input_pkg/share/rover_input_pkg/environment/path.dsv
[0.137s] -- Up-to-date symlink: /home/arno/microver/rover_input_pkg/install/rover_input_pkg/share/rover_input_pkg/local_setup.bash
[0.137s] -- Up-to-date symlink: /home/arno/microver/rover_input_pkg/install/rover_input_pkg/share/rover_input_pkg/local_setup.sh
[0.137s] -- Up-to-date symlink: /home/arno/microver/rover_input_pkg/install/rover_input_pkg/share/rover_input_pkg/local_setup.zsh
[0.138s] -- Up-to-date symlink: /home/arno/microver/rover_input_pkg/install/rover_input_pkg/share/rover_input_pkg/local_setup.dsv
[0.138s] -- Symlinking: /home/arno/microver/rover_input_pkg/install/rover_input_pkg/share/rover_input_pkg/package.dsv
[0.146s] -- Up-to-date symlink: /home/arno/microver/rover_input_pkg/install/rover_input_pkg/share/ament_index/resource_index/packages/rover_input_pkg
[0.146s] -- Up-to-date symlink: /home/arno/microver/rover_input_pkg/install/rover_input_pkg/share/rover_input_pkg/cmake/rover_input_pkgConfig.cmake
[0.146s] -- Up-to-date symlink: /home/arno/microver/rover_input_pkg/install/rover_input_pkg/share/rover_input_pkg/cmake/rover_input_pkgConfig-version.cmake
[0.146s] -- Up-to-date symlink: /home/arno/microver/rover_input_pkg/install/rover_input_pkg/share/rover_input_pkg/package.xml
[0.148s] Invoked command in '/home/arno/microver/rover_input_pkg/build/rover_input_pkg' returned '0': CMAKE_PREFIX_PATH=${CMAKE_PREFIX_PATH}:/opt/ros/humble /usr/bin/cmake --install /home/arno/microver/rover_input_pkg/build/rover_input_pkg
