[0.419s] DEBUG:colcon:Command line arguments: ['/usr/bin/colcon', 'build']
[0.419s] DEBUG:colcon:Parsed command line arguments: Namespace(log_base=None, log_level=None, verb_name='build', build_base='build', install_base='install', merge_install=False, symlink_install=False, test_result_base=None, continue_on_error=False, executor='parallel', parallel_workers=8, event_handlers=None, ignore_user_meta=False, metas=['./colcon.meta'], base_paths=['.'], packages_ignore=None, packages_ignore_regex=None, paths=None, packages_up_to=None, packages_up_to_regex=None, packages_above=None, packages_above_and_dependencies=None, packages_above_depth=None, packages_select_by_dep=None, packages_skip_by_dep=None, packages_skip_up_to=None, packages_select_build_failed=False, packages_skip_build_finished=False, packages_select_test_failures=False, packages_skip_test_passed=False, packages_select=None, packages_skip=None, packages_select_regex=None, packages_skip_regex=None, packages_start=None, packages_end=None, allow_overriding=[], cmake_args=None, cmake_target=None, cmake_target_skip_unavailable=False, cmake_clean_cache=False, cmake_clean_first=False, cmake_force_configure=False, ament_cmake_args=None, catkin_cmake_args=None, catkin_skip_building_tests=False, verb_parser=<colcon_defaults.argument_parser.defaults.DefaultArgumentsDecorator object at 0x7d6af4f00eb0>, verb_extension=<colcon_core.verb.build.BuildVerb object at 0x7d6af50713f0>, main=<bound method BuildVerb.main of <colcon_core.verb.build.BuildVerb object at 0x7d6af50713f0>>)
[1.074s] Level 1:colcon.colcon_core.package_discovery:discover_packages(colcon_meta) check parameters
[1.074s] Level 1:colcon.colcon_core.package_discovery:discover_packages(recursive) check parameters
[1.074s] Level 1:colcon.colcon_core.package_discovery:discover_packages(ignore) check parameters
[1.074s] Level 1:colcon.colcon_core.package_discovery:discover_packages(path) check parameters
[1.074s] Level 1:colcon.colcon_core.package_discovery:discover_packages(colcon_meta) discover
[1.074s] Level 1:colcon.colcon_core.package_discovery:discover_packages(recursive) discover
[1.075s] INFO:colcon.colcon_core.package_discovery:Crawling recursively for packages in '/home/arno/microver_ws'
[1.075s] Level 1:colcon.colcon_core.package_identification:_identify(.) by extensions ['ignore', 'ignore_ament_install']
[1.075s] Level 1:colcon.colcon_core.package_identification:_identify(.) by extension 'ignore'
[1.076s] Level 1:colcon.colcon_core.package_identification:_identify(.) by extension 'ignore_ament_install'
[1.076s] Level 1:colcon.colcon_core.package_identification:_identify(.) by extensions ['colcon_pkg']
[1.076s] Level 1:colcon.colcon_core.package_identification:_identify(.) by extension 'colcon_pkg'
[1.076s] Level 1:colcon.colcon_core.package_identification:_identify(.) by extensions ['colcon_meta']
[1.076s] Level 1:colcon.colcon_core.package_identification:_identify(.) by extension 'colcon_meta'
[1.077s] Level 1:colcon.colcon_core.package_identification:_identify(.) by extensions ['ros']
[1.077s] Level 1:colcon.colcon_core.package_identification:_identify(.) by extension 'ros'
[1.114s] Level 1:colcon.colcon_core.package_identification:_identify(.) by extensions ['cmake', 'python']
[1.115s] Level 1:colcon.colcon_core.package_identification:_identify(.) by extension 'cmake'
[1.115s] Level 1:colcon.colcon_core.package_identification:_identify(.) by extension 'python'
[1.115s] Level 1:colcon.colcon_core.package_identification:_identify(.) by extensions ['python_setup_py']
[1.115s] Level 1:colcon.colcon_core.package_identification:_identify(.) by extension 'python_setup_py'
[1.116s] Level 1:colcon.colcon_core.package_identification:_identify(build) by extensions ['ignore', 'ignore_ament_install']
[1.116s] Level 1:colcon.colcon_core.package_identification:_identify(build) by extension 'ignore'
[1.116s] Level 1:colcon.colcon_core.package_identification:_identify(build) ignored
[1.116s] Level 1:colcon.colcon_core.package_identification:_identify(install) by extensions ['ignore', 'ignore_ament_install']
[1.117s] Level 1:colcon.colcon_core.package_identification:_identify(install) by extension 'ignore'
[1.117s] Level 1:colcon.colcon_core.package_identification:_identify(install) ignored
[1.117s] Level 1:colcon.colcon_core.package_identification:_identify(log) by extensions ['ignore', 'ignore_ament_install']
[1.118s] Level 1:colcon.colcon_core.package_identification:_identify(log) by extension 'ignore'
[1.118s] Level 1:colcon.colcon_core.package_identification:_identify(log) ignored
[1.118s] Level 1:colcon.colcon_core.package_identification:_identify(rover_input_pkg) by extensions ['ignore', 'ignore_ament_install']
[1.118s] Level 1:colcon.colcon_core.package_identification:_identify(rover_input_pkg) by extension 'ignore'
[1.119s] Level 1:colcon.colcon_core.package_identification:_identify(rover_input_pkg) by extension 'ignore_ament_install'
[1.119s] Level 1:colcon.colcon_core.package_identification:_identify(rover_input_pkg) by extensions ['colcon_pkg']
[1.119s] Level 1:colcon.colcon_core.package_identification:_identify(rover_input_pkg) by extension 'colcon_pkg'
[1.119s] Level 1:colcon.colcon_core.package_identification:_identify(rover_input_pkg) by extensions ['colcon_meta']
[1.119s] Level 1:colcon.colcon_core.package_identification:_identify(rover_input_pkg) by extension 'colcon_meta'
[1.119s] Level 1:colcon.colcon_core.package_identification:_identify(rover_input_pkg) by extensions ['ros']
[1.120s] Level 1:colcon.colcon_core.package_identification:_identify(rover_input_pkg) by extension 'ros'
[1.128s] DEBUG:colcon.colcon_core.package_identification:Package 'rover_input_pkg' with type 'ros.ament_cmake' and name 'rover_input_pkg'
[1.128s] Level 1:colcon.colcon_core.package_identification:_identify(src) by extensions ['ignore', 'ignore_ament_install']
[1.128s] Level 1:colcon.colcon_core.package_identification:_identify(src) by extension 'ignore'
[1.129s] Level 1:colcon.colcon_core.package_identification:_identify(src) by extension 'ignore_ament_install'
[1.129s] Level 1:colcon.colcon_core.package_identification:_identify(src) by extensions ['colcon_pkg']
[1.129s] Level 1:colcon.colcon_core.package_identification:_identify(src) by extension 'colcon_pkg'
[1.129s] Level 1:colcon.colcon_core.package_identification:_identify(src) by extensions ['colcon_meta']
[1.129s] Level 1:colcon.colcon_core.package_identification:_identify(src) by extension 'colcon_meta'
[1.129s] Level 1:colcon.colcon_core.package_identification:_identify(src) by extensions ['ros']
[1.129s] Level 1:colcon.colcon_core.package_identification:_identify(src) by extension 'ros'
[1.130s] Level 1:colcon.colcon_core.package_identification:_identify(src) by extensions ['cmake', 'python']
[1.130s] Level 1:colcon.colcon_core.package_identification:_identify(src) by extension 'cmake'
[1.130s] Level 1:colcon.colcon_core.package_identification:_identify(src) by extension 'python'
[1.130s] Level 1:colcon.colcon_core.package_identification:_identify(src) by extensions ['python_setup_py']
[1.130s] Level 1:colcon.colcon_core.package_identification:_identify(src) by extension 'python_setup_py'
[1.131s] Level 1:colcon.colcon_core.package_identification:_identify(src/microver) by extensions ['ignore', 'ignore_ament_install']
[1.131s] Level 1:colcon.colcon_core.package_identification:_identify(src/microver) by extension 'ignore'
[1.131s] Level 1:colcon.colcon_core.package_identification:_identify(src/microver) by extension 'ignore_ament_install'
[1.131s] Level 1:colcon.colcon_core.package_identification:_identify(src/microver) by extensions ['colcon_pkg']
[1.131s] Level 1:colcon.colcon_core.package_identification:_identify(src/microver) by extension 'colcon_pkg'
[1.132s] Level 1:colcon.colcon_core.package_identification:_identify(src/microver) by extensions ['colcon_meta']
[1.132s] Level 1:colcon.colcon_core.package_identification:_identify(src/microver) by extension 'colcon_meta'
[1.132s] Level 1:colcon.colcon_core.package_identification:_identify(src/microver) by extensions ['ros']
[1.132s] Level 1:colcon.colcon_core.package_identification:_identify(src/microver) by extension 'ros'
[1.134s] DEBUG:colcon.colcon_core.package_identification:Package 'src/microver' with type 'ros.ament_cmake' and name 'microver'
[1.134s] Level 1:colcon.colcon_core.package_discovery:discover_packages(recursive) using defaults
[1.134s] Level 1:colcon.colcon_core.package_discovery:discover_packages(ignore) discover
[1.134s] Level 1:colcon.colcon_core.package_discovery:discover_packages(ignore) using defaults
[1.135s] Level 1:colcon.colcon_core.package_discovery:discover_packages(path) discover
[1.135s] Level 1:colcon.colcon_core.package_discovery:discover_packages(path) using defaults
[1.199s] Level 1:colcon.colcon_core.package_discovery:discover_packages(prefix_path) check parameters
[1.199s] Level 1:colcon.colcon_core.package_discovery:discover_packages(prefix_path) discover
[1.204s] DEBUG:colcon.colcon_installed_package_information.package_discovery:Found 2 installed packages in /home/arno/microver_ws/install
[1.208s] DEBUG:colcon.colcon_installed_package_information.package_discovery:Found 332 installed packages in /opt/ros/humble
[1.239s] Level 1:colcon.colcon_core.package_discovery:discover_packages(prefix_path) using defaults
[1.381s] Level 5:colcon.colcon_core.verb:set package 'microver' build argument 'cmake_args' from command line to 'None'
[1.381s] Level 5:colcon.colcon_core.verb:set package 'microver' build argument 'cmake_target' from command line to 'None'
[1.381s] Level 5:colcon.colcon_core.verb:set package 'microver' build argument 'cmake_target_skip_unavailable' from command line to 'False'
[1.381s] Level 5:colcon.colcon_core.verb:set package 'microver' build argument 'cmake_clean_cache' from command line to 'False'
[1.381s] Level 5:colcon.colcon_core.verb:set package 'microver' build argument 'cmake_clean_first' from command line to 'False'
[1.381s] Level 5:colcon.colcon_core.verb:set package 'microver' build argument 'cmake_force_configure' from command line to 'False'
[1.382s] Level 5:colcon.colcon_core.verb:set package 'microver' build argument 'ament_cmake_args' from command line to 'None'
[1.382s] Level 5:colcon.colcon_core.verb:set package 'microver' build argument 'catkin_cmake_args' from command line to 'None'
[1.382s] Level 5:colcon.colcon_core.verb:set package 'microver' build argument 'catkin_skip_building_tests' from command line to 'False'
[1.382s] DEBUG:colcon.colcon_core.verb:Building package 'microver' with the following arguments: {'ament_cmake_args': None, 'build_base': '/home/arno/microver_ws/build/microver', 'catkin_cmake_args': None, 'catkin_skip_building_tests': False, 'cmake_args': None, 'cmake_clean_cache': False, 'cmake_clean_first': False, 'cmake_force_configure': False, 'cmake_target': None, 'cmake_target_skip_unavailable': False, 'install_base': '/home/arno/microver_ws/install/microver', 'merge_install': False, 'path': '/home/arno/microver_ws/src/microver', 'symlink_install': False, 'test_result_base': None}
[1.383s] Level 5:colcon.colcon_core.verb:set package 'rover_input_pkg' build argument 'cmake_args' from command line to 'None'
[1.383s] Level 5:colcon.colcon_core.verb:set package 'rover_input_pkg' build argument 'cmake_target' from command line to 'None'
[1.383s] Level 5:colcon.colcon_core.verb:set package 'rover_input_pkg' build argument 'cmake_target_skip_unavailable' from command line to 'False'
[1.383s] Level 5:colcon.colcon_core.verb:set package 'rover_input_pkg' build argument 'cmake_clean_cache' from command line to 'False'
[1.383s] Level 5:colcon.colcon_core.verb:set package 'rover_input_pkg' build argument 'cmake_clean_first' from command line to 'False'
[1.383s] Level 5:colcon.colcon_core.verb:set package 'rover_input_pkg' build argument 'cmake_force_configure' from command line to 'False'
[1.383s] Level 5:colcon.colcon_core.verb:set package 'rover_input_pkg' build argument 'ament_cmake_args' from command line to 'None'
[1.383s] Level 5:colcon.colcon_core.verb:set package 'rover_input_pkg' build argument 'catkin_cmake_args' from command line to 'None'
[1.384s] Level 5:colcon.colcon_core.verb:set package 'rover_input_pkg' build argument 'catkin_skip_building_tests' from command line to 'False'
[1.384s] DEBUG:colcon.colcon_core.verb:Building package 'rover_input_pkg' with the following arguments: {'ament_cmake_args': None, 'build_base': '/home/arno/microver_ws/build/rover_input_pkg', 'catkin_cmake_args': None, 'catkin_skip_building_tests': False, 'cmake_args': None, 'cmake_clean_cache': False, 'cmake_clean_first': False, 'cmake_force_configure': False, 'cmake_target': None, 'cmake_target_skip_unavailable': False, 'install_base': '/home/arno/microver_ws/install/rover_input_pkg', 'merge_install': False, 'path': '/home/arno/microver_ws/rover_input_pkg', 'symlink_install': False, 'test_result_base': None}
[1.384s] INFO:colcon.colcon_core.executor:Executing jobs using 'parallel' executor
[1.386s] DEBUG:colcon.colcon_parallel_executor.executor.parallel:run_until_complete
[1.387s] INFO:colcon.colcon_ros.task.ament_cmake.build:Building ROS package in '/home/arno/microver_ws/src/microver' with build type 'ament_cmake'
[1.387s] INFO:colcon.colcon_cmake.task.cmake.build:Building CMake package in '/home/arno/microver_ws/src/microver'
[1.393s] INFO:colcon.colcon_core.plugin_system:Skipping extension 'colcon_core.shell.bat': Not used on non-Windows systems
[1.394s] INFO:colcon.colcon_core.shell:Skip shell extension 'powershell' for command environment: Not usable outside of PowerShell
[1.394s] DEBUG:colcon.colcon_core.shell:Skip shell extension 'dsv' for command environment
[1.404s] INFO:colcon.colcon_ros.task.ament_cmake.build:Building ROS package in '/home/arno/microver_ws/rover_input_pkg' with build type 'ament_cmake'
[1.404s] INFO:colcon.colcon_cmake.task.cmake.build:Building CMake package in '/home/arno/microver_ws/rover_input_pkg'
[1.405s] INFO:colcon.colcon_core.shell:Skip shell extension 'powershell' for command environment: Not usable outside of PowerShell
[1.405s] DEBUG:colcon.colcon_core.shell:Skip shell extension 'dsv' for command environment
[1.432s] DEBUG:colcon.colcon_core.event_handler.log_command:Invoking command in '/home/arno/microver_ws/build/microver': CMAKE_PREFIX_PATH=${CMAKE_PREFIX_PATH}:/opt/ros/humble /usr/bin/cmake --build /home/arno/microver_ws/build/microver -- -j8 -l8
[1.445s] DEBUG:colcon.colcon_core.event_handler.log_command:Invoking command in '/home/arno/microver_ws/build/rover_input_pkg': CMAKE_PREFIX_PATH=${CMAKE_PREFIX_PATH}:/opt/ros/humble /usr/bin/cmake --build /home/arno/microver_ws/build/rover_input_pkg -- -j8 -l8
[1.553s] DEBUG:colcon.colcon_core.event_handler.log_command:Invoked command in '/home/arno/microver_ws/build/microver' returned '0': CMAKE_PREFIX_PATH=${CMAKE_PREFIX_PATH}:/opt/ros/humble /usr/bin/cmake --build /home/arno/microver_ws/build/microver -- -j8 -l8
[1.649s] DEBUG:colcon.colcon_core.event_handler.log_command:Invoking command in '/home/arno/microver_ws/build/microver': CMAKE_PREFIX_PATH=${CMAKE_PREFIX_PATH}:/opt/ros/humble /usr/bin/cmake --install /home/arno/microver_ws/build/microver
[1.722s] Level 1:colcon.colcon_core.environment:create_environment_scripts_only(microver)
[1.724s] DEBUG:colcon.colcon_core.event_handler.log_command:Invoked command in '/home/arno/microver_ws/build/microver' returned '0': CMAKE_PREFIX_PATH=${CMAKE_PREFIX_PATH}:/opt/ros/humble /usr/bin/cmake --install /home/arno/microver_ws/build/microver
[1.734s] Level 1:colcon.colcon_core.environment:checking '/home/arno/microver_ws/install/microver' for CMake module files
[1.736s] Level 1:colcon.colcon_core.environment:checking '/home/arno/microver_ws/install/microver' for CMake config files
[1.738s] Level 1:colcon.colcon_core.shell:create_environment_hook('microver', 'cmake_prefix_path')
[1.739s] INFO:colcon.colcon_core.shell:Creating environment hook '/home/arno/microver_ws/install/microver/share/microver/hook/cmake_prefix_path.ps1'
[1.742s] INFO:colcon.colcon_core.shell:Creating environment descriptor '/home/arno/microver_ws/install/microver/share/microver/hook/cmake_prefix_path.dsv'
[1.743s] INFO:colcon.colcon_core.shell:Creating environment hook '/home/arno/microver_ws/install/microver/share/microver/hook/cmake_prefix_path.sh'
[1.747s] Level 1:colcon.colcon_core.environment:checking '/home/arno/microver_ws/install/microver/bin'
[1.748s] Level 1:colcon.colcon_core.environment:checking '/home/arno/microver_ws/install/microver/lib/pkgconfig/microver.pc'
[1.749s] Level 1:colcon.colcon_core.environment:checking '/home/arno/microver_ws/install/microver/lib/python3.10/site-packages'
[1.750s] Level 1:colcon.colcon_core.environment:checking '/home/arno/microver_ws/install/microver/bin'
[1.751s] INFO:colcon.colcon_core.shell:Creating package script '/home/arno/microver_ws/install/microver/share/microver/package.ps1'
[1.754s] INFO:colcon.colcon_core.shell:Creating package descriptor '/home/arno/microver_ws/install/microver/share/microver/package.dsv'
[1.757s] INFO:colcon.colcon_core.shell:Creating package script '/home/arno/microver_ws/install/microver/share/microver/package.sh'
[1.761s] INFO:colcon.colcon_core.shell:Creating package script '/home/arno/microver_ws/install/microver/share/microver/package.bash'
[1.764s] INFO:colcon.colcon_core.shell:Creating package script '/home/arno/microver_ws/install/microver/share/microver/package.zsh'
[1.766s] Level 1:colcon.colcon_core.environment:create_file_with_runtime_dependencies(/home/arno/microver_ws/install/microver/share/colcon-core/packages/microver)
[1.825s] Level 1:colcon.colcon_core.environment:create_environment_scripts_only(microver)
[1.826s] Level 1:colcon.colcon_core.environment:checking '/home/arno/microver_ws/install/microver' for CMake module files
[1.828s] Level 1:colcon.colcon_core.environment:checking '/home/arno/microver_ws/install/microver' for CMake config files
[1.829s] Level 1:colcon.colcon_core.shell:create_environment_hook('microver', 'cmake_prefix_path')
[1.829s] INFO:colcon.colcon_core.shell:Creating environment hook '/home/arno/microver_ws/install/microver/share/microver/hook/cmake_prefix_path.ps1'
[1.831s] INFO:colcon.colcon_core.shell:Creating environment descriptor '/home/arno/microver_ws/install/microver/share/microver/hook/cmake_prefix_path.dsv'
[1.832s] INFO:colcon.colcon_core.shell:Creating environment hook '/home/arno/microver_ws/install/microver/share/microver/hook/cmake_prefix_path.sh'
[1.833s] Level 1:colcon.colcon_core.environment:checking '/home/arno/microver_ws/install/microver/bin'
[1.833s] Level 1:colcon.colcon_core.environment:checking '/home/arno/microver_ws/install/microver/lib/pkgconfig/microver.pc'
[1.834s] Level 1:colcon.colcon_core.environment:checking '/home/arno/microver_ws/install/microver/lib/python3.10/site-packages'
[1.835s] Level 1:colcon.colcon_core.environment:checking '/home/arno/microver_ws/install/microver/bin'
[1.836s] INFO:colcon.colcon_core.shell:Creating package script '/home/arno/microver_ws/install/microver/share/microver/package.ps1'
[1.837s] INFO:colcon.colcon_core.shell:Creating package descriptor '/home/arno/microver_ws/install/microver/share/microver/package.dsv'
[1.839s] INFO:colcon.colcon_core.shell:Creating package script '/home/arno/microver_ws/install/microver/share/microver/package.sh'
[1.840s] INFO:colcon.colcon_core.shell:Creating package script '/home/arno/microver_ws/install/microver/share/microver/package.bash'
[1.841s] INFO:colcon.colcon_core.shell:Creating package script '/home/arno/microver_ws/install/microver/share/microver/package.zsh'
[1.842s] Level 1:colcon.colcon_core.environment:create_file_with_runtime_dependencies(/home/arno/microver_ws/install/microver/share/colcon-core/packages/microver)
[18.378s] DEBUG:colcon.colcon_core.event_handler.log_command:Invoked command in '/home/arno/microver_ws/build/rover_input_pkg' returned '0': CMAKE_PREFIX_PATH=${CMAKE_PREFIX_PATH}:/opt/ros/humble /usr/bin/cmake --build /home/arno/microver_ws/build/rover_input_pkg -- -j8 -l8
[18.466s] DEBUG:colcon.colcon_core.event_handler.log_command:Invoking command in '/home/arno/microver_ws/build/rover_input_pkg': CMAKE_PREFIX_PATH=${CMAKE_PREFIX_PATH}:/opt/ros/humble /usr/bin/cmake --install /home/arno/microver_ws/build/rover_input_pkg
[18.541s] Level 1:colcon.colcon_core.environment:create_environment_scripts_only(rover_input_pkg)
[18.543s] DEBUG:colcon.colcon_core.event_handler.log_command:Invoked command in '/home/arno/microver_ws/build/rover_input_pkg' returned '0': CMAKE_PREFIX_PATH=${CMAKE_PREFIX_PATH}:/opt/ros/humble /usr/bin/cmake --install /home/arno/microver_ws/build/rover_input_pkg
[18.544s] Level 1:colcon.colcon_core.environment:checking '/home/arno/microver_ws/install/rover_input_pkg' for CMake module files
[18.547s] Level 1:colcon.colcon_core.environment:checking '/home/arno/microver_ws/install/rover_input_pkg' for CMake config files
[18.547s] Level 1:colcon.colcon_core.shell:create_environment_hook('rover_input_pkg', 'cmake_prefix_path')
[18.548s] INFO:colcon.colcon_core.shell:Creating environment hook '/home/arno/microver_ws/install/rover_input_pkg/share/rover_input_pkg/hook/cmake_prefix_path.ps1'
[18.550s] INFO:colcon.colcon_core.shell:Creating environment descriptor '/home/arno/microver_ws/install/rover_input_pkg/share/rover_input_pkg/hook/cmake_prefix_path.dsv'
[18.551s] INFO:colcon.colcon_core.shell:Creating environment hook '/home/arno/microver_ws/install/rover_input_pkg/share/rover_input_pkg/hook/cmake_prefix_path.sh'
[18.553s] Level 1:colcon.colcon_core.environment:checking '/home/arno/microver_ws/install/rover_input_pkg/lib'
[18.554s] Level 1:colcon.colcon_core.environment:checking '/home/arno/microver_ws/install/rover_input_pkg/bin'
[18.555s] Level 1:colcon.colcon_core.environment:checking '/home/arno/microver_ws/install/rover_input_pkg/lib/pkgconfig/rover_input_pkg.pc'
[18.556s] Level 1:colcon.colcon_core.environment:checking '/home/arno/microver_ws/install/rover_input_pkg/lib/python3.10/site-packages'
[18.557s] Level 1:colcon.colcon_core.environment:checking '/home/arno/microver_ws/install/rover_input_pkg/bin'
[18.558s] INFO:colcon.colcon_core.shell:Creating package script '/home/arno/microver_ws/install/rover_input_pkg/share/rover_input_pkg/package.ps1'
[18.560s] INFO:colcon.colcon_core.shell:Creating package descriptor '/home/arno/microver_ws/install/rover_input_pkg/share/rover_input_pkg/package.dsv'
[18.561s] INFO:colcon.colcon_core.shell:Creating package script '/home/arno/microver_ws/install/rover_input_pkg/share/rover_input_pkg/package.sh'
[18.563s] INFO:colcon.colcon_core.shell:Creating package script '/home/arno/microver_ws/install/rover_input_pkg/share/rover_input_pkg/package.bash'
[18.564s] INFO:colcon.colcon_core.shell:Creating package script '/home/arno/microver_ws/install/rover_input_pkg/share/rover_input_pkg/package.zsh'
[18.565s] Level 1:colcon.colcon_core.environment:create_file_with_runtime_dependencies(/home/arno/microver_ws/install/rover_input_pkg/share/colcon-core/packages/rover_input_pkg)
[18.641s] Level 1:colcon.colcon_core.environment:create_environment_scripts_only(rover_input_pkg)
[18.642s] Level 1:colcon.colcon_core.environment:checking '/home/arno/microver_ws/install/rover_input_pkg' for CMake module files
[18.644s] Level 1:colcon.colcon_core.environment:checking '/home/arno/microver_ws/install/rover_input_pkg' for CMake config files
[18.645s] Level 1:colcon.colcon_core.shell:create_environment_hook('rover_input_pkg', 'cmake_prefix_path')
[18.646s] INFO:colcon.colcon_core.shell:Creating environment hook '/home/arno/microver_ws/install/rover_input_pkg/share/rover_input_pkg/hook/cmake_prefix_path.ps1'
[18.647s] INFO:colcon.colcon_core.shell:Creating environment descriptor '/home/arno/microver_ws/install/rover_input_pkg/share/rover_input_pkg/hook/cmake_prefix_path.dsv'
[18.648s] INFO:colcon.colcon_core.shell:Creating environment hook '/home/arno/microver_ws/install/rover_input_pkg/share/rover_input_pkg/hook/cmake_prefix_path.sh'
[18.650s] Level 1:colcon.colcon_core.environment:checking '/home/arno/microver_ws/install/rover_input_pkg/lib'
[18.650s] Level 1:colcon.colcon_core.environment:checking '/home/arno/microver_ws/install/rover_input_pkg/bin'
[18.650s] Level 1:colcon.colcon_core.environment:checking '/home/arno/microver_ws/install/rover_input_pkg/lib/pkgconfig/rover_input_pkg.pc'
[18.651s] Level 1:colcon.colcon_core.environment:checking '/home/arno/microver_ws/install/rover_input_pkg/lib/python3.10/site-packages'
[18.652s] Level 1:colcon.colcon_core.environment:checking '/home/arno/microver_ws/install/rover_input_pkg/bin'
[18.653s] INFO:colcon.colcon_core.shell:Creating package script '/home/arno/microver_ws/install/rover_input_pkg/share/rover_input_pkg/package.ps1'
[18.655s] INFO:colcon.colcon_core.shell:Creating package descriptor '/home/arno/microver_ws/install/rover_input_pkg/share/rover_input_pkg/package.dsv'
[18.657s] INFO:colcon.colcon_core.shell:Creating package script '/home/arno/microver_ws/install/rover_input_pkg/share/rover_input_pkg/package.sh'
[18.658s] INFO:colcon.colcon_core.shell:Creating package script '/home/arno/microver_ws/install/rover_input_pkg/share/rover_input_pkg/package.bash'
[18.659s] INFO:colcon.colcon_core.shell:Creating package script '/home/arno/microver_ws/install/rover_input_pkg/share/rover_input_pkg/package.zsh'
[18.661s] Level 1:colcon.colcon_core.environment:create_file_with_runtime_dependencies(/home/arno/microver_ws/install/rover_input_pkg/share/colcon-core/packages/rover_input_pkg)
[18.661s] DEBUG:colcon.colcon_parallel_executor.executor.parallel:closing loop
[18.663s] DEBUG:colcon.colcon_parallel_executor.executor.parallel:loop closed
[18.663s] DEBUG:colcon.colcon_parallel_executor.executor.parallel:run_until_complete finished with '0'
[18.664s] DEBUG:colcon.colcon_core.event_reactor:joining thread
[18.685s] INFO:colcon.colcon_core.plugin_system:Skipping extension 'colcon_notification.desktop_notification.terminal_notifier': Not used on non-Darwin systems
[18.686s] INFO:colcon.colcon_core.plugin_system:Skipping extension 'colcon_notification.desktop_notification.win32': Not used on non-Windows systems
[18.686s] INFO:colcon.colcon_notification.desktop_notification:Sending desktop notification using 'notify2'
[18.732s] DEBUG:colcon.colcon_core.event_reactor:joined thread
[18.733s] INFO:colcon.colcon_core.shell:Creating prefix script '/home/arno/microver_ws/install/local_setup.ps1'
[18.737s] INFO:colcon.colcon_core.shell:Creating prefix util module '/home/arno/microver_ws/install/_local_setup_util_ps1.py'
[18.743s] INFO:colcon.colcon_core.shell:Creating prefix chain script '/home/arno/microver_ws/install/setup.ps1'
[18.747s] INFO:colcon.colcon_core.shell:Creating prefix script '/home/arno/microver_ws/install/local_setup.sh'
[18.749s] INFO:colcon.colcon_core.shell:Creating prefix util module '/home/arno/microver_ws/install/_local_setup_util_sh.py'
[18.751s] INFO:colcon.colcon_core.shell:Creating prefix chain script '/home/arno/microver_ws/install/setup.sh'
[18.756s] INFO:colcon.colcon_core.shell:Creating prefix script '/home/arno/microver_ws/install/local_setup.bash'
[18.758s] INFO:colcon.colcon_core.shell:Creating prefix chain script '/home/arno/microver_ws/install/setup.bash'
[18.762s] INFO:colcon.colcon_core.shell:Creating prefix script '/home/arno/microver_ws/install/local_setup.zsh'
[18.764s] INFO:colcon.colcon_core.shell:Creating prefix chain script '/home/arno/microver_ws/install/setup.zsh'
