[0.017s] Invoking command in '/home/arno/microver_ws/build/rover_input_pkg': CMAKE_PREFIX_PATH=${CMAKE_PREFIX_PATH}:/opt/ros/humble /usr/bin/cmake --build /home/arno/microver_ws/build/rover_input_pkg -- -j8 -l8
[0.048s] -- Found ament_cmake: 1.3.8 (/opt/ros/humble/share/ament_cmake/cmake)
[0.235s] -- Override CMake install command with custom implementation using symlinks instead of copying resources
[0.246s] -- Found rclcpp: 16.0.8 (/opt/ros/humble/share/rclcpp/cmake)
[0.294s] -- Found rosidl_generator_c: 3.1.5 (/opt/ros/humble/share/rosidl_generator_c/cmake)
[0.298s] -- Found rosidl_adapter: 3.1.5 (/opt/ros/humble/share/rosidl_adapter/cmake)
[0.307s] -- Found rosidl_generator_cpp: 3.1.5 (/opt/ros/humble/share/rosidl_generator_cpp/cmake)
[0.326s] -- Using all available rosidl_typesupport_c: rosidl_typesupport_fastrtps_c;rosidl_typesupport_introspection_c
[0.351s] -- Using all available rosidl_typesupport_cpp: rosidl_typesupport_fastrtps_cpp;rosidl_typesupport_introspection_cpp
[0.437s] -- Found rmw_implementation_cmake: 6.1.1 (/opt/ros/humble/share/rmw_implementation_cmake/cmake)
[0.439s] -- Found rmw_fastrtps_cpp: 6.2.6 (/opt/ros/humble/share/rmw_fastrtps_cpp/cmake)
[0.606s] -- Using RMW implementation 'rmw_fastrtps_cpp' as default
[0.857s] [31mCMake Error at CMakeLists.txt:18 (find_package):
[0.857s]   By not providing "Findcurses.cmake" in CMAKE_MODULE_PATH this project has
[0.857s]   asked CMake to find a package configuration file provided by "curses", but
[0.857s]   CMake did not find one.
[0.857s] 
[0.858s]   Could not find a package configuration file provided by "curses" with any
[0.858s]   of the following names:
[0.858s] 
[0.858s]     cursesConfig.cmake
[0.858s]     curses-config.cmake
[0.858s] 
[0.858s]   Add the installation prefix of "curses" to CMAKE_PREFIX_PATH or set
[0.858s]   "curses_DIR" to a directory containing one of the above files.  If "curses"
[0.858s]   provides a separate development package or SDK, be sure it has been
[0.858s]   installed.
[0.858s] 
[0.858s] [0m
[0.859s] -- Configuring incomplete, errors occurred!
[0.859s] See also "/home/arno/microver_ws/build/rover_input_pkg/CMakeFiles/CMakeOutput.log".
[0.866s] gmake: *** [Makefile:267: cmake_check_build_system] Error 1
[0.868s] Invoked command in '/home/arno/microver_ws/build/rover_input_pkg' returned '2': CMAKE_PREFIX_PATH=${CMAKE_PREFIX_PATH}:/opt/ros/humble /usr/bin/cmake --build /home/arno/microver_ws/build/rover_input_pkg -- -j8 -l8
