[0.050s] Invoking command in '/home/arno/BasestationRoombaV3/build/cnn_3dobj': /usr/bin/cmake /home/arno/BasestationRoombaV3/src/camera/opencv_contrib/modules/cnn_3dobj -DCMAKE_INSTALL_PREFIX=/home/arno/BasestationRoombaV3/install/cnn_3dobj
[0.755s] -- The C compiler identification is GNU 11.4.0
[0.755s] -- The CXX compiler identification is GNU 11.4.0
[0.756s] -- Detecting C compiler ABI info
[0.756s] -- Detecting C compiler ABI info - done
[0.756s] -- Check for working C compiler: /usr/bin/cc - skipped
[0.756s] -- Detecting C compile features
[0.756s] -- Detecting C compile features - done
[0.756s] -- Detecting CXX compiler ABI info
[0.756s] -- Detecting CXX compiler ABI info - done
[0.756s] -- Check for working CXX compiler: /usr/bin/c++ - skipped
[0.756s] -- Detecting CXX compile features
[0.756s] -- Detecting CXX compile features - done
[0.757s] -- Configuring done
[0.757s] -- Generating done
[0.757s] -- Build files have been written to: /home/arno/BasestationRoombaV3/build/cnn_3dobj
[0.757s] [33mCMake Warning (dev) in CMakeLists.txt:
[0.757s]   No project() command is present.  The top-level CMakeLists.txt file must
[0.757s]   contain a literal, direct call to the project() command.  Add a line of
[0.757s]   code such as
[0.757s] 
[0.758s]     project(ProjectName)
[0.758s] 
[0.758s]   near the top of the file, but after cmake_minimum_required().
[0.758s] 
[0.758s]   CMake is pretending there is a "project(Project)" command on the first
[0.758s]   line.
[0.758s] This warning is for project developers.  Use -Wno-dev to suppress it.
[0.758s] [0m
[0.758s] [33mCMake Warning (dev) in CMakeLists.txt:
[0.758s]   No cmake_minimum_required command is present.  A line of code such as
[0.758s] 
[0.759s]     cmake_minimum_required(VERSION 3.22)
[0.759s] 
[0.759s]   should be added at the top of the file.  The version specified may be lower
[0.759s]   if you wish to support older CMake versions for this project.  For more
[0.759s]   information run "cmake --help-policy CMP0000".
[0.759s] This warning is for project developers.  Use -Wno-dev to suppress it.
[0.759s] [0m
