[1.011s] DEBUG:colcon:Command line arguments: ['/usr/bin/colcon', 'build', '--symlink-install']
[1.011s] DEBUG:colcon:Parsed command line arguments: Namespace(log_base=None, log_level=None, verb_name='build', build_base='build', install_base='install', merge_install=False, symlink_install=True, test_result_base=None, continue_on_error=False, executor='parallel', parallel_workers=8, event_handlers=None, ignore_user_meta=False, metas=['./colcon.meta'], base_paths=['.'], packages_ignore=None, packages_ignore_regex=None, paths=None, packages_up_to=None, packages_up_to_regex=None, packages_above=None, packages_above_and_dependencies=None, packages_above_depth=None, packages_select_by_dep=None, packages_skip_by_dep=None, packages_skip_up_to=None, packages_select_build_failed=False, packages_skip_build_finished=False, packages_select_test_failures=False, packages_skip_test_passed=False, packages_select=None, packages_skip=None, packages_select_regex=None, packages_skip_regex=None, packages_start=None, packages_end=None, allow_overriding=[], cmake_args=None, cmake_target=None, cmake_target_skip_unavailable=False, cmake_clean_cache=False, cmake_clean_first=False, cmake_force_configure=False, ament_cmake_args=None, catkin_cmake_args=None, catkin_skip_building_tests=False, verb_parser=<colcon_defaults.argument_parser.defaults.DefaultArgumentsDecorator object at 0x7f9cdb0a39a0>, verb_extension=<colcon_core.verb.build.BuildVerb object at 0x7f9cdb0a2c80>, main=<bound method BuildVerb.main of <colcon_core.verb.build.BuildVerb object at 0x7f9cdb0a2c80>>)
[1.058s] Level 1:colcon.colcon_core.package_discovery:discover_packages(colcon_meta) check parameters
[1.058s] Level 1:colcon.colcon_core.package_discovery:discover_packages(recursive) check parameters
[1.058s] Level 1:colcon.colcon_core.package_discovery:discover_packages(ignore) check parameters
[1.058s] Level 1:colcon.colcon_core.package_discovery:discover_packages(path) check parameters
[1.059s] Level 1:colcon.colcon_core.package_discovery:discover_packages(colcon_meta) discover
[1.059s] Level 1:colcon.colcon_core.package_discovery:discover_packages(recursive) discover
[1.059s] INFO:colcon.colcon_core.package_discovery:Crawling recursively for packages in '/home/arno/microver/rover_input_pkg'
[1.059s] Level 1:colcon.colcon_core.package_identification:_identify(.) by extensions ['ignore', 'ignore_ament_install']
[1.059s] Level 1:colcon.colcon_core.package_identification:_identify(.) by extension 'ignore'
[1.059s] Level 1:colcon.colcon_core.package_identification:_identify(.) by extension 'ignore_ament_install'
[1.059s] Level 1:colcon.colcon_core.package_identification:_identify(.) by extensions ['colcon_pkg']
[1.059s] Level 1:colcon.colcon_core.package_identification:_identify(.) by extension 'colcon_pkg'
[1.059s] Level 1:colcon.colcon_core.package_identification:_identify(.) by extensions ['colcon_meta']
[1.059s] Level 1:colcon.colcon_core.package_identification:_identify(.) by extension 'colcon_meta'
[1.059s] Level 1:colcon.colcon_core.package_identification:_identify(.) by extensions ['ros']
[1.059s] Level 1:colcon.colcon_core.package_identification:_identify(.) by extension 'ros'
[1.072s] DEBUG:colcon.colcon_core.package_identification:Package '.' with type 'ros.ament_cmake' and name 'rover_input_pkg'
[1.072s] Level 1:colcon.colcon_core.package_discovery:discover_packages(recursive) using defaults
[1.072s] Level 1:colcon.colcon_core.package_discovery:discover_packages(ignore) discover
[1.072s] Level 1:colcon.colcon_core.package_discovery:discover_packages(ignore) using defaults
[1.072s] Level 1:colcon.colcon_core.package_discovery:discover_packages(path) discover
[1.072s] Level 1:colcon.colcon_core.package_discovery:discover_packages(path) using defaults
[1.165s] Level 1:colcon.colcon_core.package_discovery:discover_packages(prefix_path) check parameters
[1.165s] Level 1:colcon.colcon_core.package_discovery:discover_packages(prefix_path) discover
[1.196s] DEBUG:colcon.colcon_installed_package_information.package_discovery:Found 292 installed packages in /opt/ros/humble
[1.197s] Level 1:colcon.colcon_core.package_discovery:discover_packages(prefix_path) using defaults
[1.304s] Level 5:colcon.colcon_core.verb:set package 'rover_input_pkg' build argument 'cmake_args' from command line to 'None'
[1.304s] Level 5:colcon.colcon_core.verb:set package 'rover_input_pkg' build argument 'cmake_target' from command line to 'None'
[1.304s] Level 5:colcon.colcon_core.verb:set package 'rover_input_pkg' build argument 'cmake_target_skip_unavailable' from command line to 'False'
[1.304s] Level 5:colcon.colcon_core.verb:set package 'rover_input_pkg' build argument 'cmake_clean_cache' from command line to 'False'
[1.304s] Level 5:colcon.colcon_core.verb:set package 'rover_input_pkg' build argument 'cmake_clean_first' from command line to 'False'
[1.304s] Level 5:colcon.colcon_core.verb:set package 'rover_input_pkg' build argument 'cmake_force_configure' from command line to 'False'
[1.304s] Level 5:colcon.colcon_core.verb:set package 'rover_input_pkg' build argument 'ament_cmake_args' from command line to 'None'
[1.304s] Level 5:colcon.colcon_core.verb:set package 'rover_input_pkg' build argument 'catkin_cmake_args' from command line to 'None'
[1.304s] Level 5:colcon.colcon_core.verb:set package 'rover_input_pkg' build argument 'catkin_skip_building_tests' from command line to 'False'
[1.304s] DEBUG:colcon.colcon_core.verb:Building package 'rover_input_pkg' with the following arguments: {'ament_cmake_args': None, 'build_base': '/home/arno/microver/rover_input_pkg/build/rover_input_pkg', 'catkin_cmake_args': None, 'catkin_skip_building_tests': False, 'cmake_args': None, 'cmake_clean_cache': False, 'cmake_clean_first': False, 'cmake_force_configure': False, 'cmake_target': None, 'cmake_target_skip_unavailable': False, 'install_base': '/home/arno/microver/rover_input_pkg/install/rover_input_pkg', 'merge_install': False, 'path': '/home/arno/microver/rover_input_pkg', 'symlink_install': True, 'test_result_base': None}
[1.319s] INFO:colcon.colcon_core.executor:Executing jobs using 'parallel' executor
[1.334s] DEBUG:colcon.colcon_parallel_executor.executor.parallel:run_until_complete
[1.334s] INFO:colcon.colcon_ros.task.ament_cmake.build:Building ROS package in '/home/arno/microver/rover_input_pkg' with build type 'ament_cmake'
[1.335s] INFO:colcon.colcon_cmake.task.cmake.build:Building CMake package in '/home/arno/microver/rover_input_pkg'
[1.351s] INFO:colcon.colcon_core.plugin_system:Skipping extension 'colcon_core.shell.bat': Not used on non-Windows systems
[1.351s] INFO:colcon.colcon_core.shell:Skip shell extension 'powershell' for command environment: Not usable outside of PowerShell
[1.351s] DEBUG:colcon.colcon_core.shell:Skip shell extension 'dsv' for command environment
[1.389s] DEBUG:colcon.colcon_core.event_handler.log_command:Invoking command in '/home/arno/microver/rover_input_pkg/build/rover_input_pkg': CMAKE_PREFIX_PATH=/opt/ros/humble /usr/bin/cmake --build /home/arno/microver/rover_input_pkg/build/rover_input_pkg -- -j8 -l8
[1.423s] DEBUG:colcon.colcon_core.event_handler.log_command:Invoked command in '/home/arno/microver/rover_input_pkg/build/rover_input_pkg' returned '0': CMAKE_PREFIX_PATH=/opt/ros/humble /usr/bin/cmake --build /home/arno/microver/rover_input_pkg/build/rover_input_pkg -- -j8 -l8
[1.450s] DEBUG:colcon.colcon_core.event_handler.log_command:Invoking command in '/home/arno/microver/rover_input_pkg/build/rover_input_pkg': CMAKE_PREFIX_PATH=/opt/ros/humble /usr/bin/cmake --install /home/arno/microver/rover_input_pkg/build/rover_input_pkg
[1.468s] Level 1:colcon.colcon_core.environment:create_environment_scripts_only(rover_input_pkg)
[1.468s] DEBUG:colcon.colcon_core.event_handler.log_command:Invoked command in '/home/arno/microver/rover_input_pkg/build/rover_input_pkg' returned '0': CMAKE_PREFIX_PATH=/opt/ros/humble /usr/bin/cmake --install /home/arno/microver/rover_input_pkg/build/rover_input_pkg
[1.486s] Level 1:colcon.colcon_core.environment:checking '/home/arno/microver/rover_input_pkg/install/rover_input_pkg' for CMake module files
[1.486s] Level 1:colcon.colcon_core.environment:checking '/home/arno/microver/rover_input_pkg/install/rover_input_pkg' for CMake config files
[1.487s] Level 1:colcon.colcon_core.shell:create_environment_hook('rover_input_pkg', 'cmake_prefix_path')
[1.502s] INFO:colcon.colcon_core.shell:Creating environment hook '/home/arno/microver/rover_input_pkg/install/rover_input_pkg/share/rover_input_pkg/hook/cmake_prefix_path.ps1'
[1.502s] INFO:colcon.colcon_core.shell:Creating environment descriptor '/home/arno/microver/rover_input_pkg/install/rover_input_pkg/share/rover_input_pkg/hook/cmake_prefix_path.dsv'
[1.503s] INFO:colcon.colcon_core.shell:Creating environment hook '/home/arno/microver/rover_input_pkg/install/rover_input_pkg/share/rover_input_pkg/hook/cmake_prefix_path.sh'
[1.503s] Level 1:colcon.colcon_core.environment:checking '/home/arno/microver/rover_input_pkg/install/rover_input_pkg/bin'
[1.503s] Level 1:colcon.colcon_core.environment:checking '/home/arno/microver/rover_input_pkg/install/rover_input_pkg/lib/pkgconfig/rover_input_pkg.pc'
[1.504s] Level 1:colcon.colcon_core.environment:checking '/home/arno/microver/rover_input_pkg/install/rover_input_pkg/lib/python3.10/site-packages'
[1.504s] Level 1:colcon.colcon_core.environment:checking '/home/arno/microver/rover_input_pkg/install/rover_input_pkg/bin'
[1.519s] INFO:colcon.colcon_core.shell:Creating package script '/home/arno/microver/rover_input_pkg/install/rover_input_pkg/share/rover_input_pkg/package.ps1'
[1.519s] INFO:colcon.colcon_core.shell:Creating package descriptor '/home/arno/microver/rover_input_pkg/install/rover_input_pkg/share/rover_input_pkg/package.dsv'
[1.520s] INFO:colcon.colcon_core.shell:Creating package script '/home/arno/microver/rover_input_pkg/install/rover_input_pkg/share/rover_input_pkg/package.sh'
[1.520s] INFO:colcon.colcon_core.shell:Creating package script '/home/arno/microver/rover_input_pkg/install/rover_input_pkg/share/rover_input_pkg/package.bash'
[1.521s] INFO:colcon.colcon_core.shell:Creating package script '/home/arno/microver/rover_input_pkg/install/rover_input_pkg/share/rover_input_pkg/package.zsh'
[1.522s] Level 1:colcon.colcon_core.environment:create_file_with_runtime_dependencies(/home/arno/microver/rover_input_pkg/install/rover_input_pkg/share/colcon-core/packages/rover_input_pkg)
[1.554s] Level 1:colcon.colcon_core.environment:create_environment_scripts_only(rover_input_pkg)
[1.569s] Level 1:colcon.colcon_core.environment:checking '/home/arno/microver/rover_input_pkg/install/rover_input_pkg' for CMake module files
[1.570s] Level 1:colcon.colcon_core.environment:checking '/home/arno/microver/rover_input_pkg/install/rover_input_pkg' for CMake config files
[1.570s] Level 1:colcon.colcon_core.shell:create_environment_hook('rover_input_pkg', 'cmake_prefix_path')
[1.585s] INFO:colcon.colcon_core.shell:Creating environment hook '/home/arno/microver/rover_input_pkg/install/rover_input_pkg/share/rover_input_pkg/hook/cmake_prefix_path.ps1'
[1.585s] INFO:colcon.colcon_core.shell:Creating environment descriptor '/home/arno/microver/rover_input_pkg/install/rover_input_pkg/share/rover_input_pkg/hook/cmake_prefix_path.dsv'
[1.585s] INFO:colcon.colcon_core.shell:Creating environment hook '/home/arno/microver/rover_input_pkg/install/rover_input_pkg/share/rover_input_pkg/hook/cmake_prefix_path.sh'
[1.586s] Level 1:colcon.colcon_core.environment:checking '/home/arno/microver/rover_input_pkg/install/rover_input_pkg/bin'
[1.586s] Level 1:colcon.colcon_core.environment:checking '/home/arno/microver/rover_input_pkg/install/rover_input_pkg/lib/pkgconfig/rover_input_pkg.pc'
[1.586s] Level 1:colcon.colcon_core.environment:checking '/home/arno/microver/rover_input_pkg/install/rover_input_pkg/lib/python3.10/site-packages'
[1.586s] Level 1:colcon.colcon_core.environment:checking '/home/arno/microver/rover_input_pkg/install/rover_input_pkg/bin'
[1.601s] INFO:colcon.colcon_core.shell:Creating package script '/home/arno/microver/rover_input_pkg/install/rover_input_pkg/share/rover_input_pkg/package.ps1'
[1.601s] INFO:colcon.colcon_core.shell:Creating package descriptor '/home/arno/microver/rover_input_pkg/install/rover_input_pkg/share/rover_input_pkg/package.dsv'
[1.602s] INFO:colcon.colcon_core.shell:Creating package script '/home/arno/microver/rover_input_pkg/install/rover_input_pkg/share/rover_input_pkg/package.sh'
[1.602s] INFO:colcon.colcon_core.shell:Creating package script '/home/arno/microver/rover_input_pkg/install/rover_input_pkg/share/rover_input_pkg/package.bash'
[1.602s] INFO:colcon.colcon_core.shell:Creating package script '/home/arno/microver/rover_input_pkg/install/rover_input_pkg/share/rover_input_pkg/package.zsh'
[1.603s] Level 1:colcon.colcon_core.environment:create_file_with_runtime_dependencies(/home/arno/microver/rover_input_pkg/install/rover_input_pkg/share/colcon-core/packages/rover_input_pkg)
[1.603s] DEBUG:colcon.colcon_parallel_executor.executor.parallel:closing loop
[1.603s] DEBUG:colcon.colcon_parallel_executor.executor.parallel:loop closed
[1.603s] DEBUG:colcon.colcon_parallel_executor.executor.parallel:run_until_complete finished with '0'
[1.603s] DEBUG:colcon.colcon_core.event_reactor:joining thread
[1.623s] INFO:colcon.colcon_core.plugin_system:Skipping extension 'colcon_notification.desktop_notification.terminal_notifier': Not used on non-Darwin systems
[1.623s] INFO:colcon.colcon_core.plugin_system:Skipping extension 'colcon_notification.desktop_notification.win32': Not used on non-Windows systems
[1.623s] INFO:colcon.colcon_notification.desktop_notification:Sending desktop notification using 'notify2'
[1.634s] DEBUG:colcon.colcon_core.event_reactor:joined thread
[1.651s] INFO:colcon.colcon_core.shell:Creating prefix script '/home/arno/microver/rover_input_pkg/install/local_setup.ps1'
[1.652s] INFO:colcon.colcon_core.shell:Creating prefix util module '/home/arno/microver/rover_input_pkg/install/_local_setup_util_ps1.py'
[1.654s] INFO:colcon.colcon_core.shell:Creating prefix chain script '/home/arno/microver/rover_input_pkg/install/setup.ps1'
[1.669s] INFO:colcon.colcon_core.shell:Creating prefix script '/home/arno/microver/rover_input_pkg/install/local_setup.sh'
[1.670s] INFO:colcon.colcon_core.shell:Creating prefix util module '/home/arno/microver/rover_input_pkg/install/_local_setup_util_sh.py'
[1.670s] INFO:colcon.colcon_core.shell:Creating prefix chain script '/home/arno/microver/rover_input_pkg/install/setup.sh'
[1.687s] INFO:colcon.colcon_core.shell:Creating prefix script '/home/arno/microver/rover_input_pkg/install/local_setup.bash'
[1.687s] INFO:colcon.colcon_core.shell:Creating prefix chain script '/home/arno/microver/rover_input_pkg/install/setup.bash'
[1.704s] INFO:colcon.colcon_core.shell:Creating prefix script '/home/arno/microver/rover_input_pkg/install/local_setup.zsh'
[1.704s] INFO:colcon.colcon_core.shell:Creating prefix chain script '/home/arno/microver/rover_input_pkg/install/setup.zsh'
