[0.073s] Invoking command in '/home/arno/microver/rover_input_pkg/build/rover_input_pkg': CMAKE_PREFIX_PATH=/opt/ros/humble /usr/bin/cmake /home/arno/microver/rover_input_pkg -DAMENT_CMAKE_SYMLINK_INSTALL=1 -DCMAKE_INSTALL_PREFIX=/home/arno/microver/rover_input_pkg/install/rover_input_pkg
[0.161s] -- The C compiler identification is GNU 11.4.0
[0.254s] -- The CXX compiler identification is GNU 11.4.0
[0.263s] -- Detecting C compiler ABI info
[0.325s] -- Detecting C compiler ABI info - done
[0.333s] -- Check for working C compiler: /usr/bin/cc - skipped
[0.334s] -- Detecting C compile features
[0.334s] -- Detecting C compile features - done
[0.338s] -- Detecting CXX compiler ABI info
[0.412s] -- Detecting CXX compiler ABI info - done
[0.421s] -- Check for working CXX compiler: /usr/bin/c++ - skipped
[0.421s] -- Detecting CXX compile features
[0.421s] -- Detecting CXX compile features - done
[0.426s] -- Found ament_cmake: 1.3.5 (/opt/ros/humble/share/ament_cmake/cmake)
[0.583s] -- Found Python3: /usr/bin/python3.10 (found version "3.10.12") found components: Interpreter 
[0.646s] -- Override CMake install command with custom implementation using symlinks instead of copying resources
[0.674s] -- Found rclcpp: 16.0.6 (/opt/ros/humble/share/rclcpp/cmake)
[0.723s] -- Found rosidl_generator_c: 3.1.5 (/opt/ros/humble/share/rosidl_generator_c/cmake)
[0.728s] -- Found rosidl_adapter: 3.1.5 (/opt/ros/humble/share/rosidl_adapter/cmake)
[0.739s] -- Found rosidl_generator_cpp: 3.1.5 (/opt/ros/humble/share/rosidl_generator_cpp/cmake)
[0.756s] -- Using all available rosidl_typesupport_c: rosidl_typesupport_fastrtps_c;rosidl_typesupport_introspection_c
[0.778s] -- Using all available rosidl_typesupport_cpp: rosidl_typesupport_fastrtps_cpp;rosidl_typesupport_introspection_cpp
[0.858s] -- Found rmw_implementation_cmake: 6.1.1 (/opt/ros/humble/share/rmw_implementation_cmake/cmake)
[0.861s] -- Found rmw_fastrtps_cpp: 6.2.4 (/opt/ros/humble/share/rmw_fastrtps_cpp/cmake)
[0.954s] -- Found OpenSSL: /usr/lib/x86_64-linux-gnu/libcrypto.so (found version "3.0.2")  
[0.981s] -- Found FastRTPS: /opt/ros/humble/include  
[1.026s] -- Using RMW implementation 'rmw_fastrtps_cpp' as default
[1.037s] -- Looking for pthread.h
[1.102s] -- Looking for pthread.h - found
[1.102s] -- Performing Test CMAKE_HAVE_LIBC_PTHREAD
[1.165s] -- Performing Test CMAKE_HAVE_LIBC_PTHREAD - Success
[1.166s] -- Found Threads: TRUE  
[1.350s] -- Found ament_lint_auto: 0.12.8 (/opt/ros/humble/share/ament_lint_auto/cmake)
[1.428s] -- Added test 'cppcheck' to perform static code analysis on C / C++ code
[1.428s] -- Configured cppcheck include dirs: 
[1.428s] -- Configured cppcheck exclude dirs and/or files: 
[1.429s] -- Added test 'lint_cmake' to check CMake code style
[1.433s] -- Added test 'uncrustify' to check C / C++ code style
[1.433s] -- Configured uncrustify additional arguments: 
[1.434s] -- Added test 'xmllint' to check XML markup files
[1.436s] -- Configuring done
[1.439s] -- Generating done
[1.441s] -- Build files have been written to: /home/arno/microver/rover_input_pkg/build/rover_input_pkg
[1.450s] Invoked command in '/home/arno/microver/rover_input_pkg/build/rover_input_pkg' returned '0': CMAKE_PREFIX_PATH=/opt/ros/humble /usr/bin/cmake /home/arno/microver/rover_input_pkg -DAMENT_CMAKE_SYMLINK_INSTALL=1 -DCMAKE_INSTALL_PREFIX=/home/arno/microver/rover_input_pkg/install/rover_input_pkg
[1.451s] Invoking command in '/home/arno/microver/rover_input_pkg/build/rover_input_pkg': CMAKE_PREFIX_PATH=/opt/ros/humble /usr/bin/cmake --build /home/arno/microver/rover_input_pkg/build/rover_input_pkg -- -j8 -l8
[1.486s] Invoked command in '/home/arno/microver/rover_input_pkg/build/rover_input_pkg' returned '0': CMAKE_PREFIX_PATH=/opt/ros/humble /usr/bin/cmake --build /home/arno/microver/rover_input_pkg/build/rover_input_pkg -- -j8 -l8
[1.512s] Invoking command in '/home/arno/microver/rover_input_pkg/build/rover_input_pkg': CMAKE_PREFIX_PATH=/opt/ros/humble /usr/bin/cmake --install /home/arno/microver/rover_input_pkg/build/rover_input_pkg
[1.518s] -- Install configuration: ""
[1.519s] -- Execute custom install script
[1.519s] -- Symlinking: /home/arno/microver/rover_input_pkg/install/rover_input_pkg/share/ament_index/resource_index/package_run_dependencies/rover_input_pkg
[1.527s] -- Symlinking: /home/arno/microver/rover_input_pkg/install/rover_input_pkg/share/ament_index/resource_index/parent_prefix_path/rover_input_pkg
[1.536s] -- Symlinking: /home/arno/microver/rover_input_pkg/install/rover_input_pkg/share/rover_input_pkg/environment/ament_prefix_path.sh
[1.543s] -- Symlinking: /home/arno/microver/rover_input_pkg/install/rover_input_pkg/share/rover_input_pkg/environment/ament_prefix_path.dsv
[1.550s] -- Symlinking: /home/arno/microver/rover_input_pkg/install/rover_input_pkg/share/rover_input_pkg/environment/path.sh
[1.558s] -- Symlinking: /home/arno/microver/rover_input_pkg/install/rover_input_pkg/share/rover_input_pkg/environment/path.dsv
[1.565s] -- Symlinking: /home/arno/microver/rover_input_pkg/install/rover_input_pkg/share/rover_input_pkg/local_setup.bash
[1.573s] -- Symlinking: /home/arno/microver/rover_input_pkg/install/rover_input_pkg/share/rover_input_pkg/local_setup.sh
[1.580s] -- Symlinking: /home/arno/microver/rover_input_pkg/install/rover_input_pkg/share/rover_input_pkg/local_setup.zsh
[1.588s] -- Symlinking: /home/arno/microver/rover_input_pkg/install/rover_input_pkg/share/rover_input_pkg/local_setup.dsv
[1.596s] -- Symlinking: /home/arno/microver/rover_input_pkg/install/rover_input_pkg/share/rover_input_pkg/package.dsv
[1.603s] -- Symlinking: /home/arno/microver/rover_input_pkg/install/rover_input_pkg/share/ament_index/resource_index/packages/rover_input_pkg
[1.611s] -- Symlinking: /home/arno/microver/rover_input_pkg/install/rover_input_pkg/share/rover_input_pkg/cmake/rover_input_pkgConfig.cmake
[1.619s] -- Symlinking: /home/arno/microver/rover_input_pkg/install/rover_input_pkg/share/rover_input_pkg/cmake/rover_input_pkgConfig-version.cmake
[1.626s] -- Symlinking: /home/arno/microver/rover_input_pkg/install/rover_input_pkg/share/rover_input_pkg/package.xml
[1.636s] Invoked command in '/home/arno/microver/rover_input_pkg/build/rover_input_pkg' returned '0': CMAKE_PREFIX_PATH=/opt/ros/humble /usr/bin/cmake --install /home/arno/microver/rover_input_pkg/build/rover_input_pkg
