[3.169s] DEBUG:colcon:Command line arguments: ['/usr/bin/colcon', 'build', '--symlink-install']
[3.169s] DEBUG:colcon:Parsed command line arguments: Namespace(log_base=None, log_level=None, verb_name='build', build_base='build', install_base='install', merge_install=False, symlink_install=True, test_result_base=None, continue_on_error=False, executor='parallel', parallel_workers=8, event_handlers=None, ignore_user_meta=False, metas=['./colcon.meta'], base_paths=['.'], packages_ignore=None, packages_ignore_regex=None, paths=None, packages_up_to=None, packages_up_to_regex=None, packages_above=None, packages_above_and_dependencies=None, packages_above_depth=None, packages_select_by_dep=None, packages_skip_by_dep=None, packages_skip_up_to=None, packages_select_build_failed=False, packages_skip_build_finished=False, packages_select_test_failures=False, packages_skip_test_passed=False, packages_select=None, packages_skip=None, packages_select_regex=None, packages_skip_regex=None, packages_start=None, packages_end=None, allow_overriding=[], cmake_args=None, cmake_target=None, cmake_target_skip_unavailable=False, cmake_clean_cache=False, cmake_clean_first=False, cmake_force_configure=False, ament_cmake_args=None, catkin_cmake_args=None, catkin_skip_building_tests=False, verb_parser=<colcon_defaults.argument_parser.defaults.DefaultArgumentsDecorator object at 0x7f888a9b3af0>, verb_extension=<colcon_core.verb.build.BuildVerb object at 0x7f888a9b3820>, main=<bound method BuildVerb.main of <colcon_core.verb.build.BuildVerb object at 0x7f888a9b3820>>)
[3.281s] Level 1:colcon.colcon_core.package_discovery:discover_packages(colcon_meta) check parameters
[3.281s] Level 1:colcon.colcon_core.package_discovery:discover_packages(recursive) check parameters
[3.281s] Level 1:colcon.colcon_core.package_discovery:discover_packages(ignore) check parameters
[3.281s] Level 1:colcon.colcon_core.package_discovery:discover_packages(path) check parameters
[3.281s] Level 1:colcon.colcon_core.package_discovery:discover_packages(colcon_meta) discover
[3.281s] Level 1:colcon.colcon_core.package_discovery:discover_packages(recursive) discover
[3.281s] INFO:colcon.colcon_core.package_discovery:Crawling recursively for packages in '/home/arno/microver_ws'
[3.282s] Level 1:colcon.colcon_core.package_identification:_identify(.) by extensions ['ignore', 'ignore_ament_install']
[3.282s] Level 1:colcon.colcon_core.package_identification:_identify(.) by extension 'ignore'
[3.282s] Level 1:colcon.colcon_core.package_identification:_identify(.) by extension 'ignore_ament_install'
[3.282s] Level 1:colcon.colcon_core.package_identification:_identify(.) by extensions ['colcon_pkg']
[3.282s] Level 1:colcon.colcon_core.package_identification:_identify(.) by extension 'colcon_pkg'
[3.282s] Level 1:colcon.colcon_core.package_identification:_identify(.) by extensions ['colcon_meta']
[3.283s] Level 1:colcon.colcon_core.package_identification:_identify(.) by extension 'colcon_meta'
[3.283s] Level 1:colcon.colcon_core.package_identification:_identify(.) by extensions ['ros']
[3.283s] Level 1:colcon.colcon_core.package_identification:_identify(.) by extension 'ros'
[3.309s] Level 1:colcon.colcon_core.package_identification:_identify(.) by extensions ['cmake', 'python']
[3.309s] Level 1:colcon.colcon_core.package_identification:_identify(.) by extension 'cmake'
[3.310s] Level 1:colcon.colcon_core.package_identification:_identify(.) by extension 'python'
[3.310s] Level 1:colcon.colcon_core.package_identification:_identify(.) by extensions ['python_setup_py']
[3.310s] Level 1:colcon.colcon_core.package_identification:_identify(.) by extension 'python_setup_py'
[3.310s] Level 1:colcon.colcon_core.package_identification:_identify(build) by extensions ['ignore', 'ignore_ament_install']
[3.310s] Level 1:colcon.colcon_core.package_identification:_identify(build) by extension 'ignore'
[3.310s] Level 1:colcon.colcon_core.package_identification:_identify(build) ignored
[3.311s] Level 1:colcon.colcon_core.package_identification:_identify(install) by extensions ['ignore', 'ignore_ament_install']
[3.311s] Level 1:colcon.colcon_core.package_identification:_identify(install) by extension 'ignore'
[3.311s] Level 1:colcon.colcon_core.package_identification:_identify(install) ignored
[3.311s] Level 1:colcon.colcon_core.package_identification:_identify(log) by extensions ['ignore', 'ignore_ament_install']
[3.312s] Level 1:colcon.colcon_core.package_identification:_identify(log) by extension 'ignore'
[3.312s] Level 1:colcon.colcon_core.package_identification:_identify(log) ignored
[3.312s] Level 1:colcon.colcon_core.package_identification:_identify(rover_input_pkg) by extensions ['ignore', 'ignore_ament_install']
[3.312s] Level 1:colcon.colcon_core.package_identification:_identify(rover_input_pkg) by extension 'ignore'
[3.312s] Level 1:colcon.colcon_core.package_identification:_identify(rover_input_pkg) by extension 'ignore_ament_install'
[3.312s] Level 1:colcon.colcon_core.package_identification:_identify(rover_input_pkg) by extensions ['colcon_pkg']
[3.312s] Level 1:colcon.colcon_core.package_identification:_identify(rover_input_pkg) by extension 'colcon_pkg'
[3.313s] Level 1:colcon.colcon_core.package_identification:_identify(rover_input_pkg) by extensions ['colcon_meta']
[3.313s] Level 1:colcon.colcon_core.package_identification:_identify(rover_input_pkg) by extension 'colcon_meta'
[3.313s] Level 1:colcon.colcon_core.package_identification:_identify(rover_input_pkg) by extensions ['ros']
[3.313s] Level 1:colcon.colcon_core.package_identification:_identify(rover_input_pkg) by extension 'ros'
[3.318s] DEBUG:colcon.colcon_core.package_identification:Package 'rover_input_pkg' with type 'ros.ament_cmake' and name 'rover_input_pkg'
[3.318s] Level 1:colcon.colcon_core.package_identification:_identify(src) by extensions ['ignore', 'ignore_ament_install']
[3.319s] Level 1:colcon.colcon_core.package_identification:_identify(src) by extension 'ignore'
[3.319s] Level 1:colcon.colcon_core.package_identification:_identify(src) by extension 'ignore_ament_install'
[3.319s] Level 1:colcon.colcon_core.package_identification:_identify(src) by extensions ['colcon_pkg']
[3.319s] Level 1:colcon.colcon_core.package_identification:_identify(src) by extension 'colcon_pkg'
[3.319s] Level 1:colcon.colcon_core.package_identification:_identify(src) by extensions ['colcon_meta']
[3.319s] Level 1:colcon.colcon_core.package_identification:_identify(src) by extension 'colcon_meta'
[3.319s] Level 1:colcon.colcon_core.package_identification:_identify(src) by extensions ['ros']
[3.319s] Level 1:colcon.colcon_core.package_identification:_identify(src) by extension 'ros'
[3.320s] Level 1:colcon.colcon_core.package_identification:_identify(src) by extensions ['cmake', 'python']
[3.320s] Level 1:colcon.colcon_core.package_identification:_identify(src) by extension 'cmake'
[3.320s] Level 1:colcon.colcon_core.package_identification:_identify(src) by extension 'python'
[3.320s] Level 1:colcon.colcon_core.package_identification:_identify(src) by extensions ['python_setup_py']
[3.320s] Level 1:colcon.colcon_core.package_identification:_identify(src) by extension 'python_setup_py'
[3.320s] Level 1:colcon.colcon_core.package_identification:_identify(src/microver) by extensions ['ignore', 'ignore_ament_install']
[3.321s] Level 1:colcon.colcon_core.package_identification:_identify(src/microver) by extension 'ignore'
[3.321s] Level 1:colcon.colcon_core.package_identification:_identify(src/microver) by extension 'ignore_ament_install'
[3.321s] Level 1:colcon.colcon_core.package_identification:_identify(src/microver) by extensions ['colcon_pkg']
[3.321s] Level 1:colcon.colcon_core.package_identification:_identify(src/microver) by extension 'colcon_pkg'
[3.321s] Level 1:colcon.colcon_core.package_identification:_identify(src/microver) by extensions ['colcon_meta']
[3.321s] Level 1:colcon.colcon_core.package_identification:_identify(src/microver) by extension 'colcon_meta'
[3.321s] Level 1:colcon.colcon_core.package_identification:_identify(src/microver) by extensions ['ros']
[3.321s] Level 1:colcon.colcon_core.package_identification:_identify(src/microver) by extension 'ros'
[3.322s] DEBUG:colcon.colcon_core.package_identification:Package 'src/microver' with type 'ros.ament_cmake' and name 'microver'
[3.322s] Level 1:colcon.colcon_core.package_discovery:discover_packages(recursive) using defaults
[3.322s] Level 1:colcon.colcon_core.package_discovery:discover_packages(ignore) discover
[3.323s] Level 1:colcon.colcon_core.package_discovery:discover_packages(ignore) using defaults
[3.323s] Level 1:colcon.colcon_core.package_discovery:discover_packages(path) discover
[3.323s] Level 1:colcon.colcon_core.package_discovery:discover_packages(path) using defaults
[3.540s] Level 1:colcon.colcon_core.package_discovery:discover_packages(prefix_path) check parameters
[3.540s] Level 1:colcon.colcon_core.package_discovery:discover_packages(prefix_path) discover
[3.636s] DEBUG:colcon.colcon_installed_package_information.package_discovery:Found 2 installed packages in /home/arno/microver_ws/install
[3.677s] DEBUG:colcon.colcon_installed_package_information.package_discovery:Found 332 installed packages in /opt/ros/humble
[3.681s] Level 1:colcon.colcon_core.package_discovery:discover_packages(prefix_path) using defaults
[4.059s] Level 5:colcon.colcon_core.verb:set package 'microver' build argument 'cmake_args' from command line to 'None'
[4.059s] Level 5:colcon.colcon_core.verb:set package 'microver' build argument 'cmake_target' from command line to 'None'
[4.059s] Level 5:colcon.colcon_core.verb:set package 'microver' build argument 'cmake_target_skip_unavailable' from command line to 'False'
[4.059s] Level 5:colcon.colcon_core.verb:set package 'microver' build argument 'cmake_clean_cache' from command line to 'False'
[4.059s] Level 5:colcon.colcon_core.verb:set package 'microver' build argument 'cmake_clean_first' from command line to 'False'
[4.060s] Level 5:colcon.colcon_core.verb:set package 'microver' build argument 'cmake_force_configure' from command line to 'False'
[4.060s] Level 5:colcon.colcon_core.verb:set package 'microver' build argument 'ament_cmake_args' from command line to 'None'
[4.060s] Level 5:colcon.colcon_core.verb:set package 'microver' build argument 'catkin_cmake_args' from command line to 'None'
[4.060s] Level 5:colcon.colcon_core.verb:set package 'microver' build argument 'catkin_skip_building_tests' from command line to 'False'
[4.060s] DEBUG:colcon.colcon_core.verb:Building package 'microver' with the following arguments: {'ament_cmake_args': None, 'build_base': '/home/arno/microver_ws/build/microver', 'catkin_cmake_args': None, 'catkin_skip_building_tests': False, 'cmake_args': None, 'cmake_clean_cache': False, 'cmake_clean_first': False, 'cmake_force_configure': False, 'cmake_target': None, 'cmake_target_skip_unavailable': False, 'install_base': '/home/arno/microver_ws/install/microver', 'merge_install': False, 'path': '/home/arno/microver_ws/src/microver', 'symlink_install': True, 'test_result_base': None}
[4.115s] Level 5:colcon.colcon_core.verb:set package 'rover_input_pkg' build argument 'cmake_args' from command line to 'None'
[4.115s] Level 5:colcon.colcon_core.verb:set package 'rover_input_pkg' build argument 'cmake_target' from command line to 'None'
[4.115s] Level 5:colcon.colcon_core.verb:set package 'rover_input_pkg' build argument 'cmake_target_skip_unavailable' from command line to 'False'
[4.115s] Level 5:colcon.colcon_core.verb:set package 'rover_input_pkg' build argument 'cmake_clean_cache' from command line to 'False'
[4.115s] Level 5:colcon.colcon_core.verb:set package 'rover_input_pkg' build argument 'cmake_clean_first' from command line to 'False'
[4.115s] Level 5:colcon.colcon_core.verb:set package 'rover_input_pkg' build argument 'cmake_force_configure' from command line to 'False'
[4.115s] Level 5:colcon.colcon_core.verb:set package 'rover_input_pkg' build argument 'ament_cmake_args' from command line to 'None'
[4.115s] Level 5:colcon.colcon_core.verb:set package 'rover_input_pkg' build argument 'catkin_cmake_args' from command line to 'None'
[4.116s] Level 5:colcon.colcon_core.verb:set package 'rover_input_pkg' build argument 'catkin_skip_building_tests' from command line to 'False'
[4.116s] DEBUG:colcon.colcon_core.verb:Building package 'rover_input_pkg' with the following arguments: {'ament_cmake_args': None, 'build_base': '/home/arno/microver_ws/build/rover_input_pkg', 'catkin_cmake_args': None, 'catkin_skip_building_tests': False, 'cmake_args': None, 'cmake_clean_cache': False, 'cmake_clean_first': False, 'cmake_force_configure': False, 'cmake_target': None, 'cmake_target_skip_unavailable': False, 'install_base': '/home/arno/microver_ws/install/rover_input_pkg', 'merge_install': False, 'path': '/home/arno/microver_ws/rover_input_pkg', 'symlink_install': True, 'test_result_base': None}
[4.162s] INFO:colcon.colcon_core.executor:Executing jobs using 'parallel' executor
[4.207s] DEBUG:colcon.colcon_parallel_executor.executor.parallel:run_until_complete
[4.208s] INFO:colcon.colcon_ros.task.ament_cmake.build:Building ROS package in '/home/arno/microver_ws/src/microver' with build type 'ament_cmake'
[4.208s] INFO:colcon.colcon_cmake.task.cmake.build:Building CMake package in '/home/arno/microver_ws/src/microver'
[4.263s] INFO:colcon.colcon_core.plugin_system:Skipping extension 'colcon_core.shell.bat': Not used on non-Windows systems
[4.263s] INFO:colcon.colcon_core.shell:Skip shell extension 'powershell' for command environment: Not usable outside of PowerShell
[4.264s] DEBUG:colcon.colcon_core.shell:Skip shell extension 'dsv' for command environment
[4.418s] INFO:colcon.colcon_ros.task.ament_cmake.build:Building ROS package in '/home/arno/microver_ws/rover_input_pkg' with build type 'ament_cmake'
[4.419s] INFO:colcon.colcon_cmake.task.cmake.build:Building CMake package in '/home/arno/microver_ws/rover_input_pkg'
[4.469s] INFO:colcon.colcon_core.shell:Skip shell extension 'powershell' for command environment: Not usable outside of PowerShell
[4.470s] DEBUG:colcon.colcon_core.shell:Skip shell extension 'dsv' for command environment
[4.664s] DEBUG:colcon.colcon_core.event_handler.log_command:Invoking command in '/home/arno/microver_ws/build/microver': CMAKE_PREFIX_PATH=${CMAKE_PREFIX_PATH}:/opt/ros/humble /usr/bin/cmake --build /home/arno/microver_ws/build/microver -- -j8 -l8
[4.674s] DEBUG:colcon.colcon_core.event_handler.log_command:Invoking command in '/home/arno/microver_ws/build/rover_input_pkg': CMAKE_PREFIX_PATH=${CMAKE_PREFIX_PATH}:/opt/ros/humble /usr/bin/cmake --build /home/arno/microver_ws/build/rover_input_pkg -- -j8 -l8
[4.775s] DEBUG:colcon.colcon_core.event_handler.log_command:Invoked command in '/home/arno/microver_ws/build/microver' returned '0': CMAKE_PREFIX_PATH=${CMAKE_PREFIX_PATH}:/opt/ros/humble /usr/bin/cmake --build /home/arno/microver_ws/build/microver -- -j8 -l8
[4.872s] DEBUG:colcon.colcon_core.event_handler.log_command:Invoking command in '/home/arno/microver_ws/build/microver': CMAKE_PREFIX_PATH=${CMAKE_PREFIX_PATH}:/opt/ros/humble /usr/bin/cmake --install /home/arno/microver_ws/build/microver
[4.884s] DEBUG:colcon.colcon_core.event_handler.log_command:Invoked command in '/home/arno/microver_ws/build/rover_input_pkg' returned '0': CMAKE_PREFIX_PATH=${CMAKE_PREFIX_PATH}:/opt/ros/humble /usr/bin/cmake --build /home/arno/microver_ws/build/rover_input_pkg -- -j8 -l8
[4.941s] Level 1:colcon.colcon_core.environment:create_environment_scripts_only(microver)
[4.943s] DEBUG:colcon.colcon_core.event_handler.log_command:Invoked command in '/home/arno/microver_ws/build/microver' returned '0': CMAKE_PREFIX_PATH=${CMAKE_PREFIX_PATH}:/opt/ros/humble /usr/bin/cmake --install /home/arno/microver_ws/build/microver
[5.009s] Level 1:colcon.colcon_core.environment:checking '/home/arno/microver_ws/install/microver' for CMake module files
[5.010s] Level 1:colcon.colcon_core.environment:checking '/home/arno/microver_ws/install/microver' for CMake config files
[5.011s] Level 1:colcon.colcon_core.shell:create_environment_hook('microver', 'cmake_prefix_path')
[5.069s] INFO:colcon.colcon_core.shell:Creating environment hook '/home/arno/microver_ws/install/microver/share/microver/hook/cmake_prefix_path.ps1'
[5.071s] INFO:colcon.colcon_core.shell:Creating environment descriptor '/home/arno/microver_ws/install/microver/share/microver/hook/cmake_prefix_path.dsv'
[5.072s] INFO:colcon.colcon_core.shell:Creating environment hook '/home/arno/microver_ws/install/microver/share/microver/hook/cmake_prefix_path.sh'
[5.075s] Level 1:colcon.colcon_core.environment:checking '/home/arno/microver_ws/install/microver/bin'
[5.075s] Level 1:colcon.colcon_core.environment:checking '/home/arno/microver_ws/install/microver/lib/pkgconfig/microver.pc'
[5.076s] Level 1:colcon.colcon_core.environment:checking '/home/arno/microver_ws/install/microver/lib/python3.10/site-packages'
[5.077s] Level 1:colcon.colcon_core.environment:checking '/home/arno/microver_ws/install/microver/bin'
[5.143s] INFO:colcon.colcon_core.shell:Creating package script '/home/arno/microver_ws/install/microver/share/microver/package.ps1'
[5.146s] INFO:colcon.colcon_core.shell:Creating package descriptor '/home/arno/microver_ws/install/microver/share/microver/package.dsv'
[5.147s] INFO:colcon.colcon_core.shell:Creating package script '/home/arno/microver_ws/install/microver/share/microver/package.sh'
[5.150s] INFO:colcon.colcon_core.shell:Creating package script '/home/arno/microver_ws/install/microver/share/microver/package.bash'
[5.152s] INFO:colcon.colcon_core.shell:Creating package script '/home/arno/microver_ws/install/microver/share/microver/package.zsh'
[5.155s] Level 1:colcon.colcon_core.environment:create_file_with_runtime_dependencies(/home/arno/microver_ws/install/microver/share/colcon-core/packages/microver)
[5.163s] DEBUG:colcon.colcon_core.event_handler.log_command:Invoking command in '/home/arno/microver_ws/build/rover_input_pkg': CMAKE_PREFIX_PATH=${CMAKE_PREFIX_PATH}:/opt/ros/humble /usr/bin/cmake --install /home/arno/microver_ws/build/rover_input_pkg
[5.294s] Level 1:colcon.colcon_core.environment:create_environment_scripts_only(microver)
[5.352s] Level 1:colcon.colcon_core.environment:checking '/home/arno/microver_ws/install/microver' for CMake module files
[5.353s] Level 1:colcon.colcon_core.environment:checking '/home/arno/microver_ws/install/microver' for CMake config files
[5.354s] Level 1:colcon.colcon_core.shell:create_environment_hook('microver', 'cmake_prefix_path')
[5.408s] INFO:colcon.colcon_core.shell:Creating environment hook '/home/arno/microver_ws/install/microver/share/microver/hook/cmake_prefix_path.ps1'
[5.409s] INFO:colcon.colcon_core.shell:Creating environment descriptor '/home/arno/microver_ws/install/microver/share/microver/hook/cmake_prefix_path.dsv'
[5.410s] INFO:colcon.colcon_core.shell:Creating environment hook '/home/arno/microver_ws/install/microver/share/microver/hook/cmake_prefix_path.sh'
[5.411s] Level 1:colcon.colcon_core.environment:checking '/home/arno/microver_ws/install/microver/bin'
[5.412s] Level 1:colcon.colcon_core.environment:checking '/home/arno/microver_ws/install/microver/lib/pkgconfig/microver.pc'
[5.412s] Level 1:colcon.colcon_core.environment:checking '/home/arno/microver_ws/install/microver/lib/python3.10/site-packages'
[5.413s] Level 1:colcon.colcon_core.environment:checking '/home/arno/microver_ws/install/microver/bin'
[5.469s] INFO:colcon.colcon_core.shell:Creating package script '/home/arno/microver_ws/install/microver/share/microver/package.ps1'
[5.471s] INFO:colcon.colcon_core.shell:Creating package descriptor '/home/arno/microver_ws/install/microver/share/microver/package.dsv'
[5.472s] INFO:colcon.colcon_core.shell:Creating package script '/home/arno/microver_ws/install/microver/share/microver/package.sh'
[5.473s] INFO:colcon.colcon_core.shell:Creating package script '/home/arno/microver_ws/install/microver/share/microver/package.bash'
[5.474s] INFO:colcon.colcon_core.shell:Creating package script '/home/arno/microver_ws/install/microver/share/microver/package.zsh'
[5.475s] Level 1:colcon.colcon_core.environment:create_file_with_runtime_dependencies(/home/arno/microver_ws/install/microver/share/colcon-core/packages/microver)
[5.478s] Level 1:colcon.colcon_core.environment:create_environment_scripts_only(rover_input_pkg)
[5.480s] DEBUG:colcon.colcon_core.event_handler.log_command:Invoked command in '/home/arno/microver_ws/build/rover_input_pkg' returned '0': CMAKE_PREFIX_PATH=${CMAKE_PREFIX_PATH}:/opt/ros/humble /usr/bin/cmake --install /home/arno/microver_ws/build/rover_input_pkg
[5.547s] Level 1:colcon.colcon_core.environment:checking '/home/arno/microver_ws/install/rover_input_pkg' for CMake module files
[5.549s] Level 1:colcon.colcon_core.environment:checking '/home/arno/microver_ws/install/rover_input_pkg' for CMake config files
[5.549s] Level 1:colcon.colcon_core.shell:create_environment_hook('rover_input_pkg', 'cmake_prefix_path')
[5.615s] INFO:colcon.colcon_core.shell:Creating environment hook '/home/arno/microver_ws/install/rover_input_pkg/share/rover_input_pkg/hook/cmake_prefix_path.ps1'
[5.617s] INFO:colcon.colcon_core.shell:Creating environment descriptor '/home/arno/microver_ws/install/rover_input_pkg/share/rover_input_pkg/hook/cmake_prefix_path.dsv'
[5.619s] INFO:colcon.colcon_core.shell:Creating environment hook '/home/arno/microver_ws/install/rover_input_pkg/share/rover_input_pkg/hook/cmake_prefix_path.sh'
[5.621s] Level 1:colcon.colcon_core.environment:checking '/home/arno/microver_ws/install/rover_input_pkg/lib'
[5.622s] Level 1:colcon.colcon_core.environment:checking '/home/arno/microver_ws/install/rover_input_pkg/bin'
[5.622s] Level 1:colcon.colcon_core.environment:checking '/home/arno/microver_ws/install/rover_input_pkg/lib/pkgconfig/rover_input_pkg.pc'
[5.623s] Level 1:colcon.colcon_core.environment:checking '/home/arno/microver_ws/install/rover_input_pkg/lib/python3.10/site-packages'
[5.624s] Level 1:colcon.colcon_core.environment:checking '/home/arno/microver_ws/install/rover_input_pkg/bin'
[5.689s] INFO:colcon.colcon_core.shell:Creating package script '/home/arno/microver_ws/install/rover_input_pkg/share/rover_input_pkg/package.ps1'
[5.690s] INFO:colcon.colcon_core.shell:Creating package descriptor '/home/arno/microver_ws/install/rover_input_pkg/share/rover_input_pkg/package.dsv'
[5.692s] INFO:colcon.colcon_core.shell:Creating package script '/home/arno/microver_ws/install/rover_input_pkg/share/rover_input_pkg/package.sh'
[5.693s] INFO:colcon.colcon_core.shell:Creating package script '/home/arno/microver_ws/install/rover_input_pkg/share/rover_input_pkg/package.bash'
[5.694s] INFO:colcon.colcon_core.shell:Creating package script '/home/arno/microver_ws/install/rover_input_pkg/share/rover_input_pkg/package.zsh'
[5.695s] Level 1:colcon.colcon_core.environment:create_file_with_runtime_dependencies(/home/arno/microver_ws/install/rover_input_pkg/share/colcon-core/packages/rover_input_pkg)
[5.855s] Level 1:colcon.colcon_core.environment:create_environment_scripts_only(rover_input_pkg)
[5.924s] Level 1:colcon.colcon_core.environment:checking '/home/arno/microver_ws/install/rover_input_pkg' for CMake module files
[5.926s] Level 1:colcon.colcon_core.environment:checking '/home/arno/microver_ws/install/rover_input_pkg' for CMake config files
[5.927s] Level 1:colcon.colcon_core.shell:create_environment_hook('rover_input_pkg', 'cmake_prefix_path')
[5.997s] INFO:colcon.colcon_core.shell:Creating environment hook '/home/arno/microver_ws/install/rover_input_pkg/share/rover_input_pkg/hook/cmake_prefix_path.ps1'
[5.999s] INFO:colcon.colcon_core.shell:Creating environment descriptor '/home/arno/microver_ws/install/rover_input_pkg/share/rover_input_pkg/hook/cmake_prefix_path.dsv'
[6.001s] INFO:colcon.colcon_core.shell:Creating environment hook '/home/arno/microver_ws/install/rover_input_pkg/share/rover_input_pkg/hook/cmake_prefix_path.sh'
[6.003s] Level 1:colcon.colcon_core.environment:checking '/home/arno/microver_ws/install/rover_input_pkg/lib'
[6.003s] Level 1:colcon.colcon_core.environment:checking '/home/arno/microver_ws/install/rover_input_pkg/bin'
[6.003s] Level 1:colcon.colcon_core.environment:checking '/home/arno/microver_ws/install/rover_input_pkg/lib/pkgconfig/rover_input_pkg.pc'
[6.004s] Level 1:colcon.colcon_core.environment:checking '/home/arno/microver_ws/install/rover_input_pkg/lib/python3.10/site-packages'
[6.005s] Level 1:colcon.colcon_core.environment:checking '/home/arno/microver_ws/install/rover_input_pkg/bin'
[6.081s] INFO:colcon.colcon_core.shell:Creating package script '/home/arno/microver_ws/install/rover_input_pkg/share/rover_input_pkg/package.ps1'
[6.083s] INFO:colcon.colcon_core.shell:Creating package descriptor '/home/arno/microver_ws/install/rover_input_pkg/share/rover_input_pkg/package.dsv'
[6.085s] INFO:colcon.colcon_core.shell:Creating package script '/home/arno/microver_ws/install/rover_input_pkg/share/rover_input_pkg/package.sh'
[6.087s] INFO:colcon.colcon_core.shell:Creating package script '/home/arno/microver_ws/install/rover_input_pkg/share/rover_input_pkg/package.bash'
[6.089s] INFO:colcon.colcon_core.shell:Creating package script '/home/arno/microver_ws/install/rover_input_pkg/share/rover_input_pkg/package.zsh'
[6.091s] Level 1:colcon.colcon_core.environment:create_file_with_runtime_dependencies(/home/arno/microver_ws/install/rover_input_pkg/share/colcon-core/packages/rover_input_pkg)
[6.092s] DEBUG:colcon.colcon_parallel_executor.executor.parallel:closing loop
[6.092s] DEBUG:colcon.colcon_parallel_executor.executor.parallel:loop closed
[6.094s] DEBUG:colcon.colcon_parallel_executor.executor.parallel:run_until_complete finished with '0'
[6.095s] DEBUG:colcon.colcon_core.event_reactor:joining thread
[6.178s] INFO:colcon.colcon_core.plugin_system:Skipping extension 'colcon_notification.desktop_notification.terminal_notifier': Not used on non-Darwin systems
[6.179s] INFO:colcon.colcon_core.plugin_system:Skipping extension 'colcon_notification.desktop_notification.win32': Not used on non-Windows systems
[6.179s] INFO:colcon.colcon_notification.desktop_notification:Sending desktop notification using 'notify2'
[6.213s] DEBUG:colcon.colcon_core.event_reactor:joined thread
[6.286s] INFO:colcon.colcon_core.shell:Creating prefix script '/home/arno/microver_ws/install/local_setup.ps1'
[6.290s] INFO:colcon.colcon_core.shell:Creating prefix util module '/home/arno/microver_ws/install/_local_setup_util_ps1.py'
[6.295s] INFO:colcon.colcon_core.shell:Creating prefix chain script '/home/arno/microver_ws/install/setup.ps1'
[6.370s] INFO:colcon.colcon_core.shell:Creating prefix script '/home/arno/microver_ws/install/local_setup.sh'
[6.373s] INFO:colcon.colcon_core.shell:Creating prefix util module '/home/arno/microver_ws/install/_local_setup_util_sh.py'
[6.374s] INFO:colcon.colcon_core.shell:Creating prefix chain script '/home/arno/microver_ws/install/setup.sh'
[6.448s] INFO:colcon.colcon_core.shell:Creating prefix script '/home/arno/microver_ws/install/local_setup.bash'
[6.449s] INFO:colcon.colcon_core.shell:Creating prefix chain script '/home/arno/microver_ws/install/setup.bash'
[6.513s] INFO:colcon.colcon_core.shell:Creating prefix script '/home/arno/microver_ws/install/local_setup.zsh'
[6.515s] INFO:colcon.colcon_core.shell:Creating prefix chain script '/home/arno/microver_ws/install/setup.zsh'
