[0.171s] DEBUG:colcon:Command line arguments: ['/usr/bin/colcon', 'build']
[0.171s] DEBUG:colcon:Parsed command line arguments: Namespace(log_base=None, log_level=None, verb_name='build', build_base='build', install_base='install', merge_install=False, symlink_install=False, test_result_base=None, continue_on_error=False, executor='parallel', parallel_workers=8, event_handlers=None, ignore_user_meta=False, metas=['./colcon.meta'], base_paths=['.'], packages_ignore=None, packages_ignore_regex=None, paths=None, packages_up_to=None, packages_up_to_regex=None, packages_above=None, packages_above_and_dependencies=None, packages_above_depth=None, packages_select_by_dep=None, packages_skip_by_dep=None, packages_skip_up_to=None, packages_select_build_failed=False, packages_skip_build_finished=False, packages_select_test_failures=False, packages_skip_test_passed=False, packages_select=None, packages_skip=None, packages_select_regex=None, packages_skip_regex=None, packages_start=None, packages_end=None, allow_overriding=[], cmake_args=None, cmake_target=None, cmake_target_skip_unavailable=False, cmake_clean_cache=False, cmake_clean_first=False, cmake_force_configure=False, ament_cmake_args=None, catkin_cmake_args=None, catkin_skip_building_tests=False, verb_parser=<colcon_defaults.argument_parser.defaults.DefaultArgumentsDecorator object at 0x7a4b1213d1e0>, verb_extension=<colcon_core.verb.build.BuildVerb object at 0x7a4b122b15a0>, main=<bound method BuildVerb.main of <colcon_core.verb.build.BuildVerb object at 0x7a4b122b15a0>>)
[0.467s] Level 1:colcon.colcon_core.package_discovery:discover_packages(colcon_meta) check parameters
[0.467s] Level 1:colcon.colcon_core.package_discovery:discover_packages(recursive) check parameters
[0.467s] Level 1:colcon.colcon_core.package_discovery:discover_packages(ignore) check parameters
[0.467s] Level 1:colcon.colcon_core.package_discovery:discover_packages(path) check parameters
[0.467s] Level 1:colcon.colcon_core.package_discovery:discover_packages(colcon_meta) discover
[0.467s] Level 1:colcon.colcon_core.package_discovery:discover_packages(recursive) discover
[0.467s] INFO:colcon.colcon_core.package_discovery:Crawling recursively for packages in '/home/arno/BasestationRoombaV3'
[0.467s] Level 1:colcon.colcon_core.package_identification:_identify(.) by extensions ['ignore', 'ignore_ament_install']
[0.467s] Level 1:colcon.colcon_core.package_identification:_identify(.) by extension 'ignore'
[0.467s] Level 1:colcon.colcon_core.package_identification:_identify(.) by extension 'ignore_ament_install'
[0.467s] Level 1:colcon.colcon_core.package_identification:_identify(.) by extensions ['colcon_pkg']
[0.468s] Level 1:colcon.colcon_core.package_identification:_identify(.) by extension 'colcon_pkg'
[0.468s] Level 1:colcon.colcon_core.package_identification:_identify(.) by extensions ['colcon_meta']
[0.468s] Level 1:colcon.colcon_core.package_identification:_identify(.) by extension 'colcon_meta'
[0.468s] Level 1:colcon.colcon_core.package_identification:_identify(.) by extensions ['ros']
[0.468s] Level 1:colcon.colcon_core.package_identification:_identify(.) by extension 'ros'
[0.484s] Level 1:colcon.colcon_core.package_identification:_identify(.) by extensions ['cmake', 'python']
[0.484s] Level 1:colcon.colcon_core.package_identification:_identify(.) by extension 'cmake'
[0.484s] Level 1:colcon.colcon_core.package_identification:_identify(.) by extension 'python'
[0.484s] Level 1:colcon.colcon_core.package_identification:_identify(.) by extensions ['python_setup_py']
[0.484s] Level 1:colcon.colcon_core.package_identification:_identify(.) by extension 'python_setup_py'
[0.485s] Level 1:colcon.colcon_core.package_identification:_identify(build) by extensions ['ignore', 'ignore_ament_install']
[0.485s] Level 1:colcon.colcon_core.package_identification:_identify(build) by extension 'ignore'
[0.485s] Level 1:colcon.colcon_core.package_identification:_identify(build) ignored
[0.485s] Level 1:colcon.colcon_core.package_identification:_identify(install) by extensions ['ignore', 'ignore_ament_install']
[0.485s] Level 1:colcon.colcon_core.package_identification:_identify(install) by extension 'ignore'
[0.485s] Level 1:colcon.colcon_core.package_identification:_identify(install) ignored
[0.485s] Level 1:colcon.colcon_core.package_identification:_identify(log) by extensions ['ignore', 'ignore_ament_install']
[0.485s] Level 1:colcon.colcon_core.package_identification:_identify(log) by extension 'ignore'
[0.486s] Level 1:colcon.colcon_core.package_identification:_identify(log) ignored
[0.486s] Level 1:colcon.colcon_core.package_identification:_identify(src) by extensions ['ignore', 'ignore_ament_install']
[0.486s] Level 1:colcon.colcon_core.package_identification:_identify(src) by extension 'ignore'
[0.486s] Level 1:colcon.colcon_core.package_identification:_identify(src) by extension 'ignore_ament_install'
[0.486s] Level 1:colcon.colcon_core.package_identification:_identify(src) by extensions ['colcon_pkg']
[0.486s] Level 1:colcon.colcon_core.package_identification:_identify(src) by extension 'colcon_pkg'
[0.486s] Level 1:colcon.colcon_core.package_identification:_identify(src) by extensions ['colcon_meta']
[0.486s] Level 1:colcon.colcon_core.package_identification:_identify(src) by extension 'colcon_meta'
[0.486s] Level 1:colcon.colcon_core.package_identification:_identify(src) by extensions ['ros']
[0.486s] Level 1:colcon.colcon_core.package_identification:_identify(src) by extension 'ros'
[0.486s] Level 1:colcon.colcon_core.package_identification:_identify(src) by extensions ['cmake', 'python']
[0.486s] Level 1:colcon.colcon_core.package_identification:_identify(src) by extension 'cmake'
[0.486s] Level 1:colcon.colcon_core.package_identification:_identify(src) by extension 'python'
[0.486s] Level 1:colcon.colcon_core.package_identification:_identify(src) by extensions ['python_setup_py']
[0.487s] Level 1:colcon.colcon_core.package_identification:_identify(src) by extension 'python_setup_py'
[0.487s] Level 1:colcon.colcon_core.package_identification:_identify(src/camera) by extensions ['ignore', 'ignore_ament_install']
[0.487s] Level 1:colcon.colcon_core.package_identification:_identify(src/camera) by extension 'ignore'
[0.487s] Level 1:colcon.colcon_core.package_identification:_identify(src/camera) by extension 'ignore_ament_install'
[0.487s] Level 1:colcon.colcon_core.package_identification:_identify(src/camera) by extensions ['colcon_pkg']
[0.487s] Level 1:colcon.colcon_core.package_identification:_identify(src/camera) by extension 'colcon_pkg'
[0.487s] Level 1:colcon.colcon_core.package_identification:_identify(src/camera) by extensions ['colcon_meta']
[0.487s] Level 1:colcon.colcon_core.package_identification:_identify(src/camera) by extension 'colcon_meta'
[0.487s] Level 1:colcon.colcon_core.package_identification:_identify(src/camera) by extensions ['ros']
[0.487s] Level 1:colcon.colcon_core.package_identification:_identify(src/camera) by extension 'ros'
[0.487s] Level 1:colcon.colcon_core.package_identification:_identify(src/camera) by extensions ['cmake', 'python']
[0.487s] Level 1:colcon.colcon_core.package_identification:_identify(src/camera) by extension 'cmake'
[0.487s] Level 1:colcon.colcon_core.package_identification:_identify(src/camera) by extension 'python'
[0.488s] Level 1:colcon.colcon_core.package_identification:_identify(src/camera) by extensions ['python_setup_py']
[0.488s] Level 1:colcon.colcon_core.package_identification:_identify(src/camera) by extension 'python_setup_py'
[0.488s] Level 1:colcon.colcon_core.package_identification:_identify(src/microver) by extensions ['ignore', 'ignore_ament_install']
[0.488s] Level 1:colcon.colcon_core.package_identification:_identify(src/microver) by extension 'ignore'
[0.488s] Level 1:colcon.colcon_core.package_identification:_identify(src/microver) by extension 'ignore_ament_install'
[0.488s] Level 1:colcon.colcon_core.package_identification:_identify(src/microver) by extensions ['colcon_pkg']
[0.488s] Level 1:colcon.colcon_core.package_identification:_identify(src/microver) by extension 'colcon_pkg'
[0.488s] Level 1:colcon.colcon_core.package_identification:_identify(src/microver) by extensions ['colcon_meta']
[0.488s] Level 1:colcon.colcon_core.package_identification:_identify(src/microver) by extension 'colcon_meta'
[0.488s] Level 1:colcon.colcon_core.package_identification:_identify(src/microver) by extensions ['ros']
[0.488s] Level 1:colcon.colcon_core.package_identification:_identify(src/microver) by extension 'ros'
[0.492s] DEBUG:colcon.colcon_core.package_identification:Package 'src/microver' with type 'ros.ament_cmake' and name 'microver'
[0.492s] Level 1:colcon.colcon_core.package_identification:_identify(src/rover_input_pkg) by extensions ['ignore', 'ignore_ament_install']
[0.492s] Level 1:colcon.colcon_core.package_identification:_identify(src/rover_input_pkg) by extension 'ignore'
[0.492s] Level 1:colcon.colcon_core.package_identification:_identify(src/rover_input_pkg) by extension 'ignore_ament_install'
[0.492s] Level 1:colcon.colcon_core.package_identification:_identify(src/rover_input_pkg) by extensions ['colcon_pkg']
[0.492s] Level 1:colcon.colcon_core.package_identification:_identify(src/rover_input_pkg) by extension 'colcon_pkg'
[0.492s] Level 1:colcon.colcon_core.package_identification:_identify(src/rover_input_pkg) by extensions ['colcon_meta']
[0.492s] Level 1:colcon.colcon_core.package_identification:_identify(src/rover_input_pkg) by extension 'colcon_meta'
[0.492s] Level 1:colcon.colcon_core.package_identification:_identify(src/rover_input_pkg) by extensions ['ros']
[0.493s] Level 1:colcon.colcon_core.package_identification:_identify(src/rover_input_pkg) by extension 'ros'
[0.494s] DEBUG:colcon.colcon_core.package_identification:Package 'src/rover_input_pkg' with type 'ros.ament_cmake' and name 'rover_input_pkg'
[0.494s] Level 1:colcon.colcon_core.package_discovery:discover_packages(recursive) using defaults
[0.494s] Level 1:colcon.colcon_core.package_discovery:discover_packages(ignore) discover
[0.494s] Level 1:colcon.colcon_core.package_discovery:discover_packages(ignore) using defaults
[0.494s] Level 1:colcon.colcon_core.package_discovery:discover_packages(path) discover
[0.494s] Level 1:colcon.colcon_core.package_discovery:discover_packages(path) using defaults
[0.524s] Level 1:colcon.colcon_core.package_discovery:discover_packages(prefix_path) check parameters
[0.524s] Level 1:colcon.colcon_core.package_discovery:discover_packages(prefix_path) discover
[0.527s] DEBUG:colcon.colcon_installed_package_information.package_discovery:Found 2 installed packages in /home/arno/BasestationRoombaV3/install
[0.528s] DEBUG:colcon.colcon_installed_package_information.package_discovery:Found 332 installed packages in /opt/ros/humble
[0.542s] Level 1:colcon.colcon_core.package_discovery:discover_packages(prefix_path) using defaults
[0.611s] Level 5:colcon.colcon_core.verb:set package 'microver' build argument 'cmake_args' from command line to 'None'
[0.611s] Level 5:colcon.colcon_core.verb:set package 'microver' build argument 'cmake_target' from command line to 'None'
[0.611s] Level 5:colcon.colcon_core.verb:set package 'microver' build argument 'cmake_target_skip_unavailable' from command line to 'False'
[0.611s] Level 5:colcon.colcon_core.verb:set package 'microver' build argument 'cmake_clean_cache' from command line to 'False'
[0.611s] Level 5:colcon.colcon_core.verb:set package 'microver' build argument 'cmake_clean_first' from command line to 'False'
[0.611s] Level 5:colcon.colcon_core.verb:set package 'microver' build argument 'cmake_force_configure' from command line to 'False'
[0.611s] Level 5:colcon.colcon_core.verb:set package 'microver' build argument 'ament_cmake_args' from command line to 'None'
[0.611s] Level 5:colcon.colcon_core.verb:set package 'microver' build argument 'catkin_cmake_args' from command line to 'None'
[0.611s] Level 5:colcon.colcon_core.verb:set package 'microver' build argument 'catkin_skip_building_tests' from command line to 'False'
[0.611s] DEBUG:colcon.colcon_core.verb:Building package 'microver' with the following arguments: {'ament_cmake_args': None, 'build_base': '/home/arno/BasestationRoombaV3/build/microver', 'catkin_cmake_args': None, 'catkin_skip_building_tests': False, 'cmake_args': None, 'cmake_clean_cache': False, 'cmake_clean_first': False, 'cmake_force_configure': False, 'cmake_target': None, 'cmake_target_skip_unavailable': False, 'install_base': '/home/arno/BasestationRoombaV3/install/microver', 'merge_install': False, 'path': '/home/arno/BasestationRoombaV3/src/microver', 'symlink_install': False, 'test_result_base': None}
[0.612s] Level 5:colcon.colcon_core.verb:set package 'rover_input_pkg' build argument 'cmake_args' from command line to 'None'
[0.612s] Level 5:colcon.colcon_core.verb:set package 'rover_input_pkg' build argument 'cmake_target' from command line to 'None'
[0.612s] Level 5:colcon.colcon_core.verb:set package 'rover_input_pkg' build argument 'cmake_target_skip_unavailable' from command line to 'False'
[0.612s] Level 5:colcon.colcon_core.verb:set package 'rover_input_pkg' build argument 'cmake_clean_cache' from command line to 'False'
[0.612s] Level 5:colcon.colcon_core.verb:set package 'rover_input_pkg' build argument 'cmake_clean_first' from command line to 'False'
[0.612s] Level 5:colcon.colcon_core.verb:set package 'rover_input_pkg' build argument 'cmake_force_configure' from command line to 'False'
[0.612s] Level 5:colcon.colcon_core.verb:set package 'rover_input_pkg' build argument 'ament_cmake_args' from command line to 'None'
[0.612s] Level 5:colcon.colcon_core.verb:set package 'rover_input_pkg' build argument 'catkin_cmake_args' from command line to 'None'
[0.612s] Level 5:colcon.colcon_core.verb:set package 'rover_input_pkg' build argument 'catkin_skip_building_tests' from command line to 'False'
[0.612s] DEBUG:colcon.colcon_core.verb:Building package 'rover_input_pkg' with the following arguments: {'ament_cmake_args': None, 'build_base': '/home/arno/BasestationRoombaV3/build/rover_input_pkg', 'catkin_cmake_args': None, 'catkin_skip_building_tests': False, 'cmake_args': None, 'cmake_clean_cache': False, 'cmake_clean_first': False, 'cmake_force_configure': False, 'cmake_target': None, 'cmake_target_skip_unavailable': False, 'install_base': '/home/arno/BasestationRoombaV3/install/rover_input_pkg', 'merge_install': False, 'path': '/home/arno/BasestationRoombaV3/src/rover_input_pkg', 'symlink_install': False, 'test_result_base': None}
[0.612s] INFO:colcon.colcon_core.executor:Executing jobs using 'parallel' executor
[0.614s] DEBUG:colcon.colcon_parallel_executor.executor.parallel:run_until_complete
[0.614s] INFO:colcon.colcon_ros.task.ament_cmake.build:Building ROS package in '/home/arno/BasestationRoombaV3/src/microver' with build type 'ament_cmake'
[0.614s] INFO:colcon.colcon_cmake.task.cmake.build:Building CMake package in '/home/arno/BasestationRoombaV3/src/microver'
[0.618s] INFO:colcon.colcon_core.plugin_system:Skipping extension 'colcon_core.shell.bat': Not used on non-Windows systems
[0.618s] INFO:colcon.colcon_core.shell:Skip shell extension 'powershell' for command environment: Not usable outside of PowerShell
[0.618s] DEBUG:colcon.colcon_core.shell:Skip shell extension 'dsv' for command environment
[0.623s] INFO:colcon.colcon_ros.task.ament_cmake.build:Building ROS package in '/home/arno/BasestationRoombaV3/src/rover_input_pkg' with build type 'ament_cmake'
[0.623s] INFO:colcon.colcon_cmake.task.cmake.build:Building CMake package in '/home/arno/BasestationRoombaV3/src/rover_input_pkg'
[0.623s] INFO:colcon.colcon_core.shell:Skip shell extension 'powershell' for command environment: Not usable outside of PowerShell
[0.623s] DEBUG:colcon.colcon_core.shell:Skip shell extension 'dsv' for command environment
[0.635s] DEBUG:colcon.colcon_core.event_handler.log_command:Invoking command in '/home/arno/BasestationRoombaV3/build/microver': CMAKE_PREFIX_PATH=${CMAKE_PREFIX_PATH}:/opt/ros/humble /usr/bin/cmake /home/arno/BasestationRoombaV3/src/microver -DCMAKE_INSTALL_PREFIX=/home/arno/BasestationRoombaV3/install/microver
[0.640s] DEBUG:colcon.colcon_core.event_handler.log_command:Invoking command in '/home/arno/BasestationRoombaV3/build/rover_input_pkg': CMAKE_PREFIX_PATH=${CMAKE_PREFIX_PATH}:/opt/ros/humble /usr/bin/cmake /home/arno/BasestationRoombaV3/src/rover_input_pkg -DCMAKE_INSTALL_PREFIX=/home/arno/BasestationRoombaV3/install/rover_input_pkg
[0.965s] DEBUG:colcon.colcon_core.event_handler.log_command:Invoked command in '/home/arno/BasestationRoombaV3/build/microver' returned '0': CMAKE_PREFIX_PATH=${CMAKE_PREFIX_PATH}:/opt/ros/humble /usr/bin/cmake /home/arno/BasestationRoombaV3/src/microver -DCMAKE_INSTALL_PREFIX=/home/arno/BasestationRoombaV3/install/microver
[0.968s] DEBUG:colcon.colcon_core.event_handler.log_command:Invoking command in '/home/arno/BasestationRoombaV3/build/microver': CMAKE_PREFIX_PATH=${CMAKE_PREFIX_PATH}:/opt/ros/humble /usr/bin/cmake --build /home/arno/BasestationRoombaV3/build/microver -- -j8 -l8
[1.013s] DEBUG:colcon.colcon_core.event_handler.log_command:Invoked command in '/home/arno/BasestationRoombaV3/build/microver' returned '0': CMAKE_PREFIX_PATH=${CMAKE_PREFIX_PATH}:/opt/ros/humble /usr/bin/cmake --build /home/arno/BasestationRoombaV3/build/microver -- -j8 -l8
[1.051s] DEBUG:colcon.colcon_core.event_handler.log_command:Invoking command in '/home/arno/BasestationRoombaV3/build/microver': CMAKE_PREFIX_PATH=${CMAKE_PREFIX_PATH}:/opt/ros/humble /usr/bin/cmake --install /home/arno/BasestationRoombaV3/build/microver
[1.092s] Level 1:colcon.colcon_core.environment:create_environment_scripts_only(microver)
[1.093s] DEBUG:colcon.colcon_core.event_handler.log_command:Invoked command in '/home/arno/BasestationRoombaV3/build/microver' returned '0': CMAKE_PREFIX_PATH=${CMAKE_PREFIX_PATH}:/opt/ros/humble /usr/bin/cmake --install /home/arno/BasestationRoombaV3/build/microver
[1.097s] Level 1:colcon.colcon_core.environment:checking '/home/arno/BasestationRoombaV3/install/microver' for CMake module files
[1.098s] Level 1:colcon.colcon_core.environment:checking '/home/arno/BasestationRoombaV3/install/microver' for CMake config files
[1.098s] Level 1:colcon.colcon_core.shell:create_environment_hook('microver', 'cmake_prefix_path')
[1.099s] INFO:colcon.colcon_core.shell:Creating environment hook '/home/arno/BasestationRoombaV3/install/microver/share/microver/hook/cmake_prefix_path.ps1'
[1.100s] INFO:colcon.colcon_core.shell:Creating environment descriptor '/home/arno/BasestationRoombaV3/install/microver/share/microver/hook/cmake_prefix_path.dsv'
[1.100s] INFO:colcon.colcon_core.shell:Creating environment hook '/home/arno/BasestationRoombaV3/install/microver/share/microver/hook/cmake_prefix_path.sh'
[1.101s] Level 1:colcon.colcon_core.environment:checking '/home/arno/BasestationRoombaV3/install/microver/bin'
[1.102s] Level 1:colcon.colcon_core.environment:checking '/home/arno/BasestationRoombaV3/install/microver/lib/pkgconfig/microver.pc'
[1.102s] Level 1:colcon.colcon_core.environment:checking '/home/arno/BasestationRoombaV3/install/microver/lib/python3.10/site-packages'
[1.102s] Level 1:colcon.colcon_core.environment:checking '/home/arno/BasestationRoombaV3/install/microver/bin'
[1.103s] INFO:colcon.colcon_core.shell:Creating package script '/home/arno/BasestationRoombaV3/install/microver/share/microver/package.ps1'
[1.104s] INFO:colcon.colcon_core.shell:Creating package descriptor '/home/arno/BasestationRoombaV3/install/microver/share/microver/package.dsv'
[1.105s] INFO:colcon.colcon_core.shell:Creating package script '/home/arno/BasestationRoombaV3/install/microver/share/microver/package.sh'
[1.106s] INFO:colcon.colcon_core.shell:Creating package script '/home/arno/BasestationRoombaV3/install/microver/share/microver/package.bash'
[1.107s] INFO:colcon.colcon_core.shell:Creating package script '/home/arno/BasestationRoombaV3/install/microver/share/microver/package.zsh'
[1.108s] Level 1:colcon.colcon_core.environment:create_file_with_runtime_dependencies(/home/arno/BasestationRoombaV3/install/microver/share/colcon-core/packages/microver)
[1.133s] Level 1:colcon.colcon_core.environment:create_environment_scripts_only(microver)
[1.134s] Level 1:colcon.colcon_core.environment:checking '/home/arno/BasestationRoombaV3/install/microver' for CMake module files
[1.135s] Level 1:colcon.colcon_core.environment:checking '/home/arno/BasestationRoombaV3/install/microver' for CMake config files
[1.136s] Level 1:colcon.colcon_core.shell:create_environment_hook('microver', 'cmake_prefix_path')
[1.136s] INFO:colcon.colcon_core.shell:Creating environment hook '/home/arno/BasestationRoombaV3/install/microver/share/microver/hook/cmake_prefix_path.ps1'
[1.137s] INFO:colcon.colcon_core.shell:Creating environment descriptor '/home/arno/BasestationRoombaV3/install/microver/share/microver/hook/cmake_prefix_path.dsv'
[1.137s] INFO:colcon.colcon_core.shell:Creating environment hook '/home/arno/BasestationRoombaV3/install/microver/share/microver/hook/cmake_prefix_path.sh'
[1.138s] Level 1:colcon.colcon_core.environment:checking '/home/arno/BasestationRoombaV3/install/microver/bin'
[1.138s] Level 1:colcon.colcon_core.environment:checking '/home/arno/BasestationRoombaV3/install/microver/lib/pkgconfig/microver.pc'
[1.139s] Level 1:colcon.colcon_core.environment:checking '/home/arno/BasestationRoombaV3/install/microver/lib/python3.10/site-packages'
[1.139s] Level 1:colcon.colcon_core.environment:checking '/home/arno/BasestationRoombaV3/install/microver/bin'
[1.140s] INFO:colcon.colcon_core.shell:Creating package script '/home/arno/BasestationRoombaV3/install/microver/share/microver/package.ps1'
[1.141s] INFO:colcon.colcon_core.shell:Creating package descriptor '/home/arno/BasestationRoombaV3/install/microver/share/microver/package.dsv'
[1.142s] INFO:colcon.colcon_core.shell:Creating package script '/home/arno/BasestationRoombaV3/install/microver/share/microver/package.sh'
[1.143s] INFO:colcon.colcon_core.shell:Creating package script '/home/arno/BasestationRoombaV3/install/microver/share/microver/package.bash'
[1.143s] INFO:colcon.colcon_core.shell:Creating package script '/home/arno/BasestationRoombaV3/install/microver/share/microver/package.zsh'
[1.144s] Level 1:colcon.colcon_core.environment:create_file_with_runtime_dependencies(/home/arno/BasestationRoombaV3/install/microver/share/colcon-core/packages/microver)
[1.702s] DEBUG:colcon.colcon_core.event_handler.log_command:Invoked command in '/home/arno/BasestationRoombaV3/build/rover_input_pkg' returned '0': CMAKE_PREFIX_PATH=${CMAKE_PREFIX_PATH}:/opt/ros/humble /usr/bin/cmake /home/arno/BasestationRoombaV3/src/rover_input_pkg -DCMAKE_INSTALL_PREFIX=/home/arno/BasestationRoombaV3/install/rover_input_pkg
[1.705s] DEBUG:colcon.colcon_core.event_handler.log_command:Invoking command in '/home/arno/BasestationRoombaV3/build/rover_input_pkg': CMAKE_PREFIX_PATH=${CMAKE_PREFIX_PATH}:/opt/ros/humble /usr/bin/cmake --build /home/arno/BasestationRoombaV3/build/rover_input_pkg -- -j8 -l8
[1.853s] DEBUG:colcon.colcon_core.event_handler.log_command:Invoked command in '/home/arno/BasestationRoombaV3/build/rover_input_pkg' returned '0': CMAKE_PREFIX_PATH=${CMAKE_PREFIX_PATH}:/opt/ros/humble /usr/bin/cmake --build /home/arno/BasestationRoombaV3/build/rover_input_pkg -- -j8 -l8
[1.933s] DEBUG:colcon.colcon_core.event_handler.log_command:Invoking command in '/home/arno/BasestationRoombaV3/build/rover_input_pkg': CMAKE_PREFIX_PATH=${CMAKE_PREFIX_PATH}:/opt/ros/humble /usr/bin/cmake --install /home/arno/BasestationRoombaV3/build/rover_input_pkg
[2.018s] Level 1:colcon.colcon_core.environment:create_environment_scripts_only(rover_input_pkg)
[2.019s] Level 1:colcon.colcon_core.environment:checking '/home/arno/BasestationRoombaV3/install/rover_input_pkg' for CMake module files
[2.021s] DEBUG:colcon.colcon_core.event_handler.log_command:Invoked command in '/home/arno/BasestationRoombaV3/build/rover_input_pkg' returned '0': CMAKE_PREFIX_PATH=${CMAKE_PREFIX_PATH}:/opt/ros/humble /usr/bin/cmake --install /home/arno/BasestationRoombaV3/build/rover_input_pkg
[2.023s] Level 1:colcon.colcon_core.environment:checking '/home/arno/BasestationRoombaV3/install/rover_input_pkg' for CMake config files
[2.023s] Level 1:colcon.colcon_core.shell:create_environment_hook('rover_input_pkg', 'cmake_prefix_path')
[2.024s] INFO:colcon.colcon_core.shell:Creating environment hook '/home/arno/BasestationRoombaV3/install/rover_input_pkg/share/rover_input_pkg/hook/cmake_prefix_path.ps1'
[2.026s] INFO:colcon.colcon_core.shell:Creating environment descriptor '/home/arno/BasestationRoombaV3/install/rover_input_pkg/share/rover_input_pkg/hook/cmake_prefix_path.dsv'
[2.027s] INFO:colcon.colcon_core.shell:Creating environment hook '/home/arno/BasestationRoombaV3/install/rover_input_pkg/share/rover_input_pkg/hook/cmake_prefix_path.sh'
[2.029s] Level 1:colcon.colcon_core.environment:checking '/home/arno/BasestationRoombaV3/install/rover_input_pkg/lib'
[2.030s] Level 1:colcon.colcon_core.environment:checking '/home/arno/BasestationRoombaV3/install/rover_input_pkg/bin'
[2.030s] Level 1:colcon.colcon_core.environment:checking '/home/arno/BasestationRoombaV3/install/rover_input_pkg/lib/pkgconfig/rover_input_pkg.pc'
[2.031s] Level 1:colcon.colcon_core.environment:checking '/home/arno/BasestationRoombaV3/install/rover_input_pkg/lib/python3.10/site-packages'
[2.032s] Level 1:colcon.colcon_core.environment:checking '/home/arno/BasestationRoombaV3/install/rover_input_pkg/bin'
[2.033s] INFO:colcon.colcon_core.shell:Creating package script '/home/arno/BasestationRoombaV3/install/rover_input_pkg/share/rover_input_pkg/package.ps1'
[2.035s] INFO:colcon.colcon_core.shell:Creating package descriptor '/home/arno/BasestationRoombaV3/install/rover_input_pkg/share/rover_input_pkg/package.dsv'
[2.037s] INFO:colcon.colcon_core.shell:Creating package script '/home/arno/BasestationRoombaV3/install/rover_input_pkg/share/rover_input_pkg/package.sh'
[2.038s] INFO:colcon.colcon_core.shell:Creating package script '/home/arno/BasestationRoombaV3/install/rover_input_pkg/share/rover_input_pkg/package.bash'
[2.039s] INFO:colcon.colcon_core.shell:Creating package script '/home/arno/BasestationRoombaV3/install/rover_input_pkg/share/rover_input_pkg/package.zsh'
[2.040s] Level 1:colcon.colcon_core.environment:create_file_with_runtime_dependencies(/home/arno/BasestationRoombaV3/install/rover_input_pkg/share/colcon-core/packages/rover_input_pkg)
[2.124s] Level 1:colcon.colcon_core.environment:create_environment_scripts_only(rover_input_pkg)
[2.126s] Level 1:colcon.colcon_core.environment:checking '/home/arno/BasestationRoombaV3/install/rover_input_pkg' for CMake module files
[2.128s] Level 1:colcon.colcon_core.environment:checking '/home/arno/BasestationRoombaV3/install/rover_input_pkg' for CMake config files
[2.129s] Level 1:colcon.colcon_core.shell:create_environment_hook('rover_input_pkg', 'cmake_prefix_path')
[2.131s] INFO:colcon.colcon_core.shell:Creating environment hook '/home/arno/BasestationRoombaV3/install/rover_input_pkg/share/rover_input_pkg/hook/cmake_prefix_path.ps1'
[2.132s] INFO:colcon.colcon_core.shell:Creating environment descriptor '/home/arno/BasestationRoombaV3/install/rover_input_pkg/share/rover_input_pkg/hook/cmake_prefix_path.dsv'
[2.134s] INFO:colcon.colcon_core.shell:Creating environment hook '/home/arno/BasestationRoombaV3/install/rover_input_pkg/share/rover_input_pkg/hook/cmake_prefix_path.sh'
[2.137s] Level 1:colcon.colcon_core.environment:checking '/home/arno/BasestationRoombaV3/install/rover_input_pkg/lib'
[2.137s] Level 1:colcon.colcon_core.environment:checking '/home/arno/BasestationRoombaV3/install/rover_input_pkg/bin'
[2.137s] Level 1:colcon.colcon_core.environment:checking '/home/arno/BasestationRoombaV3/install/rover_input_pkg/lib/pkgconfig/rover_input_pkg.pc'
[2.139s] Level 1:colcon.colcon_core.environment:checking '/home/arno/BasestationRoombaV3/install/rover_input_pkg/lib/python3.10/site-packages'
[2.140s] Level 1:colcon.colcon_core.environment:checking '/home/arno/BasestationRoombaV3/install/rover_input_pkg/bin'
[2.142s] INFO:colcon.colcon_core.shell:Creating package script '/home/arno/BasestationRoombaV3/install/rover_input_pkg/share/rover_input_pkg/package.ps1'
[2.144s] INFO:colcon.colcon_core.shell:Creating package descriptor '/home/arno/BasestationRoombaV3/install/rover_input_pkg/share/rover_input_pkg/package.dsv'
[2.145s] INFO:colcon.colcon_core.shell:Creating package script '/home/arno/BasestationRoombaV3/install/rover_input_pkg/share/rover_input_pkg/package.sh'
[2.147s] INFO:colcon.colcon_core.shell:Creating package script '/home/arno/BasestationRoombaV3/install/rover_input_pkg/share/rover_input_pkg/package.bash'
[2.148s] INFO:colcon.colcon_core.shell:Creating package script '/home/arno/BasestationRoombaV3/install/rover_input_pkg/share/rover_input_pkg/package.zsh'
[2.150s] Level 1:colcon.colcon_core.environment:create_file_with_runtime_dependencies(/home/arno/BasestationRoombaV3/install/rover_input_pkg/share/colcon-core/packages/rover_input_pkg)
[2.151s] DEBUG:colcon.colcon_parallel_executor.executor.parallel:closing loop
[2.151s] DEBUG:colcon.colcon_parallel_executor.executor.parallel:loop closed
[2.152s] DEBUG:colcon.colcon_parallel_executor.executor.parallel:run_until_complete finished with '0'
[2.152s] DEBUG:colcon.colcon_core.event_reactor:joining thread
[2.162s] INFO:colcon.colcon_core.plugin_system:Skipping extension 'colcon_notification.desktop_notification.terminal_notifier': Not used on non-Darwin systems
[2.162s] INFO:colcon.colcon_core.plugin_system:Skipping extension 'colcon_notification.desktop_notification.win32': Not used on non-Windows systems
[2.162s] INFO:colcon.colcon_notification.desktop_notification:Sending desktop notification using 'notify2'
[2.187s] DEBUG:colcon.colcon_core.event_reactor:joined thread
[2.188s] INFO:colcon.colcon_core.shell:Creating prefix script '/home/arno/BasestationRoombaV3/install/local_setup.ps1'
[2.190s] INFO:colcon.colcon_core.shell:Creating prefix util module '/home/arno/BasestationRoombaV3/install/_local_setup_util_ps1.py'
[2.192s] INFO:colcon.colcon_core.shell:Creating prefix chain script '/home/arno/BasestationRoombaV3/install/setup.ps1'
[2.194s] INFO:colcon.colcon_core.shell:Creating prefix script '/home/arno/BasestationRoombaV3/install/local_setup.sh'
[2.196s] INFO:colcon.colcon_core.shell:Creating prefix util module '/home/arno/BasestationRoombaV3/install/_local_setup_util_sh.py'
[2.196s] INFO:colcon.colcon_core.shell:Creating prefix chain script '/home/arno/BasestationRoombaV3/install/setup.sh'
[2.198s] INFO:colcon.colcon_core.shell:Creating prefix script '/home/arno/BasestationRoombaV3/install/local_setup.bash'
[2.199s] INFO:colcon.colcon_core.shell:Creating prefix chain script '/home/arno/BasestationRoombaV3/install/setup.bash'
[2.201s] INFO:colcon.colcon_core.shell:Creating prefix script '/home/arno/BasestationRoombaV3/install/local_setup.zsh'
[2.202s] INFO:colcon.colcon_core.shell:Creating prefix chain script '/home/arno/BasestationRoombaV3/install/setup.zsh'
