[0.032s] Invoking command in '/home/arno/BasestationRoombaV3/build/bioinspired': /usr/bin/cmake /home/arno/BasestationRoombaV3/src/camera/opencv_contrib/modules/bioinspired -DCMAKE_INSTALL_PREFIX=/home/arno/BasestationRoombaV3/install/bioinspired
[0.055s] [33mCMake Warning (dev) in CMakeLists.txt:
[0.055s]   No project() command is present.  The top-level CMakeLists.txt file must
[0.055s]   contain a literal, direct call to the project() command.  Add a line of
[0.055s]   code such as
[0.056s] 
[0.056s]     project(ProjectName)
[0.056s] 
[0.056s]   near the top of the file, but after cmake_minimum_required().
[0.056s] 
[0.057s]   CMake is pretending there is a "project(Project)" command on the first
[0.057s]   line.
[0.057s] This warning is for project developers.  Use -Wno-dev to suppress it.
[0.057s] [0m
[0.184s] -- The C compiler identification is GNU 11.4.0
[0.326s] -- The CXX compiler identification is GNU 11.4.0
[0.344s] -- Detecting C compiler ABI info
[0.489s] -- Detecting C compiler ABI info - done
[0.518s] -- Check for working C compiler: /usr/bin/cc - skipped
[0.519s] -- Detecting C compile features
[0.520s] -- Detecting C compile features - done
[0.528s] -- Detecting CXX compiler ABI info
[0.710s] -- Detecting CXX compiler ABI info - done
[0.747s] -- Check for working CXX compiler: /usr/bin/c++ - skipped
[0.748s] -- Detecting CXX compile features
[0.748s] -- Detecting CXX compile features - done
[0.749s] -- Configuring incomplete, errors occurred!
[0.750s] See also "/home/arno/BasestationRoombaV3/build/bioinspired/CMakeFiles/CMakeOutput.log".
[0.756s] [31mCMake Error at CMakeLists.txt:2 (ocv_warnings_disable):
[0.756s]   Unknown CMake command "ocv_warnings_disable".
[0.756s] 
[0.756s] [0m
[0.756s] [33mCMake Warning (dev) in CMakeLists.txt:
[0.757s]   No cmake_minimum_required command is present.  A line of code such as
[0.757s] 
[0.757s]     cmake_minimum_required(VERSION 3.22)
[0.757s] 
[0.757s]   should be added at the top of the file.  The version specified may be lower
[0.758s]   if you wish to support older CMake versions for this project.  For more
[0.758s]   information run "cmake --help-policy CMP0000".
[0.758s] This warning is for project developers.  Use -Wno-dev to suppress it.
[0.758s] [0m
