[0.016s] Invoking command in '/home/arno/BasestationRoombaV3/build/rover_input_pkg': CMAKE_PREFIX_PATH=${CMAKE_PREFIX_PATH}:/opt/ros/humble /usr/bin/cmake --build /home/arno/BasestationRoombaV3/build/rover_input_pkg -- -j8 -l8
[0.087s] [100%] Built target input_node
[0.104s] Invoked command in '/home/arno/BasestationRoombaV3/build/rover_input_pkg' returned '0': CMAKE_PREFIX_PATH=${CMAKE_PREFIX_PATH}:/opt/ros/humble /usr/bin/cmake --build /home/arno/BasestationRoombaV3/build/rover_input_pkg -- -j8 -l8
[0.154s] Invoking command in '/home/arno/BasestationRoombaV3/build/rover_input_pkg': CMAKE_PREFIX_PATH=${CMAKE_PREFIX_PATH}:/opt/ros/humble /usr/bin/cmake --install /home/arno/BasestationRoombaV3/build/rover_input_pkg
[0.164s] -- Install configuration: ""
[0.164s] -- Execute custom install script
[0.165s] -- Up-to-date symlink: /home/arno/BasestationRoombaV3/install/rover_input_pkg/lib/rover_input_pkg/input_node
[0.165s] -- Up-to-date symlink: /home/arno/BasestationRoombaV3/install/rover_input_pkg/share/ament_index/resource_index/package_run_dependencies/rover_input_pkg
[0.165s] -- Up-to-date symlink: /home/arno/BasestationRoombaV3/install/rover_input_pkg/share/ament_index/resource_index/parent_prefix_path/rover_input_pkg
[0.165s] -- Up-to-date symlink: /home/arno/BasestationRoombaV3/install/rover_input_pkg/share/rover_input_pkg/environment/ament_prefix_path.sh
[0.166s] -- Up-to-date symlink: /home/arno/BasestationRoombaV3/install/rover_input_pkg/share/rover_input_pkg/environment/ament_prefix_path.dsv
[0.166s] -- Up-to-date symlink: /home/arno/BasestationRoombaV3/install/rover_input_pkg/share/rover_input_pkg/environment/path.sh
[0.166s] -- Up-to-date symlink: /home/arno/BasestationRoombaV3/install/rover_input_pkg/share/rover_input_pkg/environment/path.dsv
[0.167s] -- Up-to-date symlink: /home/arno/BasestationRoombaV3/install/rover_input_pkg/share/rover_input_pkg/local_setup.bash
[0.167s] -- Up-to-date symlink: /home/arno/BasestationRoombaV3/install/rover_input_pkg/share/rover_input_pkg/local_setup.sh
[0.167s] -- Up-to-date symlink: /home/arno/BasestationRoombaV3/install/rover_input_pkg/share/rover_input_pkg/local_setup.zsh
[0.167s] -- Up-to-date symlink: /home/arno/BasestationRoombaV3/install/rover_input_pkg/share/rover_input_pkg/local_setup.dsv
[0.168s] -- Symlinking: /home/arno/BasestationRoombaV3/install/rover_input_pkg/share/rover_input_pkg/package.dsv
[0.182s] -- Up-to-date symlink: /home/arno/BasestationRoombaV3/install/rover_input_pkg/share/ament_index/resource_index/packages/rover_input_pkg
[0.182s] -- Up-to-date symlink: /home/arno/BasestationRoombaV3/install/rover_input_pkg/share/rover_input_pkg/cmake/rover_input_pkgConfig.cmake
[0.182s] -- Up-to-date symlink: /home/arno/BasestationRoombaV3/install/rover_input_pkg/share/rover_input_pkg/cmake/rover_input_pkgConfig-version.cmake
[0.182s] -- Up-to-date symlink: /home/arno/BasestationRoombaV3/install/rover_input_pkg/share/rover_input_pkg/package.xml
[0.193s] Invoked command in '/home/arno/BasestationRoombaV3/build/rover_input_pkg' returned '0': CMAKE_PREFIX_PATH=${CMAKE_PREFIX_PATH}:/opt/ros/humble /usr/bin/cmake --install /home/arno/BasestationRoombaV3/build/rover_input_pkg
