[0.017s] Invoking command in '/home/arno/BasestationRoombaV3/build/microver': /usr/bin/cmake /home/arno/BasestationRoombaV3/src/microver -DCMAKE_INSTALL_PREFIX=/home/arno/BasestationRoombaV3/install/microver
[0.087s] -- The C compiler identification is GNU 11.4.0
[0.168s] -- The CXX compiler identification is GNU 11.4.0
[0.179s] -- Detecting C compiler ABI info
[0.267s] -- Detecting C compiler ABI info - done
[0.279s] -- Check for working C compiler: /usr/bin/cc - skipped
[0.279s] -- Detecting C compile features
[0.279s] -- Detecting C compile features - done
[0.284s] -- Detecting CXX compiler ABI info
[0.394s] -- Detecting CXX compiler ABI info - done
[0.416s] -- Check for working CXX compiler: /usr/bin/c++ - skipped
[0.417s] -- Detecting CXX compile features
[0.418s] -- Detecting CXX compile features - done
[0.422s] -- Found ament_cmake: 1.3.8 (/opt/ros/humble/share/ament_cmake/cmake)
[0.641s] -- Found Python3: /usr/bin/python3 (found version "3.10.12") found components: Interpreter 
[0.764s] -- Found ament_lint_auto: 0.12.10 (/opt/ros/humble/share/ament_lint_auto/cmake)
[0.765s] [0mCMake Error: File /home/arno/BasestationRoombaV3/src/microver/package.xml does not exist.[0m
[0.765s] [31mCMake Error at /opt/ros/humble/share/ament_cmake_core/cmake/core/stamp.cmake:24 (configure_file):
[0.765s]   configure_file Problem configuring file
[0.765s] Call Stack (most recent call first):
[0.765s]   /opt/ros/humble/share/ament_cmake_core/cmake/core/ament_package_xml.cmake:73 (stamp)
[0.765s]   /opt/ros/humble/share/ament_cmake_core/cmake/core/ament_package_xml.cmake:49 (_ament_package_xml)
[0.765s]   /opt/ros/humble/share/ament_lint_auto/cmake/ament_lint_auto_find_test_dependencies.cmake:31 (ament_package_xml)
[0.765s]   CMakeLists.txt:32 (ament_lint_auto_find_test_dependencies)
[0.765s] 
[0.766s] [0m
[0.766s] [0mCMake Error: File /home/arno/BasestationRoombaV3/src/microver/package.xml does not exist.[0m
[0.766s] [31mCMake Error at /opt/ros/humble/share/ament_cmake_core/cmake/core/stamp.cmake:24 (configure_file):
[0.766s]   configure_file Problem configuring file
[0.766s] Call Stack (most recent call first):
[0.766s]   /opt/ros/humble/share/ament_cmake_core/cmake/core/ament_package_xml.cmake:73 (stamp)
[0.766s]   /opt/ros/humble/share/ament_cmake_core/cmake/core/ament_package_xml.cmake:49 (_ament_package_xml)
[0.766s]   /opt/ros/humble/share/ament_cmake_core/cmake/core/ament_package.cmake:63 (ament_package_xml)
[0.766s]   CMakeLists.txt:40 (ament_package)
[0.766s] 
[0.766s] [0m
[0.768s] -- Configuring incomplete, errors occurred!
[0.769s] See also "/home/arno/BasestationRoombaV3/build/microver/CMakeFiles/CMakeOutput.log".
[0.774s] Invoked command in '/home/arno/BasestationRoombaV3/build/microver' returned '1': /usr/bin/cmake /home/arno/BasestationRoombaV3/src/microver -DCMAKE_INSTALL_PREFIX=/home/arno/BasestationRoombaV3/install/microver
