[0.026s] Invoking command in '/home/arno/BasestationRoombaV3/build/microver': CMAKE_PREFIX_PATH=${CMAKE_PREFIX_PATH}:/opt/ros/humble /usr/bin/cmake --build /home/arno/BasestationRoombaV3/build/microver -- -j8 -l8
[0.058s] -- Found ament_cmake: 1.3.8 (/opt/ros/humble/share/ament_cmake/cmake)
[0.243s] -- Override CMake install command with custom implementation using symlinks instead of copying resources
[0.260s] -- Found ament_lint_auto: 0.12.10 (/opt/ros/humble/share/ament_lint_auto/cmake)
[0.370s] -- Added test 'copyright' to check source files copyright and LICENSE
[0.373s] -- Added test 'flake8' to check Python code syntax and style conventions
[0.374s] -- Added test 'lint_cmake' to check CMake code style
[0.374s] -- Added test 'pep257' to check Python code against some of the docstring style conventions in PEP 257
[0.376s] -- Added test 'xmllint' to check XML markup files
[0.378s] -- Configuring done
[0.383s] -- Generating done
[0.384s] -- Build files have been written to: /home/arno/BasestationRoombaV3/build/microver
[0.421s] Invoked command in '/home/arno/BasestationRoombaV3/build/microver' returned '0': CMAKE_PREFIX_PATH=${CMAKE_PREFIX_PATH}:/opt/ros/humble /usr/bin/cmake --build /home/arno/BasestationRoombaV3/build/microver -- -j8 -l8
[0.490s] Invoking command in '/home/arno/BasestationRoombaV3/build/microver': CMAKE_PREFIX_PATH=${CMAKE_PREFIX_PATH}:/opt/ros/humble /usr/bin/cmake --install /home/arno/BasestationRoombaV3/build/microver
[0.514s] -- Install configuration: ""
[0.515s] -- Execute custom install script
[0.517s] -- Up-to-date symlink: /home/arno/BasestationRoombaV3/install/microver/share/microver/description/constants.xacro
[0.518s] -- Up-to-date symlink: /home/arno/BasestationRoombaV3/install/microver/share/microver/description/inertial_macros.xacro
[0.518s] -- Up-to-date symlink: /home/arno/BasestationRoombaV3/install/microver/share/microver/description/microver.gazebo
[0.519s] -- Up-to-date symlink: /home/arno/BasestationRoombaV3/install/microver/share/microver/description/microver.urdf.xacro
[0.519s] -- Up-to-date symlink: /home/arno/BasestationRoombaV3/install/microver/share/microver/launch/gazebo_sim.launch.py
[0.520s] -- Up-to-date symlink: /home/arno/BasestationRoombaV3/install/microver/share/microver/launch/launch_sim.launch.py
[0.520s] -- Up-to-date symlink: /home/arno/BasestationRoombaV3/install/microver/share/microver/launch/rsp.launch.py
[0.521s] -- Up-to-date symlink: /home/arno/BasestationRoombaV3/install/microver/share/microver/launch/view_microver.sh
[0.521s] -- Up-to-date symlink: /home/arno/BasestationRoombaV3/install/microver/share/ament_index/resource_index/package_run_dependencies/microver
[0.522s] -- Up-to-date symlink: /home/arno/BasestationRoombaV3/install/microver/share/ament_index/resource_index/parent_prefix_path/microver
[0.522s] -- Up-to-date symlink: /home/arno/BasestationRoombaV3/install/microver/share/microver/environment/ament_prefix_path.sh
[0.523s] -- Up-to-date symlink: /home/arno/BasestationRoombaV3/install/microver/share/microver/environment/ament_prefix_path.dsv
[0.524s] -- Up-to-date symlink: /home/arno/BasestationRoombaV3/install/microver/share/microver/environment/path.sh
[0.524s] -- Up-to-date symlink: /home/arno/BasestationRoombaV3/install/microver/share/microver/environment/path.dsv
[0.525s] -- Up-to-date symlink: /home/arno/BasestationRoombaV3/install/microver/share/microver/local_setup.bash
[0.525s] -- Up-to-date symlink: /home/arno/BasestationRoombaV3/install/microver/share/microver/local_setup.sh
[0.526s] -- Up-to-date symlink: /home/arno/BasestationRoombaV3/install/microver/share/microver/local_setup.zsh
[0.527s] -- Up-to-date symlink: /home/arno/BasestationRoombaV3/install/microver/share/microver/local_setup.dsv
[0.527s] -- Symlinking: /home/arno/BasestationRoombaV3/install/microver/share/microver/package.dsv
[0.557s] -- Up-to-date symlink: /home/arno/BasestationRoombaV3/install/microver/share/ament_index/resource_index/packages/microver
[0.558s] -- Up-to-date symlink: /home/arno/BasestationRoombaV3/install/microver/share/microver/cmake/microverConfig.cmake
[0.559s] -- Up-to-date symlink: /home/arno/BasestationRoombaV3/install/microver/share/microver/cmake/microverConfig-version.cmake
[0.559s] -- Up-to-date symlink: /home/arno/BasestationRoombaV3/install/microver/share/microver/package.xml
[0.567s] Invoked command in '/home/arno/BasestationRoombaV3/build/microver' returned '0': CMAKE_PREFIX_PATH=${CMAKE_PREFIX_PATH}:/opt/ros/humble /usr/bin/cmake --install /home/arno/BasestationRoombaV3/build/microver
