[0.019s] Invoking command in '/home/arno/BasestationRoombaV3/build/microver': CMAKE_PREFIX_PATH=${CMAKE_PREFIX_PATH}:/opt/ros/humble /usr/bin/cmake /home/arno/BasestationRoombaV3/src/microver -DAMENT_CMAKE_SYMLINK_INSTALL=1 -DCMAKE_INSTALL_PREFIX=/home/arno/BasestationRoombaV3/install/microver
[0.034s] -- Found ament_cmake: 1.3.8 (/opt/ros/humble/share/ament_cmake/cmake)
[0.206s] -- Override CMake install command with custom implementation using symlinks instead of copying resources
[0.216s] -- Found ament_lint_auto: 0.12.10 (/opt/ros/humble/share/ament_lint_auto/cmake)
[0.330s] -- Added test 'copyright' to check source files copyright and LICENSE
[0.332s] -- Added test 'flake8' to check Python code syntax and style conventions
[0.333s] -- Added test 'lint_cmake' to check CMake code style
[0.334s] -- Added test 'pep257' to check Python code against some of the docstring style conventions in PEP 257
[0.335s] -- Added test 'xmllint' to check XML markup files
[0.336s] -- Configuring done
[0.340s] -- Generating done
[0.341s] -- Build files have been written to: /home/arno/BasestationRoombaV3/build/microver
[0.345s] Invoked command in '/home/arno/BasestationRoombaV3/build/microver' returned '0': CMAKE_PREFIX_PATH=${CMAKE_PREFIX_PATH}:/opt/ros/humble /usr/bin/cmake /home/arno/BasestationRoombaV3/src/microver -DAMENT_CMAKE_SYMLINK_INSTALL=1 -DCMAKE_INSTALL_PREFIX=/home/arno/BasestationRoombaV3/install/microver
[0.349s] Invoking command in '/home/arno/BasestationRoombaV3/build/microver': CMAKE_PREFIX_PATH=${CMAKE_PREFIX_PATH}:/opt/ros/humble /usr/bin/cmake --build /home/arno/BasestationRoombaV3/build/microver -- -j8 -l8
[0.394s] Invoked command in '/home/arno/BasestationRoombaV3/build/microver' returned '0': CMAKE_PREFIX_PATH=${CMAKE_PREFIX_PATH}:/opt/ros/humble /usr/bin/cmake --build /home/arno/BasestationRoombaV3/build/microver -- -j8 -l8
[0.433s] Invoking command in '/home/arno/BasestationRoombaV3/build/microver': CMAKE_PREFIX_PATH=${CMAKE_PREFIX_PATH}:/opt/ros/humble /usr/bin/cmake --install /home/arno/BasestationRoombaV3/build/microver
[0.442s] -- Install configuration: ""
[0.443s] -- Execute custom install script
[0.443s] [31mCMake Error at ament_cmake_symlink_install/ament_cmake_symlink_install.cmake:100 (message):
[0.443s]   ament_cmake_symlink_install_directory() can't find
[0.443s]   '/home/arno/BasestationRoombaV3/src/microver/config'
[0.443s] Call Stack (most recent call first):
[0.443s]   ament_cmake_symlink_install/ament_cmake_symlink_install.cmake:314 (ament_cmake_symlink_install_directory)
[0.444s]   cmake_install.cmake:46 (include)
[0.444s] 
[0.444s] [0m
[0.445s] Invoked command in '/home/arno/BasestationRoombaV3/build/microver' returned '1': CMAKE_PREFIX_PATH=${CMAKE_PREFIX_PATH}:/opt/ros/humble /usr/bin/cmake --install /home/arno/BasestationRoombaV3/build/microver
