[0.106s] Invoking command in '/home/arno/microver_ws/build/rover_input_pkg': CMAKE_PREFIX_PATH=${CMAKE_PREFIX_PATH}:/opt/ros/humble /usr/bin/cmake --build /home/arno/microver_ws/build/rover_input_pkg -- -j8 -l8
[0.179s] [100%] Built target input_node
[0.195s] Invoked command in '/home/arno/microver_ws/build/rover_input_pkg' returned '0': CMAKE_PREFIX_PATH=${CMAKE_PREFIX_PATH}:/opt/ros/humble /usr/bin/cmake --build /home/arno/microver_ws/build/rover_input_pkg -- -j8 -l8
[0.304s] Invoking command in '/home/arno/microver_ws/build/rover_input_pkg': CMAKE_PREFIX_PATH=${CMAKE_PREFIX_PATH}:/opt/ros/humble /usr/bin/cmake --install /home/arno/microver_ws/build/rover_input_pkg
[0.312s] -- Install configuration: ""
[0.313s] -- Execute custom install script
[0.314s] -- Up-to-date symlink: /home/arno/microver_ws/install/rover_input_pkg/lib/rover_input_pkg/input_node
[0.314s] -- Up-to-date symlink: /home/arno/microver_ws/install/rover_input_pkg/share/ament_index/resource_index/package_run_dependencies/rover_input_pkg
[0.314s] -- Up-to-date symlink: /home/arno/microver_ws/install/rover_input_pkg/share/ament_index/resource_index/parent_prefix_path/rover_input_pkg
[0.315s] -- Up-to-date symlink: /home/arno/microver_ws/install/rover_input_pkg/share/rover_input_pkg/environment/ament_prefix_path.sh
[0.315s] -- Up-to-date symlink: /home/arno/microver_ws/install/rover_input_pkg/share/rover_input_pkg/environment/ament_prefix_path.dsv
[0.315s] -- Up-to-date symlink: /home/arno/microver_ws/install/rover_input_pkg/share/rover_input_pkg/environment/path.sh
[0.315s] -- Up-to-date symlink: /home/arno/microver_ws/install/rover_input_pkg/share/rover_input_pkg/environment/path.dsv
[0.316s] -- Up-to-date symlink: /home/arno/microver_ws/install/rover_input_pkg/share/rover_input_pkg/local_setup.bash
[0.316s] -- Up-to-date symlink: /home/arno/microver_ws/install/rover_input_pkg/share/rover_input_pkg/local_setup.sh
[0.316s] -- Up-to-date symlink: /home/arno/microver_ws/install/rover_input_pkg/share/rover_input_pkg/local_setup.zsh
[0.317s] -- Up-to-date symlink: /home/arno/microver_ws/install/rover_input_pkg/share/rover_input_pkg/local_setup.dsv
[0.317s] -- Symlinking: /home/arno/microver_ws/install/rover_input_pkg/share/rover_input_pkg/package.dsv
[0.329s] -- Up-to-date symlink: /home/arno/microver_ws/install/rover_input_pkg/share/ament_index/resource_index/packages/rover_input_pkg
[0.329s] -- Up-to-date symlink: /home/arno/microver_ws/install/rover_input_pkg/share/rover_input_pkg/cmake/rover_input_pkgConfig.cmake
[0.329s] -- Up-to-date symlink: /home/arno/microver_ws/install/rover_input_pkg/share/rover_input_pkg/cmake/rover_input_pkgConfig-version.cmake
[0.329s] -- Up-to-date symlink: /home/arno/microver_ws/install/rover_input_pkg/share/rover_input_pkg/package.xml
[0.432s] Invoked command in '/home/arno/microver_ws/build/rover_input_pkg' returned '0': CMAKE_PREFIX_PATH=${CMAKE_PREFIX_PATH}:/opt/ros/humble /usr/bin/cmake --install /home/arno/microver_ws/build/rover_input_pkg
