[0.013s] Invoking command in '/home/arno/BasestationRoombaV3/build/rover_input_pkg': CMAKE_PREFIX_PATH=${CMAKE_PREFIX_PATH}:/opt/ros/humble /usr/bin/cmake /home/arno/BasestationRoombaV3/src/rover_input_pkg -DCMAKE_INSTALL_PREFIX=/home/arno/BasestationRoombaV3/install/rover_input_pkg
[0.028s] -- Found ament_cmake: 1.3.8 (/opt/ros/humble/share/ament_cmake/cmake)
[0.249s] -- Override CMake install command with custom implementation using symlinks instead of copying resources
[0.259s] -- Found rclcpp: 16.0.8 (/opt/ros/humble/share/rclcpp/cmake)
[0.302s] -- Found rosidl_generator_c: 3.1.5 (/opt/ros/humble/share/rosidl_generator_c/cmake)
[0.306s] -- Found rosidl_adapter: 3.1.5 (/opt/ros/humble/share/rosidl_adapter/cmake)
[0.315s] -- Found rosidl_generator_cpp: 3.1.5 (/opt/ros/humble/share/rosidl_generator_cpp/cmake)
[0.331s] -- Using all available rosidl_typesupport_c: rosidl_typesupport_fastrtps_c;rosidl_typesupport_introspection_c
[0.355s] -- Using all available rosidl_typesupport_cpp: rosidl_typesupport_fastrtps_cpp;rosidl_typesupport_introspection_cpp
[0.438s] -- Found rmw_implementation_cmake: 6.1.1 (/opt/ros/humble/share/rmw_implementation_cmake/cmake)
[0.440s] -- Found rmw_fastrtps_cpp: 6.2.6 (/opt/ros/humble/share/rmw_fastrtps_cpp/cmake)
[0.610s] -- Using RMW implementation 'rmw_fastrtps_cpp' as default
[0.874s] -- Found ament_lint_auto: 0.12.10 (/opt/ros/humble/share/ament_lint_auto/cmake)
[0.991s] -- Added test 'cppcheck' to perform static code analysis on C / C++ code
[0.991s] -- Configured cppcheck include dirs: 
[0.991s] -- Configured cppcheck exclude dirs and/or files: 
[0.993s] -- Added test 'flake8' to check Python code syntax and style conventions
[0.997s] -- Added test 'lint_cmake' to check CMake code style
[0.999s] -- Added test 'pep257' to check Python code against some of the docstring style conventions in PEP 257
[1.012s] -- Added test 'uncrustify' to check C / C++ code style
[1.012s] -- Configured uncrustify additional arguments: 
[1.014s] -- Added test 'xmllint' to check XML markup files
[1.015s] -- Configuring done
[1.030s] -- Generating done
[1.032s] -- Build files have been written to: /home/arno/BasestationRoombaV3/build/rover_input_pkg
[1.043s] Invoked command in '/home/arno/BasestationRoombaV3/build/rover_input_pkg' returned '0': CMAKE_PREFIX_PATH=${CMAKE_PREFIX_PATH}:/opt/ros/humble /usr/bin/cmake /home/arno/BasestationRoombaV3/src/rover_input_pkg -DCMAKE_INSTALL_PREFIX=/home/arno/BasestationRoombaV3/install/rover_input_pkg
[1.046s] Invoking command in '/home/arno/BasestationRoombaV3/build/rover_input_pkg': CMAKE_PREFIX_PATH=${CMAKE_PREFIX_PATH}:/opt/ros/humble /usr/bin/cmake --build /home/arno/BasestationRoombaV3/build/rover_input_pkg -- -j8 -l8
[1.107s] [35m[1mConsolidate compiler generated dependencies of target input_node[0m
[1.132s] [100%] Built target input_node
[1.148s] Invoked command in '/home/arno/BasestationRoombaV3/build/rover_input_pkg' returned '0': CMAKE_PREFIX_PATH=${CMAKE_PREFIX_PATH}:/opt/ros/humble /usr/bin/cmake --build /home/arno/BasestationRoombaV3/build/rover_input_pkg -- -j8 -l8
[1.194s] Invoking command in '/home/arno/BasestationRoombaV3/build/rover_input_pkg': CMAKE_PREFIX_PATH=${CMAKE_PREFIX_PATH}:/opt/ros/humble /usr/bin/cmake --install /home/arno/BasestationRoombaV3/build/rover_input_pkg
[1.206s] -- Install configuration: ""
[1.206s] -- Execute custom install script
[1.207s] -- Up-to-date symlink: /home/arno/BasestationRoombaV3/install/rover_input_pkg/lib/rover_input_pkg/input_node
[1.207s] -- Up-to-date symlink: /home/arno/BasestationRoombaV3/install/rover_input_pkg/share/ament_index/resource_index/package_run_dependencies/rover_input_pkg
[1.208s] -- Up-to-date symlink: /home/arno/BasestationRoombaV3/install/rover_input_pkg/share/ament_index/resource_index/parent_prefix_path/rover_input_pkg
[1.208s] -- Up-to-date symlink: /home/arno/BasestationRoombaV3/install/rover_input_pkg/share/rover_input_pkg/environment/ament_prefix_path.sh
[1.209s] -- Up-to-date symlink: /home/arno/BasestationRoombaV3/install/rover_input_pkg/share/rover_input_pkg/environment/ament_prefix_path.dsv
[1.209s] -- Up-to-date symlink: /home/arno/BasestationRoombaV3/install/rover_input_pkg/share/rover_input_pkg/environment/path.sh
[1.209s] -- Up-to-date symlink: /home/arno/BasestationRoombaV3/install/rover_input_pkg/share/rover_input_pkg/environment/path.dsv
[1.209s] -- Up-to-date symlink: /home/arno/BasestationRoombaV3/install/rover_input_pkg/share/rover_input_pkg/local_setup.bash
[1.210s] -- Up-to-date symlink: /home/arno/BasestationRoombaV3/install/rover_input_pkg/share/rover_input_pkg/local_setup.sh
[1.210s] -- Up-to-date symlink: /home/arno/BasestationRoombaV3/install/rover_input_pkg/share/rover_input_pkg/local_setup.zsh
[1.210s] -- Up-to-date symlink: /home/arno/BasestationRoombaV3/install/rover_input_pkg/share/rover_input_pkg/local_setup.dsv
[1.210s] -- Symlinking: /home/arno/BasestationRoombaV3/install/rover_input_pkg/share/rover_input_pkg/package.dsv
[1.232s] -- Up-to-date symlink: /home/arno/BasestationRoombaV3/install/rover_input_pkg/share/ament_index/resource_index/packages/rover_input_pkg
[1.233s] -- Up-to-date symlink: /home/arno/BasestationRoombaV3/install/rover_input_pkg/share/rover_input_pkg/cmake/rover_input_pkgConfig.cmake
[1.233s] -- Up-to-date symlink: /home/arno/BasestationRoombaV3/install/rover_input_pkg/share/rover_input_pkg/cmake/rover_input_pkgConfig-version.cmake
[1.233s] -- Up-to-date symlink: /home/arno/BasestationRoombaV3/install/rover_input_pkg/share/rover_input_pkg/package.xml
[1.238s] Invoked command in '/home/arno/BasestationRoombaV3/build/rover_input_pkg' returned '0': CMAKE_PREFIX_PATH=${CMAKE_PREFIX_PATH}:/opt/ros/humble /usr/bin/cmake --install /home/arno/BasestationRoombaV3/build/rover_input_pkg
