[0.224s] DEBUG:colcon:Command line arguments: ['/usr/bin/colcon', 'build']
[0.224s] DEBUG:colcon:Parsed command line arguments: Namespace(log_base=None, log_level=None, verb_name='build', build_base='build', install_base='install', merge_install=False, symlink_install=False, test_result_base=None, continue_on_error=False, executor='parallel', parallel_workers=8, event_handlers=None, ignore_user_meta=False, metas=['./colcon.meta'], base_paths=['.'], packages_ignore=None, packages_ignore_regex=None, paths=None, packages_up_to=None, packages_up_to_regex=None, packages_above=None, packages_above_and_dependencies=None, packages_above_depth=None, packages_select_by_dep=None, packages_skip_by_dep=None, packages_skip_up_to=None, packages_select_build_failed=False, packages_skip_build_finished=False, packages_select_test_failures=False, packages_skip_test_passed=False, packages_select=None, packages_skip=None, packages_select_regex=None, packages_skip_regex=None, packages_start=None, packages_end=None, allow_overriding=[], cmake_args=None, cmake_target=None, cmake_target_skip_unavailable=False, cmake_clean_cache=False, cmake_clean_first=False, cmake_force_configure=False, ament_cmake_args=None, catkin_cmake_args=None, catkin_skip_building_tests=False, verb_parser=<colcon_defaults.argument_parser.defaults.DefaultArgumentsDecorator object at 0x7c62c2b2d1e0>, verb_extension=<colcon_core.verb.build.BuildVerb object at 0x7c62c2ca15a0>, main=<bound method BuildVerb.main of <colcon_core.verb.build.BuildVerb object at 0x7c62c2ca15a0>>)
[0.540s] Level 1:colcon.colcon_core.package_discovery:discover_packages(colcon_meta) check parameters
[0.540s] Level 1:colcon.colcon_core.package_discovery:discover_packages(recursive) check parameters
[0.540s] Level 1:colcon.colcon_core.package_discovery:discover_packages(ignore) check parameters
[0.540s] Level 1:colcon.colcon_core.package_discovery:discover_packages(path) check parameters
[0.540s] Level 1:colcon.colcon_core.package_discovery:discover_packages(colcon_meta) discover
[0.540s] Level 1:colcon.colcon_core.package_discovery:discover_packages(recursive) discover
[0.540s] INFO:colcon.colcon_core.package_discovery:Crawling recursively for packages in '/home/arno/BasestationRoombaV3'
[0.541s] Level 1:colcon.colcon_core.package_identification:_identify(.) by extensions ['ignore', 'ignore_ament_install']
[0.541s] Level 1:colcon.colcon_core.package_identification:_identify(.) by extension 'ignore'
[0.541s] Level 1:colcon.colcon_core.package_identification:_identify(.) by extension 'ignore_ament_install'
[0.541s] Level 1:colcon.colcon_core.package_identification:_identify(.) by extensions ['colcon_pkg']
[0.541s] Level 1:colcon.colcon_core.package_identification:_identify(.) by extension 'colcon_pkg'
[0.541s] Level 1:colcon.colcon_core.package_identification:_identify(.) by extensions ['colcon_meta']
[0.541s] Level 1:colcon.colcon_core.package_identification:_identify(.) by extension 'colcon_meta'
[0.541s] Level 1:colcon.colcon_core.package_identification:_identify(.) by extensions ['ros']
[0.541s] Level 1:colcon.colcon_core.package_identification:_identify(.) by extension 'ros'
[0.562s] Level 1:colcon.colcon_core.package_identification:_identify(.) by extensions ['cmake', 'python']
[0.562s] Level 1:colcon.colcon_core.package_identification:_identify(.) by extension 'cmake'
[0.562s] Level 1:colcon.colcon_core.package_identification:_identify(.) by extension 'python'
[0.563s] Level 1:colcon.colcon_core.package_identification:_identify(.) by extensions ['python_setup_py']
[0.563s] Level 1:colcon.colcon_core.package_identification:_identify(.) by extension 'python_setup_py'
[0.563s] Level 1:colcon.colcon_core.package_identification:_identify(build) by extensions ['ignore', 'ignore_ament_install']
[0.563s] Level 1:colcon.colcon_core.package_identification:_identify(build) by extension 'ignore'
[0.563s] Level 1:colcon.colcon_core.package_identification:_identify(build) ignored
[0.563s] Level 1:colcon.colcon_core.package_identification:_identify(install) by extensions ['ignore', 'ignore_ament_install']
[0.563s] Level 1:colcon.colcon_core.package_identification:_identify(install) by extension 'ignore'
[0.564s] Level 1:colcon.colcon_core.package_identification:_identify(install) ignored
[0.564s] Level 1:colcon.colcon_core.package_identification:_identify(log) by extensions ['ignore', 'ignore_ament_install']
[0.564s] Level 1:colcon.colcon_core.package_identification:_identify(log) by extension 'ignore'
[0.564s] Level 1:colcon.colcon_core.package_identification:_identify(log) ignored
[0.564s] Level 1:colcon.colcon_core.package_identification:_identify(src) by extensions ['ignore', 'ignore_ament_install']
[0.564s] Level 1:colcon.colcon_core.package_identification:_identify(src) by extension 'ignore'
[0.564s] Level 1:colcon.colcon_core.package_identification:_identify(src) by extension 'ignore_ament_install'
[0.565s] Level 1:colcon.colcon_core.package_identification:_identify(src) by extensions ['colcon_pkg']
[0.565s] Level 1:colcon.colcon_core.package_identification:_identify(src) by extension 'colcon_pkg'
[0.565s] Level 1:colcon.colcon_core.package_identification:_identify(src) by extensions ['colcon_meta']
[0.565s] Level 1:colcon.colcon_core.package_identification:_identify(src) by extension 'colcon_meta'
[0.565s] Level 1:colcon.colcon_core.package_identification:_identify(src) by extensions ['ros']
[0.565s] Level 1:colcon.colcon_core.package_identification:_identify(src) by extension 'ros'
[0.565s] Level 1:colcon.colcon_core.package_identification:_identify(src) by extensions ['cmake', 'python']
[0.565s] Level 1:colcon.colcon_core.package_identification:_identify(src) by extension 'cmake'
[0.565s] Level 1:colcon.colcon_core.package_identification:_identify(src) by extension 'python'
[0.565s] Level 1:colcon.colcon_core.package_identification:_identify(src) by extensions ['python_setup_py']
[0.565s] Level 1:colcon.colcon_core.package_identification:_identify(src) by extension 'python_setup_py'
[0.565s] Level 1:colcon.colcon_core.package_identification:_identify(src/camera) by extensions ['ignore', 'ignore_ament_install']
[0.566s] Level 1:colcon.colcon_core.package_identification:_identify(src/camera) by extension 'ignore'
[0.566s] Level 1:colcon.colcon_core.package_identification:_identify(src/camera) by extension 'ignore_ament_install'
[0.566s] Level 1:colcon.colcon_core.package_identification:_identify(src/camera) by extensions ['colcon_pkg']
[0.566s] Level 1:colcon.colcon_core.package_identification:_identify(src/camera) by extension 'colcon_pkg'
[0.566s] Level 1:colcon.colcon_core.package_identification:_identify(src/camera) by extensions ['colcon_meta']
[0.566s] Level 1:colcon.colcon_core.package_identification:_identify(src/camera) by extension 'colcon_meta'
[0.566s] Level 1:colcon.colcon_core.package_identification:_identify(src/camera) by extensions ['ros']
[0.566s] Level 1:colcon.colcon_core.package_identification:_identify(src/camera) by extension 'ros'
[0.566s] Level 1:colcon.colcon_core.package_identification:_identify(src/camera) by extensions ['cmake', 'python']
[0.566s] Level 1:colcon.colcon_core.package_identification:_identify(src/camera) by extension 'cmake'
[0.566s] Level 1:colcon.colcon_core.package_identification:_identify(src/camera) by extension 'python'
[0.566s] Level 1:colcon.colcon_core.package_identification:_identify(src/camera) by extensions ['python_setup_py']
[0.566s] Level 1:colcon.colcon_core.package_identification:_identify(src/camera) by extension 'python_setup_py'
[0.567s] Level 1:colcon.colcon_core.package_identification:_identify(src/microver) by extensions ['ignore', 'ignore_ament_install']
[0.567s] Level 1:colcon.colcon_core.package_identification:_identify(src/microver) by extension 'ignore'
[0.567s] Level 1:colcon.colcon_core.package_identification:_identify(src/microver) by extension 'ignore_ament_install'
[0.567s] Level 1:colcon.colcon_core.package_identification:_identify(src/microver) by extensions ['colcon_pkg']
[0.567s] Level 1:colcon.colcon_core.package_identification:_identify(src/microver) by extension 'colcon_pkg'
[0.567s] Level 1:colcon.colcon_core.package_identification:_identify(src/microver) by extensions ['colcon_meta']
[0.567s] Level 1:colcon.colcon_core.package_identification:_identify(src/microver) by extension 'colcon_meta'
[0.567s] Level 1:colcon.colcon_core.package_identification:_identify(src/microver) by extensions ['ros']
[0.567s] Level 1:colcon.colcon_core.package_identification:_identify(src/microver) by extension 'ros'
[0.571s] DEBUG:colcon.colcon_core.package_identification:Package 'src/microver' with type 'ros.ament_cmake' and name 'microver'
[0.572s] Level 1:colcon.colcon_core.package_identification:_identify(src/rover_input_pkg) by extensions ['ignore', 'ignore_ament_install']
[0.572s] Level 1:colcon.colcon_core.package_identification:_identify(src/rover_input_pkg) by extension 'ignore'
[0.572s] Level 1:colcon.colcon_core.package_identification:_identify(src/rover_input_pkg) by extension 'ignore_ament_install'
[0.572s] Level 1:colcon.colcon_core.package_identification:_identify(src/rover_input_pkg) by extensions ['colcon_pkg']
[0.572s] Level 1:colcon.colcon_core.package_identification:_identify(src/rover_input_pkg) by extension 'colcon_pkg'
[0.572s] Level 1:colcon.colcon_core.package_identification:_identify(src/rover_input_pkg) by extensions ['colcon_meta']
[0.572s] Level 1:colcon.colcon_core.package_identification:_identify(src/rover_input_pkg) by extension 'colcon_meta'
[0.572s] Level 1:colcon.colcon_core.package_identification:_identify(src/rover_input_pkg) by extensions ['ros']
[0.572s] Level 1:colcon.colcon_core.package_identification:_identify(src/rover_input_pkg) by extension 'ros'
[0.574s] DEBUG:colcon.colcon_core.package_identification:Package 'src/rover_input_pkg' with type 'ros.ament_cmake' and name 'rover_input_pkg'
[0.574s] Level 1:colcon.colcon_core.package_discovery:discover_packages(recursive) using defaults
[0.574s] Level 1:colcon.colcon_core.package_discovery:discover_packages(ignore) discover
[0.574s] Level 1:colcon.colcon_core.package_discovery:discover_packages(ignore) using defaults
[0.574s] Level 1:colcon.colcon_core.package_discovery:discover_packages(path) discover
[0.574s] Level 1:colcon.colcon_core.package_discovery:discover_packages(path) using defaults
[0.612s] Level 1:colcon.colcon_core.package_discovery:discover_packages(prefix_path) check parameters
[0.612s] Level 1:colcon.colcon_core.package_discovery:discover_packages(prefix_path) discover
[0.615s] DEBUG:colcon.colcon_installed_package_information.package_discovery:Found 2 installed packages in /home/arno/BasestationRoombaV3/install
[0.617s] DEBUG:colcon.colcon_installed_package_information.package_discovery:Found 332 installed packages in /opt/ros/humble
[0.638s] Level 1:colcon.colcon_core.package_discovery:discover_packages(prefix_path) using defaults
[0.726s] Level 5:colcon.colcon_core.verb:set package 'microver' build argument 'cmake_args' from command line to 'None'
[0.726s] Level 5:colcon.colcon_core.verb:set package 'microver' build argument 'cmake_target' from command line to 'None'
[0.726s] Level 5:colcon.colcon_core.verb:set package 'microver' build argument 'cmake_target_skip_unavailable' from command line to 'False'
[0.726s] Level 5:colcon.colcon_core.verb:set package 'microver' build argument 'cmake_clean_cache' from command line to 'False'
[0.726s] Level 5:colcon.colcon_core.verb:set package 'microver' build argument 'cmake_clean_first' from command line to 'False'
[0.726s] Level 5:colcon.colcon_core.verb:set package 'microver' build argument 'cmake_force_configure' from command line to 'False'
[0.726s] Level 5:colcon.colcon_core.verb:set package 'microver' build argument 'ament_cmake_args' from command line to 'None'
[0.726s] Level 5:colcon.colcon_core.verb:set package 'microver' build argument 'catkin_cmake_args' from command line to 'None'
[0.726s] Level 5:colcon.colcon_core.verb:set package 'microver' build argument 'catkin_skip_building_tests' from command line to 'False'
[0.726s] DEBUG:colcon.colcon_core.verb:Building package 'microver' with the following arguments: {'ament_cmake_args': None, 'build_base': '/home/arno/BasestationRoombaV3/build/microver', 'catkin_cmake_args': None, 'catkin_skip_building_tests': False, 'cmake_args': None, 'cmake_clean_cache': False, 'cmake_clean_first': False, 'cmake_force_configure': False, 'cmake_target': None, 'cmake_target_skip_unavailable': False, 'install_base': '/home/arno/BasestationRoombaV3/install/microver', 'merge_install': False, 'path': '/home/arno/BasestationRoombaV3/src/microver', 'symlink_install': False, 'test_result_base': None}
[0.727s] Level 5:colcon.colcon_core.verb:set package 'rover_input_pkg' build argument 'cmake_args' from command line to 'None'
[0.727s] Level 5:colcon.colcon_core.verb:set package 'rover_input_pkg' build argument 'cmake_target' from command line to 'None'
[0.727s] Level 5:colcon.colcon_core.verb:set package 'rover_input_pkg' build argument 'cmake_target_skip_unavailable' from command line to 'False'
[0.727s] Level 5:colcon.colcon_core.verb:set package 'rover_input_pkg' build argument 'cmake_clean_cache' from command line to 'False'
[0.727s] Level 5:colcon.colcon_core.verb:set package 'rover_input_pkg' build argument 'cmake_clean_first' from command line to 'False'
[0.727s] Level 5:colcon.colcon_core.verb:set package 'rover_input_pkg' build argument 'cmake_force_configure' from command line to 'False'
[0.727s] Level 5:colcon.colcon_core.verb:set package 'rover_input_pkg' build argument 'ament_cmake_args' from command line to 'None'
[0.727s] Level 5:colcon.colcon_core.verb:set package 'rover_input_pkg' build argument 'catkin_cmake_args' from command line to 'None'
[0.727s] Level 5:colcon.colcon_core.verb:set package 'rover_input_pkg' build argument 'catkin_skip_building_tests' from command line to 'False'
[0.728s] DEBUG:colcon.colcon_core.verb:Building package 'rover_input_pkg' with the following arguments: {'ament_cmake_args': None, 'build_base': '/home/arno/BasestationRoombaV3/build/rover_input_pkg', 'catkin_cmake_args': None, 'catkin_skip_building_tests': False, 'cmake_args': None, 'cmake_clean_cache': False, 'cmake_clean_first': False, 'cmake_force_configure': False, 'cmake_target': None, 'cmake_target_skip_unavailable': False, 'install_base': '/home/arno/BasestationRoombaV3/install/rover_input_pkg', 'merge_install': False, 'path': '/home/arno/BasestationRoombaV3/src/rover_input_pkg', 'symlink_install': False, 'test_result_base': None}
[0.728s] INFO:colcon.colcon_core.executor:Executing jobs using 'parallel' executor
[0.730s] DEBUG:colcon.colcon_parallel_executor.executor.parallel:run_until_complete
[0.730s] INFO:colcon.colcon_ros.task.ament_cmake.build:Building ROS package in '/home/arno/BasestationRoombaV3/src/microver' with build type 'ament_cmake'
[0.730s] INFO:colcon.colcon_cmake.task.cmake.build:Building CMake package in '/home/arno/BasestationRoombaV3/src/microver'
[0.734s] INFO:colcon.colcon_core.plugin_system:Skipping extension 'colcon_core.shell.bat': Not used on non-Windows systems
[0.735s] INFO:colcon.colcon_core.shell:Skip shell extension 'powershell' for command environment: Not usable outside of PowerShell
[0.735s] DEBUG:colcon.colcon_core.shell:Skip shell extension 'dsv' for command environment
[0.741s] INFO:colcon.colcon_ros.task.ament_cmake.build:Building ROS package in '/home/arno/BasestationRoombaV3/src/rover_input_pkg' with build type 'ament_cmake'
[0.741s] INFO:colcon.colcon_cmake.task.cmake.build:Building CMake package in '/home/arno/BasestationRoombaV3/src/rover_input_pkg'
[0.741s] INFO:colcon.colcon_core.shell:Skip shell extension 'powershell' for command environment: Not usable outside of PowerShell
[0.741s] DEBUG:colcon.colcon_core.shell:Skip shell extension 'dsv' for command environment
[0.757s] DEBUG:colcon.colcon_core.event_handler.log_command:Invoking command in '/home/arno/BasestationRoombaV3/build/microver': CMAKE_PREFIX_PATH=${CMAKE_PREFIX_PATH}:/opt/ros/humble /usr/bin/cmake --build /home/arno/BasestationRoombaV3/build/microver -- -j8 -l8
[0.765s] DEBUG:colcon.colcon_core.event_handler.log_command:Invoking command in '/home/arno/BasestationRoombaV3/build/rover_input_pkg': CMAKE_PREFIX_PATH=${CMAKE_PREFIX_PATH}:/opt/ros/humble /usr/bin/cmake --build /home/arno/BasestationRoombaV3/build/rover_input_pkg -- -j8 -l8
[0.821s] DEBUG:colcon.colcon_core.event_handler.log_command:Invoked command in '/home/arno/BasestationRoombaV3/build/microver' returned '0': CMAKE_PREFIX_PATH=${CMAKE_PREFIX_PATH}:/opt/ros/humble /usr/bin/cmake --build /home/arno/BasestationRoombaV3/build/microver -- -j8 -l8
[0.874s] DEBUG:colcon.colcon_core.event_handler.log_command:Invoking command in '/home/arno/BasestationRoombaV3/build/microver': CMAKE_PREFIX_PATH=${CMAKE_PREFIX_PATH}:/opt/ros/humble /usr/bin/cmake --install /home/arno/BasestationRoombaV3/build/microver
[0.915s] Level 1:colcon.colcon_core.environment:create_environment_scripts_only(microver)
[0.916s] DEBUG:colcon.colcon_core.event_handler.log_command:Invoked command in '/home/arno/BasestationRoombaV3/build/microver' returned '0': CMAKE_PREFIX_PATH=${CMAKE_PREFIX_PATH}:/opt/ros/humble /usr/bin/cmake --install /home/arno/BasestationRoombaV3/build/microver
[0.920s] Level 1:colcon.colcon_core.environment:checking '/home/arno/BasestationRoombaV3/install/microver' for CMake module files
[0.921s] Level 1:colcon.colcon_core.environment:checking '/home/arno/BasestationRoombaV3/install/microver' for CMake config files
[0.921s] Level 1:colcon.colcon_core.shell:create_environment_hook('microver', 'cmake_prefix_path')
[0.922s] INFO:colcon.colcon_core.shell:Creating environment hook '/home/arno/BasestationRoombaV3/install/microver/share/microver/hook/cmake_prefix_path.ps1'
[0.923s] INFO:colcon.colcon_core.shell:Creating environment descriptor '/home/arno/BasestationRoombaV3/install/microver/share/microver/hook/cmake_prefix_path.dsv'
[0.924s] INFO:colcon.colcon_core.shell:Creating environment hook '/home/arno/BasestationRoombaV3/install/microver/share/microver/hook/cmake_prefix_path.sh'
[0.926s] Level 1:colcon.colcon_core.environment:checking '/home/arno/BasestationRoombaV3/install/microver/bin'
[0.926s] Level 1:colcon.colcon_core.environment:checking '/home/arno/BasestationRoombaV3/install/microver/lib/pkgconfig/microver.pc'
[0.927s] Level 1:colcon.colcon_core.environment:checking '/home/arno/BasestationRoombaV3/install/microver/lib/python3.10/site-packages'
[0.927s] Level 1:colcon.colcon_core.environment:checking '/home/arno/BasestationRoombaV3/install/microver/bin'
[0.928s] INFO:colcon.colcon_core.shell:Creating package script '/home/arno/BasestationRoombaV3/install/microver/share/microver/package.ps1'
[0.929s] INFO:colcon.colcon_core.shell:Creating package descriptor '/home/arno/BasestationRoombaV3/install/microver/share/microver/package.dsv'
[0.930s] INFO:colcon.colcon_core.shell:Creating package script '/home/arno/BasestationRoombaV3/install/microver/share/microver/package.sh'
[0.932s] INFO:colcon.colcon_core.shell:Creating package script '/home/arno/BasestationRoombaV3/install/microver/share/microver/package.bash'
[0.933s] INFO:colcon.colcon_core.shell:Creating package script '/home/arno/BasestationRoombaV3/install/microver/share/microver/package.zsh'
[0.934s] Level 1:colcon.colcon_core.environment:create_file_with_runtime_dependencies(/home/arno/BasestationRoombaV3/install/microver/share/colcon-core/packages/microver)
[0.975s] Level 1:colcon.colcon_core.environment:create_environment_scripts_only(microver)
[0.976s] Level 1:colcon.colcon_core.environment:checking '/home/arno/BasestationRoombaV3/install/microver' for CMake module files
[0.977s] Level 1:colcon.colcon_core.environment:checking '/home/arno/BasestationRoombaV3/install/microver' for CMake config files
[0.977s] Level 1:colcon.colcon_core.shell:create_environment_hook('microver', 'cmake_prefix_path')
[0.978s] INFO:colcon.colcon_core.shell:Creating environment hook '/home/arno/BasestationRoombaV3/install/microver/share/microver/hook/cmake_prefix_path.ps1'
[0.979s] INFO:colcon.colcon_core.shell:Creating environment descriptor '/home/arno/BasestationRoombaV3/install/microver/share/microver/hook/cmake_prefix_path.dsv'
[0.979s] INFO:colcon.colcon_core.shell:Creating environment hook '/home/arno/BasestationRoombaV3/install/microver/share/microver/hook/cmake_prefix_path.sh'
[0.980s] Level 1:colcon.colcon_core.environment:checking '/home/arno/BasestationRoombaV3/install/microver/bin'
[0.980s] Level 1:colcon.colcon_core.environment:checking '/home/arno/BasestationRoombaV3/install/microver/lib/pkgconfig/microver.pc'
[0.981s] Level 1:colcon.colcon_core.environment:checking '/home/arno/BasestationRoombaV3/install/microver/lib/python3.10/site-packages'
[0.981s] Level 1:colcon.colcon_core.environment:checking '/home/arno/BasestationRoombaV3/install/microver/bin'
[0.982s] INFO:colcon.colcon_core.shell:Creating package script '/home/arno/BasestationRoombaV3/install/microver/share/microver/package.ps1'
[0.983s] INFO:colcon.colcon_core.shell:Creating package descriptor '/home/arno/BasestationRoombaV3/install/microver/share/microver/package.dsv'
[0.984s] INFO:colcon.colcon_core.shell:Creating package script '/home/arno/BasestationRoombaV3/install/microver/share/microver/package.sh'
[0.985s] INFO:colcon.colcon_core.shell:Creating package script '/home/arno/BasestationRoombaV3/install/microver/share/microver/package.bash'
[0.986s] INFO:colcon.colcon_core.shell:Creating package script '/home/arno/BasestationRoombaV3/install/microver/share/microver/package.zsh'
[0.987s] Level 1:colcon.colcon_core.environment:create_file_with_runtime_dependencies(/home/arno/BasestationRoombaV3/install/microver/share/colcon-core/packages/microver)
[11.881s] DEBUG:colcon.colcon_core.event_handler.log_command:Invoked command in '/home/arno/BasestationRoombaV3/build/rover_input_pkg' returned '0': CMAKE_PREFIX_PATH=${CMAKE_PREFIX_PATH}:/opt/ros/humble /usr/bin/cmake --build /home/arno/BasestationRoombaV3/build/rover_input_pkg -- -j8 -l8
[11.925s] DEBUG:colcon.colcon_core.event_handler.log_command:Invoking command in '/home/arno/BasestationRoombaV3/build/rover_input_pkg': CMAKE_PREFIX_PATH=${CMAKE_PREFIX_PATH}:/opt/ros/humble /usr/bin/cmake --install /home/arno/BasestationRoombaV3/build/rover_input_pkg
[11.976s] Level 1:colcon.colcon_core.environment:create_environment_scripts_only(rover_input_pkg)
[11.977s] Level 1:colcon.colcon_core.environment:checking '/home/arno/BasestationRoombaV3/install/rover_input_pkg' for CMake module files
[11.978s] DEBUG:colcon.colcon_core.event_handler.log_command:Invoked command in '/home/arno/BasestationRoombaV3/build/rover_input_pkg' returned '0': CMAKE_PREFIX_PATH=${CMAKE_PREFIX_PATH}:/opt/ros/humble /usr/bin/cmake --install /home/arno/BasestationRoombaV3/build/rover_input_pkg
[11.979s] Level 1:colcon.colcon_core.environment:checking '/home/arno/BasestationRoombaV3/install/rover_input_pkg' for CMake config files
[11.979s] Level 1:colcon.colcon_core.shell:create_environment_hook('rover_input_pkg', 'cmake_prefix_path')
[11.979s] INFO:colcon.colcon_core.shell:Creating environment hook '/home/arno/BasestationRoombaV3/install/rover_input_pkg/share/rover_input_pkg/hook/cmake_prefix_path.ps1'
[11.981s] INFO:colcon.colcon_core.shell:Creating environment descriptor '/home/arno/BasestationRoombaV3/install/rover_input_pkg/share/rover_input_pkg/hook/cmake_prefix_path.dsv'
[11.981s] INFO:colcon.colcon_core.shell:Creating environment hook '/home/arno/BasestationRoombaV3/install/rover_input_pkg/share/rover_input_pkg/hook/cmake_prefix_path.sh'
[11.982s] Level 1:colcon.colcon_core.environment:checking '/home/arno/BasestationRoombaV3/install/rover_input_pkg/lib'
[11.983s] Level 1:colcon.colcon_core.environment:checking '/home/arno/BasestationRoombaV3/install/rover_input_pkg/bin'
[11.983s] Level 1:colcon.colcon_core.environment:checking '/home/arno/BasestationRoombaV3/install/rover_input_pkg/lib/pkgconfig/rover_input_pkg.pc'
[11.983s] Level 1:colcon.colcon_core.environment:checking '/home/arno/BasestationRoombaV3/install/rover_input_pkg/lib/python3.10/site-packages'
[11.984s] Level 1:colcon.colcon_core.environment:checking '/home/arno/BasestationRoombaV3/install/rover_input_pkg/bin'
[11.984s] INFO:colcon.colcon_core.shell:Creating package script '/home/arno/BasestationRoombaV3/install/rover_input_pkg/share/rover_input_pkg/package.ps1'
[11.985s] INFO:colcon.colcon_core.shell:Creating package descriptor '/home/arno/BasestationRoombaV3/install/rover_input_pkg/share/rover_input_pkg/package.dsv'
[11.986s] INFO:colcon.colcon_core.shell:Creating package script '/home/arno/BasestationRoombaV3/install/rover_input_pkg/share/rover_input_pkg/package.sh'
[11.987s] INFO:colcon.colcon_core.shell:Creating package script '/home/arno/BasestationRoombaV3/install/rover_input_pkg/share/rover_input_pkg/package.bash'
[11.987s] INFO:colcon.colcon_core.shell:Creating package script '/home/arno/BasestationRoombaV3/install/rover_input_pkg/share/rover_input_pkg/package.zsh'
[11.988s] Level 1:colcon.colcon_core.environment:create_file_with_runtime_dependencies(/home/arno/BasestationRoombaV3/install/rover_input_pkg/share/colcon-core/packages/rover_input_pkg)
[12.029s] Level 1:colcon.colcon_core.environment:create_environment_scripts_only(rover_input_pkg)
[12.030s] Level 1:colcon.colcon_core.environment:checking '/home/arno/BasestationRoombaV3/install/rover_input_pkg' for CMake module files
[12.030s] Level 1:colcon.colcon_core.environment:checking '/home/arno/BasestationRoombaV3/install/rover_input_pkg' for CMake config files
[12.031s] Level 1:colcon.colcon_core.shell:create_environment_hook('rover_input_pkg', 'cmake_prefix_path')
[12.031s] INFO:colcon.colcon_core.shell:Creating environment hook '/home/arno/BasestationRoombaV3/install/rover_input_pkg/share/rover_input_pkg/hook/cmake_prefix_path.ps1'
[12.032s] INFO:colcon.colcon_core.shell:Creating environment descriptor '/home/arno/BasestationRoombaV3/install/rover_input_pkg/share/rover_input_pkg/hook/cmake_prefix_path.dsv'
[12.033s] INFO:colcon.colcon_core.shell:Creating environment hook '/home/arno/BasestationRoombaV3/install/rover_input_pkg/share/rover_input_pkg/hook/cmake_prefix_path.sh'
[12.034s] Level 1:colcon.colcon_core.environment:checking '/home/arno/BasestationRoombaV3/install/rover_input_pkg/lib'
[12.034s] Level 1:colcon.colcon_core.environment:checking '/home/arno/BasestationRoombaV3/install/rover_input_pkg/bin'
[12.034s] Level 1:colcon.colcon_core.environment:checking '/home/arno/BasestationRoombaV3/install/rover_input_pkg/lib/pkgconfig/rover_input_pkg.pc'
[12.035s] Level 1:colcon.colcon_core.environment:checking '/home/arno/BasestationRoombaV3/install/rover_input_pkg/lib/python3.10/site-packages'
[12.035s] Level 1:colcon.colcon_core.environment:checking '/home/arno/BasestationRoombaV3/install/rover_input_pkg/bin'
[12.036s] INFO:colcon.colcon_core.shell:Creating package script '/home/arno/BasestationRoombaV3/install/rover_input_pkg/share/rover_input_pkg/package.ps1'
[12.038s] INFO:colcon.colcon_core.shell:Creating package descriptor '/home/arno/BasestationRoombaV3/install/rover_input_pkg/share/rover_input_pkg/package.dsv'
[12.039s] INFO:colcon.colcon_core.shell:Creating package script '/home/arno/BasestationRoombaV3/install/rover_input_pkg/share/rover_input_pkg/package.sh'
[12.040s] INFO:colcon.colcon_core.shell:Creating package script '/home/arno/BasestationRoombaV3/install/rover_input_pkg/share/rover_input_pkg/package.bash'
[12.041s] INFO:colcon.colcon_core.shell:Creating package script '/home/arno/BasestationRoombaV3/install/rover_input_pkg/share/rover_input_pkg/package.zsh'
[12.043s] Level 1:colcon.colcon_core.environment:create_file_with_runtime_dependencies(/home/arno/BasestationRoombaV3/install/rover_input_pkg/share/colcon-core/packages/rover_input_pkg)
[12.043s] DEBUG:colcon.colcon_parallel_executor.executor.parallel:closing loop
[12.044s] DEBUG:colcon.colcon_parallel_executor.executor.parallel:loop closed
[12.044s] DEBUG:colcon.colcon_parallel_executor.executor.parallel:run_until_complete finished with '0'
[12.044s] DEBUG:colcon.colcon_core.event_reactor:joining thread
[12.053s] INFO:colcon.colcon_core.plugin_system:Skipping extension 'colcon_notification.desktop_notification.terminal_notifier': Not used on non-Darwin systems
[12.053s] INFO:colcon.colcon_core.plugin_system:Skipping extension 'colcon_notification.desktop_notification.win32': Not used on non-Windows systems
[12.053s] INFO:colcon.colcon_notification.desktop_notification:Sending desktop notification using 'notify2'
[12.077s] DEBUG:colcon.colcon_core.event_reactor:joined thread
[12.078s] INFO:colcon.colcon_core.shell:Creating prefix script '/home/arno/BasestationRoombaV3/install/local_setup.ps1'
[12.080s] INFO:colcon.colcon_core.shell:Creating prefix util module '/home/arno/BasestationRoombaV3/install/_local_setup_util_ps1.py'
[12.083s] INFO:colcon.colcon_core.shell:Creating prefix chain script '/home/arno/BasestationRoombaV3/install/setup.ps1'
[12.085s] INFO:colcon.colcon_core.shell:Creating prefix script '/home/arno/BasestationRoombaV3/install/local_setup.sh'
[12.087s] INFO:colcon.colcon_core.shell:Creating prefix util module '/home/arno/BasestationRoombaV3/install/_local_setup_util_sh.py'
[12.088s] INFO:colcon.colcon_core.shell:Creating prefix chain script '/home/arno/BasestationRoombaV3/install/setup.sh'
[12.090s] INFO:colcon.colcon_core.shell:Creating prefix script '/home/arno/BasestationRoombaV3/install/local_setup.bash'
[12.091s] INFO:colcon.colcon_core.shell:Creating prefix chain script '/home/arno/BasestationRoombaV3/install/setup.bash'
[12.093s] INFO:colcon.colcon_core.shell:Creating prefix script '/home/arno/BasestationRoombaV3/install/local_setup.zsh'
[12.095s] INFO:colcon.colcon_core.shell:Creating prefix chain script '/home/arno/BasestationRoombaV3/install/setup.zsh'
