[0.303s] Invoking command in '/home/arno/microver_ws/build/microver': CMAKE_PREFIX_PATH=${CMAKE_PREFIX_PATH}:/opt/ros/humble /usr/bin/cmake --build /home/arno/microver_ws/build/microver -- -j8 -l8
[0.366s] Invoked command in '/home/arno/microver_ws/build/microver' returned '0': CMAKE_PREFIX_PATH=${CMAKE_PREFIX_PATH}:/opt/ros/humble /usr/bin/cmake --build /home/arno/microver_ws/build/microver -- -j8 -l8
[0.406s] Invoking command in '/home/arno/microver_ws/build/microver': CMAKE_PREFIX_PATH=${CMAKE_PREFIX_PATH}:/opt/ros/humble /usr/bin/cmake --install /home/arno/microver_ws/build/microver
[0.418s] -- Install configuration: ""
[0.419s] -- Execute custom install script
[0.420s] -- Up-to-date symlink: /home/arno/microver_ws/install/microver/share/microver/config/empty.yaml
[0.421s] -- Up-to-date symlink: /home/arno/microver_ws/install/microver/share/microver/description/robot.urdf.xacro
[0.421s] -- Up-to-date symlink: /home/arno/microver_ws/install/microver/share/microver/description/robot_core.xacro
[0.421s] -- Up-to-date symlink: /home/arno/microver_ws/install/microver/share/microver/launch/rsp.launch.py
[0.422s] -- Up-to-date symlink: /home/arno/microver_ws/install/microver/share/microver/worlds/empty.world
[0.422s] -- Up-to-date symlink: /home/arno/microver_ws/install/microver/share/ament_index/resource_index/package_run_dependencies/microver
[0.423s] -- Up-to-date symlink: /home/arno/microver_ws/install/microver/share/ament_index/resource_index/parent_prefix_path/microver
[0.424s] -- Up-to-date symlink: /home/arno/microver_ws/install/microver/share/microver/environment/ament_prefix_path.sh
[0.424s] -- Up-to-date symlink: /home/arno/microver_ws/install/microver/share/microver/environment/ament_prefix_path.dsv
[0.424s] -- Up-to-date symlink: /home/arno/microver_ws/install/microver/share/microver/environment/path.sh
[0.425s] -- Up-to-date symlink: /home/arno/microver_ws/install/microver/share/microver/environment/path.dsv
[0.425s] -- Up-to-date symlink: /home/arno/microver_ws/install/microver/share/microver/local_setup.bash
[0.425s] -- Up-to-date symlink: /home/arno/microver_ws/install/microver/share/microver/local_setup.sh
[0.426s] -- Up-to-date symlink: /home/arno/microver_ws/install/microver/share/microver/local_setup.zsh
[0.426s] -- Up-to-date symlink: /home/arno/microver_ws/install/microver/share/microver/local_setup.dsv
[0.426s] -- Symlinking: /home/arno/microver_ws/install/microver/share/microver/package.dsv
[0.447s] -- Up-to-date symlink: /home/arno/microver_ws/install/microver/share/ament_index/resource_index/packages/microver
[0.447s] -- Up-to-date symlink: /home/arno/microver_ws/install/microver/share/microver/cmake/microverConfig.cmake
[0.448s] -- Up-to-date symlink: /home/arno/microver_ws/install/microver/share/microver/cmake/microverConfig-version.cmake
[0.449s] -- Up-to-date symlink: /home/arno/microver_ws/install/microver/share/microver/package.xml
[0.452s] Invoked command in '/home/arno/microver_ws/build/microver' returned '0': CMAKE_PREFIX_PATH=${CMAKE_PREFIX_PATH}:/opt/ros/humble /usr/bin/cmake --install /home/arno/microver_ws/build/microver
