[0.015s] Invoking command in '/home/arno/BasestationRoombaV3/build/rover_input_pkg': CMAKE_PREFIX_PATH=${CMAKE_PREFIX_PATH}:/opt/ros/humble /usr/bin/cmake /home/arno/BasestationRoombaV3/src/rover_input_pkg -DAMENT_CMAKE_SYMLINK_INSTALL=1 -DCMAKE_INSTALL_PREFIX=/home/arno/BasestationRoombaV3/install/rover_input_pkg
[0.029s] -- Found ament_cmake: 1.3.8 (/opt/ros/humble/share/ament_cmake/cmake)
[0.197s] -- Override CMake install command with custom implementation using symlinks instead of copying resources
[0.207s] -- Found rclcpp: 16.0.8 (/opt/ros/humble/share/rclcpp/cmake)
[0.252s] -- Found rosidl_generator_c: 3.1.5 (/opt/ros/humble/share/rosidl_generator_c/cmake)
[0.255s] -- Found rosidl_adapter: 3.1.5 (/opt/ros/humble/share/rosidl_adapter/cmake)
[0.265s] -- Found rosidl_generator_cpp: 3.1.5 (/opt/ros/humble/share/rosidl_generator_cpp/cmake)
[0.281s] -- Using all available rosidl_typesupport_c: rosidl_typesupport_fastrtps_c;rosidl_typesupport_introspection_c
[0.316s] -- Using all available rosidl_typesupport_cpp: rosidl_typesupport_fastrtps_cpp;rosidl_typesupport_introspection_cpp
[0.409s] -- Found rmw_implementation_cmake: 6.1.1 (/opt/ros/humble/share/rmw_implementation_cmake/cmake)
[0.411s] -- Found rmw_fastrtps_cpp: 6.2.6 (/opt/ros/humble/share/rmw_fastrtps_cpp/cmake)
[0.586s] -- Using RMW implementation 'rmw_fastrtps_cpp' as default
[0.833s] -- Found ament_lint_auto: 0.12.10 (/opt/ros/humble/share/ament_lint_auto/cmake)
[0.941s] -- Added test 'cppcheck' to perform static code analysis on C / C++ code
[0.942s] -- Configured cppcheck include dirs: 
[0.942s] -- Configured cppcheck exclude dirs and/or files: 
[0.943s] -- Added test 'flake8' to check Python code syntax and style conventions
[0.947s] -- Added test 'lint_cmake' to check CMake code style
[0.949s] -- Added test 'pep257' to check Python code against some of the docstring style conventions in PEP 257
[0.961s] -- Added test 'uncrustify' to check C / C++ code style
[0.961s] -- Configured uncrustify additional arguments: 
[0.963s] -- Added test 'xmllint' to check XML markup files
[0.964s] -- Configuring done
[0.977s] -- Generating done
[0.979s] -- Build files have been written to: /home/arno/BasestationRoombaV3/build/rover_input_pkg
