[0.012s] Invoking command in '/home/arno/BasestationRoombaV3/build/microver': CMAKE_PREFIX_PATH=${CMAKE_PREFIX_PATH}:/opt/ros/humble /usr/bin/cmake /home/arno/BasestationRoombaV3/src/microver -DCMAKE_INSTALL_PREFIX=/home/arno/BasestationRoombaV3/install/microver
[0.071s] -- The C compiler identification is GNU 11.4.0
[0.126s] -- The CXX compiler identification is GNU 11.4.0
[0.134s] -- Detecting C compiler ABI info
[0.200s] -- Detecting C compiler ABI info - done
[0.214s] -- Check for working C compiler: /usr/bin/cc - skipped
[0.215s] -- Detecting C compile features
[0.216s] -- Detecting C compile features - done
[0.221s] -- Detecting CXX compiler ABI info
[0.296s] -- Detecting CXX compiler ABI info - done
[0.305s] -- Check for working CXX compiler: /usr/bin/c++ - skipped
[0.305s] -- Detecting CXX compile features
[0.306s] -- Detecting CXX compile features - done
[0.311s] -- Found ament_cmake: 1.3.8 (/opt/ros/humble/share/ament_cmake/cmake)
[0.468s] -- Found Python3: /usr/bin/python3 (found version "3.10.12") found components: Interpreter 
[0.573s] -- Found ament_lint_auto: 0.12.10 (/opt/ros/humble/share/ament_lint_auto/cmake)
[0.662s] -- Added test 'copyright' to check source files copyright and LICENSE
[0.664s] -- Added test 'flake8' to check Python code syntax and style conventions
[0.664s] -- Added test 'lint_cmake' to check CMake code style
[0.665s] -- Added test 'pep257' to check Python code against some of the docstring style conventions in PEP 257
[0.666s] -- Added test 'xmllint' to check XML markup files
[0.668s] -- Configuring done
[0.670s] -- Generating done
[0.671s] -- Build files have been written to: /home/arno/BasestationRoombaV3/build/microver
[0.677s] Invoked command in '/home/arno/BasestationRoombaV3/build/microver' returned '0': CMAKE_PREFIX_PATH=${CMAKE_PREFIX_PATH}:/opt/ros/humble /usr/bin/cmake /home/arno/BasestationRoombaV3/src/microver -DCMAKE_INSTALL_PREFIX=/home/arno/BasestationRoombaV3/install/microver
[0.678s] Invoking command in '/home/arno/BasestationRoombaV3/build/microver': CMAKE_PREFIX_PATH=${CMAKE_PREFIX_PATH}:/opt/ros/humble /usr/bin/cmake --build /home/arno/BasestationRoombaV3/build/microver -- -j8 -l8
[0.712s] Invoked command in '/home/arno/BasestationRoombaV3/build/microver' returned '0': CMAKE_PREFIX_PATH=${CMAKE_PREFIX_PATH}:/opt/ros/humble /usr/bin/cmake --build /home/arno/BasestationRoombaV3/build/microver -- -j8 -l8
[0.742s] Invoking command in '/home/arno/BasestationRoombaV3/build/microver': CMAKE_PREFIX_PATH=${CMAKE_PREFIX_PATH}:/opt/ros/humble /usr/bin/cmake --install /home/arno/BasestationRoombaV3/build/microver
[0.749s] -- Install configuration: ""
[0.749s] -- Installing: /home/arno/BasestationRoombaV3/install/microver/share/microver/description
[0.749s] -- Installing: /home/arno/BasestationRoombaV3/install/microver/share/microver/description/constants.xacro
[0.749s] -- Installing: /home/arno/BasestationRoombaV3/install/microver/share/microver/description/microver.urdf.xacro
[0.749s] -- Installing: /home/arno/BasestationRoombaV3/install/microver/share/microver/description/inertial_macros.xacro
[0.750s] -- Installing: /home/arno/BasestationRoombaV3/install/microver/share/microver/description/gazebo_control.xacro
[0.750s] -- Installing: /home/arno/BasestationRoombaV3/install/microver/share/microver/launch
[0.750s] -- Installing: /home/arno/BasestationRoombaV3/install/microver/share/microver/launch/view_microver.sh
[0.750s] -- Installing: /home/arno/BasestationRoombaV3/install/microver/share/microver/launch/rsp.launch.py
[0.750s] -- Installing: /home/arno/BasestationRoombaV3/install/microver/share/microver/launch/gazebo_sim.launch.py
[0.751s] -- Installing: /home/arno/BasestationRoombaV3/install/microver/share/microver/launch/launch_sim.launch.py
[0.751s] -- Installing: /home/arno/BasestationRoombaV3/install/microver/share/microver/launch/key_inputs.py
[0.751s] -- Installing: /home/arno/BasestationRoombaV3/install/microver/share/ament_index/resource_index/package_run_dependencies/microver
[0.751s] -- Installing: /home/arno/BasestationRoombaV3/install/microver/share/ament_index/resource_index/parent_prefix_path/microver
[0.751s] -- Installing: /home/arno/BasestationRoombaV3/install/microver/share/microver/environment/ament_prefix_path.sh
[0.751s] -- Installing: /home/arno/BasestationRoombaV3/install/microver/share/microver/environment/ament_prefix_path.dsv
[0.752s] -- Installing: /home/arno/BasestationRoombaV3/install/microver/share/microver/environment/path.sh
[0.752s] -- Installing: /home/arno/BasestationRoombaV3/install/microver/share/microver/environment/path.dsv
[0.752s] -- Installing: /home/arno/BasestationRoombaV3/install/microver/share/microver/local_setup.bash
[0.752s] -- Installing: /home/arno/BasestationRoombaV3/install/microver/share/microver/local_setup.sh
[0.752s] -- Installing: /home/arno/BasestationRoombaV3/install/microver/share/microver/local_setup.zsh
[0.752s] -- Installing: /home/arno/BasestationRoombaV3/install/microver/share/microver/local_setup.dsv
[0.752s] -- Installing: /home/arno/BasestationRoombaV3/install/microver/share/microver/package.dsv
[0.752s] -- Installing: /home/arno/BasestationRoombaV3/install/microver/share/ament_index/resource_index/packages/microver
[0.753s] -- Installing: /home/arno/BasestationRoombaV3/install/microver/share/microver/cmake/microverConfig.cmake
[0.753s] -- Installing: /home/arno/BasestationRoombaV3/install/microver/share/microver/cmake/microverConfig-version.cmake
[0.753s] -- Installing: /home/arno/BasestationRoombaV3/install/microver/share/microver/package.xml
[0.755s] Invoked command in '/home/arno/BasestationRoombaV3/build/microver' returned '0': CMAKE_PREFIX_PATH=${CMAKE_PREFIX_PATH}:/opt/ros/humble /usr/bin/cmake --install /home/arno/BasestationRoombaV3/build/microver
