[0.344s] DEBUG:colcon:Command line arguments: ['/usr/bin/colcon', 'build']
[0.344s] DEBUG:colcon:Parsed command line arguments: Namespace(log_base=None, log_level=None, verb_name='build', build_base='build', install_base='install', merge_install=False, symlink_install=False, test_result_base=None, continue_on_error=False, executor='parallel', parallel_workers=8, event_handlers=None, ignore_user_meta=False, metas=['./colcon.meta'], base_paths=['.'], packages_ignore=None, packages_ignore_regex=None, paths=None, packages_up_to=None, packages_up_to_regex=None, packages_above=None, packages_above_and_dependencies=None, packages_above_depth=None, packages_select_by_dep=None, packages_skip_by_dep=None, packages_skip_up_to=None, packages_select_build_failed=False, packages_skip_build_finished=False, packages_select_test_failures=False, packages_skip_test_passed=False, packages_select=None, packages_skip=None, packages_select_regex=None, packages_skip_regex=None, packages_start=None, packages_end=None, allow_overriding=[], cmake_args=None, cmake_target=None, cmake_target_skip_unavailable=False, cmake_clean_cache=False, cmake_clean_first=False, cmake_force_configure=False, ament_cmake_args=None, catkin_cmake_args=None, catkin_skip_building_tests=False, verb_parser=<colcon_defaults.argument_parser.defaults.DefaultArgumentsDecorator object at 0x79fb50b351e0>, verb_extension=<colcon_core.verb.build.BuildVerb object at 0x79fb50ca55a0>, main=<bound method BuildVerb.main of <colcon_core.verb.build.BuildVerb object at 0x79fb50ca55a0>>)
[0.678s] Level 1:colcon.colcon_core.package_discovery:discover_packages(colcon_meta) check parameters
[0.678s] Level 1:colcon.colcon_core.package_discovery:discover_packages(recursive) check parameters
[0.678s] Level 1:colcon.colcon_core.package_discovery:discover_packages(ignore) check parameters
[0.678s] Level 1:colcon.colcon_core.package_discovery:discover_packages(path) check parameters
[0.678s] Level 1:colcon.colcon_core.package_discovery:discover_packages(colcon_meta) discover
[0.678s] Level 1:colcon.colcon_core.package_discovery:discover_packages(recursive) discover
[0.678s] INFO:colcon.colcon_core.package_discovery:Crawling recursively for packages in '/home/arno/BasestationRoombaV3'
[0.679s] Level 1:colcon.colcon_core.package_identification:_identify(.) by extensions ['ignore', 'ignore_ament_install']
[0.679s] Level 1:colcon.colcon_core.package_identification:_identify(.) by extension 'ignore'
[0.679s] Level 1:colcon.colcon_core.package_identification:_identify(.) by extension 'ignore_ament_install'
[0.679s] Level 1:colcon.colcon_core.package_identification:_identify(.) by extensions ['colcon_pkg']
[0.679s] Level 1:colcon.colcon_core.package_identification:_identify(.) by extension 'colcon_pkg'
[0.679s] Level 1:colcon.colcon_core.package_identification:_identify(.) by extensions ['colcon_meta']
[0.679s] Level 1:colcon.colcon_core.package_identification:_identify(.) by extension 'colcon_meta'
[0.679s] Level 1:colcon.colcon_core.package_identification:_identify(.) by extensions ['ros']
[0.679s] Level 1:colcon.colcon_core.package_identification:_identify(.) by extension 'ros'
[0.700s] Level 1:colcon.colcon_core.package_identification:_identify(.) by extensions ['cmake', 'python']
[0.700s] Level 1:colcon.colcon_core.package_identification:_identify(.) by extension 'cmake'
[0.700s] Level 1:colcon.colcon_core.package_identification:_identify(.) by extension 'python'
[0.700s] Level 1:colcon.colcon_core.package_identification:_identify(.) by extensions ['python_setup_py']
[0.700s] Level 1:colcon.colcon_core.package_identification:_identify(.) by extension 'python_setup_py'
[0.701s] Level 1:colcon.colcon_core.package_identification:_identify(build) by extensions ['ignore', 'ignore_ament_install']
[0.701s] Level 1:colcon.colcon_core.package_identification:_identify(build) by extension 'ignore'
[0.701s] Level 1:colcon.colcon_core.package_identification:_identify(build) ignored
[0.701s] Level 1:colcon.colcon_core.package_identification:_identify(install) by extensions ['ignore', 'ignore_ament_install']
[0.701s] Level 1:colcon.colcon_core.package_identification:_identify(install) by extension 'ignore'
[0.701s] Level 1:colcon.colcon_core.package_identification:_identify(install) ignored
[0.702s] Level 1:colcon.colcon_core.package_identification:_identify(log) by extensions ['ignore', 'ignore_ament_install']
[0.702s] Level 1:colcon.colcon_core.package_identification:_identify(log) by extension 'ignore'
[0.702s] Level 1:colcon.colcon_core.package_identification:_identify(log) ignored
[0.702s] Level 1:colcon.colcon_core.package_identification:_identify(src) by extensions ['ignore', 'ignore_ament_install']
[0.702s] Level 1:colcon.colcon_core.package_identification:_identify(src) by extension 'ignore'
[0.702s] Level 1:colcon.colcon_core.package_identification:_identify(src) by extension 'ignore_ament_install'
[0.702s] Level 1:colcon.colcon_core.package_identification:_identify(src) by extensions ['colcon_pkg']
[0.702s] Level 1:colcon.colcon_core.package_identification:_identify(src) by extension 'colcon_pkg'
[0.703s] Level 1:colcon.colcon_core.package_identification:_identify(src) by extensions ['colcon_meta']
[0.703s] Level 1:colcon.colcon_core.package_identification:_identify(src) by extension 'colcon_meta'
[0.703s] Level 1:colcon.colcon_core.package_identification:_identify(src) by extensions ['ros']
[0.703s] Level 1:colcon.colcon_core.package_identification:_identify(src) by extension 'ros'
[0.703s] Level 1:colcon.colcon_core.package_identification:_identify(src) by extensions ['cmake', 'python']
[0.703s] Level 1:colcon.colcon_core.package_identification:_identify(src) by extension 'cmake'
[0.703s] Level 1:colcon.colcon_core.package_identification:_identify(src) by extension 'python'
[0.703s] Level 1:colcon.colcon_core.package_identification:_identify(src) by extensions ['python_setup_py']
[0.703s] Level 1:colcon.colcon_core.package_identification:_identify(src) by extension 'python_setup_py'
[0.703s] Level 1:colcon.colcon_core.package_identification:_identify(src/camera) by extensions ['ignore', 'ignore_ament_install']
[0.703s] Level 1:colcon.colcon_core.package_identification:_identify(src/camera) by extension 'ignore'
[0.704s] Level 1:colcon.colcon_core.package_identification:_identify(src/camera) by extension 'ignore_ament_install'
[0.704s] Level 1:colcon.colcon_core.package_identification:_identify(src/camera) by extensions ['colcon_pkg']
[0.704s] Level 1:colcon.colcon_core.package_identification:_identify(src/camera) by extension 'colcon_pkg'
[0.704s] Level 1:colcon.colcon_core.package_identification:_identify(src/camera) by extensions ['colcon_meta']
[0.704s] Level 1:colcon.colcon_core.package_identification:_identify(src/camera) by extension 'colcon_meta'
[0.704s] Level 1:colcon.colcon_core.package_identification:_identify(src/camera) by extensions ['ros']
[0.704s] Level 1:colcon.colcon_core.package_identification:_identify(src/camera) by extension 'ros'
[0.704s] Level 1:colcon.colcon_core.package_identification:_identify(src/camera) by extensions ['cmake', 'python']
[0.704s] Level 1:colcon.colcon_core.package_identification:_identify(src/camera) by extension 'cmake'
[0.704s] Level 1:colcon.colcon_core.package_identification:_identify(src/camera) by extension 'python'
[0.704s] Level 1:colcon.colcon_core.package_identification:_identify(src/camera) by extensions ['python_setup_py']
[0.704s] Level 1:colcon.colcon_core.package_identification:_identify(src/camera) by extension 'python_setup_py'
[0.705s] Level 1:colcon.colcon_core.package_identification:_identify(src/microver) by extensions ['ignore', 'ignore_ament_install']
[0.705s] Level 1:colcon.colcon_core.package_identification:_identify(src/microver) by extension 'ignore'
[0.705s] Level 1:colcon.colcon_core.package_identification:_identify(src/microver) by extension 'ignore_ament_install'
[0.705s] Level 1:colcon.colcon_core.package_identification:_identify(src/microver) by extensions ['colcon_pkg']
[0.705s] Level 1:colcon.colcon_core.package_identification:_identify(src/microver) by extension 'colcon_pkg'
[0.705s] Level 1:colcon.colcon_core.package_identification:_identify(src/microver) by extensions ['colcon_meta']
[0.705s] Level 1:colcon.colcon_core.package_identification:_identify(src/microver) by extension 'colcon_meta'
[0.705s] Level 1:colcon.colcon_core.package_identification:_identify(src/microver) by extensions ['ros']
[0.705s] Level 1:colcon.colcon_core.package_identification:_identify(src/microver) by extension 'ros'
[0.709s] DEBUG:colcon.colcon_core.package_identification:Package 'src/microver' with type 'ros.ament_cmake' and name 'microver'
[0.710s] Level 1:colcon.colcon_core.package_identification:_identify(src/rover_input_pkg) by extensions ['ignore', 'ignore_ament_install']
[0.710s] Level 1:colcon.colcon_core.package_identification:_identify(src/rover_input_pkg) by extension 'ignore'
[0.710s] Level 1:colcon.colcon_core.package_identification:_identify(src/rover_input_pkg) by extension 'ignore_ament_install'
[0.710s] Level 1:colcon.colcon_core.package_identification:_identify(src/rover_input_pkg) by extensions ['colcon_pkg']
[0.710s] Level 1:colcon.colcon_core.package_identification:_identify(src/rover_input_pkg) by extension 'colcon_pkg'
[0.710s] Level 1:colcon.colcon_core.package_identification:_identify(src/rover_input_pkg) by extensions ['colcon_meta']
[0.710s] Level 1:colcon.colcon_core.package_identification:_identify(src/rover_input_pkg) by extension 'colcon_meta'
[0.710s] Level 1:colcon.colcon_core.package_identification:_identify(src/rover_input_pkg) by extensions ['ros']
[0.710s] Level 1:colcon.colcon_core.package_identification:_identify(src/rover_input_pkg) by extension 'ros'
[0.712s] DEBUG:colcon.colcon_core.package_identification:Package 'src/rover_input_pkg' with type 'ros.ament_cmake' and name 'rover_input_pkg'
[0.712s] Level 1:colcon.colcon_core.package_discovery:discover_packages(recursive) using defaults
[0.712s] Level 1:colcon.colcon_core.package_discovery:discover_packages(ignore) discover
[0.712s] Level 1:colcon.colcon_core.package_discovery:discover_packages(ignore) using defaults
[0.712s] Level 1:colcon.colcon_core.package_discovery:discover_packages(path) discover
[0.712s] Level 1:colcon.colcon_core.package_discovery:discover_packages(path) using defaults
[0.752s] Level 1:colcon.colcon_core.package_discovery:discover_packages(prefix_path) check parameters
[0.752s] Level 1:colcon.colcon_core.package_discovery:discover_packages(prefix_path) discover
[0.755s] DEBUG:colcon.colcon_installed_package_information.package_discovery:Found 2 installed packages in /home/arno/BasestationRoombaV3/install
[0.757s] DEBUG:colcon.colcon_installed_package_information.package_discovery:Found 332 installed packages in /opt/ros/humble
[0.778s] Level 1:colcon.colcon_core.package_discovery:discover_packages(prefix_path) using defaults
[0.870s] Level 5:colcon.colcon_core.verb:set package 'microver' build argument 'cmake_args' from command line to 'None'
[0.870s] Level 5:colcon.colcon_core.verb:set package 'microver' build argument 'cmake_target' from command line to 'None'
[0.870s] Level 5:colcon.colcon_core.verb:set package 'microver' build argument 'cmake_target_skip_unavailable' from command line to 'False'
[0.870s] Level 5:colcon.colcon_core.verb:set package 'microver' build argument 'cmake_clean_cache' from command line to 'False'
[0.870s] Level 5:colcon.colcon_core.verb:set package 'microver' build argument 'cmake_clean_first' from command line to 'False'
[0.870s] Level 5:colcon.colcon_core.verb:set package 'microver' build argument 'cmake_force_configure' from command line to 'False'
[0.870s] Level 5:colcon.colcon_core.verb:set package 'microver' build argument 'ament_cmake_args' from command line to 'None'
[0.870s] Level 5:colcon.colcon_core.verb:set package 'microver' build argument 'catkin_cmake_args' from command line to 'None'
[0.870s] Level 5:colcon.colcon_core.verb:set package 'microver' build argument 'catkin_skip_building_tests' from command line to 'False'
[0.870s] DEBUG:colcon.colcon_core.verb:Building package 'microver' with the following arguments: {'ament_cmake_args': None, 'build_base': '/home/arno/BasestationRoombaV3/build/microver', 'catkin_cmake_args': None, 'catkin_skip_building_tests': False, 'cmake_args': None, 'cmake_clean_cache': False, 'cmake_clean_first': False, 'cmake_force_configure': False, 'cmake_target': None, 'cmake_target_skip_unavailable': False, 'install_base': '/home/arno/BasestationRoombaV3/install/microver', 'merge_install': False, 'path': '/home/arno/BasestationRoombaV3/src/microver', 'symlink_install': False, 'test_result_base': None}
[0.871s] Level 5:colcon.colcon_core.verb:set package 'rover_input_pkg' build argument 'cmake_args' from command line to 'None'
[0.871s] Level 5:colcon.colcon_core.verb:set package 'rover_input_pkg' build argument 'cmake_target' from command line to 'None'
[0.871s] Level 5:colcon.colcon_core.verb:set package 'rover_input_pkg' build argument 'cmake_target_skip_unavailable' from command line to 'False'
[0.871s] Level 5:colcon.colcon_core.verb:set package 'rover_input_pkg' build argument 'cmake_clean_cache' from command line to 'False'
[0.871s] Level 5:colcon.colcon_core.verb:set package 'rover_input_pkg' build argument 'cmake_clean_first' from command line to 'False'
[0.872s] Level 5:colcon.colcon_core.verb:set package 'rover_input_pkg' build argument 'cmake_force_configure' from command line to 'False'
[0.872s] Level 5:colcon.colcon_core.verb:set package 'rover_input_pkg' build argument 'ament_cmake_args' from command line to 'None'
[0.872s] Level 5:colcon.colcon_core.verb:set package 'rover_input_pkg' build argument 'catkin_cmake_args' from command line to 'None'
[0.872s] Level 5:colcon.colcon_core.verb:set package 'rover_input_pkg' build argument 'catkin_skip_building_tests' from command line to 'False'
[0.872s] DEBUG:colcon.colcon_core.verb:Building package 'rover_input_pkg' with the following arguments: {'ament_cmake_args': None, 'build_base': '/home/arno/BasestationRoombaV3/build/rover_input_pkg', 'catkin_cmake_args': None, 'catkin_skip_building_tests': False, 'cmake_args': None, 'cmake_clean_cache': False, 'cmake_clean_first': False, 'cmake_force_configure': False, 'cmake_target': None, 'cmake_target_skip_unavailable': False, 'install_base': '/home/arno/BasestationRoombaV3/install/rover_input_pkg', 'merge_install': False, 'path': '/home/arno/BasestationRoombaV3/src/rover_input_pkg', 'symlink_install': False, 'test_result_base': None}
[0.872s] INFO:colcon.colcon_core.executor:Executing jobs using 'parallel' executor
[0.874s] DEBUG:colcon.colcon_parallel_executor.executor.parallel:run_until_complete
[0.874s] INFO:colcon.colcon_ros.task.ament_cmake.build:Building ROS package in '/home/arno/BasestationRoombaV3/src/microver' with build type 'ament_cmake'
[0.875s] INFO:colcon.colcon_cmake.task.cmake.build:Building CMake package in '/home/arno/BasestationRoombaV3/src/microver'
[0.879s] INFO:colcon.colcon_core.plugin_system:Skipping extension 'colcon_core.shell.bat': Not used on non-Windows systems
[0.879s] INFO:colcon.colcon_core.shell:Skip shell extension 'powershell' for command environment: Not usable outside of PowerShell
[0.879s] DEBUG:colcon.colcon_core.shell:Skip shell extension 'dsv' for command environment
[0.885s] INFO:colcon.colcon_ros.task.ament_cmake.build:Building ROS package in '/home/arno/BasestationRoombaV3/src/rover_input_pkg' with build type 'ament_cmake'
[0.886s] INFO:colcon.colcon_cmake.task.cmake.build:Building CMake package in '/home/arno/BasestationRoombaV3/src/rover_input_pkg'
[0.886s] INFO:colcon.colcon_core.shell:Skip shell extension 'powershell' for command environment: Not usable outside of PowerShell
[0.886s] DEBUG:colcon.colcon_core.shell:Skip shell extension 'dsv' for command environment
[0.903s] DEBUG:colcon.colcon_core.event_handler.log_command:Invoking command in '/home/arno/BasestationRoombaV3/build/microver': CMAKE_PREFIX_PATH=${CMAKE_PREFIX_PATH}:/opt/ros/humble /usr/bin/cmake --build /home/arno/BasestationRoombaV3/build/microver -- -j8 -l8
[0.912s] DEBUG:colcon.colcon_core.event_handler.log_command:Invoking command in '/home/arno/BasestationRoombaV3/build/rover_input_pkg': CMAKE_PREFIX_PATH=${CMAKE_PREFIX_PATH}:/opt/ros/humble /usr/bin/cmake --build /home/arno/BasestationRoombaV3/build/rover_input_pkg -- -j8 -l8
[0.968s] DEBUG:colcon.colcon_core.event_handler.log_command:Invoked command in '/home/arno/BasestationRoombaV3/build/microver' returned '0': CMAKE_PREFIX_PATH=${CMAKE_PREFIX_PATH}:/opt/ros/humble /usr/bin/cmake --build /home/arno/BasestationRoombaV3/build/microver -- -j8 -l8
[1.020s] DEBUG:colcon.colcon_core.event_handler.log_command:Invoking command in '/home/arno/BasestationRoombaV3/build/microver': CMAKE_PREFIX_PATH=${CMAKE_PREFIX_PATH}:/opt/ros/humble /usr/bin/cmake --install /home/arno/BasestationRoombaV3/build/microver
[1.025s] DEBUG:colcon.colcon_core.event_handler.log_command:Invoked command in '/home/arno/BasestationRoombaV3/build/rover_input_pkg' returned '0': CMAKE_PREFIX_PATH=${CMAKE_PREFIX_PATH}:/opt/ros/humble /usr/bin/cmake --build /home/arno/BasestationRoombaV3/build/rover_input_pkg -- -j8 -l8
[1.060s] Level 1:colcon.colcon_core.environment:create_environment_scripts_only(microver)
[1.061s] DEBUG:colcon.colcon_core.event_handler.log_command:Invoked command in '/home/arno/BasestationRoombaV3/build/microver' returned '0': CMAKE_PREFIX_PATH=${CMAKE_PREFIX_PATH}:/opt/ros/humble /usr/bin/cmake --install /home/arno/BasestationRoombaV3/build/microver
[1.065s] Level 1:colcon.colcon_core.environment:checking '/home/arno/BasestationRoombaV3/install/microver' for CMake module files
[1.066s] Level 1:colcon.colcon_core.environment:checking '/home/arno/BasestationRoombaV3/install/microver' for CMake config files
[1.067s] Level 1:colcon.colcon_core.shell:create_environment_hook('microver', 'cmake_prefix_path')
[1.067s] INFO:colcon.colcon_core.shell:Creating environment hook '/home/arno/BasestationRoombaV3/install/microver/share/microver/hook/cmake_prefix_path.ps1'
[1.069s] INFO:colcon.colcon_core.shell:Creating environment descriptor '/home/arno/BasestationRoombaV3/install/microver/share/microver/hook/cmake_prefix_path.dsv'
[1.070s] INFO:colcon.colcon_core.shell:Creating environment hook '/home/arno/BasestationRoombaV3/install/microver/share/microver/hook/cmake_prefix_path.sh'
[1.071s] Level 1:colcon.colcon_core.environment:checking '/home/arno/BasestationRoombaV3/install/microver/bin'
[1.072s] Level 1:colcon.colcon_core.environment:checking '/home/arno/BasestationRoombaV3/install/microver/lib/pkgconfig/microver.pc'
[1.072s] Level 1:colcon.colcon_core.environment:checking '/home/arno/BasestationRoombaV3/install/microver/lib/python3.10/site-packages'
[1.072s] Level 1:colcon.colcon_core.environment:checking '/home/arno/BasestationRoombaV3/install/microver/bin'
[1.073s] INFO:colcon.colcon_core.shell:Creating package script '/home/arno/BasestationRoombaV3/install/microver/share/microver/package.ps1'
[1.075s] INFO:colcon.colcon_core.shell:Creating package descriptor '/home/arno/BasestationRoombaV3/install/microver/share/microver/package.dsv'
[1.077s] INFO:colcon.colcon_core.shell:Creating package script '/home/arno/BasestationRoombaV3/install/microver/share/microver/package.sh'
[1.078s] INFO:colcon.colcon_core.shell:Creating package script '/home/arno/BasestationRoombaV3/install/microver/share/microver/package.bash'
[1.080s] INFO:colcon.colcon_core.shell:Creating package script '/home/arno/BasestationRoombaV3/install/microver/share/microver/package.zsh'
[1.081s] Level 1:colcon.colcon_core.environment:create_file_with_runtime_dependencies(/home/arno/BasestationRoombaV3/install/microver/share/colcon-core/packages/microver)
[1.086s] DEBUG:colcon.colcon_core.event_handler.log_command:Invoking command in '/home/arno/BasestationRoombaV3/build/rover_input_pkg': CMAKE_PREFIX_PATH=${CMAKE_PREFIX_PATH}:/opt/ros/humble /usr/bin/cmake --install /home/arno/BasestationRoombaV3/build/rover_input_pkg
[1.116s] Level 1:colcon.colcon_core.environment:create_environment_scripts_only(microver)
[1.117s] Level 1:colcon.colcon_core.environment:checking '/home/arno/BasestationRoombaV3/install/microver' for CMake module files
[1.119s] Level 1:colcon.colcon_core.environment:checking '/home/arno/BasestationRoombaV3/install/microver' for CMake config files
[1.120s] Level 1:colcon.colcon_core.shell:create_environment_hook('microver', 'cmake_prefix_path')
[1.121s] INFO:colcon.colcon_core.shell:Creating environment hook '/home/arno/BasestationRoombaV3/install/microver/share/microver/hook/cmake_prefix_path.ps1'
[1.122s] INFO:colcon.colcon_core.shell:Creating environment descriptor '/home/arno/BasestationRoombaV3/install/microver/share/microver/hook/cmake_prefix_path.dsv'
[1.123s] INFO:colcon.colcon_core.shell:Creating environment hook '/home/arno/BasestationRoombaV3/install/microver/share/microver/hook/cmake_prefix_path.sh'
[1.124s] Level 1:colcon.colcon_core.environment:checking '/home/arno/BasestationRoombaV3/install/microver/bin'
[1.124s] Level 1:colcon.colcon_core.environment:checking '/home/arno/BasestationRoombaV3/install/microver/lib/pkgconfig/microver.pc'
[1.124s] Level 1:colcon.colcon_core.environment:checking '/home/arno/BasestationRoombaV3/install/microver/lib/python3.10/site-packages'
[1.125s] Level 1:colcon.colcon_core.environment:checking '/home/arno/BasestationRoombaV3/install/microver/bin'
[1.125s] INFO:colcon.colcon_core.shell:Creating package script '/home/arno/BasestationRoombaV3/install/microver/share/microver/package.ps1'
[1.126s] INFO:colcon.colcon_core.shell:Creating package descriptor '/home/arno/BasestationRoombaV3/install/microver/share/microver/package.dsv'
[1.127s] INFO:colcon.colcon_core.shell:Creating package script '/home/arno/BasestationRoombaV3/install/microver/share/microver/package.sh'
[1.128s] INFO:colcon.colcon_core.shell:Creating package script '/home/arno/BasestationRoombaV3/install/microver/share/microver/package.bash'
[1.128s] INFO:colcon.colcon_core.shell:Creating package script '/home/arno/BasestationRoombaV3/install/microver/share/microver/package.zsh'
[1.129s] Level 1:colcon.colcon_core.environment:create_file_with_runtime_dependencies(/home/arno/BasestationRoombaV3/install/microver/share/colcon-core/packages/microver)
[1.131s] Level 1:colcon.colcon_core.environment:create_environment_scripts_only(rover_input_pkg)
[1.132s] Level 1:colcon.colcon_core.environment:checking '/home/arno/BasestationRoombaV3/install/rover_input_pkg' for CMake module files
[1.133s] DEBUG:colcon.colcon_core.event_handler.log_command:Invoked command in '/home/arno/BasestationRoombaV3/build/rover_input_pkg' returned '0': CMAKE_PREFIX_PATH=${CMAKE_PREFIX_PATH}:/opt/ros/humble /usr/bin/cmake --install /home/arno/BasestationRoombaV3/build/rover_input_pkg
[1.134s] Level 1:colcon.colcon_core.environment:checking '/home/arno/BasestationRoombaV3/install/rover_input_pkg' for CMake config files
[1.134s] Level 1:colcon.colcon_core.shell:create_environment_hook('rover_input_pkg', 'cmake_prefix_path')
[1.134s] INFO:colcon.colcon_core.shell:Creating environment hook '/home/arno/BasestationRoombaV3/install/rover_input_pkg/share/rover_input_pkg/hook/cmake_prefix_path.ps1'
[1.135s] INFO:colcon.colcon_core.shell:Creating environment descriptor '/home/arno/BasestationRoombaV3/install/rover_input_pkg/share/rover_input_pkg/hook/cmake_prefix_path.dsv'
[1.136s] INFO:colcon.colcon_core.shell:Creating environment hook '/home/arno/BasestationRoombaV3/install/rover_input_pkg/share/rover_input_pkg/hook/cmake_prefix_path.sh'
[1.137s] Level 1:colcon.colcon_core.environment:checking '/home/arno/BasestationRoombaV3/install/rover_input_pkg/lib'
[1.138s] Level 1:colcon.colcon_core.environment:checking '/home/arno/BasestationRoombaV3/install/rover_input_pkg/bin'
[1.138s] Level 1:colcon.colcon_core.environment:checking '/home/arno/BasestationRoombaV3/install/rover_input_pkg/lib/pkgconfig/rover_input_pkg.pc'
[1.139s] Level 1:colcon.colcon_core.environment:checking '/home/arno/BasestationRoombaV3/install/rover_input_pkg/lib/python3.10/site-packages'
[1.139s] Level 1:colcon.colcon_core.environment:checking '/home/arno/BasestationRoombaV3/install/rover_input_pkg/bin'
[1.140s] INFO:colcon.colcon_core.shell:Creating package script '/home/arno/BasestationRoombaV3/install/rover_input_pkg/share/rover_input_pkg/package.ps1'
[1.140s] INFO:colcon.colcon_core.shell:Creating package descriptor '/home/arno/BasestationRoombaV3/install/rover_input_pkg/share/rover_input_pkg/package.dsv'
[1.141s] INFO:colcon.colcon_core.shell:Creating package script '/home/arno/BasestationRoombaV3/install/rover_input_pkg/share/rover_input_pkg/package.sh'
[1.142s] INFO:colcon.colcon_core.shell:Creating package script '/home/arno/BasestationRoombaV3/install/rover_input_pkg/share/rover_input_pkg/package.bash'
[1.142s] INFO:colcon.colcon_core.shell:Creating package script '/home/arno/BasestationRoombaV3/install/rover_input_pkg/share/rover_input_pkg/package.zsh'
[1.143s] Level 1:colcon.colcon_core.environment:create_file_with_runtime_dependencies(/home/arno/BasestationRoombaV3/install/rover_input_pkg/share/colcon-core/packages/rover_input_pkg)
[1.200s] Level 1:colcon.colcon_core.environment:create_environment_scripts_only(rover_input_pkg)
[1.201s] Level 1:colcon.colcon_core.environment:checking '/home/arno/BasestationRoombaV3/install/rover_input_pkg' for CMake module files
[1.204s] Level 1:colcon.colcon_core.environment:checking '/home/arno/BasestationRoombaV3/install/rover_input_pkg' for CMake config files
[1.205s] Level 1:colcon.colcon_core.shell:create_environment_hook('rover_input_pkg', 'cmake_prefix_path')
[1.206s] INFO:colcon.colcon_core.shell:Creating environment hook '/home/arno/BasestationRoombaV3/install/rover_input_pkg/share/rover_input_pkg/hook/cmake_prefix_path.ps1'
[1.208s] INFO:colcon.colcon_core.shell:Creating environment descriptor '/home/arno/BasestationRoombaV3/install/rover_input_pkg/share/rover_input_pkg/hook/cmake_prefix_path.dsv'
[1.210s] INFO:colcon.colcon_core.shell:Creating environment hook '/home/arno/BasestationRoombaV3/install/rover_input_pkg/share/rover_input_pkg/hook/cmake_prefix_path.sh'
[1.212s] Level 1:colcon.colcon_core.environment:checking '/home/arno/BasestationRoombaV3/install/rover_input_pkg/lib'
[1.213s] Level 1:colcon.colcon_core.environment:checking '/home/arno/BasestationRoombaV3/install/rover_input_pkg/bin'
[1.213s] Level 1:colcon.colcon_core.environment:checking '/home/arno/BasestationRoombaV3/install/rover_input_pkg/lib/pkgconfig/rover_input_pkg.pc'
[1.214s] Level 1:colcon.colcon_core.environment:checking '/home/arno/BasestationRoombaV3/install/rover_input_pkg/lib/python3.10/site-packages'
[1.215s] Level 1:colcon.colcon_core.environment:checking '/home/arno/BasestationRoombaV3/install/rover_input_pkg/bin'
[1.216s] INFO:colcon.colcon_core.shell:Creating package script '/home/arno/BasestationRoombaV3/install/rover_input_pkg/share/rover_input_pkg/package.ps1'
[1.219s] INFO:colcon.colcon_core.shell:Creating package descriptor '/home/arno/BasestationRoombaV3/install/rover_input_pkg/share/rover_input_pkg/package.dsv'
[1.221s] INFO:colcon.colcon_core.shell:Creating package script '/home/arno/BasestationRoombaV3/install/rover_input_pkg/share/rover_input_pkg/package.sh'
[1.223s] INFO:colcon.colcon_core.shell:Creating package script '/home/arno/BasestationRoombaV3/install/rover_input_pkg/share/rover_input_pkg/package.bash'
[1.225s] INFO:colcon.colcon_core.shell:Creating package script '/home/arno/BasestationRoombaV3/install/rover_input_pkg/share/rover_input_pkg/package.zsh'
[1.227s] Level 1:colcon.colcon_core.environment:create_file_with_runtime_dependencies(/home/arno/BasestationRoombaV3/install/rover_input_pkg/share/colcon-core/packages/rover_input_pkg)
[1.228s] DEBUG:colcon.colcon_parallel_executor.executor.parallel:closing loop
[1.230s] DEBUG:colcon.colcon_parallel_executor.executor.parallel:loop closed
[1.230s] DEBUG:colcon.colcon_parallel_executor.executor.parallel:run_until_complete finished with '0'
[1.230s] DEBUG:colcon.colcon_core.event_reactor:joining thread
[1.257s] INFO:colcon.colcon_core.plugin_system:Skipping extension 'colcon_notification.desktop_notification.terminal_notifier': Not used on non-Darwin systems
[1.258s] INFO:colcon.colcon_core.plugin_system:Skipping extension 'colcon_notification.desktop_notification.win32': Not used on non-Windows systems
[1.258s] INFO:colcon.colcon_notification.desktop_notification:Sending desktop notification using 'notify2'
[1.309s] DEBUG:colcon.colcon_core.event_reactor:joined thread
[1.311s] INFO:colcon.colcon_core.shell:Creating prefix script '/home/arno/BasestationRoombaV3/install/local_setup.ps1'
[1.318s] INFO:colcon.colcon_core.shell:Creating prefix util module '/home/arno/BasestationRoombaV3/install/_local_setup_util_ps1.py'
[1.326s] INFO:colcon.colcon_core.shell:Creating prefix chain script '/home/arno/BasestationRoombaV3/install/setup.ps1'
[1.332s] INFO:colcon.colcon_core.shell:Creating prefix script '/home/arno/BasestationRoombaV3/install/local_setup.sh'
[1.335s] INFO:colcon.colcon_core.shell:Creating prefix util module '/home/arno/BasestationRoombaV3/install/_local_setup_util_sh.py'
[1.338s] INFO:colcon.colcon_core.shell:Creating prefix chain script '/home/arno/BasestationRoombaV3/install/setup.sh'
[1.342s] INFO:colcon.colcon_core.shell:Creating prefix script '/home/arno/BasestationRoombaV3/install/local_setup.bash'
[1.345s] INFO:colcon.colcon_core.shell:Creating prefix chain script '/home/arno/BasestationRoombaV3/install/setup.bash'
[1.352s] INFO:colcon.colcon_core.shell:Creating prefix script '/home/arno/BasestationRoombaV3/install/local_setup.zsh'
[1.354s] INFO:colcon.colcon_core.shell:Creating prefix chain script '/home/arno/BasestationRoombaV3/install/setup.zsh'
