-- 'Release' build type is used by default. Use CMAKE_BUILD_TYPE to specify build type (Release or Debug)
-- The CXX compiler identification is GNU 11.4.0
-- The C compiler identification is GNU 11.4.0
-- Detecting CXX compiler ABI info
-- Detecting CXX compiler ABI info - done
-- Check for working CXX compiler: /usr/bin/c++ - skipped
-- Detecting CXX compile features
-- Detecting CXX compile features - done
-- Detecting C compiler ABI info
-- Detecting C compiler ABI info - done
-- Check for working C compiler: /usr/bin/cc - skipped
-- Detecting C compile features
-- Detecting C compile features - done
-- Detected processor: x86_64
-- Found PythonInterp: /usr/bin/python3 (found suitable version "3.10.12", minimum required is "3.2") 
-- Found PythonLibs: /usr/lib/x86_64-linux-gnu/libpython3.10.so (found suitable exact version "3.10.12") 
-- Looking for ccache - not found
-- Performing Test HAVE_CXX_FSIGNED_CHAR
-- Performing Test HAVE_CXX_FSIGNED_CHAR - Success
-- Performing Test HAVE_C_FSIGNED_CHAR
-- Performing Test HAVE_C_FSIGNED_CHAR - Success
-- Performing Test HAVE_CXX_W
-- Performing Test HAVE_CXX_W - Success
-- Performing Test HAVE_C_W
-- Performing Test HAVE_C_W - Success
-- Performing Test HAVE_CXX_WALL
-- Performing Test HAVE_CXX_WALL - Success
-- Performing Test HAVE_C_WALL
-- Performing Test HAVE_C_WALL - Success
-- Performing Test HAVE_CXX_WRETURN_TYPE
-- Performing Test HAVE_CXX_WRETURN_TYPE - Success
-- Performing Test HAVE_C_WRETURN_TYPE
-- Performing Test HAVE_C_WRETURN_TYPE - Success
-- Performing Test HAVE_CXX_WNON_VIRTUAL_DTOR
-- Performing Test HAVE_CXX_WNON_VIRTUAL_DTOR - Success
-- Performing Test HAVE_C_WNON_VIRTUAL_DTOR
-- Performing Test HAVE_C_WNON_VIRTUAL_DTOR - Failed
-- Performing Test HAVE_CXX_WADDRESS
-- Performing Test HAVE_CXX_WADDRESS - Success
-- Performing Test HAVE_C_WADDRESS
-- Performing Test HAVE_C_WADDRESS - Success
-- Performing Test HAVE_CXX_WSEQUENCE_POINT
-- Performing Test HAVE_CXX_WSEQUENCE_POINT - Success
-- Performing Test HAVE_C_WSEQUENCE_POINT
-- Performing Test HAVE_C_WSEQUENCE_POINT - Success
-- Performing Test HAVE_CXX_WFORMAT
-- Performing Test HAVE_CXX_WFORMAT - Success
-- Performing Test HAVE_C_WFORMAT
-- Performing Test HAVE_C_WFORMAT - Success
-- Performing Test HAVE_CXX_WFORMAT_SECURITY
-- Performing Test HAVE_CXX_WFORMAT_SECURITY - Success
-- Performing Test HAVE_C_WFORMAT_SECURITY
-- Performing Test HAVE_C_WFORMAT_SECURITY - Success
-- Performing Test HAVE_CXX_WMISSING_DECLARATIONS
-- Performing Test HAVE_CXX_WMISSING_DECLARATIONS - Success
-- Performing Test HAVE_C_WMISSING_DECLARATIONS
-- Performing Test HAVE_C_WMISSING_DECLARATIONS - Success
-- Performing Test HAVE_CXX_WMISSING_PROTOTYPES
-- Performing Test HAVE_CXX_WMISSING_PROTOTYPES - Failed
-- Performing Test HAVE_C_WMISSING_PROTOTYPES
-- Performing Test HAVE_C_WMISSING_PROTOTYPES - Success
-- Performing Test HAVE_CXX_WSTRICT_PROTOTYPES
-- Performing Test HAVE_CXX_WSTRICT_PROTOTYPES - Failed
-- Performing Test HAVE_C_WSTRICT_PROTOTYPES
-- Performing Test HAVE_C_WSTRICT_PROTOTYPES - Success
-- Performing Test HAVE_CXX_WUNDEF
-- Performing Test HAVE_CXX_WUNDEF - Success
-- Performing Test HAVE_C_WUNDEF
-- Performing Test HAVE_C_WUNDEF - Success
-- Performing Test HAVE_CXX_WINIT_SELF
-- Performing Test HAVE_CXX_WINIT_SELF - Success
-- Performing Test HAVE_C_WINIT_SELF
-- Performing Test HAVE_C_WINIT_SELF - Success
-- Performing Test HAVE_CXX_WPOINTER_ARITH
-- Performing Test HAVE_CXX_WPOINTER_ARITH - Success
-- Performing Test HAVE_C_WPOINTER_ARITH
-- Performing Test HAVE_C_WPOINTER_ARITH - Success
-- Performing Test HAVE_CXX_WSHADOW
-- Performing Test HAVE_CXX_WSHADOW - Success
-- Performing Test HAVE_C_WSHADOW
-- Performing Test HAVE_C_WSHADOW - Success
-- Performing Test HAVE_CXX_WSIGN_PROMO
-- Performing Test HAVE_CXX_WSIGN_PROMO - Success
-- Performing Test HAVE_C_WSIGN_PROMO
-- Performing Test HAVE_C_WSIGN_PROMO - Failed
-- Performing Test HAVE_CXX_WUNINITIALIZED
-- Performing Test HAVE_CXX_WUNINITIALIZED - Success
-- Performing Test HAVE_C_WUNINITIALIZED
-- Performing Test HAVE_C_WUNINITIALIZED - Success
-- Performing Test HAVE_CXX_WSUGGEST_OVERRIDE
-- Performing Test HAVE_CXX_WSUGGEST_OVERRIDE - Success
-- Performing Test HAVE_C_WSUGGEST_OVERRIDE
-- Performing Test HAVE_C_WSUGGEST_OVERRIDE - Failed
-- Performing Test HAVE_CXX_WNO_DELETE_NON_VIRTUAL_DTOR
-- Performing Test HAVE_CXX_WNO_DELETE_NON_VIRTUAL_DTOR - Success
-- Performing Test HAVE_C_WNO_DELETE_NON_VIRTUAL_DTOR
-- Performing Test HAVE_C_WNO_DELETE_NON_VIRTUAL_DTOR - Failed
-- Performing Test HAVE_CXX_WNO_UNNAMED_TYPE_TEMPLATE_ARGS
-- Performing Test HAVE_CXX_WNO_UNNAMED_TYPE_TEMPLATE_ARGS - Failed
-- Performing Test HAVE_C_WNO_UNNAMED_TYPE_TEMPLATE_ARGS
-- Performing Test HAVE_C_WNO_UNNAMED_TYPE_TEMPLATE_ARGS - Failed
-- Performing Test HAVE_CXX_WNO_COMMENT
-- Performing Test HAVE_CXX_WNO_COMMENT - Success
-- Performing Test HAVE_C_WNO_COMMENT
-- Performing Test HAVE_C_WNO_COMMENT - Success
-- Performing Test HAVE_CXX_WIMPLICIT_FALLTHROUGH_3
-- Performing Test HAVE_CXX_WIMPLICIT_FALLTHROUGH_3 - Success
-- Performing Test HAVE_C_WIMPLICIT_FALLTHROUGH_3
-- Performing Test HAVE_C_WIMPLICIT_FALLTHROUGH_3 - Success
-- Performing Test HAVE_CXX_WNO_STRICT_OVERFLOW
-- Performing Test HAVE_CXX_WNO_STRICT_OVERFLOW - Success
-- Performing Test HAVE_C_WNO_STRICT_OVERFLOW
-- Performing Test HAVE_C_WNO_STRICT_OVERFLOW - Success
-- Performing Test HAVE_CXX_FDIAGNOSTICS_SHOW_OPTION
-- Performing Test HAVE_CXX_FDIAGNOSTICS_SHOW_OPTION - Success
-- Performing Test HAVE_C_FDIAGNOSTICS_SHOW_OPTION
-- Performing Test HAVE_C_FDIAGNOSTICS_SHOW_OPTION - Success
-- Performing Test HAVE_CXX_WNO_LONG_LONG
-- Performing Test HAVE_CXX_WNO_LONG_LONG - Success
-- Performing Test HAVE_C_WNO_LONG_LONG
-- Performing Test HAVE_C_WNO_LONG_LONG - Success
-- Performing Test HAVE_CXX_PTHREAD
-- Performing Test HAVE_CXX_PTHREAD - Success
-- Performing Test HAVE_C_PTHREAD
-- Performing Test HAVE_C_PTHREAD - Success
-- Performing Test HAVE_CXX_FOMIT_FRAME_POINTER
-- Performing Test HAVE_CXX_FOMIT_FRAME_POINTER - Success
-- Performing Test HAVE_C_FOMIT_FRAME_POINTER
-- Performing Test HAVE_C_FOMIT_FRAME_POINTER - Success
-- Performing Test HAVE_CXX_FFUNCTION_SECTIONS
-- Performing Test HAVE_CXX_FFUNCTION_SECTIONS - Success
-- Performing Test HAVE_C_FFUNCTION_SECTIONS
-- Performing Test HAVE_C_FFUNCTION_SECTIONS - Success
-- Performing Test HAVE_CXX_FDATA_SECTIONS
-- Performing Test HAVE_CXX_FDATA_SECTIONS - Success
-- Performing Test HAVE_C_FDATA_SECTIONS
-- Performing Test HAVE_C_FDATA_SECTIONS - Success
-- Performing Test HAVE_CXX_MSSE (check file: cmake/checks/cpu_sse.cpp)
-- Performing Test HAVE_CXX_MSSE - Success
-- Performing Test HAVE_CXX_MSSE2 (check file: cmake/checks/cpu_sse2.cpp)
-- Performing Test HAVE_CXX_MSSE2 - Success
-- Performing Test HAVE_CXX_MSSE3 (check file: cmake/checks/cpu_sse3.cpp)
-- Performing Test HAVE_CXX_MSSE3 - Success
-- Performing Test HAVE_CXX_MSSSE3 (check file: cmake/checks/cpu_ssse3.cpp)
-- Performing Test HAVE_CXX_MSSSE3 - Success
-- Performing Test HAVE_CXX_MSSE4_1 (check file: cmake/checks/cpu_sse41.cpp)
-- Performing Test HAVE_CXX_MSSE4_1 - Success
-- Performing Test HAVE_CXX_MPOPCNT (check file: cmake/checks/cpu_popcnt.cpp)
-- Performing Test HAVE_CXX_MPOPCNT - Success
-- Performing Test HAVE_CXX_MSSE4_2 (check file: cmake/checks/cpu_sse42.cpp)
-- Performing Test HAVE_CXX_MSSE4_2 - Success
-- Performing Test HAVE_CXX_MF16C (check file: cmake/checks/cpu_fp16.cpp)
-- Performing Test HAVE_CXX_MF16C - Success
-- Performing Test HAVE_CXX_MFMA
-- Performing Test HAVE_CXX_MFMA - Success
-- Performing Test HAVE_CXX_MAVX (check file: cmake/checks/cpu_avx.cpp)
-- Performing Test HAVE_CXX_MAVX - Success
-- Performing Test HAVE_CXX_MAVX2 (check file: cmake/checks/cpu_avx2.cpp)
-- Performing Test HAVE_CXX_MAVX2 - Success
-- Performing Test HAVE_CXX_MAVX512F (check file: cmake/checks/cpu_avx512.cpp)
-- Performing Test HAVE_CXX_MAVX512F - Success
-- Performing Test HAVE_CXX_MAVX512F_MAVX512CD (check file: cmake/checks/cpu_avx512common.cpp)
-- Performing Test HAVE_CXX_MAVX512F_MAVX512CD - Success
-- Performing Test HAVE_CXX_MAVX512F_MAVX512CD_MAVX512VL_MAVX512BW_MAVX512DQ (check file: cmake/checks/cpu_avx512skx.cpp)
-- Performing Test HAVE_CXX_MAVX512F_MAVX512CD_MAVX512VL_MAVX512BW_MAVX512DQ - Success
-- Performing Test HAVE_CPU_BASELINE_FLAGS
-- Performing Test HAVE_CPU_BASELINE_FLAGS - Success
-- Performing Test HAVE_CPU_DISPATCH_FLAGS_SSE4_1
-- Performing Test HAVE_CPU_DISPATCH_FLAGS_SSE4_1 - Success
-- Performing Test HAVE_CPU_DISPATCH_FLAGS_SSE4_2
-- Performing Test HAVE_CPU_DISPATCH_FLAGS_SSE4_2 - Success
-- Performing Test HAVE_CPU_DISPATCH_FLAGS_FP16
-- Performing Test HAVE_CPU_DISPATCH_FLAGS_FP16 - Success
-- Performing Test HAVE_CPU_DISPATCH_FLAGS_AVX
-- Performing Test HAVE_CPU_DISPATCH_FLAGS_AVX - Success
-- Performing Test HAVE_CPU_DISPATCH_FLAGS_AVX2
-- Performing Test HAVE_CPU_DISPATCH_FLAGS_AVX2 - Success
-- Performing Test HAVE_CPU_DISPATCH_FLAGS_AVX512_SKX
-- Performing Test HAVE_CPU_DISPATCH_FLAGS_AVX512_SKX - Success
-- Performing Test HAVE_CXX_FVISIBILITY_HIDDEN
-- Performing Test HAVE_CXX_FVISIBILITY_HIDDEN - Success
-- Performing Test HAVE_C_FVISIBILITY_HIDDEN
-- Performing Test HAVE_C_FVISIBILITY_HIDDEN - Success
-- Performing Test HAVE_CXX_FVISIBILITY_INLINES_HIDDEN
-- Performing Test HAVE_CXX_FVISIBILITY_INLINES_HIDDEN - Success
-- Performing Test HAVE_C_FVISIBILITY_INLINES_HIDDEN
-- Performing Test HAVE_C_FVISIBILITY_INLINES_HIDDEN - Failed
-- Performing Test HAVE_LINK_AS_NEEDED
-- Performing Test HAVE_LINK_AS_NEEDED - Success
-- Performing Test HAVE_LINK_NO_UNDEFINED
-- Performing Test HAVE_LINK_NO_UNDEFINED - Success
-- Looking for pthread.h
-- Looking for pthread.h - found
-- Looking for posix_memalign
-- Looking for posix_memalign - found
-- Looking for malloc.h
-- Looking for malloc.h - found
-- Looking for memalign
-- Looking for memalign - found
-- Found ZLIB: /usr/lib/x86_64-linux-gnu/libz.so (found suitable version "1.2.11", minimum required is "1.2.3") 
-- Found JPEG: /usr/lib/x86_64-linux-gnu/libjpeg.so (found version "80") 
-- Found TIFF: /usr/lib/x86_64-linux-gnu/libtiff.so (found version "4.3.0")  
-- Found WebP: /usr/lib/x86_64-linux-gnu/libwebp.so  
-- The imported target "openjpip" references the file
   "/usr/lib/x86_64-linux-gnu/libopenjpip.so.2.4.0"
but this file does not exist.  Possible reasons include:
* The file was deleted, renamed, or moved to another location.
* An install or uninstall procedure did not complete successfully.
* The installation package was faulty and contained
   "/usr/lib/x86_64-linux-gnu/openjpeg-2.4/OpenJPEGTargets.cmake"
but not all the files it references.

-- The imported target "opj_decompress" references the file
   "/usr/bin/opj_decompress"
but this file does not exist.  Possible reasons include:
* The file was deleted, renamed, or moved to another location.
* An install or uninstall procedure did not complete successfully.
* The installation package was faulty and contained
   "/usr/lib/x86_64-linux-gnu/openjpeg-2.4/OpenJPEGTargets.cmake"
but not all the files it references.

-- The imported target "opj_compress" references the file
   "/usr/bin/opj_compress"
but this file does not exist.  Possible reasons include:
* The file was deleted, renamed, or moved to another location.
* An install or uninstall procedure did not complete successfully.
* The installation package was faulty and contained
   "/usr/lib/x86_64-linux-gnu/openjpeg-2.4/OpenJPEGTargets.cmake"
but not all the files it references.

-- The imported target "opj_dump" references the file
   "/usr/bin/opj_dump"
but this file does not exist.  Possible reasons include:
* The file was deleted, renamed, or moved to another location.
* An install or uninstall procedure did not complete successfully.
* The installation package was faulty and contained
   "/usr/lib/x86_64-linux-gnu/openjpeg-2.4/OpenJPEGTargets.cmake"
but not all the files it references.

-- The imported target "opj_jpip_addxml" references the file
   "/usr/bin/opj_jpip_addxml"
but this file does not exist.  Possible reasons include:
* The file was deleted, renamed, or moved to another location.
* An install or uninstall procedure did not complete successfully.
* The installation package was faulty and contained
   "/usr/lib/x86_64-linux-gnu/openjpeg-2.4/OpenJPEGTargets.cmake"
but not all the files it references.

-- The imported target "opj_server" references the file
   "/usr/bin/opj_server"
but this file does not exist.  Possible reasons include:
* The file was deleted, renamed, or moved to another location.
* An install or uninstall procedure did not complete successfully.
* The installation package was faulty and contained
   "/usr/lib/x86_64-linux-gnu/openjpeg-2.4/OpenJPEGTargets.cmake"
but not all the files it references.

-- The imported target "opj_dec_server" references the file
   "/usr/bin/opj_dec_server"
but this file does not exist.  Possible reasons include:
* The file was deleted, renamed, or moved to another location.
* An install or uninstall procedure did not complete successfully.
* The installation package was faulty and contained
   "/usr/lib/x86_64-linux-gnu/openjpeg-2.4/OpenJPEGTargets.cmake"
but not all the files it references.

-- The imported target "opj_jpip_transcode" references the file
   "/usr/bin/opj_jpip_transcode"
but this file does not exist.  Possible reasons include:
* The file was deleted, renamed, or moved to another location.
* An install or uninstall procedure did not complete successfully.
* The installation package was faulty and contained
   "/usr/lib/x86_64-linux-gnu/openjpeg-2.4/OpenJPEGTargets.cmake"
but not all the files it references.

-- The imported target "opj_jpip_test" references the file
   "/usr/bin/opj_jpip_test"
but this file does not exist.  Possible reasons include:
* The file was deleted, renamed, or moved to another location.
* An install or uninstall procedure did not complete successfully.
* The installation package was faulty and contained
   "/usr/lib/x86_64-linux-gnu/openjpeg-2.4/OpenJPEGTargets.cmake"
but not all the files it references.

-- Found system OpenJPEG: openjp2 (found version "2.4.0")
-- Found OpenEXR: /usr/lib/x86_64-linux-gnu/libIlmImf-2_5.so
-- libva: missing va.h header (VA_INCLUDE_DIR)
-- IPPICV: Downloading ippicv_2021.11.0_lnx_intel64_20240201_general.tgz from https://raw.githubusercontent.com/opencv/opencv_3rdparty/fd27188235d85e552de31425e7ea0f53ba73ba53/ippicv/ippicv_2021.11.0_lnx_intel64_20240201_general.tgz
-- found Intel IPP (ICV version): 2021.11.0 [2021.11.0]
-- at: /home/arno/BasestationRoombaV3/build/OpenCV/3rdparty/ippicv/ippicv_lnx/icv
-- found Intel IPP Integration Wrappers sources: 2021.11.0
-- at: /home/arno/BasestationRoombaV3/build/OpenCV/3rdparty/ippicv/ippicv_lnx/iw
-- Could not find OpenBLAS include. Turning OpenBLAS_FOUND off
-- Could not find OpenBLAS lib. Turning OpenBLAS_FOUND off
-- Could NOT find Atlas (missing: Atlas_CLAPACK_INCLUDE_DIR Atlas_CBLAS_LIBRARY Atlas_BLAS_LIBRARY) 
-- Looking for sgemm_
-- Looking for sgemm_ - not found
-- Looking for pthread.h
-- Looking for pthread.h - found
-- Performing Test CMAKE_HAVE_LIBC_PTHREAD
-- Performing Test CMAKE_HAVE_LIBC_PTHREAD - Success
-- Found Threads: TRUE  
-- Looking for sgemm_
-- Looking for sgemm_ - found
-- Found BLAS: /usr/lib/x86_64-linux-gnu/libblas.so  
-- Looking for cheev_
-- Looking for cheev_ - not found
-- Looking for cheev_
-- Looking for cheev_ - not found
-- Looking for cheev_
-- Looking for cheev_ - found
-- Found LAPACK: /usr/lib/x86_64-linux-gnu/liblapack.so;/usr/lib/x86_64-linux-gnu/libblas.so  
-- Performing Test HAVE_CXX_WNO_DEPRECATED
-- Performing Test HAVE_CXX_WNO_DEPRECATED - Success
-- Performing Test HAVE_CXX_WNO_MISSING_PROTOTYPES
-- Performing Test HAVE_CXX_WNO_MISSING_PROTOTYPES - Failed
-- Performing Test HAVE_CXX_WNO_MISSING_DECLARATIONS
-- Performing Test HAVE_CXX_WNO_MISSING_DECLARATIONS - Success
-- Performing Test HAVE_CXX_WNO_SHADOW
-- Performing Test HAVE_CXX_WNO_SHADOW - Success
-- Performing Test HAVE_CXX_WNO_UNUSED_PARAMETER
-- Performing Test HAVE_CXX_WNO_UNUSED_PARAMETER - Success
-- Performing Test HAVE_CXX_WNO_UNUSED_LOCAL_TYPEDEFS
-- Performing Test HAVE_CXX_WNO_UNUSED_LOCAL_TYPEDEFS - Success
-- Performing Test HAVE_CXX_WNO_SIGN_COMPARE
-- Performing Test HAVE_CXX_WNO_SIGN_COMPARE - Success
-- Performing Test HAVE_CXX_WNO_SIGN_PROMO
-- Performing Test HAVE_CXX_WNO_SIGN_PROMO - Success
-- Performing Test HAVE_CXX_WNO_UNDEF
-- Performing Test HAVE_CXX_WNO_UNDEF - Success
-- Performing Test HAVE_CXX_WNO_TAUTOLOGICAL_UNDEFINED_COMPARE
-- Performing Test HAVE_CXX_WNO_TAUTOLOGICAL_UNDEFINED_COMPARE - Failed
-- Performing Test HAVE_CXX_WNO_IGNORED_QUALIFIERS
-- Performing Test HAVE_CXX_WNO_IGNORED_QUALIFIERS - Success
-- Performing Test HAVE_CXX_WNO_EXTRA
-- Performing Test HAVE_CXX_WNO_EXTRA - Success
-- Performing Test HAVE_CXX_WNO_UNUSED_FUNCTION
-- Performing Test HAVE_CXX_WNO_UNUSED_FUNCTION - Success
-- Performing Test HAVE_CXX_WNO_UNUSED_CONST_VARIABLE
-- Performing Test HAVE_CXX_WNO_UNUSED_CONST_VARIABLE - Success
-- Performing Test HAVE_CXX_WNO_SHORTEN_64_TO_32
-- Performing Test HAVE_CXX_WNO_SHORTEN_64_TO_32 - Failed
-- Performing Test HAVE_CXX_WNO_INVALID_OFFSETOF
-- Performing Test HAVE_CXX_WNO_INVALID_OFFSETOF - Success
-- Performing Test HAVE_CXX_WNO_ENUM_COMPARE_SWITCH
-- Performing Test HAVE_CXX_WNO_ENUM_COMPARE_SWITCH - Failed
-- Performing Test HAVE_CXX_WNO_SUGGEST_OVERRIDE
-- Performing Test HAVE_CXX_WNO_SUGGEST_OVERRIDE - Success
-- Performing Test HAVE_CXX_WNO_INCONSISTENT_MISSING_OVERRIDE
-- Performing Test HAVE_CXX_WNO_INCONSISTENT_MISSING_OVERRIDE - Failed
-- Performing Test HAVE_CXX_WNO_IMPLICIT_FALLTHROUGH
-- Performing Test HAVE_CXX_WNO_IMPLICIT_FALLTHROUGH - Success
-- Performing Test HAVE_CXX_WNO_ARRAY_BOUNDS
-- Performing Test HAVE_CXX_WNO_ARRAY_BOUNDS - Success
-- Performing Test HAVE_CXX_WNO_STRINGOP_OVERFLOW
-- Performing Test HAVE_CXX_WNO_STRINGOP_OVERFLOW - Success
-- Performing Test HAVE_CXX_WNO_STRINGOP_OVERREAD
-- Performing Test HAVE_CXX_WNO_STRINGOP_OVERREAD - Success
-- Performing Test HAVE_CXX_WNO_EXTRA_SEMI
-- Performing Test HAVE_CXX_WNO_EXTRA_SEMI - Success
-- Performing Test HAVE_CXX_WNO_COMMA
-- Performing Test HAVE_CXX_WNO_COMMA - Failed
-- Performing Test HAVE_CXX_WNO_CLASS_MEMACCESS
-- Performing Test HAVE_CXX_WNO_CLASS_MEMACCESS - Success
-- Found Java: /usr/bin/java (found version "11.0.22") 
-- Found JNI: /usr/lib/jvm/default-java/lib/libjawt.so  
-- Found VTK 9.1.0
-- Looking for dlerror in dl
-- Looking for dlerror in dl - found
-- Performing Test HAVE_C_WNO_IMPLICIT_FALLTHROUGH
-- Performing Test HAVE_C_WNO_IMPLICIT_FALLTHROUGH - Success
-- Performing Test HAVE_C_WNO_UNDEF
-- Performing Test HAVE_C_WNO_UNDEF - Success
-- Performing Test HAVE_C_WNO_SIGN_COMPARE
-- Performing Test HAVE_C_WNO_SIGN_COMPARE - Success
-- Performing Test HAVE_C_WNO_STRICT_PROTOTYPES
-- Performing Test HAVE_C_WNO_STRICT_PROTOTYPES - Success
-- ADE: Downloading v0.1.2d.zip from https://github.com/opencv/ade/archive/v0.1.2d.zip
-- Checking for module 'gtk+-3.0'
--   Found gtk+-3.0, version 3.24.33
-- Checking for module 'gtk+-2.0'
--   No package 'gtk+-2.0' found
-- Checking for module 'gthread-2.0>=2.32'
--   Found gthread-2.0, version 2.72.4
-- Checking for modules 'libavcodec;libavformat;libavutil;libswscale'
--   Found libavcodec, version 58.134.100
--   Found libavformat, version 58.76.100
--   Found libavutil, version 56.70.100
--   Found libswscale, version 5.9.100
-- Checking for module 'libavresample'
--   No package 'libavresample' found
-- Checking for module 'gstreamer-base-1.0'
--   Found gstreamer-base-1.0, version 1.20.3
-- Checking for module 'gstreamer-app-1.0'
--   Found gstreamer-app-1.0, version 1.20.1
-- Checking for module 'gstreamer-riff-1.0'
--   Found gstreamer-riff-1.0, version 1.20.1
-- Checking for module 'gstreamer-pbutils-1.0'
--   Found gstreamer-pbutils-1.0, version 1.20.1
-- Checking for module 'gstreamer-video-1.0'
--   Found gstreamer-video-1.0, version 1.20.1
-- Checking for module 'gstreamer-audio-1.0'
--   Found gstreamer-audio-1.0, version 1.20.1
-- Checking for module 'libdc1394-2'
--   Found libdc1394-2, version 2.2.6
-- Allocator metrics storage type: 'long long'
-- Excluding from source files list: <BUILD>/modules/core/test/test_intrin256.lasx.cpp
-- Excluding from source files list: modules/imgproc/src/imgwarp.lasx.cpp
-- Excluding from source files list: modules/imgproc/src/resize.lasx.cpp
-- Registering hook 'INIT_MODULE_SOURCES_opencv_dnn': /home/arno/BasestationRoombaV3/src/camera/opencv/modules/dnn/cmake/hooks/INIT_MODULE_SOURCES_opencv_dnn.cmake
-- opencv_dnn: filter out cuda4dnn source code
-- Excluding from source files list: modules/dnn/src/layers/cpu_kernels/conv_winograd_f63.neon.cpp
-- Excluding from source files list: <BUILD>/modules/dnn/layers/layers_common.rvv.cpp
-- Excluding from source files list: <BUILD>/modules/dnn/layers/layers_common.lasx.cpp
-- Excluding from source files list: <BUILD>/modules/dnn/int8layers/layers_common.rvv.cpp
-- Excluding from source files list: <BUILD>/modules/dnn/int8layers/layers_common.lasx.cpp
-- Excluding from source files list: <BUILD>/modules/dnn/layers/cpu_kernels/conv_block.neon.cpp
-- Excluding from source files list: <BUILD>/modules/dnn/layers/cpu_kernels/conv_block.neon_fp16.cpp
-- Excluding from source files list: <BUILD>/modules/dnn/layers/cpu_kernels/conv_depthwise.rvv.cpp
-- Excluding from source files list: <BUILD>/modules/dnn/layers/cpu_kernels/conv_depthwise.lasx.cpp
-- Excluding from source files list: <BUILD>/modules/dnn/layers/cpu_kernels/conv_winograd_f63.neon_fp16.cpp
-- Excluding from source files list: <BUILD>/modules/dnn/layers/cpu_kernels/fast_gemm_kernels.neon.cpp
-- Excluding from source files list: <BUILD>/modules/dnn/layers/cpu_kernels/fast_gemm_kernels.lasx.cpp
-- Performing Test HAVE_CXX_WNO_DEPRECATED_DECLARATIONS
-- Performing Test HAVE_CXX_WNO_DEPRECATED_DECLARATIONS - Success
-- highgui: using builtin backend: GTK3
-- Found 'misc' Python modules from /home/arno/BasestationRoombaV3/src/camera/opencv/modules/python/package/extra_modules
-- Found 'mat_wrapper;utils' Python modules from /home/arno/BasestationRoombaV3/src/camera/opencv/modules/core/misc/python/package
-- Found 'gapi' Python modules from /home/arno/BasestationRoombaV3/src/camera/opencv/modules/gapi/misc/python/package
-- Performing Test HAVE_CXX_WNO_OVERLOADED_VIRTUAL
-- Performing Test HAVE_CXX_WNO_OVERLOADED_VIRTUAL - Success
-- Performing Test HAVE_CXX_WNO_UNUSED_PRIVATE_FIELD
-- Performing Test HAVE_CXX_WNO_UNUSED_PRIVATE_FIELD - Failed
-- Found 'misc' Python modules from /home/arno/BasestationRoombaV3/src/camera/opencv/modules/python/package/extra_modules
-- Found 'mat_wrapper;utils' Python modules from /home/arno/BasestationRoombaV3/src/camera/opencv/modules/core/misc/python/package
-- Found 'gapi' Python modules from /home/arno/BasestationRoombaV3/src/camera/opencv/modules/gapi/misc/python/package
-- 
-- General configuration for OpenCV 4.9.0-dev =====================================
--   Version control:               4.9.0-456-g1d9a4120fa
-- 
--   Platform:
--     Timestamp:                   2024-05-18T18:51:42Z
--     Host:                        Linux 6.5.0-28-generic x86_64
--     CMake:                       3.22.1
--     CMake generator:             Unix Makefiles
--     CMake build tool:            /usr/bin/gmake
--     Configuration:               Release
-- 
--   CPU/HW features:
--     Baseline:                    SSE SSE2 SSE3
--       requested:                 SSE3
--     Dispatched code generation:  SSE4_1 SSE4_2 FP16 AVX AVX2 AVX512_SKX
--       requested:                 SSE4_1 SSE4_2 AVX FP16 AVX2 AVX512_SKX
--       SSE4_1 (18 files):         + SSSE3 SSE4_1
--       SSE4_2 (2 files):          + SSSE3 SSE4_1 POPCNT SSE4_2
--       FP16 (1 files):            + SSSE3 SSE4_1 POPCNT SSE4_2 FP16 AVX
--       AVX (9 files):             + SSSE3 SSE4_1 POPCNT SSE4_2 AVX
--       AVX2 (38 files):           + SSSE3 SSE4_1 POPCNT SSE4_2 FP16 FMA3 AVX AVX2
--       AVX512_SKX (8 files):      + SSSE3 SSE4_1 POPCNT SSE4_2 FP16 FMA3 AVX AVX2 AVX_512F AVX512_COMMON AVX512_SKX
-- 
--   C/C++:
--     Built as dynamic libs?:      YES
--     C++ standard:                11
--     C++ Compiler:                /usr/bin/c++  (ver 11.4.0)
--     C++ flags (Release):         -fsigned-char -W -Wall -Wreturn-type -Wnon-virtual-dtor -Waddress -Wsequence-point -Wformat -Wformat-security -Wmissing-declarations -Wundef -Winit-self -Wpointer-arith -Wshadow -Wsign-promo -Wuninitialized -Wsuggest-override -Wno-delete-non-virtual-dtor -Wno-comment -Wimplicit-fallthrough=3 -Wno-strict-overflow -fdiagnostics-show-option -Wno-long-long -pthread -fomit-frame-pointer -ffunction-sections -fdata-sections  -msse -msse2 -msse3 -fvisibility=hidden -fvisibility-inlines-hidden -O3 -DNDEBUG  -DNDEBUG
--     C++ flags (Debug):           -fsigned-char -W -Wall -Wreturn-type -Wnon-virtual-dtor -Waddress -Wsequence-point -Wformat -Wformat-security -Wmissing-declarations -Wundef -Winit-self -Wpointer-arith -Wshadow -Wsign-promo -Wuninitialized -Wsuggest-override -Wno-delete-non-virtual-dtor -Wno-comment -Wimplicit-fallthrough=3 -Wno-strict-overflow -fdiagnostics-show-option -Wno-long-long -pthread -fomit-frame-pointer -ffunction-sections -fdata-sections  -msse -msse2 -msse3 -fvisibility=hidden -fvisibility-inlines-hidden -g  -O0 -DDEBUG -D_DEBUG
--     C Compiler:                  /usr/bin/cc
--     C flags (Release):           -fsigned-char -W -Wall -Wreturn-type -Waddress -Wsequence-point -Wformat -Wformat-security -Wmissing-declarations -Wmissing-prototypes -Wstrict-prototypes -Wundef -Winit-self -Wpointer-arith -Wshadow -Wuninitialized -Wno-comment -Wimplicit-fallthrough=3 -Wno-strict-overflow -fdiagnostics-show-option -Wno-long-long -pthread -fomit-frame-pointer -ffunction-sections -fdata-sections  -msse -msse2 -msse3 -fvisibility=hidden -O3 -DNDEBUG  -DNDEBUG
--     C flags (Debug):             -fsigned-char -W -Wall -Wreturn-type -Waddress -Wsequence-point -Wformat -Wformat-security -Wmissing-declarations -Wmissing-prototypes -Wstrict-prototypes -Wundef -Winit-self -Wpointer-arith -Wshadow -Wuninitialized -Wno-comment -Wimplicit-fallthrough=3 -Wno-strict-overflow -fdiagnostics-show-option -Wno-long-long -pthread -fomit-frame-pointer -ffunction-sections -fdata-sections  -msse -msse2 -msse3 -fvisibility=hidden -g  -O0 -DDEBUG -D_DEBUG
--     Linker flags (Release):      -Wl,--exclude-libs,libippicv.a -Wl,--exclude-libs,libippiw.a   -Wl,--gc-sections -Wl,--as-needed -Wl,--no-undefined  
--     Linker flags (Debug):        -Wl,--exclude-libs,libippicv.a -Wl,--exclude-libs,libippiw.a   -Wl,--gc-sections -Wl,--as-needed -Wl,--no-undefined  
--     ccache:                      NO
--     Precompiled headers:         NO
--     Extra dependencies:          dl m pthread rt
--     3rdparty dependencies:
-- 
--   OpenCV modules:
--     To be built:                 calib3d core dnn features2d flann gapi highgui imgcodecs imgproc java ml objdetect photo python3 stitching ts video videoio
--     Disabled:                    world
--     Disabled by dependency:      -
--     Unavailable:                 python2
--     Applications:                tests perf_tests apps
--     Documentation:               NO
--     Non-free algorithms:         NO
-- 
--   GUI:                           GTK3
--     GTK+:                        YES (ver 3.24.33)
--       GThread :                  YES (ver 2.72.4)
--       GtkGlExt:                  NO
--     VTK support:                 YES (ver 9.1.0)
-- 
--   Media I/O: 
--     ZLib:                        /usr/lib/x86_64-linux-gnu/libz.so (ver 1.2.11)
--     JPEG:                        /usr/lib/x86_64-linux-gnu/libjpeg.so (ver 80)
--     WEBP:                        /usr/lib/x86_64-linux-gnu/libwebp.so (ver encoder: 0x020f)
--     PNG:                         /usr/lib/x86_64-linux-gnu/libpng.so (ver 1.6.37)
--     TIFF:                        /usr/lib/x86_64-linux-gnu/libtiff.so (ver 42 / 4.3.0)
--     JPEG 2000:                   OpenJPEG (ver 2.4.0)
--     OpenEXR:                     /usr/lib/x86_64-linux-gnu/libImath-2_5.so /usr/lib/x86_64-linux-gnu/libIlmImf-2_5.so /usr/lib/x86_64-linux-gnu/libIex-2_5.so /usr/lib/x86_64-linux-gnu/libHalf-2_5.so /usr/lib/x86_64-linux-gnu/libIlmThread-2_5.so (ver 2_5)
--     HDR:                         YES
--     SUNRASTER:                   YES
--     PXM:                         YES
--     PFM:                         YES
-- 
--   Video I/O:
--     DC1394:                      YES (2.2.6)
--     FFMPEG:                      YES
--       avcodec:                   YES (58.134.100)
--       avformat:                  YES (58.76.100)
--       avutil:                    YES (56.70.100)
--       swscale:                   YES (5.9.100)
--       avresample:                NO
--     GStreamer:                   YES (1.20.3)
--     v4l/v4l2:                    YES (linux/videodev2.h)
-- 
--   Parallel framework:            pthreads
-- 
--   Trace:                         YES (with Intel ITT)
-- 
--   Other third-party libraries:
--     Intel IPP:                   2021.11.0 [2021.11.0]
--            at:                   /home/arno/BasestationRoombaV3/build/OpenCV/3rdparty/ippicv/ippicv_lnx/icv
--     Intel IPP IW:                sources (2021.11.0)
--               at:                /home/arno/BasestationRoombaV3/build/OpenCV/3rdparty/ippicv/ippicv_lnx/iw
--     VA:                          NO
--     Lapack:                      NO
--     Eigen:                       YES (ver 3.4.0)
--     Custom HAL:                  NO
--     Protobuf:                    build (3.19.1)
--     Flatbuffers:                 builtin/3rdparty (23.5.9)
-- 
--   OpenCL:                        YES (no extra features)
--     Include path:                /home/arno/BasestationRoombaV3/src/camera/opencv/3rdparty/include/opencl/1.2
--     Link libraries:              Dynamic load
-- 
--   Python 3:
--     Interpreter:                 /usr/bin/python3 (ver 3.10.12)
--     Libraries:                   /usr/lib/x86_64-linux-gnu/libpython3.10.so (ver 3.10.12)
--     Limited API:                 NO
--     numpy:                       /usr/lib/python3/dist-packages/numpy/core/include (ver 1.21.5)
--     install path:                lib/python3.10/dist-packages/cv2/python-3.10
-- 
--   Python (for build):            /usr/bin/python3
-- 
--   Java:                          
--     ant:                         NO
--     Java:                        YES (ver 11.0.22)
--     JNI:                         /usr/lib/jvm/default-java/include /usr/lib/jvm/default-java/include/linux /usr/lib/jvm/default-java/include
--     Java wrappers:               YES (JAVA)
--     Java tests:                  NO
-- 
--   Install to:                    /home/arno/BasestationRoombaV3/install/OpenCV
-- -----------------------------------------------------------------
-- 
-- Configuring done
-- Generating done
-- Build files have been written to: /home/arno/BasestationRoombaV3/build/OpenCV
