[0.048s] Invoking command in '/home/arno/microver_ws/build/microver': CMAKE_PREFIX_PATH=/opt/ros/humble /usr/bin/cmake --build /home/arno/microver_ws/build/microver -- -j8 -l8
[0.164s] Invoked command in '/home/arno/microver_ws/build/microver' returned '0': CMAKE_PREFIX_PATH=/opt/ros/humble /usr/bin/cmake --build /home/arno/microver_ws/build/microver -- -j8 -l8
[0.262s] Invoking command in '/home/arno/microver_ws/build/microver': CMAKE_PREFIX_PATH=/opt/ros/humble /usr/bin/cmake --install /home/arno/microver_ws/build/microver
[0.284s] -- Install configuration: ""
[0.286s] -- Execute custom install script
[0.287s] -- Up-to-date symlink: /home/arno/microver_ws/install/microver/share/microver/config/empty.yaml
[0.288s] -- Up-to-date symlink: /home/arno/microver_ws/install/microver/share/microver/config/gazebo_params.yaml
[0.289s] -- Up-to-date symlink: /home/arno/microver_ws/install/microver/share/microver/config/my_controllers.yaml
[0.289s] -- Up-to-date symlink: /home/arno/microver_ws/install/microver/share/microver/description/gazebo_control.xacro
[0.290s] -- Up-to-date symlink: /home/arno/microver_ws/install/microver/share/microver/description/inertial_macros.xacro
[0.291s] -- Up-to-date symlink: /home/arno/microver_ws/install/microver/share/microver/description/robot.urdf.xacro
[0.291s] -- Up-to-date symlink: /home/arno/microver_ws/install/microver/share/microver/description/robot_core.xacro
[0.292s] -- Up-to-date symlink: /home/arno/microver_ws/install/microver/share/microver/description/ros2_control.xacro
[0.292s] -- Up-to-date symlink: /home/arno/microver_ws/install/microver/share/microver/launch/launch_sim.launch.py
[0.293s] -- Up-to-date symlink: /home/arno/microver_ws/install/microver/share/microver/launch/rsp.launch.py
[0.293s] -- Up-to-date symlink: /home/arno/microver_ws/install/microver/share/microver/worlds/empty.world
[0.294s] -- Up-to-date symlink: /home/arno/microver_ws/install/microver/share/ament_index/resource_index/package_run_dependencies/microver
[0.295s] -- Up-to-date symlink: /home/arno/microver_ws/install/microver/share/ament_index/resource_index/parent_prefix_path/microver
[0.295s] -- Up-to-date symlink: /home/arno/microver_ws/install/microver/share/microver/environment/ament_prefix_path.sh
[0.296s] -- Up-to-date symlink: /home/arno/microver_ws/install/microver/share/microver/environment/ament_prefix_path.dsv
[0.296s] -- Up-to-date symlink: /home/arno/microver_ws/install/microver/share/microver/environment/path.sh
[0.297s] -- Up-to-date symlink: /home/arno/microver_ws/install/microver/share/microver/environment/path.dsv
[0.297s] -- Up-to-date symlink: /home/arno/microver_ws/install/microver/share/microver/local_setup.bash
[0.298s] -- Up-to-date symlink: /home/arno/microver_ws/install/microver/share/microver/local_setup.sh
[0.299s] -- Up-to-date symlink: /home/arno/microver_ws/install/microver/share/microver/local_setup.zsh
[0.299s] -- Up-to-date symlink: /home/arno/microver_ws/install/microver/share/microver/local_setup.dsv
[0.299s] -- Symlinking: /home/arno/microver_ws/install/microver/share/microver/package.dsv
[0.327s] -- Up-to-date symlink: /home/arno/microver_ws/install/microver/share/ament_index/resource_index/packages/microver
[0.328s] -- Up-to-date symlink: /home/arno/microver_ws/install/microver/share/microver/cmake/microverConfig.cmake
[0.329s] -- Up-to-date symlink: /home/arno/microver_ws/install/microver/share/microver/cmake/microverConfig-version.cmake
[0.330s] -- Up-to-date symlink: /home/arno/microver_ws/install/microver/share/microver/package.xml
[0.337s] Invoked command in '/home/arno/microver_ws/build/microver' returned '0': CMAKE_PREFIX_PATH=/opt/ros/humble /usr/bin/cmake --install /home/arno/microver_ws/build/microver
