[0.455s] Invoking command in '/home/arno/microver_ws/build/microver': CMAKE_PREFIX_PATH=${CMAKE_PREFIX_PATH}:/opt/ros/humble /usr/bin/cmake --build /home/arno/microver_ws/build/microver -- -j8 -l8
[0.565s] Invoked command in '/home/arno/microver_ws/build/microver' returned '0': CMAKE_PREFIX_PATH=${CMAKE_PREFIX_PATH}:/opt/ros/humble /usr/bin/cmake --build /home/arno/microver_ws/build/microver -- -j8 -l8
[0.661s] Invoking command in '/home/arno/microver_ws/build/microver': CMAKE_PREFIX_PATH=${CMAKE_PREFIX_PATH}:/opt/ros/humble /usr/bin/cmake --install /home/arno/microver_ws/build/microver
[0.685s] -- Install configuration: ""
[0.687s] -- Execute custom install script
[0.688s] -- Up-to-date symlink: /home/arno/microver_ws/install/microver/share/microver/config/empty.yaml
[0.689s] -- Up-to-date symlink: /home/arno/microver_ws/install/microver/share/microver/config/my_controllers.yaml
[0.690s] -- Up-to-date symlink: /home/arno/microver_ws/install/microver/share/microver/description/gazebo_control.xacro
[0.691s] -- Up-to-date symlink: /home/arno/microver_ws/install/microver/share/microver/description/inertial_macros.xacro
[0.691s] -- Up-to-date symlink: /home/arno/microver_ws/install/microver/share/microver/description/robot.urdf.xacro
[0.691s] -- Up-to-date symlink: /home/arno/microver_ws/install/microver/share/microver/description/robot_core.xacro
[0.692s] -- Up-to-date symlink: /home/arno/microver_ws/install/microver/share/microver/description/ros2_control.xacro
[0.692s] -- Up-to-date symlink: /home/arno/microver_ws/install/microver/share/microver/launch/launch_sim.launch.py
[0.693s] -- Up-to-date symlink: /home/arno/microver_ws/install/microver/share/microver/launch/rsp.launch.py
[0.693s] -- Up-to-date symlink: /home/arno/microver_ws/install/microver/share/microver/worlds/empty.world
[0.694s] -- Up-to-date symlink: /home/arno/microver_ws/install/microver/share/ament_index/resource_index/package_run_dependencies/microver
[0.694s] -- Up-to-date symlink: /home/arno/microver_ws/install/microver/share/ament_index/resource_index/parent_prefix_path/microver
[0.695s] -- Up-to-date symlink: /home/arno/microver_ws/install/microver/share/microver/environment/ament_prefix_path.sh
[0.696s] -- Up-to-date symlink: /home/arno/microver_ws/install/microver/share/microver/environment/ament_prefix_path.dsv
[0.696s] -- Up-to-date symlink: /home/arno/microver_ws/install/microver/share/microver/environment/path.sh
[0.697s] -- Up-to-date symlink: /home/arno/microver_ws/install/microver/share/microver/environment/path.dsv
[0.697s] -- Up-to-date symlink: /home/arno/microver_ws/install/microver/share/microver/local_setup.bash
[0.698s] -- Up-to-date symlink: /home/arno/microver_ws/install/microver/share/microver/local_setup.sh
[0.698s] -- Up-to-date symlink: /home/arno/microver_ws/install/microver/share/microver/local_setup.zsh
[0.699s] -- Up-to-date symlink: /home/arno/microver_ws/install/microver/share/microver/local_setup.dsv
[0.700s] -- Symlinking: /home/arno/microver_ws/install/microver/share/microver/package.dsv
[0.727s] -- Up-to-date symlink: /home/arno/microver_ws/install/microver/share/ament_index/resource_index/packages/microver
[0.727s] -- Up-to-date symlink: /home/arno/microver_ws/install/microver/share/microver/cmake/microverConfig.cmake
[0.728s] -- Up-to-date symlink: /home/arno/microver_ws/install/microver/share/microver/cmake/microverConfig-version.cmake
[0.729s] -- Up-to-date symlink: /home/arno/microver_ws/install/microver/share/microver/package.xml
[0.733s] Invoked command in '/home/arno/microver_ws/build/microver' returned '0': CMAKE_PREFIX_PATH=${CMAKE_PREFIX_PATH}:/opt/ros/humble /usr/bin/cmake --install /home/arno/microver_ws/build/microver
