[0.153s] DEBUG:colcon:Command line arguments: ['/usr/bin/colcon', 'build', '--symlink-install']
[0.153s] DEBUG:colcon:Parsed command line arguments: Namespace(log_base=None, log_level=None, verb_name='build', build_base='build', install_base='install', merge_install=False, symlink_install=True, test_result_base=None, continue_on_error=False, executor='parallel', parallel_workers=8, event_handlers=None, ignore_user_meta=False, metas=['./colcon.meta'], base_paths=['.'], packages_ignore=None, packages_ignore_regex=None, paths=None, packages_up_to=None, packages_up_to_regex=None, packages_above=None, packages_above_and_dependencies=None, packages_above_depth=None, packages_select_by_dep=None, packages_skip_by_dep=None, packages_skip_up_to=None, packages_select_build_failed=False, packages_skip_build_finished=False, packages_select_test_failures=False, packages_skip_test_passed=False, packages_select=None, packages_skip=None, packages_select_regex=None, packages_skip_regex=None, packages_start=None, packages_end=None, allow_overriding=[], cmake_args=None, cmake_target=None, cmake_target_skip_unavailable=False, cmake_clean_cache=False, cmake_clean_first=False, cmake_force_configure=False, ament_cmake_args=None, catkin_cmake_args=None, catkin_skip_building_tests=False, verb_parser=<colcon_defaults.argument_parser.defaults.DefaultArgumentsDecorator object at 0x7360d2438f70>, verb_extension=<colcon_core.verb.build.BuildVerb object at 0x7360d25a5330>, main=<bound method BuildVerb.main of <colcon_core.verb.build.BuildVerb object at 0x7360d25a5330>>)
[0.400s] Level 1:colcon.colcon_core.package_discovery:discover_packages(colcon_meta) check parameters
[0.400s] Level 1:colcon.colcon_core.package_discovery:discover_packages(recursive) check parameters
[0.400s] Level 1:colcon.colcon_core.package_discovery:discover_packages(ignore) check parameters
[0.400s] Level 1:colcon.colcon_core.package_discovery:discover_packages(path) check parameters
[0.400s] Level 1:colcon.colcon_core.package_discovery:discover_packages(colcon_meta) discover
[0.400s] Level 1:colcon.colcon_core.package_discovery:discover_packages(recursive) discover
[0.400s] INFO:colcon.colcon_core.package_discovery:Crawling recursively for packages in '/home/arno/BasestationRoombaV3'
[0.401s] Level 1:colcon.colcon_core.package_identification:_identify(.) by extensions ['ignore', 'ignore_ament_install']
[0.401s] Level 1:colcon.colcon_core.package_identification:_identify(.) by extension 'ignore'
[0.401s] Level 1:colcon.colcon_core.package_identification:_identify(.) by extension 'ignore_ament_install'
[0.401s] Level 1:colcon.colcon_core.package_identification:_identify(.) by extensions ['colcon_pkg']
[0.401s] Level 1:colcon.colcon_core.package_identification:_identify(.) by extension 'colcon_pkg'
[0.401s] Level 1:colcon.colcon_core.package_identification:_identify(.) by extensions ['colcon_meta']
[0.401s] Level 1:colcon.colcon_core.package_identification:_identify(.) by extension 'colcon_meta'
[0.401s] Level 1:colcon.colcon_core.package_identification:_identify(.) by extensions ['ros']
[0.401s] Level 1:colcon.colcon_core.package_identification:_identify(.) by extension 'ros'
[0.417s] Level 1:colcon.colcon_core.package_identification:_identify(.) by extensions ['cmake', 'python']
[0.417s] Level 1:colcon.colcon_core.package_identification:_identify(.) by extension 'cmake'
[0.417s] Level 1:colcon.colcon_core.package_identification:_identify(.) by extension 'python'
[0.417s] Level 1:colcon.colcon_core.package_identification:_identify(.) by extensions ['python_setup_py']
[0.417s] Level 1:colcon.colcon_core.package_identification:_identify(.) by extension 'python_setup_py'
[0.417s] Level 1:colcon.colcon_core.package_identification:_identify(build) by extensions ['ignore', 'ignore_ament_install']
[0.417s] Level 1:colcon.colcon_core.package_identification:_identify(build) by extension 'ignore'
[0.417s] Level 1:colcon.colcon_core.package_identification:_identify(build) ignored
[0.417s] Level 1:colcon.colcon_core.package_identification:_identify(install) by extensions ['ignore', 'ignore_ament_install']
[0.418s] Level 1:colcon.colcon_core.package_identification:_identify(install) by extension 'ignore'
[0.418s] Level 1:colcon.colcon_core.package_identification:_identify(install) ignored
[0.418s] Level 1:colcon.colcon_core.package_identification:_identify(log) by extensions ['ignore', 'ignore_ament_install']
[0.418s] Level 1:colcon.colcon_core.package_identification:_identify(log) by extension 'ignore'
[0.418s] Level 1:colcon.colcon_core.package_identification:_identify(log) ignored
[0.418s] Level 1:colcon.colcon_core.package_identification:_identify(src) by extensions ['ignore', 'ignore_ament_install']
[0.418s] Level 1:colcon.colcon_core.package_identification:_identify(src) by extension 'ignore'
[0.418s] Level 1:colcon.colcon_core.package_identification:_identify(src) by extension 'ignore_ament_install'
[0.418s] Level 1:colcon.colcon_core.package_identification:_identify(src) by extensions ['colcon_pkg']
[0.418s] Level 1:colcon.colcon_core.package_identification:_identify(src) by extension 'colcon_pkg'
[0.419s] Level 1:colcon.colcon_core.package_identification:_identify(src) by extensions ['colcon_meta']
[0.419s] Level 1:colcon.colcon_core.package_identification:_identify(src) by extension 'colcon_meta'
[0.419s] Level 1:colcon.colcon_core.package_identification:_identify(src) by extensions ['ros']
[0.419s] Level 1:colcon.colcon_core.package_identification:_identify(src) by extension 'ros'
[0.419s] Level 1:colcon.colcon_core.package_identification:_identify(src) by extensions ['cmake', 'python']
[0.419s] Level 1:colcon.colcon_core.package_identification:_identify(src) by extension 'cmake'
[0.419s] Level 1:colcon.colcon_core.package_identification:_identify(src) by extension 'python'
[0.419s] Level 1:colcon.colcon_core.package_identification:_identify(src) by extensions ['python_setup_py']
[0.419s] Level 1:colcon.colcon_core.package_identification:_identify(src) by extension 'python_setup_py'
[0.419s] Level 1:colcon.colcon_core.package_identification:_identify(src/microver) by extensions ['ignore', 'ignore_ament_install']
[0.419s] Level 1:colcon.colcon_core.package_identification:_identify(src/microver) by extension 'ignore'
[0.419s] Level 1:colcon.colcon_core.package_identification:_identify(src/microver) by extension 'ignore_ament_install'
[0.419s] Level 1:colcon.colcon_core.package_identification:_identify(src/microver) by extensions ['colcon_pkg']
[0.419s] Level 1:colcon.colcon_core.package_identification:_identify(src/microver) by extension 'colcon_pkg'
[0.420s] Level 1:colcon.colcon_core.package_identification:_identify(src/microver) by extensions ['colcon_meta']
[0.420s] Level 1:colcon.colcon_core.package_identification:_identify(src/microver) by extension 'colcon_meta'
[0.420s] Level 1:colcon.colcon_core.package_identification:_identify(src/microver) by extensions ['ros']
[0.420s] Level 1:colcon.colcon_core.package_identification:_identify(src/microver) by extension 'ros'
[0.423s] DEBUG:colcon.colcon_core.package_identification:Package 'src/microver' with type 'ros.ament_cmake' and name 'microver'
[0.423s] Level 1:colcon.colcon_core.package_identification:_identify(src/rover_input_pkg) by extensions ['ignore', 'ignore_ament_install']
[0.423s] Level 1:colcon.colcon_core.package_identification:_identify(src/rover_input_pkg) by extension 'ignore'
[0.423s] Level 1:colcon.colcon_core.package_identification:_identify(src/rover_input_pkg) by extension 'ignore_ament_install'
[0.423s] Level 1:colcon.colcon_core.package_identification:_identify(src/rover_input_pkg) by extensions ['colcon_pkg']
[0.423s] Level 1:colcon.colcon_core.package_identification:_identify(src/rover_input_pkg) by extension 'colcon_pkg'
[0.423s] Level 1:colcon.colcon_core.package_identification:_identify(src/rover_input_pkg) by extensions ['colcon_meta']
[0.423s] Level 1:colcon.colcon_core.package_identification:_identify(src/rover_input_pkg) by extension 'colcon_meta'
[0.423s] Level 1:colcon.colcon_core.package_identification:_identify(src/rover_input_pkg) by extensions ['ros']
[0.423s] Level 1:colcon.colcon_core.package_identification:_identify(src/rover_input_pkg) by extension 'ros'
[0.424s] DEBUG:colcon.colcon_core.package_identification:Package 'src/rover_input_pkg' with type 'ros.ament_cmake' and name 'rover_input_pkg'
[0.424s] Level 1:colcon.colcon_core.package_discovery:discover_packages(recursive) using defaults
[0.425s] Level 1:colcon.colcon_core.package_discovery:discover_packages(ignore) discover
[0.425s] Level 1:colcon.colcon_core.package_discovery:discover_packages(ignore) using defaults
[0.425s] Level 1:colcon.colcon_core.package_discovery:discover_packages(path) discover
[0.425s] Level 1:colcon.colcon_core.package_discovery:discover_packages(path) using defaults
[0.453s] Level 1:colcon.colcon_core.package_discovery:discover_packages(prefix_path) check parameters
[0.454s] Level 1:colcon.colcon_core.package_discovery:discover_packages(prefix_path) discover
[0.457s] DEBUG:colcon.colcon_installed_package_information.package_discovery:Found 332 installed packages in /opt/ros/humble
[0.472s] Level 1:colcon.colcon_core.package_discovery:discover_packages(prefix_path) using defaults
[0.538s] Level 5:colcon.colcon_core.verb:set package 'microver' build argument 'cmake_args' from command line to 'None'
[0.538s] Level 5:colcon.colcon_core.verb:set package 'microver' build argument 'cmake_target' from command line to 'None'
[0.538s] Level 5:colcon.colcon_core.verb:set package 'microver' build argument 'cmake_target_skip_unavailable' from command line to 'False'
[0.538s] Level 5:colcon.colcon_core.verb:set package 'microver' build argument 'cmake_clean_cache' from command line to 'False'
[0.538s] Level 5:colcon.colcon_core.verb:set package 'microver' build argument 'cmake_clean_first' from command line to 'False'
[0.538s] Level 5:colcon.colcon_core.verb:set package 'microver' build argument 'cmake_force_configure' from command line to 'False'
[0.538s] Level 5:colcon.colcon_core.verb:set package 'microver' build argument 'ament_cmake_args' from command line to 'None'
[0.538s] Level 5:colcon.colcon_core.verb:set package 'microver' build argument 'catkin_cmake_args' from command line to 'None'
[0.538s] Level 5:colcon.colcon_core.verb:set package 'microver' build argument 'catkin_skip_building_tests' from command line to 'False'
[0.538s] DEBUG:colcon.colcon_core.verb:Building package 'microver' with the following arguments: {'ament_cmake_args': None, 'build_base': '/home/arno/BasestationRoombaV3/build/microver', 'catkin_cmake_args': None, 'catkin_skip_building_tests': False, 'cmake_args': None, 'cmake_clean_cache': False, 'cmake_clean_first': False, 'cmake_force_configure': False, 'cmake_target': None, 'cmake_target_skip_unavailable': False, 'install_base': '/home/arno/BasestationRoombaV3/install/microver', 'merge_install': False, 'path': '/home/arno/BasestationRoombaV3/src/microver', 'symlink_install': True, 'test_result_base': None}
[0.539s] Level 5:colcon.colcon_core.verb:set package 'rover_input_pkg' build argument 'cmake_args' from command line to 'None'
[0.539s] Level 5:colcon.colcon_core.verb:set package 'rover_input_pkg' build argument 'cmake_target' from command line to 'None'
[0.539s] Level 5:colcon.colcon_core.verb:set package 'rover_input_pkg' build argument 'cmake_target_skip_unavailable' from command line to 'False'
[0.539s] Level 5:colcon.colcon_core.verb:set package 'rover_input_pkg' build argument 'cmake_clean_cache' from command line to 'False'
[0.539s] Level 5:colcon.colcon_core.verb:set package 'rover_input_pkg' build argument 'cmake_clean_first' from command line to 'False'
[0.539s] Level 5:colcon.colcon_core.verb:set package 'rover_input_pkg' build argument 'cmake_force_configure' from command line to 'False'
[0.539s] Level 5:colcon.colcon_core.verb:set package 'rover_input_pkg' build argument 'ament_cmake_args' from command line to 'None'
[0.539s] Level 5:colcon.colcon_core.verb:set package 'rover_input_pkg' build argument 'catkin_cmake_args' from command line to 'None'
[0.539s] Level 5:colcon.colcon_core.verb:set package 'rover_input_pkg' build argument 'catkin_skip_building_tests' from command line to 'False'
[0.539s] DEBUG:colcon.colcon_core.verb:Building package 'rover_input_pkg' with the following arguments: {'ament_cmake_args': None, 'build_base': '/home/arno/BasestationRoombaV3/build/rover_input_pkg', 'catkin_cmake_args': None, 'catkin_skip_building_tests': False, 'cmake_args': None, 'cmake_clean_cache': False, 'cmake_clean_first': False, 'cmake_force_configure': False, 'cmake_target': None, 'cmake_target_skip_unavailable': False, 'install_base': '/home/arno/BasestationRoombaV3/install/rover_input_pkg', 'merge_install': False, 'path': '/home/arno/BasestationRoombaV3/src/rover_input_pkg', 'symlink_install': True, 'test_result_base': None}
[0.539s] INFO:colcon.colcon_core.executor:Executing jobs using 'parallel' executor
[0.541s] DEBUG:colcon.colcon_parallel_executor.executor.parallel:run_until_complete
[0.541s] INFO:colcon.colcon_ros.task.ament_cmake.build:Building ROS package in '/home/arno/BasestationRoombaV3/src/microver' with build type 'ament_cmake'
[0.541s] INFO:colcon.colcon_cmake.task.cmake.build:Building CMake package in '/home/arno/BasestationRoombaV3/src/microver'
[0.544s] INFO:colcon.colcon_core.plugin_system:Skipping extension 'colcon_core.shell.bat': Not used on non-Windows systems
[0.544s] INFO:colcon.colcon_core.shell:Skip shell extension 'powershell' for command environment: Not usable outside of PowerShell
[0.544s] DEBUG:colcon.colcon_core.shell:Skip shell extension 'dsv' for command environment
[0.548s] INFO:colcon.colcon_ros.task.ament_cmake.build:Building ROS package in '/home/arno/BasestationRoombaV3/src/rover_input_pkg' with build type 'ament_cmake'
[0.549s] INFO:colcon.colcon_cmake.task.cmake.build:Building CMake package in '/home/arno/BasestationRoombaV3/src/rover_input_pkg'
[0.549s] INFO:colcon.colcon_core.shell:Skip shell extension 'powershell' for command environment: Not usable outside of PowerShell
[0.549s] DEBUG:colcon.colcon_core.shell:Skip shell extension 'dsv' for command environment
[0.560s] DEBUG:colcon.colcon_core.event_handler.log_command:Invoking command in '/home/arno/BasestationRoombaV3/build/microver': CMAKE_PREFIX_PATH=/opt/ros/humble /usr/bin/cmake --build /home/arno/BasestationRoombaV3/build/microver -- -j8 -l8
[0.564s] DEBUG:colcon.colcon_core.event_handler.log_command:Invoking command in '/home/arno/BasestationRoombaV3/build/rover_input_pkg': CMAKE_PREFIX_PATH=/opt/ros/humble /usr/bin/cmake --build /home/arno/BasestationRoombaV3/build/rover_input_pkg -- -j8 -l8
[0.607s] DEBUG:colcon.colcon_core.event_handler.log_command:Invoked command in '/home/arno/BasestationRoombaV3/build/microver' returned '0': CMAKE_PREFIX_PATH=/opt/ros/humble /usr/bin/cmake --build /home/arno/BasestationRoombaV3/build/microver -- -j8 -l8
[0.645s] DEBUG:colcon.colcon_core.event_handler.log_command:Invoking command in '/home/arno/BasestationRoombaV3/build/microver': CMAKE_PREFIX_PATH=/opt/ros/humble /usr/bin/cmake --install /home/arno/BasestationRoombaV3/build/microver
[0.646s] DEBUG:colcon.colcon_core.event_handler.log_command:Invoked command in '/home/arno/BasestationRoombaV3/build/rover_input_pkg' returned '0': CMAKE_PREFIX_PATH=/opt/ros/humble /usr/bin/cmake --build /home/arno/BasestationRoombaV3/build/rover_input_pkg -- -j8 -l8
[0.673s] Level 1:colcon.colcon_core.environment:create_environment_scripts_only(microver)
[0.674s] DEBUG:colcon.colcon_core.event_handler.log_command:Invoked command in '/home/arno/BasestationRoombaV3/build/microver' returned '0': CMAKE_PREFIX_PATH=/opt/ros/humble /usr/bin/cmake --install /home/arno/BasestationRoombaV3/build/microver
[0.678s] Level 1:colcon.colcon_core.environment:checking '/home/arno/BasestationRoombaV3/install/microver' for CMake module files
[0.678s] Level 1:colcon.colcon_core.environment:checking '/home/arno/BasestationRoombaV3/install/microver' for CMake config files
[0.679s] Level 1:colcon.colcon_core.shell:create_environment_hook('microver', 'cmake_prefix_path')
[0.679s] INFO:colcon.colcon_core.shell:Creating environment hook '/home/arno/BasestationRoombaV3/install/microver/share/microver/hook/cmake_prefix_path.ps1'
[0.680s] INFO:colcon.colcon_core.shell:Creating environment descriptor '/home/arno/BasestationRoombaV3/install/microver/share/microver/hook/cmake_prefix_path.dsv'
[0.681s] INFO:colcon.colcon_core.shell:Creating environment hook '/home/arno/BasestationRoombaV3/install/microver/share/microver/hook/cmake_prefix_path.sh'
[0.682s] Level 1:colcon.colcon_core.environment:checking '/home/arno/BasestationRoombaV3/install/microver/bin'
[0.682s] Level 1:colcon.colcon_core.environment:checking '/home/arno/BasestationRoombaV3/install/microver/lib/pkgconfig/microver.pc'
[0.682s] Level 1:colcon.colcon_core.environment:checking '/home/arno/BasestationRoombaV3/install/microver/lib/python3.10/site-packages'
[0.682s] Level 1:colcon.colcon_core.environment:checking '/home/arno/BasestationRoombaV3/install/microver/bin'
[0.683s] INFO:colcon.colcon_core.shell:Creating package script '/home/arno/BasestationRoombaV3/install/microver/share/microver/package.ps1'
[0.684s] INFO:colcon.colcon_core.shell:Creating package descriptor '/home/arno/BasestationRoombaV3/install/microver/share/microver/package.dsv'
[0.685s] INFO:colcon.colcon_core.shell:Creating package script '/home/arno/BasestationRoombaV3/install/microver/share/microver/package.sh'
[0.686s] INFO:colcon.colcon_core.shell:Creating package script '/home/arno/BasestationRoombaV3/install/microver/share/microver/package.bash'
[0.687s] INFO:colcon.colcon_core.shell:Creating package script '/home/arno/BasestationRoombaV3/install/microver/share/microver/package.zsh'
[0.688s] Level 1:colcon.colcon_core.environment:create_file_with_runtime_dependencies(/home/arno/BasestationRoombaV3/install/microver/share/colcon-core/packages/microver)
[0.692s] DEBUG:colcon.colcon_core.event_handler.log_command:Invoking command in '/home/arno/BasestationRoombaV3/build/rover_input_pkg': CMAKE_PREFIX_PATH=/opt/ros/humble /usr/bin/cmake --install /home/arno/BasestationRoombaV3/build/rover_input_pkg
[0.714s] Level 1:colcon.colcon_core.environment:create_environment_scripts_only(microver)
[0.715s] Level 1:colcon.colcon_core.environment:checking '/home/arno/BasestationRoombaV3/install/microver' for CMake module files
[0.717s] Level 1:colcon.colcon_core.environment:checking '/home/arno/BasestationRoombaV3/install/microver' for CMake config files
[0.717s] Level 1:colcon.colcon_core.shell:create_environment_hook('microver', 'cmake_prefix_path')
[0.718s] INFO:colcon.colcon_core.shell:Creating environment hook '/home/arno/BasestationRoombaV3/install/microver/share/microver/hook/cmake_prefix_path.ps1'
[0.718s] INFO:colcon.colcon_core.shell:Creating environment descriptor '/home/arno/BasestationRoombaV3/install/microver/share/microver/hook/cmake_prefix_path.dsv'
[0.719s] INFO:colcon.colcon_core.shell:Creating environment hook '/home/arno/BasestationRoombaV3/install/microver/share/microver/hook/cmake_prefix_path.sh'
[0.720s] Level 1:colcon.colcon_core.environment:checking '/home/arno/BasestationRoombaV3/install/microver/bin'
[0.720s] Level 1:colcon.colcon_core.environment:checking '/home/arno/BasestationRoombaV3/install/microver/lib/pkgconfig/microver.pc'
[0.720s] Level 1:colcon.colcon_core.environment:checking '/home/arno/BasestationRoombaV3/install/microver/lib/python3.10/site-packages'
[0.720s] Level 1:colcon.colcon_core.environment:checking '/home/arno/BasestationRoombaV3/install/microver/bin'
[0.721s] INFO:colcon.colcon_core.shell:Creating package script '/home/arno/BasestationRoombaV3/install/microver/share/microver/package.ps1'
[0.722s] INFO:colcon.colcon_core.shell:Creating package descriptor '/home/arno/BasestationRoombaV3/install/microver/share/microver/package.dsv'
[0.722s] INFO:colcon.colcon_core.shell:Creating package script '/home/arno/BasestationRoombaV3/install/microver/share/microver/package.sh'
[0.723s] INFO:colcon.colcon_core.shell:Creating package script '/home/arno/BasestationRoombaV3/install/microver/share/microver/package.bash'
[0.723s] INFO:colcon.colcon_core.shell:Creating package script '/home/arno/BasestationRoombaV3/install/microver/share/microver/package.zsh'
[0.724s] Level 1:colcon.colcon_core.environment:create_file_with_runtime_dependencies(/home/arno/BasestationRoombaV3/install/microver/share/colcon-core/packages/microver)
[0.725s] Level 1:colcon.colcon_core.environment:create_environment_scripts_only(rover_input_pkg)
[0.726s] Level 1:colcon.colcon_core.environment:checking '/home/arno/BasestationRoombaV3/install/rover_input_pkg' for CMake module files
[0.726s] DEBUG:colcon.colcon_core.event_handler.log_command:Invoked command in '/home/arno/BasestationRoombaV3/build/rover_input_pkg' returned '0': CMAKE_PREFIX_PATH=/opt/ros/humble /usr/bin/cmake --install /home/arno/BasestationRoombaV3/build/rover_input_pkg
[0.726s] Level 1:colcon.colcon_core.environment:checking '/home/arno/BasestationRoombaV3/install/rover_input_pkg' for CMake config files
[0.727s] Level 1:colcon.colcon_core.shell:create_environment_hook('rover_input_pkg', 'cmake_prefix_path')
[0.727s] INFO:colcon.colcon_core.shell:Creating environment hook '/home/arno/BasestationRoombaV3/install/rover_input_pkg/share/rover_input_pkg/hook/cmake_prefix_path.ps1'
[0.727s] INFO:colcon.colcon_core.shell:Creating environment descriptor '/home/arno/BasestationRoombaV3/install/rover_input_pkg/share/rover_input_pkg/hook/cmake_prefix_path.dsv'
[0.728s] INFO:colcon.colcon_core.shell:Creating environment hook '/home/arno/BasestationRoombaV3/install/rover_input_pkg/share/rover_input_pkg/hook/cmake_prefix_path.sh'
[0.728s] Level 1:colcon.colcon_core.environment:checking '/home/arno/BasestationRoombaV3/install/rover_input_pkg/lib'
[0.729s] Level 1:colcon.colcon_core.environment:checking '/home/arno/BasestationRoombaV3/install/rover_input_pkg/bin'
[0.729s] Level 1:colcon.colcon_core.environment:checking '/home/arno/BasestationRoombaV3/install/rover_input_pkg/lib/pkgconfig/rover_input_pkg.pc'
[0.729s] Level 1:colcon.colcon_core.environment:checking '/home/arno/BasestationRoombaV3/install/rover_input_pkg/lib/python3.10/site-packages'
[0.730s] Level 1:colcon.colcon_core.environment:checking '/home/arno/BasestationRoombaV3/install/rover_input_pkg/bin'
[0.730s] INFO:colcon.colcon_core.shell:Creating package script '/home/arno/BasestationRoombaV3/install/rover_input_pkg/share/rover_input_pkg/package.ps1'
[0.731s] INFO:colcon.colcon_core.shell:Creating package descriptor '/home/arno/BasestationRoombaV3/install/rover_input_pkg/share/rover_input_pkg/package.dsv'
[0.731s] INFO:colcon.colcon_core.shell:Creating package script '/home/arno/BasestationRoombaV3/install/rover_input_pkg/share/rover_input_pkg/package.sh'
[0.732s] INFO:colcon.colcon_core.shell:Creating package script '/home/arno/BasestationRoombaV3/install/rover_input_pkg/share/rover_input_pkg/package.bash'
[0.732s] INFO:colcon.colcon_core.shell:Creating package script '/home/arno/BasestationRoombaV3/install/rover_input_pkg/share/rover_input_pkg/package.zsh'
[0.732s] Level 1:colcon.colcon_core.environment:create_file_with_runtime_dependencies(/home/arno/BasestationRoombaV3/install/rover_input_pkg/share/colcon-core/packages/rover_input_pkg)
[0.763s] Level 1:colcon.colcon_core.environment:create_environment_scripts_only(rover_input_pkg)
[0.763s] Level 1:colcon.colcon_core.environment:checking '/home/arno/BasestationRoombaV3/install/rover_input_pkg' for CMake module files
[0.764s] Level 1:colcon.colcon_core.environment:checking '/home/arno/BasestationRoombaV3/install/rover_input_pkg' for CMake config files
[0.764s] Level 1:colcon.colcon_core.shell:create_environment_hook('rover_input_pkg', 'cmake_prefix_path')
[0.765s] INFO:colcon.colcon_core.shell:Creating environment hook '/home/arno/BasestationRoombaV3/install/rover_input_pkg/share/rover_input_pkg/hook/cmake_prefix_path.ps1'
[0.765s] INFO:colcon.colcon_core.shell:Creating environment descriptor '/home/arno/BasestationRoombaV3/install/rover_input_pkg/share/rover_input_pkg/hook/cmake_prefix_path.dsv'
[0.766s] INFO:colcon.colcon_core.shell:Creating environment hook '/home/arno/BasestationRoombaV3/install/rover_input_pkg/share/rover_input_pkg/hook/cmake_prefix_path.sh'
[0.766s] Level 1:colcon.colcon_core.environment:checking '/home/arno/BasestationRoombaV3/install/rover_input_pkg/lib'
[0.766s] Level 1:colcon.colcon_core.environment:checking '/home/arno/BasestationRoombaV3/install/rover_input_pkg/bin'
[0.766s] Level 1:colcon.colcon_core.environment:checking '/home/arno/BasestationRoombaV3/install/rover_input_pkg/lib/pkgconfig/rover_input_pkg.pc'
[0.767s] Level 1:colcon.colcon_core.environment:checking '/home/arno/BasestationRoombaV3/install/rover_input_pkg/lib/python3.10/site-packages'
[0.767s] Level 1:colcon.colcon_core.environment:checking '/home/arno/BasestationRoombaV3/install/rover_input_pkg/bin'
[0.767s] INFO:colcon.colcon_core.shell:Creating package script '/home/arno/BasestationRoombaV3/install/rover_input_pkg/share/rover_input_pkg/package.ps1'
[0.768s] INFO:colcon.colcon_core.shell:Creating package descriptor '/home/arno/BasestationRoombaV3/install/rover_input_pkg/share/rover_input_pkg/package.dsv'
[0.769s] INFO:colcon.colcon_core.shell:Creating package script '/home/arno/BasestationRoombaV3/install/rover_input_pkg/share/rover_input_pkg/package.sh'
[0.769s] INFO:colcon.colcon_core.shell:Creating package script '/home/arno/BasestationRoombaV3/install/rover_input_pkg/share/rover_input_pkg/package.bash'
[0.770s] INFO:colcon.colcon_core.shell:Creating package script '/home/arno/BasestationRoombaV3/install/rover_input_pkg/share/rover_input_pkg/package.zsh'
[0.770s] Level 1:colcon.colcon_core.environment:create_file_with_runtime_dependencies(/home/arno/BasestationRoombaV3/install/rover_input_pkg/share/colcon-core/packages/rover_input_pkg)
[0.771s] DEBUG:colcon.colcon_parallel_executor.executor.parallel:closing loop
[0.771s] DEBUG:colcon.colcon_parallel_executor.executor.parallel:loop closed
[0.772s] DEBUG:colcon.colcon_parallel_executor.executor.parallel:run_until_complete finished with '0'
[0.772s] DEBUG:colcon.colcon_core.event_reactor:joining thread
[0.779s] INFO:colcon.colcon_core.plugin_system:Skipping extension 'colcon_notification.desktop_notification.terminal_notifier': Not used on non-Darwin systems
[0.780s] INFO:colcon.colcon_core.plugin_system:Skipping extension 'colcon_notification.desktop_notification.win32': Not used on non-Windows systems
[0.780s] INFO:colcon.colcon_notification.desktop_notification:Sending desktop notification using 'notify2'
[0.800s] DEBUG:colcon.colcon_core.event_reactor:joined thread
[0.801s] INFO:colcon.colcon_core.shell:Creating prefix script '/home/arno/BasestationRoombaV3/install/local_setup.ps1'
[0.802s] INFO:colcon.colcon_core.shell:Creating prefix util module '/home/arno/BasestationRoombaV3/install/_local_setup_util_ps1.py'
[0.805s] INFO:colcon.colcon_core.shell:Creating prefix chain script '/home/arno/BasestationRoombaV3/install/setup.ps1'
[0.808s] INFO:colcon.colcon_core.shell:Creating prefix script '/home/arno/BasestationRoombaV3/install/local_setup.sh'
[0.809s] INFO:colcon.colcon_core.shell:Creating prefix util module '/home/arno/BasestationRoombaV3/install/_local_setup_util_sh.py'
[0.810s] INFO:colcon.colcon_core.shell:Creating prefix chain script '/home/arno/BasestationRoombaV3/install/setup.sh'
[0.813s] INFO:colcon.colcon_core.shell:Creating prefix script '/home/arno/BasestationRoombaV3/install/local_setup.bash'
[0.814s] INFO:colcon.colcon_core.shell:Creating prefix chain script '/home/arno/BasestationRoombaV3/install/setup.bash'
[0.816s] INFO:colcon.colcon_core.shell:Creating prefix script '/home/arno/BasestationRoombaV3/install/local_setup.zsh'
[0.817s] INFO:colcon.colcon_core.shell:Creating prefix chain script '/home/arno/BasestationRoombaV3/install/setup.zsh'
