[0mCMake Error: The current CMakeCache.txt directory /home/arno/BasestationRoombaV3/build/microver/CMakeCache.txt is different than the directory /home/arno/microver_ws/build/microver where CMakeCache.txt was created. This may result in binaries being created in the wrong place. If you are not sure, reedit the CMakeCache.txt[0m
-- Install configuration: ""
-- Execute custom install script
-- Up-to-date symlink: /home/arno/microver_ws/install/microver/share/microver/config/empty.yaml
-- Up-to-date symlink: /home/arno/microver_ws/install/microver/share/microver/config/gazebo_params.yaml
-- Up-to-date symlink: /home/arno/microver_ws/install/microver/share/microver/config/my_controllers.yaml
-- Up-to-date symlink: /home/arno/microver_ws/install/microver/share/microver/description/gazebo_control.xacro
-- Up-to-date symlink: /home/arno/microver_ws/install/microver/share/microver/description/inertial_macros.xacro
-- Up-to-date symlink: /home/arno/microver_ws/install/microver/share/microver/description/robot.urdf.xacro
-- Up-to-date symlink: /home/arno/microver_ws/install/microver/share/microver/description/robot_core.xacro
-- Up-to-date symlink: /home/arno/microver_ws/install/microver/share/microver/description/ros2_control.xacro
-- Up-to-date symlink: /home/arno/microver_ws/install/microver/share/microver/launch/launch_sim.launch.py
-- Up-to-date symlink: /home/arno/microver_ws/install/microver/share/microver/launch/rsp.launch.py
-- Up-to-date symlink: /home/arno/microver_ws/install/microver/share/microver/worlds/empty.world
-- Up-to-date symlink: /home/arno/microver_ws/install/microver/share/ament_index/resource_index/package_run_dependencies/microver
-- Up-to-date symlink: /home/arno/microver_ws/install/microver/share/ament_index/resource_index/parent_prefix_path/microver
-- Up-to-date symlink: /home/arno/microver_ws/install/microver/share/microver/environment/ament_prefix_path.sh
-- Up-to-date symlink: /home/arno/microver_ws/install/microver/share/microver/environment/ament_prefix_path.dsv
-- Up-to-date symlink: /home/arno/microver_ws/install/microver/share/microver/environment/path.sh
-- Up-to-date symlink: /home/arno/microver_ws/install/microver/share/microver/environment/path.dsv
-- Up-to-date symlink: /home/arno/microver_ws/install/microver/share/microver/local_setup.bash
-- Up-to-date symlink: /home/arno/microver_ws/install/microver/share/microver/local_setup.sh
-- Up-to-date symlink: /home/arno/microver_ws/install/microver/share/microver/local_setup.zsh
-- Up-to-date symlink: /home/arno/microver_ws/install/microver/share/microver/local_setup.dsv
-- Symlinking: /home/arno/microver_ws/install/microver/share/microver/package.dsv
-- Up-to-date symlink: /home/arno/microver_ws/install/microver/share/ament_index/resource_index/packages/microver
-- Up-to-date symlink: /home/arno/microver_ws/install/microver/share/microver/cmake/microverConfig.cmake
-- Up-to-date symlink: /home/arno/microver_ws/install/microver/share/microver/cmake/microverConfig-version.cmake
-- Up-to-date symlink: /home/arno/microver_ws/install/microver/share/microver/package.xml
