[3.243s] DEBUG:colcon:Command line arguments: ['/usr/bin/colcon', 'build', '--symlink-install']
[3.244s] DEBUG:colcon:Parsed command line arguments: Namespace(log_base=None, log_level=None, verb_name='build', build_base='build', install_base='install', merge_install=False, symlink_install=True, test_result_base=None, continue_on_error=False, executor='parallel', parallel_workers=8, event_handlers=None, ignore_user_meta=False, metas=['./colcon.meta'], base_paths=['.'], packages_ignore=None, packages_ignore_regex=None, paths=None, packages_up_to=None, packages_up_to_regex=None, packages_above=None, packages_above_and_dependencies=None, packages_above_depth=None, packages_select_by_dep=None, packages_skip_by_dep=None, packages_skip_up_to=None, packages_select_build_failed=False, packages_skip_build_finished=False, packages_select_test_failures=False, packages_skip_test_passed=False, packages_select=None, packages_skip=None, packages_select_regex=None, packages_skip_regex=None, packages_start=None, packages_end=None, allow_overriding=[], cmake_args=None, cmake_target=None, cmake_target_skip_unavailable=False, cmake_clean_cache=False, cmake_clean_first=False, cmake_force_configure=False, ament_cmake_args=None, catkin_cmake_args=None, catkin_skip_building_tests=False, verb_parser=<colcon_defaults.argument_parser.defaults.DefaultArgumentsDecorator object at 0x7f2450cabd60>, verb_extension=<colcon_core.verb.build.BuildVerb object at 0x7f2450cab910>, main=<bound method BuildVerb.main of <colcon_core.verb.build.BuildVerb object at 0x7f2450cab910>>)
[3.388s] Level 1:colcon.colcon_core.package_discovery:discover_packages(colcon_meta) check parameters
[3.388s] Level 1:colcon.colcon_core.package_discovery:discover_packages(recursive) check parameters
[3.388s] Level 1:colcon.colcon_core.package_discovery:discover_packages(ignore) check parameters
[3.388s] Level 1:colcon.colcon_core.package_discovery:discover_packages(path) check parameters
[3.388s] Level 1:colcon.colcon_core.package_discovery:discover_packages(colcon_meta) discover
[3.389s] Level 1:colcon.colcon_core.package_discovery:discover_packages(recursive) discover
[3.389s] INFO:colcon.colcon_core.package_discovery:Crawling recursively for packages in '/home/arno/microver_ws/rover_input_pkg'
[3.389s] Level 1:colcon.colcon_core.package_identification:_identify(.) by extensions ['ignore', 'ignore_ament_install']
[3.389s] Level 1:colcon.colcon_core.package_identification:_identify(.) by extension 'ignore'
[3.389s] Level 1:colcon.colcon_core.package_identification:_identify(.) by extension 'ignore_ament_install'
[3.389s] Level 1:colcon.colcon_core.package_identification:_identify(.) by extensions ['colcon_pkg']
[3.390s] Level 1:colcon.colcon_core.package_identification:_identify(.) by extension 'colcon_pkg'
[3.390s] Level 1:colcon.colcon_core.package_identification:_identify(.) by extensions ['colcon_meta']
[3.390s] Level 1:colcon.colcon_core.package_identification:_identify(.) by extension 'colcon_meta'
[3.390s] Level 1:colcon.colcon_core.package_identification:_identify(.) by extensions ['ros']
[3.390s] Level 1:colcon.colcon_core.package_identification:_identify(.) by extension 'ros'
[3.423s] DEBUG:colcon.colcon_core.package_identification:Package '.' with type 'ros.ament_cmake' and name 'rover_input_pkg'
[3.423s] Level 1:colcon.colcon_core.package_discovery:discover_packages(recursive) using defaults
[3.423s] Level 1:colcon.colcon_core.package_discovery:discover_packages(ignore) discover
[3.423s] Level 1:colcon.colcon_core.package_discovery:discover_packages(ignore) using defaults
[3.423s] Level 1:colcon.colcon_core.package_discovery:discover_packages(path) discover
[3.423s] Level 1:colcon.colcon_core.package_discovery:discover_packages(path) using defaults
[3.679s] Level 1:colcon.colcon_core.package_discovery:discover_packages(prefix_path) check parameters
[3.679s] Level 1:colcon.colcon_core.package_discovery:discover_packages(prefix_path) discover
[3.753s] DEBUG:colcon.colcon_installed_package_information.package_discovery:Found 332 installed packages in /opt/ros/humble
[3.757s] Level 1:colcon.colcon_core.package_discovery:discover_packages(prefix_path) using defaults
[4.004s] Level 5:colcon.colcon_core.verb:set package 'rover_input_pkg' build argument 'cmake_args' from command line to 'None'
[4.004s] Level 5:colcon.colcon_core.verb:set package 'rover_input_pkg' build argument 'cmake_target' from command line to 'None'
[4.004s] Level 5:colcon.colcon_core.verb:set package 'rover_input_pkg' build argument 'cmake_target_skip_unavailable' from command line to 'False'
[4.004s] Level 5:colcon.colcon_core.verb:set package 'rover_input_pkg' build argument 'cmake_clean_cache' from command line to 'False'
[4.004s] Level 5:colcon.colcon_core.verb:set package 'rover_input_pkg' build argument 'cmake_clean_first' from command line to 'False'
[4.004s] Level 5:colcon.colcon_core.verb:set package 'rover_input_pkg' build argument 'cmake_force_configure' from command line to 'False'
[4.004s] Level 5:colcon.colcon_core.verb:set package 'rover_input_pkg' build argument 'ament_cmake_args' from command line to 'None'
[4.004s] Level 5:colcon.colcon_core.verb:set package 'rover_input_pkg' build argument 'catkin_cmake_args' from command line to 'None'
[4.004s] Level 5:colcon.colcon_core.verb:set package 'rover_input_pkg' build argument 'catkin_skip_building_tests' from command line to 'False'
[4.004s] DEBUG:colcon.colcon_core.verb:Building package 'rover_input_pkg' with the following arguments: {'ament_cmake_args': None, 'build_base': '/home/arno/microver_ws/rover_input_pkg/build/rover_input_pkg', 'catkin_cmake_args': None, 'catkin_skip_building_tests': False, 'cmake_args': None, 'cmake_clean_cache': False, 'cmake_clean_first': False, 'cmake_force_configure': False, 'cmake_target': None, 'cmake_target_skip_unavailable': False, 'install_base': '/home/arno/microver_ws/rover_input_pkg/install/rover_input_pkg', 'merge_install': False, 'path': '/home/arno/microver_ws/rover_input_pkg', 'symlink_install': True, 'test_result_base': None}
[4.037s] INFO:colcon.colcon_core.executor:Executing jobs using 'parallel' executor
[4.080s] DEBUG:colcon.colcon_parallel_executor.executor.parallel:run_until_complete
[4.080s] INFO:colcon.colcon_ros.task.ament_cmake.build:Building ROS package in '/home/arno/microver_ws/rover_input_pkg' with build type 'ament_cmake'
[4.081s] INFO:colcon.colcon_cmake.task.cmake.build:Building CMake package in '/home/arno/microver_ws/rover_input_pkg'
[4.140s] INFO:colcon.colcon_core.plugin_system:Skipping extension 'colcon_core.shell.bat': Not used on non-Windows systems
[4.141s] INFO:colcon.colcon_core.shell:Skip shell extension 'powershell' for command environment: Not usable outside of PowerShell
[4.141s] DEBUG:colcon.colcon_core.shell:Skip shell extension 'dsv' for command environment
[4.230s] DEBUG:colcon.colcon_core.event_handler.log_command:Invoking command in '/home/arno/microver_ws/rover_input_pkg/build/rover_input_pkg': CMAKE_PREFIX_PATH=/opt/ros/humble /usr/bin/cmake --build /home/arno/microver_ws/rover_input_pkg/build/rover_input_pkg -- -j8 -l8
[4.323s] DEBUG:colcon.colcon_core.event_handler.log_command:Invoked command in '/home/arno/microver_ws/rover_input_pkg/build/rover_input_pkg' returned '2': CMAKE_PREFIX_PATH=/opt/ros/humble /usr/bin/cmake --build /home/arno/microver_ws/rover_input_pkg/build/rover_input_pkg -- -j8 -l8
[4.404s] Level 1:colcon.colcon_core.environment:create_environment_scripts_only(rover_input_pkg)
[4.454s] Level 1:colcon.colcon_core.environment:checking '/home/arno/microver_ws/rover_input_pkg/install/rover_input_pkg' for CMake module files
[4.456s] Level 1:colcon.colcon_core.environment:checking '/home/arno/microver_ws/rover_input_pkg/install/rover_input_pkg' for CMake config files
[4.456s] Level 1:colcon.colcon_core.shell:create_environment_hook('rover_input_pkg', 'cmake_prefix_path')
[4.489s] INFO:colcon.colcon_core.shell:Creating environment hook '/home/arno/microver_ws/rover_input_pkg/install/rover_input_pkg/share/rover_input_pkg/hook/cmake_prefix_path.ps1'
[4.491s] INFO:colcon.colcon_core.shell:Creating environment descriptor '/home/arno/microver_ws/rover_input_pkg/install/rover_input_pkg/share/rover_input_pkg/hook/cmake_prefix_path.dsv'
[4.492s] INFO:colcon.colcon_core.shell:Creating environment hook '/home/arno/microver_ws/rover_input_pkg/install/rover_input_pkg/share/rover_input_pkg/hook/cmake_prefix_path.sh'
[4.493s] Level 1:colcon.colcon_core.environment:checking '/home/arno/microver_ws/rover_input_pkg/install/rover_input_pkg/bin'
[4.494s] Level 1:colcon.colcon_core.environment:checking '/home/arno/microver_ws/rover_input_pkg/install/rover_input_pkg/lib/pkgconfig/rover_input_pkg.pc'
[4.494s] Level 1:colcon.colcon_core.environment:checking '/home/arno/microver_ws/rover_input_pkg/install/rover_input_pkg/lib/python3.10/site-packages'
[4.494s] Level 1:colcon.colcon_core.environment:checking '/home/arno/microver_ws/rover_input_pkg/install/rover_input_pkg/bin'
[4.528s] INFO:colcon.colcon_core.shell:Creating package script '/home/arno/microver_ws/rover_input_pkg/install/rover_input_pkg/share/rover_input_pkg/package.ps1'
[4.530s] INFO:colcon.colcon_core.shell:Creating package descriptor '/home/arno/microver_ws/rover_input_pkg/install/rover_input_pkg/share/rover_input_pkg/package.dsv'
[4.532s] INFO:colcon.colcon_core.shell:Creating package script '/home/arno/microver_ws/rover_input_pkg/install/rover_input_pkg/share/rover_input_pkg/package.sh'
[4.533s] INFO:colcon.colcon_core.shell:Creating package script '/home/arno/microver_ws/rover_input_pkg/install/rover_input_pkg/share/rover_input_pkg/package.bash'
[4.536s] INFO:colcon.colcon_core.shell:Creating package script '/home/arno/microver_ws/rover_input_pkg/install/rover_input_pkg/share/rover_input_pkg/package.zsh'
[4.537s] Level 1:colcon.colcon_core.environment:create_file_with_runtime_dependencies(/home/arno/microver_ws/rover_input_pkg/install/rover_input_pkg/share/colcon-core/packages/rover_input_pkg)
[4.549s] DEBUG:colcon.colcon_parallel_executor.executor.parallel:closing loop
[4.549s] DEBUG:colcon.colcon_parallel_executor.executor.parallel:loop closed
[4.549s] DEBUG:colcon.colcon_parallel_executor.executor.parallel:run_until_complete finished with '2'
[4.549s] DEBUG:colcon.colcon_core.event_reactor:joining thread
[4.622s] INFO:colcon.colcon_core.plugin_system:Skipping extension 'colcon_notification.desktop_notification.terminal_notifier': Not used on non-Darwin systems
[4.622s] INFO:colcon.colcon_core.plugin_system:Skipping extension 'colcon_notification.desktop_notification.win32': Not used on non-Windows systems
[4.622s] INFO:colcon.colcon_notification.desktop_notification:Sending desktop notification using 'notify2'
[4.653s] DEBUG:colcon.colcon_core.event_reactor:joined thread
[4.703s] INFO:colcon.colcon_core.shell:Creating prefix script '/home/arno/microver_ws/rover_input_pkg/install/local_setup.ps1'
[4.705s] INFO:colcon.colcon_core.shell:Creating prefix util module '/home/arno/microver_ws/rover_input_pkg/install/_local_setup_util_ps1.py'
[4.709s] INFO:colcon.colcon_core.shell:Creating prefix chain script '/home/arno/microver_ws/rover_input_pkg/install/setup.ps1'
[4.757s] INFO:colcon.colcon_core.shell:Creating prefix script '/home/arno/microver_ws/rover_input_pkg/install/local_setup.sh'
[4.758s] INFO:colcon.colcon_core.shell:Creating prefix util module '/home/arno/microver_ws/rover_input_pkg/install/_local_setup_util_sh.py'
[4.759s] INFO:colcon.colcon_core.shell:Creating prefix chain script '/home/arno/microver_ws/rover_input_pkg/install/setup.sh'
[4.807s] INFO:colcon.colcon_core.shell:Creating prefix script '/home/arno/microver_ws/rover_input_pkg/install/local_setup.bash'
[4.809s] INFO:colcon.colcon_core.shell:Creating prefix chain script '/home/arno/microver_ws/rover_input_pkg/install/setup.bash'
[4.854s] INFO:colcon.colcon_core.shell:Creating prefix script '/home/arno/microver_ws/rover_input_pkg/install/local_setup.zsh'
[4.856s] INFO:colcon.colcon_core.shell:Creating prefix chain script '/home/arno/microver_ws/rover_input_pkg/install/setup.zsh'
