[0.016s] Invoking command in '/home/arno/microver_ws/build/rover_input_pkg': CMAKE_PREFIX_PATH=${CMAKE_PREFIX_PATH}:/opt/ros/humble /usr/bin/cmake --build /home/arno/microver_ws/build/rover_input_pkg -- -j8 -l8
[0.107s] [35m[1mConsolidate compiler generated dependencies of target input_node_v2[0m
[0.172s] [100%] Built target input_node_v2
[0.202s] Invoked command in '/home/arno/microver_ws/build/rover_input_pkg' returned '0': CMAKE_PREFIX_PATH=${CMAKE_PREFIX_PATH}:/opt/ros/humble /usr/bin/cmake --build /home/arno/microver_ws/build/rover_input_pkg -- -j8 -l8
[0.268s] Invoking command in '/home/arno/microver_ws/build/rover_input_pkg': CMAKE_PREFIX_PATH=${CMAKE_PREFIX_PATH}:/opt/ros/humble /usr/bin/cmake --install /home/arno/microver_ws/build/rover_input_pkg
[0.289s] -- Install configuration: ""
[0.291s] -- Execute custom install script
[0.292s] -- Up-to-date symlink: /home/arno/microver_ws/install/rover_input_pkg/lib/rover_input_pkg/input_node_v2
[0.292s] -- Up-to-date symlink: /home/arno/microver_ws/install/rover_input_pkg/share/ament_index/resource_index/package_run_dependencies/rover_input_pkg
[0.293s] -- Up-to-date symlink: /home/arno/microver_ws/install/rover_input_pkg/share/ament_index/resource_index/parent_prefix_path/rover_input_pkg
[0.294s] -- Up-to-date symlink: /home/arno/microver_ws/install/rover_input_pkg/share/rover_input_pkg/environment/ament_prefix_path.sh
[0.294s] -- Up-to-date symlink: /home/arno/microver_ws/install/rover_input_pkg/share/rover_input_pkg/environment/ament_prefix_path.dsv
[0.295s] -- Up-to-date symlink: /home/arno/microver_ws/install/rover_input_pkg/share/rover_input_pkg/environment/path.sh
[0.295s] -- Up-to-date symlink: /home/arno/microver_ws/install/rover_input_pkg/share/rover_input_pkg/environment/path.dsv
[0.296s] -- Up-to-date symlink: /home/arno/microver_ws/install/rover_input_pkg/share/rover_input_pkg/local_setup.bash
[0.297s] -- Up-to-date symlink: /home/arno/microver_ws/install/rover_input_pkg/share/rover_input_pkg/local_setup.sh
[0.297s] -- Up-to-date symlink: /home/arno/microver_ws/install/rover_input_pkg/share/rover_input_pkg/local_setup.zsh
[0.298s] -- Up-to-date symlink: /home/arno/microver_ws/install/rover_input_pkg/share/rover_input_pkg/local_setup.dsv
[0.298s] -- Symlinking: /home/arno/microver_ws/install/rover_input_pkg/share/rover_input_pkg/package.dsv
[0.322s] -- Up-to-date symlink: /home/arno/microver_ws/install/rover_input_pkg/share/ament_index/resource_index/packages/rover_input_pkg
[0.323s] -- Up-to-date symlink: /home/arno/microver_ws/install/rover_input_pkg/share/rover_input_pkg/cmake/rover_input_pkgConfig.cmake
[0.323s] -- Up-to-date symlink: /home/arno/microver_ws/install/rover_input_pkg/share/rover_input_pkg/cmake/rover_input_pkgConfig-version.cmake
[0.324s] -- Up-to-date symlink: /home/arno/microver_ws/install/rover_input_pkg/share/rover_input_pkg/package.xml
[0.340s] Invoked command in '/home/arno/microver_ws/build/rover_input_pkg' returned '0': CMAKE_PREFIX_PATH=${CMAKE_PREFIX_PATH}:/opt/ros/humble /usr/bin/cmake --install /home/arno/microver_ws/build/rover_input_pkg
