[0.109s] Invoking command in '/home/arno/microver_ws/build/microver': CMAKE_PREFIX_PATH=/opt/ros/humble /usr/bin/cmake /home/arno/microver_ws/src/microver -DAMENT_CMAKE_SYMLINK_INSTALL=1 -DCMAKE_INSTALL_PREFIX=/home/arno/microver_ws/install/microver
[0.165s] -- The C compiler identification is GNU 11.4.0
[0.223s] -- The CXX compiler identification is GNU 11.4.0
[0.232s] -- Detecting C compiler ABI info
[0.327s] -- Detecting C compiler ABI info - done
[0.336s] -- Check for working C compiler: /usr/bin/cc - skipped
[0.336s] -- Detecting C compile features
[0.336s] -- Detecting C compile features - done
[0.340s] -- Detecting CXX compiler ABI info
[0.427s] -- Detecting CXX compiler ABI info - done
[0.439s] -- Check for working CXX compiler: /usr/bin/c++ - skipped
[0.439s] -- Detecting CXX compile features
[0.440s] -- Detecting CXX compile features - done
[0.441s] -- Found ament_cmake: 1.3.7 (/opt/ros/humble/share/ament_cmake/cmake)
[0.633s] -- Found Python3: /usr/bin/python3.10 (found version "3.10.12") found components: Interpreter 
[0.713s] -- Override CMake install command with custom implementation using symlinks instead of copying resources
[0.737s] -- Found ament_lint_auto: 0.12.10 (/opt/ros/humble/share/ament_lint_auto/cmake)
[0.855s] -- Added test 'copyright' to check source files copyright and LICENSE
[0.861s] -- Added test 'flake8' to check Python code syntax and style conventions
[0.862s] -- Added test 'lint_cmake' to check CMake code style
[0.862s] -- Added test 'pep257' to check Python code against some of the docstring style conventions in PEP 257
[0.865s] -- Added test 'xmllint' to check XML markup files
[0.867s] -- Configuring done
[0.869s] -- Generating done
[0.871s] -- Build files have been written to: /home/arno/microver_ws/build/microver
[0.876s] Invoked command in '/home/arno/microver_ws/build/microver' returned '0': CMAKE_PREFIX_PATH=/opt/ros/humble /usr/bin/cmake /home/arno/microver_ws/src/microver -DAMENT_CMAKE_SYMLINK_INSTALL=1 -DCMAKE_INSTALL_PREFIX=/home/arno/microver_ws/install/microver
[0.878s] Invoking command in '/home/arno/microver_ws/build/microver': CMAKE_PREFIX_PATH=/opt/ros/humble /usr/bin/cmake --build /home/arno/microver_ws/build/microver -- -j8 -l8
[0.920s] Invoked command in '/home/arno/microver_ws/build/microver' returned '0': CMAKE_PREFIX_PATH=/opt/ros/humble /usr/bin/cmake --build /home/arno/microver_ws/build/microver -- -j8 -l8
[0.941s] Invoking command in '/home/arno/microver_ws/build/microver': CMAKE_PREFIX_PATH=/opt/ros/humble /usr/bin/cmake --install /home/arno/microver_ws/build/microver
[0.949s] -- Install configuration: ""
[0.950s] -- Execute custom install script
[0.950s] -- Symlinking: /home/arno/microver_ws/install/microver/share/microver/config/empty.yaml
[0.959s] -- Symlinking: /home/arno/microver_ws/install/microver/share/microver/description/robot.urdf.xacro
[0.968s] -- Symlinking: /home/arno/microver_ws/install/microver/share/microver/launch/rsp.launch.py
[0.977s] -- Symlinking: /home/arno/microver_ws/install/microver/share/microver/worlds/empty.world
[0.985s] -- Symlinking: /home/arno/microver_ws/install/microver/share/ament_index/resource_index/package_run_dependencies/microver
[0.994s] -- Symlinking: /home/arno/microver_ws/install/microver/share/ament_index/resource_index/parent_prefix_path/microver
[1.003s] -- Symlinking: /home/arno/microver_ws/install/microver/share/microver/environment/ament_prefix_path.sh
[1.011s] -- Symlinking: /home/arno/microver_ws/install/microver/share/microver/environment/ament_prefix_path.dsv
[1.019s] -- Symlinking: /home/arno/microver_ws/install/microver/share/microver/environment/path.sh
[1.028s] -- Symlinking: /home/arno/microver_ws/install/microver/share/microver/environment/path.dsv
[1.037s] -- Symlinking: /home/arno/microver_ws/install/microver/share/microver/local_setup.bash
[1.045s] -- Symlinking: /home/arno/microver_ws/install/microver/share/microver/local_setup.sh
[1.054s] -- Symlinking: /home/arno/microver_ws/install/microver/share/microver/local_setup.zsh
[1.063s] -- Symlinking: /home/arno/microver_ws/install/microver/share/microver/local_setup.dsv
[1.071s] -- Symlinking: /home/arno/microver_ws/install/microver/share/microver/package.dsv
[1.079s] -- Symlinking: /home/arno/microver_ws/install/microver/share/ament_index/resource_index/packages/microver
[1.087s] -- Symlinking: /home/arno/microver_ws/install/microver/share/microver/cmake/microverConfig.cmake
[1.097s] -- Symlinking: /home/arno/microver_ws/install/microver/share/microver/cmake/microverConfig-version.cmake
[1.106s] -- Symlinking: /home/arno/microver_ws/install/microver/share/microver/package.xml
[1.117s] Invoked command in '/home/arno/microver_ws/build/microver' returned '0': CMAKE_PREFIX_PATH=/opt/ros/humble /usr/bin/cmake --install /home/arno/microver_ws/build/microver
