[0.016s] Invoking command in '/home/arno/microver_ws/build/rover_input_pkg': CMAKE_PREFIX_PATH=${CMAKE_PREFIX_PATH}:/opt/ros/humble /usr/bin/cmake --build /home/arno/microver_ws/build/rover_input_pkg -- -j8 -l8
[0.046s] -- Found ament_cmake: 1.3.8 (/opt/ros/humble/share/ament_cmake/cmake)
[0.214s] -- Override CMake install command with custom implementation using symlinks instead of copying resources
[0.224s] -- Found rclcpp: 16.0.8 (/opt/ros/humble/share/rclcpp/cmake)
[0.267s] -- Found rosidl_generator_c: 3.1.5 (/opt/ros/humble/share/rosidl_generator_c/cmake)
[0.271s] -- Found rosidl_adapter: 3.1.5 (/opt/ros/humble/share/rosidl_adapter/cmake)
[0.279s] -- Found rosidl_generator_cpp: 3.1.5 (/opt/ros/humble/share/rosidl_generator_cpp/cmake)
[0.296s] -- Using all available rosidl_typesupport_c: rosidl_typesupport_fastrtps_c;rosidl_typesupport_introspection_c
[0.319s] -- Using all available rosidl_typesupport_cpp: rosidl_typesupport_fastrtps_cpp;rosidl_typesupport_introspection_cpp
[0.406s] -- Found rmw_implementation_cmake: 6.1.1 (/opt/ros/humble/share/rmw_implementation_cmake/cmake)
[0.408s] -- Found rmw_fastrtps_cpp: 6.2.6 (/opt/ros/humble/share/rmw_fastrtps_cpp/cmake)
[0.575s] -- Using RMW implementation 'rmw_fastrtps_cpp' as default
[0.825s] [31mCMake Error at CMakeLists.txt:18 (find_package):
[0.826s]   By not providing "Findnurses.cmake" in CMAKE_MODULE_PATH this project has
[0.826s]   asked CMake to find a package configuration file provided by "nurses", but
[0.826s]   CMake did not find one.
[0.826s] 
[0.826s]   Could not find a package configuration file provided by "nurses" with any
[0.826s]   of the following names:
[0.826s] 
[0.826s]     nursesConfig.cmake
[0.827s]     nurses-config.cmake
[0.827s] 
[0.827s]   Add the installation prefix of "nurses" to CMAKE_PREFIX_PATH or set
[0.827s]   "nurses_DIR" to a directory containing one of the above files.  If "nurses"
[0.827s]   provides a separate development package or SDK, be sure it has been
[0.827s]   installed.
[0.827s] 
[0.827s] [0m
[0.828s] -- Configuring incomplete, errors occurred!
[0.828s] See also "/home/arno/microver_ws/build/rover_input_pkg/CMakeFiles/CMakeOutput.log".
[0.835s] gmake: *** [Makefile:267: cmake_check_build_system] Error 1
[0.839s] Invoked command in '/home/arno/microver_ws/build/rover_input_pkg' returned '2': CMAKE_PREFIX_PATH=${CMAKE_PREFIX_PATH}:/opt/ros/humble /usr/bin/cmake --build /home/arno/microver_ws/build/rover_input_pkg -- -j8 -l8
