[0.097s] DEBUG:colcon:Command line arguments: ['/usr/bin/colcon', 'build', '--symlink-install']
[0.097s] DEBUG:colcon:Parsed command line arguments: Namespace(log_base=None, log_level=None, verb_name='build', build_base='build', install_base='install', merge_install=False, symlink_install=True, test_result_base=None, continue_on_error=False, executor='parallel', parallel_workers=8, event_handlers=None, ignore_user_meta=False, metas=['./colcon.meta'], base_paths=['.'], packages_ignore=None, packages_ignore_regex=None, paths=None, packages_up_to=None, packages_up_to_regex=None, packages_above=None, packages_above_and_dependencies=None, packages_above_depth=None, packages_select_by_dep=None, packages_skip_by_dep=None, packages_skip_up_to=None, packages_select_build_failed=False, packages_skip_build_finished=False, packages_select_test_failures=False, packages_skip_test_passed=False, packages_select=None, packages_skip=None, packages_select_regex=None, packages_skip_regex=None, packages_start=None, packages_end=None, allow_overriding=[], cmake_args=None, cmake_target=None, cmake_target_skip_unavailable=False, cmake_clean_cache=False, cmake_clean_first=False, cmake_force_configure=False, ament_cmake_args=None, catkin_cmake_args=None, catkin_skip_building_tests=False, verb_parser=<colcon_defaults.argument_parser.defaults.DefaultArgumentsDecorator object at 0x75364db38f10>, verb_extension=<colcon_core.verb.build.BuildVerb object at 0x75364dcb5450>, main=<bound method BuildVerb.main of <colcon_core.verb.build.BuildVerb object at 0x75364dcb5450>>)
[0.249s] Level 1:colcon.colcon_core.package_discovery:discover_packages(colcon_meta) check parameters
[0.249s] Level 1:colcon.colcon_core.package_discovery:discover_packages(recursive) check parameters
[0.249s] Level 1:colcon.colcon_core.package_discovery:discover_packages(ignore) check parameters
[0.249s] Level 1:colcon.colcon_core.package_discovery:discover_packages(path) check parameters
[0.249s] Level 1:colcon.colcon_core.package_discovery:discover_packages(colcon_meta) discover
[0.249s] Level 1:colcon.colcon_core.package_discovery:discover_packages(recursive) discover
[0.249s] INFO:colcon.colcon_core.package_discovery:Crawling recursively for packages in '/home/arno/microver_ws'
[0.249s] Level 1:colcon.colcon_core.package_identification:_identify(.) by extensions ['ignore', 'ignore_ament_install']
[0.250s] Level 1:colcon.colcon_core.package_identification:_identify(.) by extension 'ignore'
[0.250s] Level 1:colcon.colcon_core.package_identification:_identify(.) by extension 'ignore_ament_install'
[0.250s] Level 1:colcon.colcon_core.package_identification:_identify(.) by extensions ['colcon_pkg']
[0.250s] Level 1:colcon.colcon_core.package_identification:_identify(.) by extension 'colcon_pkg'
[0.250s] Level 1:colcon.colcon_core.package_identification:_identify(.) by extensions ['colcon_meta']
[0.250s] Level 1:colcon.colcon_core.package_identification:_identify(.) by extension 'colcon_meta'
[0.250s] Level 1:colcon.colcon_core.package_identification:_identify(.) by extensions ['ros']
[0.250s] Level 1:colcon.colcon_core.package_identification:_identify(.) by extension 'ros'
[0.260s] Level 1:colcon.colcon_core.package_identification:_identify(.) by extensions ['cmake', 'python']
[0.260s] Level 1:colcon.colcon_core.package_identification:_identify(.) by extension 'cmake'
[0.260s] Level 1:colcon.colcon_core.package_identification:_identify(.) by extension 'python'
[0.260s] Level 1:colcon.colcon_core.package_identification:_identify(.) by extensions ['python_setup_py']
[0.260s] Level 1:colcon.colcon_core.package_identification:_identify(.) by extension 'python_setup_py'
[0.260s] Level 1:colcon.colcon_core.package_identification:_identify(build) by extensions ['ignore', 'ignore_ament_install']
[0.260s] Level 1:colcon.colcon_core.package_identification:_identify(build) by extension 'ignore'
[0.261s] Level 1:colcon.colcon_core.package_identification:_identify(build) ignored
[0.261s] Level 1:colcon.colcon_core.package_identification:_identify(install) by extensions ['ignore', 'ignore_ament_install']
[0.261s] Level 1:colcon.colcon_core.package_identification:_identify(install) by extension 'ignore'
[0.261s] Level 1:colcon.colcon_core.package_identification:_identify(install) ignored
[0.261s] Level 1:colcon.colcon_core.package_identification:_identify(log) by extensions ['ignore', 'ignore_ament_install']
[0.261s] Level 1:colcon.colcon_core.package_identification:_identify(log) by extension 'ignore'
[0.261s] Level 1:colcon.colcon_core.package_identification:_identify(log) ignored
[0.261s] Level 1:colcon.colcon_core.package_identification:_identify(rover_input_pkg) by extensions ['ignore', 'ignore_ament_install']
[0.261s] Level 1:colcon.colcon_core.package_identification:_identify(rover_input_pkg) by extension 'ignore'
[0.261s] Level 1:colcon.colcon_core.package_identification:_identify(rover_input_pkg) by extension 'ignore_ament_install'
[0.261s] Level 1:colcon.colcon_core.package_identification:_identify(rover_input_pkg) by extensions ['colcon_pkg']
[0.261s] Level 1:colcon.colcon_core.package_identification:_identify(rover_input_pkg) by extension 'colcon_pkg'
[0.261s] Level 1:colcon.colcon_core.package_identification:_identify(rover_input_pkg) by extensions ['colcon_meta']
[0.261s] Level 1:colcon.colcon_core.package_identification:_identify(rover_input_pkg) by extension 'colcon_meta'
[0.261s] Level 1:colcon.colcon_core.package_identification:_identify(rover_input_pkg) by extensions ['ros']
[0.261s] Level 1:colcon.colcon_core.package_identification:_identify(rover_input_pkg) by extension 'ros'
[0.263s] DEBUG:colcon.colcon_core.package_identification:Package 'rover_input_pkg' with type 'ros.ament_cmake' and name 'rover_input_pkg'
[0.264s] Level 1:colcon.colcon_core.package_identification:_identify(src) by extensions ['ignore', 'ignore_ament_install']
[0.264s] Level 1:colcon.colcon_core.package_identification:_identify(src) by extension 'ignore'
[0.264s] Level 1:colcon.colcon_core.package_identification:_identify(src) by extension 'ignore_ament_install'
[0.264s] Level 1:colcon.colcon_core.package_identification:_identify(src) by extensions ['colcon_pkg']
[0.264s] Level 1:colcon.colcon_core.package_identification:_identify(src) by extension 'colcon_pkg'
[0.264s] Level 1:colcon.colcon_core.package_identification:_identify(src) by extensions ['colcon_meta']
[0.264s] Level 1:colcon.colcon_core.package_identification:_identify(src) by extension 'colcon_meta'
[0.264s] Level 1:colcon.colcon_core.package_identification:_identify(src) by extensions ['ros']
[0.264s] Level 1:colcon.colcon_core.package_identification:_identify(src) by extension 'ros'
[0.264s] Level 1:colcon.colcon_core.package_identification:_identify(src) by extensions ['cmake', 'python']
[0.264s] Level 1:colcon.colcon_core.package_identification:_identify(src) by extension 'cmake'
[0.264s] Level 1:colcon.colcon_core.package_identification:_identify(src) by extension 'python'
[0.264s] Level 1:colcon.colcon_core.package_identification:_identify(src) by extensions ['python_setup_py']
[0.264s] Level 1:colcon.colcon_core.package_identification:_identify(src) by extension 'python_setup_py'
[0.264s] Level 1:colcon.colcon_core.package_identification:_identify(src/microver) by extensions ['ignore', 'ignore_ament_install']
[0.264s] Level 1:colcon.colcon_core.package_identification:_identify(src/microver) by extension 'ignore'
[0.264s] Level 1:colcon.colcon_core.package_identification:_identify(src/microver) by extension 'ignore_ament_install'
[0.264s] Level 1:colcon.colcon_core.package_identification:_identify(src/microver) by extensions ['colcon_pkg']
[0.264s] Level 1:colcon.colcon_core.package_identification:_identify(src/microver) by extension 'colcon_pkg'
[0.264s] Level 1:colcon.colcon_core.package_identification:_identify(src/microver) by extensions ['colcon_meta']
[0.264s] Level 1:colcon.colcon_core.package_identification:_identify(src/microver) by extension 'colcon_meta'
[0.265s] Level 1:colcon.colcon_core.package_identification:_identify(src/microver) by extensions ['ros']
[0.265s] Level 1:colcon.colcon_core.package_identification:_identify(src/microver) by extension 'ros'
[0.265s] DEBUG:colcon.colcon_core.package_identification:Package 'src/microver' with type 'ros.ament_cmake' and name 'microver'
[0.265s] Level 1:colcon.colcon_core.package_discovery:discover_packages(recursive) using defaults
[0.265s] Level 1:colcon.colcon_core.package_discovery:discover_packages(ignore) discover
[0.265s] Level 1:colcon.colcon_core.package_discovery:discover_packages(ignore) using defaults
[0.265s] Level 1:colcon.colcon_core.package_discovery:discover_packages(path) discover
[0.265s] Level 1:colcon.colcon_core.package_discovery:discover_packages(path) using defaults
[0.283s] Level 1:colcon.colcon_core.package_discovery:discover_packages(prefix_path) check parameters
[0.283s] Level 1:colcon.colcon_core.package_discovery:discover_packages(prefix_path) discover
[0.285s] DEBUG:colcon.colcon_installed_package_information.package_discovery:Found 332 installed packages in /opt/ros/humble
[0.295s] Level 1:colcon.colcon_core.package_discovery:discover_packages(prefix_path) using defaults
[0.334s] Level 5:colcon.colcon_core.verb:set package 'microver' build argument 'cmake_args' from command line to 'None'
[0.334s] Level 5:colcon.colcon_core.verb:set package 'microver' build argument 'cmake_target' from command line to 'None'
[0.334s] Level 5:colcon.colcon_core.verb:set package 'microver' build argument 'cmake_target_skip_unavailable' from command line to 'False'
[0.334s] Level 5:colcon.colcon_core.verb:set package 'microver' build argument 'cmake_clean_cache' from command line to 'False'
[0.334s] Level 5:colcon.colcon_core.verb:set package 'microver' build argument 'cmake_clean_first' from command line to 'False'
[0.334s] Level 5:colcon.colcon_core.verb:set package 'microver' build argument 'cmake_force_configure' from command line to 'False'
[0.334s] Level 5:colcon.colcon_core.verb:set package 'microver' build argument 'ament_cmake_args' from command line to 'None'
[0.334s] Level 5:colcon.colcon_core.verb:set package 'microver' build argument 'catkin_cmake_args' from command line to 'None'
[0.334s] Level 5:colcon.colcon_core.verb:set package 'microver' build argument 'catkin_skip_building_tests' from command line to 'False'
[0.334s] DEBUG:colcon.colcon_core.verb:Building package 'microver' with the following arguments: {'ament_cmake_args': None, 'build_base': '/home/arno/microver_ws/build/microver', 'catkin_cmake_args': None, 'catkin_skip_building_tests': False, 'cmake_args': None, 'cmake_clean_cache': False, 'cmake_clean_first': False, 'cmake_force_configure': False, 'cmake_target': None, 'cmake_target_skip_unavailable': False, 'install_base': '/home/arno/microver_ws/install/microver', 'merge_install': False, 'path': '/home/arno/microver_ws/src/microver', 'symlink_install': True, 'test_result_base': None}
[0.334s] Level 5:colcon.colcon_core.verb:set package 'rover_input_pkg' build argument 'cmake_args' from command line to 'None'
[0.334s] Level 5:colcon.colcon_core.verb:set package 'rover_input_pkg' build argument 'cmake_target' from command line to 'None'
[0.334s] Level 5:colcon.colcon_core.verb:set package 'rover_input_pkg' build argument 'cmake_target_skip_unavailable' from command line to 'False'
[0.334s] Level 5:colcon.colcon_core.verb:set package 'rover_input_pkg' build argument 'cmake_clean_cache' from command line to 'False'
[0.334s] Level 5:colcon.colcon_core.verb:set package 'rover_input_pkg' build argument 'cmake_clean_first' from command line to 'False'
[0.334s] Level 5:colcon.colcon_core.verb:set package 'rover_input_pkg' build argument 'cmake_force_configure' from command line to 'False'
[0.334s] Level 5:colcon.colcon_core.verb:set package 'rover_input_pkg' build argument 'ament_cmake_args' from command line to 'None'
[0.334s] Level 5:colcon.colcon_core.verb:set package 'rover_input_pkg' build argument 'catkin_cmake_args' from command line to 'None'
[0.334s] Level 5:colcon.colcon_core.verb:set package 'rover_input_pkg' build argument 'catkin_skip_building_tests' from command line to 'False'
[0.334s] DEBUG:colcon.colcon_core.verb:Building package 'rover_input_pkg' with the following arguments: {'ament_cmake_args': None, 'build_base': '/home/arno/microver_ws/build/rover_input_pkg', 'catkin_cmake_args': None, 'catkin_skip_building_tests': False, 'cmake_args': None, 'cmake_clean_cache': False, 'cmake_clean_first': False, 'cmake_force_configure': False, 'cmake_target': None, 'cmake_target_skip_unavailable': False, 'install_base': '/home/arno/microver_ws/install/rover_input_pkg', 'merge_install': False, 'path': '/home/arno/microver_ws/rover_input_pkg', 'symlink_install': True, 'test_result_base': None}
[0.335s] INFO:colcon.colcon_core.executor:Executing jobs using 'parallel' executor
[0.335s] DEBUG:colcon.colcon_parallel_executor.executor.parallel:run_until_complete
[0.336s] INFO:colcon.colcon_ros.task.ament_cmake.build:Building ROS package in '/home/arno/microver_ws/src/microver' with build type 'ament_cmake'
[0.336s] INFO:colcon.colcon_cmake.task.cmake.build:Building CMake package in '/home/arno/microver_ws/src/microver'
[0.337s] INFO:colcon.colcon_core.plugin_system:Skipping extension 'colcon_core.shell.bat': Not used on non-Windows systems
[0.338s] INFO:colcon.colcon_core.shell:Skip shell extension 'powershell' for command environment: Not usable outside of PowerShell
[0.338s] DEBUG:colcon.colcon_core.shell:Skip shell extension 'dsv' for command environment
[0.340s] INFO:colcon.colcon_ros.task.ament_cmake.build:Building ROS package in '/home/arno/microver_ws/rover_input_pkg' with build type 'ament_cmake'
[0.340s] INFO:colcon.colcon_cmake.task.cmake.build:Building CMake package in '/home/arno/microver_ws/rover_input_pkg'
[0.340s] INFO:colcon.colcon_core.shell:Skip shell extension 'powershell' for command environment: Not usable outside of PowerShell
[0.340s] DEBUG:colcon.colcon_core.shell:Skip shell extension 'dsv' for command environment
[0.348s] DEBUG:colcon.colcon_core.event_handler.log_command:Invoking command in '/home/arno/microver_ws/build/microver': CMAKE_PREFIX_PATH=/opt/ros/humble /usr/bin/cmake --build /home/arno/microver_ws/build/microver -- -j8 -l8
[0.351s] DEBUG:colcon.colcon_core.event_handler.log_command:Invoking command in '/home/arno/microver_ws/build/rover_input_pkg': CMAKE_PREFIX_PATH=/opt/ros/humble /usr/bin/cmake --build /home/arno/microver_ws/build/rover_input_pkg -- -j8 -l8
[0.383s] DEBUG:colcon.colcon_core.event_handler.log_command:Invoked command in '/home/arno/microver_ws/build/microver' returned '0': CMAKE_PREFIX_PATH=/opt/ros/humble /usr/bin/cmake --build /home/arno/microver_ws/build/microver -- -j8 -l8
[0.409s] DEBUG:colcon.colcon_core.event_handler.log_command:Invoking command in '/home/arno/microver_ws/build/microver': CMAKE_PREFIX_PATH=/opt/ros/humble /usr/bin/cmake --install /home/arno/microver_ws/build/microver
[0.414s] DEBUG:colcon.colcon_core.event_handler.log_command:Invoked command in '/home/arno/microver_ws/build/rover_input_pkg' returned '0': CMAKE_PREFIX_PATH=/opt/ros/humble /usr/bin/cmake --build /home/arno/microver_ws/build/rover_input_pkg -- -j8 -l8
[0.430s] Level 1:colcon.colcon_core.environment:create_environment_scripts_only(microver)
[0.431s] DEBUG:colcon.colcon_core.event_handler.log_command:Invoked command in '/home/arno/microver_ws/build/microver' returned '0': CMAKE_PREFIX_PATH=/opt/ros/humble /usr/bin/cmake --install /home/arno/microver_ws/build/microver
[0.433s] Level 1:colcon.colcon_core.environment:checking '/home/arno/microver_ws/install/microver' for CMake module files
[0.433s] Level 1:colcon.colcon_core.environment:checking '/home/arno/microver_ws/install/microver' for CMake config files
[0.434s] Level 1:colcon.colcon_core.shell:create_environment_hook('microver', 'cmake_prefix_path')
[0.434s] INFO:colcon.colcon_core.shell:Creating environment hook '/home/arno/microver_ws/install/microver/share/microver/hook/cmake_prefix_path.ps1'
[0.434s] INFO:colcon.colcon_core.shell:Creating environment descriptor '/home/arno/microver_ws/install/microver/share/microver/hook/cmake_prefix_path.dsv'
[0.435s] INFO:colcon.colcon_core.shell:Creating environment hook '/home/arno/microver_ws/install/microver/share/microver/hook/cmake_prefix_path.sh'
[0.436s] Level 1:colcon.colcon_core.environment:checking '/home/arno/microver_ws/install/microver/bin'
[0.436s] Level 1:colcon.colcon_core.environment:checking '/home/arno/microver_ws/install/microver/lib/pkgconfig/microver.pc'
[0.436s] Level 1:colcon.colcon_core.environment:checking '/home/arno/microver_ws/install/microver/lib/python3.10/site-packages'
[0.436s] Level 1:colcon.colcon_core.environment:checking '/home/arno/microver_ws/install/microver/bin'
[0.437s] INFO:colcon.colcon_core.shell:Creating package script '/home/arno/microver_ws/install/microver/share/microver/package.ps1'
[0.437s] INFO:colcon.colcon_core.shell:Creating package descriptor '/home/arno/microver_ws/install/microver/share/microver/package.dsv'
[0.438s] INFO:colcon.colcon_core.shell:Creating package script '/home/arno/microver_ws/install/microver/share/microver/package.sh'
[0.438s] INFO:colcon.colcon_core.shell:Creating package script '/home/arno/microver_ws/install/microver/share/microver/package.bash'
[0.439s] INFO:colcon.colcon_core.shell:Creating package script '/home/arno/microver_ws/install/microver/share/microver/package.zsh'
[0.440s] Level 1:colcon.colcon_core.environment:create_file_with_runtime_dependencies(/home/arno/microver_ws/install/microver/share/colcon-core/packages/microver)
[0.442s] DEBUG:colcon.colcon_core.event_handler.log_command:Invoking command in '/home/arno/microver_ws/build/rover_input_pkg': CMAKE_PREFIX_PATH=/opt/ros/humble /usr/bin/cmake --install /home/arno/microver_ws/build/rover_input_pkg
[0.460s] Level 1:colcon.colcon_core.environment:create_environment_scripts_only(microver)
[0.460s] Level 1:colcon.colcon_core.environment:checking '/home/arno/microver_ws/install/microver' for CMake module files
[0.461s] Level 1:colcon.colcon_core.environment:checking '/home/arno/microver_ws/install/microver' for CMake config files
[0.462s] Level 1:colcon.colcon_core.shell:create_environment_hook('microver', 'cmake_prefix_path')
[0.462s] INFO:colcon.colcon_core.shell:Creating environment hook '/home/arno/microver_ws/install/microver/share/microver/hook/cmake_prefix_path.ps1'
[0.462s] INFO:colcon.colcon_core.shell:Creating environment descriptor '/home/arno/microver_ws/install/microver/share/microver/hook/cmake_prefix_path.dsv'
[0.463s] INFO:colcon.colcon_core.shell:Creating environment hook '/home/arno/microver_ws/install/microver/share/microver/hook/cmake_prefix_path.sh'
[0.463s] Level 1:colcon.colcon_core.environment:checking '/home/arno/microver_ws/install/microver/bin'
[0.463s] Level 1:colcon.colcon_core.environment:checking '/home/arno/microver_ws/install/microver/lib/pkgconfig/microver.pc'
[0.464s] Level 1:colcon.colcon_core.environment:checking '/home/arno/microver_ws/install/microver/lib/python3.10/site-packages'
[0.464s] Level 1:colcon.colcon_core.environment:checking '/home/arno/microver_ws/install/microver/bin'
[0.464s] INFO:colcon.colcon_core.shell:Creating package script '/home/arno/microver_ws/install/microver/share/microver/package.ps1'
[0.465s] INFO:colcon.colcon_core.shell:Creating package descriptor '/home/arno/microver_ws/install/microver/share/microver/package.dsv'
[0.465s] INFO:colcon.colcon_core.shell:Creating package script '/home/arno/microver_ws/install/microver/share/microver/package.sh'
[0.465s] INFO:colcon.colcon_core.shell:Creating package script '/home/arno/microver_ws/install/microver/share/microver/package.bash'
[0.466s] INFO:colcon.colcon_core.shell:Creating package script '/home/arno/microver_ws/install/microver/share/microver/package.zsh'
[0.466s] Level 1:colcon.colcon_core.environment:create_file_with_runtime_dependencies(/home/arno/microver_ws/install/microver/share/colcon-core/packages/microver)
[0.467s] Level 1:colcon.colcon_core.environment:create_environment_scripts_only(rover_input_pkg)
[0.467s] Level 1:colcon.colcon_core.environment:checking '/home/arno/microver_ws/install/rover_input_pkg' for CMake module files
[0.468s] DEBUG:colcon.colcon_core.event_handler.log_command:Invoked command in '/home/arno/microver_ws/build/rover_input_pkg' returned '0': CMAKE_PREFIX_PATH=/opt/ros/humble /usr/bin/cmake --install /home/arno/microver_ws/build/rover_input_pkg
[0.468s] Level 1:colcon.colcon_core.environment:checking '/home/arno/microver_ws/install/rover_input_pkg' for CMake config files
[0.468s] Level 1:colcon.colcon_core.shell:create_environment_hook('rover_input_pkg', 'cmake_prefix_path')
[0.468s] INFO:colcon.colcon_core.shell:Creating environment hook '/home/arno/microver_ws/install/rover_input_pkg/share/rover_input_pkg/hook/cmake_prefix_path.ps1'
[0.469s] INFO:colcon.colcon_core.shell:Creating environment descriptor '/home/arno/microver_ws/install/rover_input_pkg/share/rover_input_pkg/hook/cmake_prefix_path.dsv'
[0.469s] INFO:colcon.colcon_core.shell:Creating environment hook '/home/arno/microver_ws/install/rover_input_pkg/share/rover_input_pkg/hook/cmake_prefix_path.sh'
[0.469s] Level 1:colcon.colcon_core.environment:checking '/home/arno/microver_ws/install/rover_input_pkg/lib'
[0.470s] Level 1:colcon.colcon_core.environment:checking '/home/arno/microver_ws/install/rover_input_pkg/bin'
[0.470s] Level 1:colcon.colcon_core.environment:checking '/home/arno/microver_ws/install/rover_input_pkg/lib/pkgconfig/rover_input_pkg.pc'
[0.470s] Level 1:colcon.colcon_core.environment:checking '/home/arno/microver_ws/install/rover_input_pkg/lib/python3.10/site-packages'
[0.470s] Level 1:colcon.colcon_core.environment:checking '/home/arno/microver_ws/install/rover_input_pkg/bin'
[0.470s] INFO:colcon.colcon_core.shell:Creating package script '/home/arno/microver_ws/install/rover_input_pkg/share/rover_input_pkg/package.ps1'
[0.471s] INFO:colcon.colcon_core.shell:Creating package descriptor '/home/arno/microver_ws/install/rover_input_pkg/share/rover_input_pkg/package.dsv'
[0.471s] INFO:colcon.colcon_core.shell:Creating package script '/home/arno/microver_ws/install/rover_input_pkg/share/rover_input_pkg/package.sh'
[0.472s] INFO:colcon.colcon_core.shell:Creating package script '/home/arno/microver_ws/install/rover_input_pkg/share/rover_input_pkg/package.bash'
[0.472s] INFO:colcon.colcon_core.shell:Creating package script '/home/arno/microver_ws/install/rover_input_pkg/share/rover_input_pkg/package.zsh'
[0.472s] Level 1:colcon.colcon_core.environment:create_file_with_runtime_dependencies(/home/arno/microver_ws/install/rover_input_pkg/share/colcon-core/packages/rover_input_pkg)
[0.491s] Level 1:colcon.colcon_core.environment:create_environment_scripts_only(rover_input_pkg)
[0.492s] Level 1:colcon.colcon_core.environment:checking '/home/arno/microver_ws/install/rover_input_pkg' for CMake module files
[0.492s] Level 1:colcon.colcon_core.environment:checking '/home/arno/microver_ws/install/rover_input_pkg' for CMake config files
[0.492s] Level 1:colcon.colcon_core.shell:create_environment_hook('rover_input_pkg', 'cmake_prefix_path')
[0.492s] INFO:colcon.colcon_core.shell:Creating environment hook '/home/arno/microver_ws/install/rover_input_pkg/share/rover_input_pkg/hook/cmake_prefix_path.ps1'
[0.493s] INFO:colcon.colcon_core.shell:Creating environment descriptor '/home/arno/microver_ws/install/rover_input_pkg/share/rover_input_pkg/hook/cmake_prefix_path.dsv'
[0.493s] INFO:colcon.colcon_core.shell:Creating environment hook '/home/arno/microver_ws/install/rover_input_pkg/share/rover_input_pkg/hook/cmake_prefix_path.sh'
[0.494s] Level 1:colcon.colcon_core.environment:checking '/home/arno/microver_ws/install/rover_input_pkg/lib'
[0.494s] Level 1:colcon.colcon_core.environment:checking '/home/arno/microver_ws/install/rover_input_pkg/bin'
[0.494s] Level 1:colcon.colcon_core.environment:checking '/home/arno/microver_ws/install/rover_input_pkg/lib/pkgconfig/rover_input_pkg.pc'
[0.494s] Level 1:colcon.colcon_core.environment:checking '/home/arno/microver_ws/install/rover_input_pkg/lib/python3.10/site-packages'
[0.495s] Level 1:colcon.colcon_core.environment:checking '/home/arno/microver_ws/install/rover_input_pkg/bin'
[0.495s] INFO:colcon.colcon_core.shell:Creating package script '/home/arno/microver_ws/install/rover_input_pkg/share/rover_input_pkg/package.ps1'
[0.496s] INFO:colcon.colcon_core.shell:Creating package descriptor '/home/arno/microver_ws/install/rover_input_pkg/share/rover_input_pkg/package.dsv'
[0.496s] INFO:colcon.colcon_core.shell:Creating package script '/home/arno/microver_ws/install/rover_input_pkg/share/rover_input_pkg/package.sh'
[0.496s] INFO:colcon.colcon_core.shell:Creating package script '/home/arno/microver_ws/install/rover_input_pkg/share/rover_input_pkg/package.bash'
[0.497s] INFO:colcon.colcon_core.shell:Creating package script '/home/arno/microver_ws/install/rover_input_pkg/share/rover_input_pkg/package.zsh'
[0.497s] Level 1:colcon.colcon_core.environment:create_file_with_runtime_dependencies(/home/arno/microver_ws/install/rover_input_pkg/share/colcon-core/packages/rover_input_pkg)
[0.497s] DEBUG:colcon.colcon_parallel_executor.executor.parallel:closing loop
[0.497s] DEBUG:colcon.colcon_parallel_executor.executor.parallel:loop closed
[0.497s] DEBUG:colcon.colcon_parallel_executor.executor.parallel:run_until_complete finished with '0'
[0.497s] DEBUG:colcon.colcon_core.event_reactor:joining thread
[0.502s] INFO:colcon.colcon_core.plugin_system:Skipping extension 'colcon_notification.desktop_notification.terminal_notifier': Not used on non-Darwin systems
[0.502s] INFO:colcon.colcon_core.plugin_system:Skipping extension 'colcon_notification.desktop_notification.win32': Not used on non-Windows systems
[0.502s] INFO:colcon.colcon_notification.desktop_notification:Sending desktop notification using 'notify2'
[0.512s] DEBUG:colcon.colcon_core.event_reactor:joined thread
[0.513s] INFO:colcon.colcon_core.shell:Creating prefix script '/home/arno/microver_ws/install/local_setup.ps1'
[0.514s] INFO:colcon.colcon_core.shell:Creating prefix util module '/home/arno/microver_ws/install/_local_setup_util_ps1.py'
[0.515s] INFO:colcon.colcon_core.shell:Creating prefix chain script '/home/arno/microver_ws/install/setup.ps1'
[0.516s] INFO:colcon.colcon_core.shell:Creating prefix script '/home/arno/microver_ws/install/local_setup.sh'
[0.516s] INFO:colcon.colcon_core.shell:Creating prefix util module '/home/arno/microver_ws/install/_local_setup_util_sh.py'
[0.517s] INFO:colcon.colcon_core.shell:Creating prefix chain script '/home/arno/microver_ws/install/setup.sh'
[0.518s] INFO:colcon.colcon_core.shell:Creating prefix script '/home/arno/microver_ws/install/local_setup.bash'
[0.518s] INFO:colcon.colcon_core.shell:Creating prefix chain script '/home/arno/microver_ws/install/setup.bash'
[0.519s] INFO:colcon.colcon_core.shell:Creating prefix script '/home/arno/microver_ws/install/local_setup.zsh'
[0.519s] INFO:colcon.colcon_core.shell:Creating prefix chain script '/home/arno/microver_ws/install/setup.zsh'
