[0.163s] Invoking command in '/home/arno/microver_ws/build/rover_input_pkg': CMAKE_PREFIX_PATH=${CMAKE_PREFIX_PATH}:/opt/ros/humble /usr/bin/cmake --build /home/arno/microver_ws/build/rover_input_pkg -- -j8 -l8
[0.256s] [100%] Built target input_node
[0.300s] Invoked command in '/home/arno/microver_ws/build/rover_input_pkg' returned '0': CMAKE_PREFIX_PATH=${CMAKE_PREFIX_PATH}:/opt/ros/humble /usr/bin/cmake --build /home/arno/microver_ws/build/rover_input_pkg -- -j8 -l8
[0.570s] Invoking command in '/home/arno/microver_ws/build/rover_input_pkg': CMAKE_PREFIX_PATH=${CMAKE_PREFIX_PATH}:/opt/ros/humble /usr/bin/cmake --install /home/arno/microver_ws/build/rover_input_pkg
[0.584s] -- Install configuration: ""
[0.585s] -- Execute custom install script
[0.585s] -- Up-to-date symlink: /home/arno/microver_ws/install/rover_input_pkg/lib/rover_input_pkg/input_node
[0.586s] -- Up-to-date symlink: /home/arno/microver_ws/install/rover_input_pkg/share/ament_index/resource_index/package_run_dependencies/rover_input_pkg
[0.587s] -- Up-to-date symlink: /home/arno/microver_ws/install/rover_input_pkg/share/ament_index/resource_index/parent_prefix_path/rover_input_pkg
[0.587s] -- Up-to-date symlink: /home/arno/microver_ws/install/rover_input_pkg/share/rover_input_pkg/environment/ament_prefix_path.sh
[0.588s] -- Up-to-date symlink: /home/arno/microver_ws/install/rover_input_pkg/share/rover_input_pkg/environment/ament_prefix_path.dsv
[0.588s] -- Up-to-date symlink: /home/arno/microver_ws/install/rover_input_pkg/share/rover_input_pkg/environment/path.sh
[0.589s] -- Up-to-date symlink: /home/arno/microver_ws/install/rover_input_pkg/share/rover_input_pkg/environment/path.dsv
[0.589s] -- Up-to-date symlink: /home/arno/microver_ws/install/rover_input_pkg/share/rover_input_pkg/local_setup.bash
[0.589s] -- Up-to-date symlink: /home/arno/microver_ws/install/rover_input_pkg/share/rover_input_pkg/local_setup.sh
[0.590s] -- Up-to-date symlink: /home/arno/microver_ws/install/rover_input_pkg/share/rover_input_pkg/local_setup.zsh
[0.590s] -- Up-to-date symlink: /home/arno/microver_ws/install/rover_input_pkg/share/rover_input_pkg/local_setup.dsv
[0.590s] -- Symlinking: /home/arno/microver_ws/install/rover_input_pkg/share/rover_input_pkg/package.dsv
[0.607s] -- Up-to-date symlink: /home/arno/microver_ws/install/rover_input_pkg/share/ament_index/resource_index/packages/rover_input_pkg
[0.608s] -- Up-to-date symlink: /home/arno/microver_ws/install/rover_input_pkg/share/rover_input_pkg/cmake/rover_input_pkgConfig.cmake
[0.608s] -- Up-to-date symlink: /home/arno/microver_ws/install/rover_input_pkg/share/rover_input_pkg/cmake/rover_input_pkgConfig-version.cmake
[0.609s] -- Up-to-date symlink: /home/arno/microver_ws/install/rover_input_pkg/share/rover_input_pkg/package.xml
[0.748s] Invoked command in '/home/arno/microver_ws/build/rover_input_pkg' returned '0': CMAKE_PREFIX_PATH=${CMAKE_PREFIX_PATH}:/opt/ros/humble /usr/bin/cmake --install /home/arno/microver_ws/build/rover_input_pkg
