[1.539s] DEBUG:colcon:Command line arguments: ['/usr/bin/colcon', 'build', '--symlink-install']
[1.539s] DEBUG:colcon:Parsed command line arguments: Namespace(log_base=None, log_level=None, verb_name='build', build_base='build', install_base='install', merge_install=False, symlink_install=True, test_result_base=None, continue_on_error=False, executor='parallel', parallel_workers=8, event_handlers=None, ignore_user_meta=False, metas=['./colcon.meta'], base_paths=['.'], packages_ignore=None, packages_ignore_regex=None, paths=None, packages_up_to=None, packages_up_to_regex=None, packages_above=None, packages_above_and_dependencies=None, packages_above_depth=None, packages_select_by_dep=None, packages_skip_by_dep=None, packages_skip_up_to=None, packages_select_build_failed=False, packages_skip_build_finished=False, packages_select_test_failures=False, packages_skip_test_passed=False, packages_select=None, packages_skip=None, packages_select_regex=None, packages_skip_regex=None, packages_start=None, packages_end=None, allow_overriding=[], cmake_args=None, cmake_target=None, cmake_target_skip_unavailable=False, cmake_clean_cache=False, cmake_clean_first=False, cmake_force_configure=False, ament_cmake_args=None, catkin_cmake_args=None, catkin_skip_building_tests=False, verb_parser=<colcon_defaults.argument_parser.defaults.DefaultArgumentsDecorator object at 0x7f03c14c3b80>, verb_extension=<colcon_core.verb.build.BuildVerb object at 0x7f03c14c38b0>, main=<bound method BuildVerb.main of <colcon_core.verb.build.BuildVerb object at 0x7f03c14c38b0>>)
[1.612s] Level 1:colcon.colcon_core.package_discovery:discover_packages(colcon_meta) check parameters
[1.613s] Level 1:colcon.colcon_core.package_discovery:discover_packages(recursive) check parameters
[1.613s] Level 1:colcon.colcon_core.package_discovery:discover_packages(ignore) check parameters
[1.613s] Level 1:colcon.colcon_core.package_discovery:discover_packages(path) check parameters
[1.613s] Level 1:colcon.colcon_core.package_discovery:discover_packages(colcon_meta) discover
[1.613s] Level 1:colcon.colcon_core.package_discovery:discover_packages(recursive) discover
[1.613s] INFO:colcon.colcon_core.package_discovery:Crawling recursively for packages in '/home/arno/microver_ws'
[1.613s] Level 1:colcon.colcon_core.package_identification:_identify(.) by extensions ['ignore', 'ignore_ament_install']
[1.613s] Level 1:colcon.colcon_core.package_identification:_identify(.) by extension 'ignore'
[1.613s] Level 1:colcon.colcon_core.package_identification:_identify(.) by extension 'ignore_ament_install'
[1.613s] Level 1:colcon.colcon_core.package_identification:_identify(.) by extensions ['colcon_pkg']
[1.613s] Level 1:colcon.colcon_core.package_identification:_identify(.) by extension 'colcon_pkg'
[1.614s] Level 1:colcon.colcon_core.package_identification:_identify(.) by extensions ['colcon_meta']
[1.614s] Level 1:colcon.colcon_core.package_identification:_identify(.) by extension 'colcon_meta'
[1.614s] Level 1:colcon.colcon_core.package_identification:_identify(.) by extensions ['ros']
[1.614s] Level 1:colcon.colcon_core.package_identification:_identify(.) by extension 'ros'
[1.631s] Level 1:colcon.colcon_core.package_identification:_identify(.) by extensions ['cmake', 'python']
[1.631s] Level 1:colcon.colcon_core.package_identification:_identify(.) by extension 'cmake'
[1.631s] Level 1:colcon.colcon_core.package_identification:_identify(.) by extension 'python'
[1.631s] Level 1:colcon.colcon_core.package_identification:_identify(.) by extensions ['python_setup_py']
[1.631s] Level 1:colcon.colcon_core.package_identification:_identify(.) by extension 'python_setup_py'
[1.631s] Level 1:colcon.colcon_core.package_identification:_identify(build) by extensions ['ignore', 'ignore_ament_install']
[1.631s] Level 1:colcon.colcon_core.package_identification:_identify(build) by extension 'ignore'
[1.631s] Level 1:colcon.colcon_core.package_identification:_identify(build) ignored
[1.631s] Level 1:colcon.colcon_core.package_identification:_identify(install) by extensions ['ignore', 'ignore_ament_install']
[1.632s] Level 1:colcon.colcon_core.package_identification:_identify(install) by extension 'ignore'
[1.632s] Level 1:colcon.colcon_core.package_identification:_identify(install) ignored
[1.632s] Level 1:colcon.colcon_core.package_identification:_identify(log) by extensions ['ignore', 'ignore_ament_install']
[1.632s] Level 1:colcon.colcon_core.package_identification:_identify(log) by extension 'ignore'
[1.632s] Level 1:colcon.colcon_core.package_identification:_identify(log) ignored
[1.632s] Level 1:colcon.colcon_core.package_identification:_identify(rover_input_pkg) by extensions ['ignore', 'ignore_ament_install']
[1.632s] Level 1:colcon.colcon_core.package_identification:_identify(rover_input_pkg) by extension 'ignore'
[1.632s] Level 1:colcon.colcon_core.package_identification:_identify(rover_input_pkg) by extension 'ignore_ament_install'
[1.632s] Level 1:colcon.colcon_core.package_identification:_identify(rover_input_pkg) by extensions ['colcon_pkg']
[1.632s] Level 1:colcon.colcon_core.package_identification:_identify(rover_input_pkg) by extension 'colcon_pkg'
[1.633s] Level 1:colcon.colcon_core.package_identification:_identify(rover_input_pkg) by extensions ['colcon_meta']
[1.633s] Level 1:colcon.colcon_core.package_identification:_identify(rover_input_pkg) by extension 'colcon_meta'
[1.633s] Level 1:colcon.colcon_core.package_identification:_identify(rover_input_pkg) by extensions ['ros']
[1.633s] Level 1:colcon.colcon_core.package_identification:_identify(rover_input_pkg) by extension 'ros'
[1.636s] DEBUG:colcon.colcon_core.package_identification:Package 'rover_input_pkg' with type 'ros.ament_cmake' and name 'rover_input_pkg'
[1.636s] Level 1:colcon.colcon_core.package_identification:_identify(src) by extensions ['ignore', 'ignore_ament_install']
[1.637s] Level 1:colcon.colcon_core.package_identification:_identify(src) by extension 'ignore'
[1.637s] Level 1:colcon.colcon_core.package_identification:_identify(src) by extension 'ignore_ament_install'
[1.637s] Level 1:colcon.colcon_core.package_identification:_identify(src) by extensions ['colcon_pkg']
[1.637s] Level 1:colcon.colcon_core.package_identification:_identify(src) by extension 'colcon_pkg'
[1.637s] Level 1:colcon.colcon_core.package_identification:_identify(src) by extensions ['colcon_meta']
[1.637s] Level 1:colcon.colcon_core.package_identification:_identify(src) by extension 'colcon_meta'
[1.637s] Level 1:colcon.colcon_core.package_identification:_identify(src) by extensions ['ros']
[1.637s] Level 1:colcon.colcon_core.package_identification:_identify(src) by extension 'ros'
[1.637s] Level 1:colcon.colcon_core.package_identification:_identify(src) by extensions ['cmake', 'python']
[1.637s] Level 1:colcon.colcon_core.package_identification:_identify(src) by extension 'cmake'
[1.637s] Level 1:colcon.colcon_core.package_identification:_identify(src) by extension 'python'
[1.637s] Level 1:colcon.colcon_core.package_identification:_identify(src) by extensions ['python_setup_py']
[1.637s] Level 1:colcon.colcon_core.package_identification:_identify(src) by extension 'python_setup_py'
[1.638s] Level 1:colcon.colcon_core.package_identification:_identify(src/microver) by extensions ['ignore', 'ignore_ament_install']
[1.638s] Level 1:colcon.colcon_core.package_identification:_identify(src/microver) by extension 'ignore'
[1.638s] Level 1:colcon.colcon_core.package_identification:_identify(src/microver) by extension 'ignore_ament_install'
[1.638s] Level 1:colcon.colcon_core.package_identification:_identify(src/microver) by extensions ['colcon_pkg']
[1.638s] Level 1:colcon.colcon_core.package_identification:_identify(src/microver) by extension 'colcon_pkg'
[1.638s] Level 1:colcon.colcon_core.package_identification:_identify(src/microver) by extensions ['colcon_meta']
[1.638s] Level 1:colcon.colcon_core.package_identification:_identify(src/microver) by extension 'colcon_meta'
[1.638s] Level 1:colcon.colcon_core.package_identification:_identify(src/microver) by extensions ['ros']
[1.638s] Level 1:colcon.colcon_core.package_identification:_identify(src/microver) by extension 'ros'
[1.639s] DEBUG:colcon.colcon_core.package_identification:Package 'src/microver' with type 'ros.ament_cmake' and name 'microver'
[1.639s] Level 1:colcon.colcon_core.package_discovery:discover_packages(recursive) using defaults
[1.639s] Level 1:colcon.colcon_core.package_discovery:discover_packages(ignore) discover
[1.639s] Level 1:colcon.colcon_core.package_discovery:discover_packages(ignore) using defaults
[1.639s] Level 1:colcon.colcon_core.package_discovery:discover_packages(path) discover
[1.639s] Level 1:colcon.colcon_core.package_discovery:discover_packages(path) using defaults
[1.777s] Level 1:colcon.colcon_core.package_discovery:discover_packages(prefix_path) check parameters
[1.777s] Level 1:colcon.colcon_core.package_discovery:discover_packages(prefix_path) discover
[1.824s] DEBUG:colcon.colcon_installed_package_information.package_discovery:Found 2 installed packages in /home/arno/microver_ws/install
[1.848s] DEBUG:colcon.colcon_installed_package_information.package_discovery:Found 332 installed packages in /opt/ros/humble
[1.850s] Level 1:colcon.colcon_core.package_discovery:discover_packages(prefix_path) using defaults
[2.003s] Level 5:colcon.colcon_core.verb:set package 'microver' build argument 'cmake_args' from command line to 'None'
[2.003s] Level 5:colcon.colcon_core.verb:set package 'microver' build argument 'cmake_target' from command line to 'None'
[2.003s] Level 5:colcon.colcon_core.verb:set package 'microver' build argument 'cmake_target_skip_unavailable' from command line to 'False'
[2.003s] Level 5:colcon.colcon_core.verb:set package 'microver' build argument 'cmake_clean_cache' from command line to 'False'
[2.003s] Level 5:colcon.colcon_core.verb:set package 'microver' build argument 'cmake_clean_first' from command line to 'False'
[2.003s] Level 5:colcon.colcon_core.verb:set package 'microver' build argument 'cmake_force_configure' from command line to 'False'
[2.003s] Level 5:colcon.colcon_core.verb:set package 'microver' build argument 'ament_cmake_args' from command line to 'None'
[2.003s] Level 5:colcon.colcon_core.verb:set package 'microver' build argument 'catkin_cmake_args' from command line to 'None'
[2.003s] Level 5:colcon.colcon_core.verb:set package 'microver' build argument 'catkin_skip_building_tests' from command line to 'False'
[2.004s] DEBUG:colcon.colcon_core.verb:Building package 'microver' with the following arguments: {'ament_cmake_args': None, 'build_base': '/home/arno/microver_ws/build/microver', 'catkin_cmake_args': None, 'catkin_skip_building_tests': False, 'cmake_args': None, 'cmake_clean_cache': False, 'cmake_clean_first': False, 'cmake_force_configure': False, 'cmake_target': None, 'cmake_target_skip_unavailable': False, 'install_base': '/home/arno/microver_ws/install/microver', 'merge_install': False, 'path': '/home/arno/microver_ws/src/microver', 'symlink_install': True, 'test_result_base': None}
[2.024s] Level 5:colcon.colcon_core.verb:set package 'rover_input_pkg' build argument 'cmake_args' from command line to 'None'
[2.024s] Level 5:colcon.colcon_core.verb:set package 'rover_input_pkg' build argument 'cmake_target' from command line to 'None'
[2.025s] Level 5:colcon.colcon_core.verb:set package 'rover_input_pkg' build argument 'cmake_target_skip_unavailable' from command line to 'False'
[2.025s] Level 5:colcon.colcon_core.verb:set package 'rover_input_pkg' build argument 'cmake_clean_cache' from command line to 'False'
[2.025s] Level 5:colcon.colcon_core.verb:set package 'rover_input_pkg' build argument 'cmake_clean_first' from command line to 'False'
[2.025s] Level 5:colcon.colcon_core.verb:set package 'rover_input_pkg' build argument 'cmake_force_configure' from command line to 'False'
[2.025s] Level 5:colcon.colcon_core.verb:set package 'rover_input_pkg' build argument 'ament_cmake_args' from command line to 'None'
[2.025s] Level 5:colcon.colcon_core.verb:set package 'rover_input_pkg' build argument 'catkin_cmake_args' from command line to 'None'
[2.025s] Level 5:colcon.colcon_core.verb:set package 'rover_input_pkg' build argument 'catkin_skip_building_tests' from command line to 'False'
[2.025s] DEBUG:colcon.colcon_core.verb:Building package 'rover_input_pkg' with the following arguments: {'ament_cmake_args': None, 'build_base': '/home/arno/microver_ws/build/rover_input_pkg', 'catkin_cmake_args': None, 'catkin_skip_building_tests': False, 'cmake_args': None, 'cmake_clean_cache': False, 'cmake_clean_first': False, 'cmake_force_configure': False, 'cmake_target': None, 'cmake_target_skip_unavailable': False, 'install_base': '/home/arno/microver_ws/install/rover_input_pkg', 'merge_install': False, 'path': '/home/arno/microver_ws/rover_input_pkg', 'symlink_install': True, 'test_result_base': None}
[2.046s] INFO:colcon.colcon_core.executor:Executing jobs using 'parallel' executor
[2.070s] DEBUG:colcon.colcon_parallel_executor.executor.parallel:run_until_complete
[2.070s] INFO:colcon.colcon_ros.task.ament_cmake.build:Building ROS package in '/home/arno/microver_ws/src/microver' with build type 'ament_cmake'
[2.070s] INFO:colcon.colcon_cmake.task.cmake.build:Building CMake package in '/home/arno/microver_ws/src/microver'
[2.098s] INFO:colcon.colcon_core.plugin_system:Skipping extension 'colcon_core.shell.bat': Not used on non-Windows systems
[2.098s] INFO:colcon.colcon_core.shell:Skip shell extension 'powershell' for command environment: Not usable outside of PowerShell
[2.098s] DEBUG:colcon.colcon_core.shell:Skip shell extension 'dsv' for command environment
[2.199s] INFO:colcon.colcon_ros.task.ament_cmake.build:Building ROS package in '/home/arno/microver_ws/rover_input_pkg' with build type 'ament_cmake'
[2.199s] INFO:colcon.colcon_cmake.task.cmake.build:Building CMake package in '/home/arno/microver_ws/rover_input_pkg'
[2.232s] INFO:colcon.colcon_core.shell:Skip shell extension 'powershell' for command environment: Not usable outside of PowerShell
[2.232s] DEBUG:colcon.colcon_core.shell:Skip shell extension 'dsv' for command environment
[2.319s] DEBUG:colcon.colcon_core.event_handler.log_command:Invoking command in '/home/arno/microver_ws/build/microver': CMAKE_PREFIX_PATH=${CMAKE_PREFIX_PATH}:/opt/ros/humble /usr/bin/cmake --build /home/arno/microver_ws/build/microver -- -j8 -l8
[2.325s] DEBUG:colcon.colcon_core.event_handler.log_command:Invoking command in '/home/arno/microver_ws/build/rover_input_pkg': CMAKE_PREFIX_PATH=${CMAKE_PREFIX_PATH}:/opt/ros/humble /usr/bin/cmake --build /home/arno/microver_ws/build/rover_input_pkg -- -j8 -l8
[2.366s] DEBUG:colcon.colcon_core.event_handler.log_command:Invoked command in '/home/arno/microver_ws/build/microver' returned '0': CMAKE_PREFIX_PATH=${CMAKE_PREFIX_PATH}:/opt/ros/humble /usr/bin/cmake --build /home/arno/microver_ws/build/microver -- -j8 -l8
[2.404s] DEBUG:colcon.colcon_core.event_handler.log_command:Invoking command in '/home/arno/microver_ws/build/microver': CMAKE_PREFIX_PATH=${CMAKE_PREFIX_PATH}:/opt/ros/humble /usr/bin/cmake --install /home/arno/microver_ws/build/microver
[2.411s] DEBUG:colcon.colcon_core.event_handler.log_command:Invoked command in '/home/arno/microver_ws/build/rover_input_pkg' returned '0': CMAKE_PREFIX_PATH=${CMAKE_PREFIX_PATH}:/opt/ros/humble /usr/bin/cmake --build /home/arno/microver_ws/build/rover_input_pkg -- -j8 -l8
[2.433s] Level 1:colcon.colcon_core.environment:create_environment_scripts_only(microver)
[2.434s] DEBUG:colcon.colcon_core.event_handler.log_command:Invoked command in '/home/arno/microver_ws/build/microver' returned '0': CMAKE_PREFIX_PATH=${CMAKE_PREFIX_PATH}:/opt/ros/humble /usr/bin/cmake --install /home/arno/microver_ws/build/microver
[2.461s] Level 1:colcon.colcon_core.environment:checking '/home/arno/microver_ws/install/microver' for CMake module files
[2.462s] Level 1:colcon.colcon_core.environment:checking '/home/arno/microver_ws/install/microver' for CMake config files
[2.463s] Level 1:colcon.colcon_core.shell:create_environment_hook('microver', 'cmake_prefix_path')
[2.487s] INFO:colcon.colcon_core.shell:Creating environment hook '/home/arno/microver_ws/install/microver/share/microver/hook/cmake_prefix_path.ps1'
[2.488s] INFO:colcon.colcon_core.shell:Creating environment descriptor '/home/arno/microver_ws/install/microver/share/microver/hook/cmake_prefix_path.dsv'
[2.489s] INFO:colcon.colcon_core.shell:Creating environment hook '/home/arno/microver_ws/install/microver/share/microver/hook/cmake_prefix_path.sh'
[2.490s] Level 1:colcon.colcon_core.environment:checking '/home/arno/microver_ws/install/microver/bin'
[2.490s] Level 1:colcon.colcon_core.environment:checking '/home/arno/microver_ws/install/microver/lib/pkgconfig/microver.pc'
[2.491s] Level 1:colcon.colcon_core.environment:checking '/home/arno/microver_ws/install/microver/lib/python3.10/site-packages'
[2.491s] Level 1:colcon.colcon_core.environment:checking '/home/arno/microver_ws/install/microver/bin'
[2.516s] INFO:colcon.colcon_core.shell:Creating package script '/home/arno/microver_ws/install/microver/share/microver/package.ps1'
[2.517s] INFO:colcon.colcon_core.shell:Creating package descriptor '/home/arno/microver_ws/install/microver/share/microver/package.dsv'
[2.518s] INFO:colcon.colcon_core.shell:Creating package script '/home/arno/microver_ws/install/microver/share/microver/package.sh'
[2.519s] INFO:colcon.colcon_core.shell:Creating package script '/home/arno/microver_ws/install/microver/share/microver/package.bash'
[2.520s] INFO:colcon.colcon_core.shell:Creating package script '/home/arno/microver_ws/install/microver/share/microver/package.zsh'
[2.521s] Level 1:colcon.colcon_core.environment:create_file_with_runtime_dependencies(/home/arno/microver_ws/install/microver/share/colcon-core/packages/microver)
[2.524s] DEBUG:colcon.colcon_core.event_handler.log_command:Invoking command in '/home/arno/microver_ws/build/rover_input_pkg': CMAKE_PREFIX_PATH=${CMAKE_PREFIX_PATH}:/opt/ros/humble /usr/bin/cmake --install /home/arno/microver_ws/build/rover_input_pkg
[2.573s] Level 1:colcon.colcon_core.environment:create_environment_scripts_only(microver)
[2.599s] Level 1:colcon.colcon_core.environment:checking '/home/arno/microver_ws/install/microver' for CMake module files
[2.600s] Level 1:colcon.colcon_core.environment:checking '/home/arno/microver_ws/install/microver' for CMake config files
[2.600s] Level 1:colcon.colcon_core.shell:create_environment_hook('microver', 'cmake_prefix_path')
[2.623s] INFO:colcon.colcon_core.shell:Creating environment hook '/home/arno/microver_ws/install/microver/share/microver/hook/cmake_prefix_path.ps1'
[2.624s] INFO:colcon.colcon_core.shell:Creating environment descriptor '/home/arno/microver_ws/install/microver/share/microver/hook/cmake_prefix_path.dsv'
[2.624s] INFO:colcon.colcon_core.shell:Creating environment hook '/home/arno/microver_ws/install/microver/share/microver/hook/cmake_prefix_path.sh'
[2.625s] Level 1:colcon.colcon_core.environment:checking '/home/arno/microver_ws/install/microver/bin'
[2.625s] Level 1:colcon.colcon_core.environment:checking '/home/arno/microver_ws/install/microver/lib/pkgconfig/microver.pc'
[2.625s] Level 1:colcon.colcon_core.environment:checking '/home/arno/microver_ws/install/microver/lib/python3.10/site-packages'
[2.626s] Level 1:colcon.colcon_core.environment:checking '/home/arno/microver_ws/install/microver/bin'
[2.649s] INFO:colcon.colcon_core.shell:Creating package script '/home/arno/microver_ws/install/microver/share/microver/package.ps1'
[2.649s] INFO:colcon.colcon_core.shell:Creating package descriptor '/home/arno/microver_ws/install/microver/share/microver/package.dsv'
[2.650s] INFO:colcon.colcon_core.shell:Creating package script '/home/arno/microver_ws/install/microver/share/microver/package.sh'
[2.650s] INFO:colcon.colcon_core.shell:Creating package script '/home/arno/microver_ws/install/microver/share/microver/package.bash'
[2.651s] INFO:colcon.colcon_core.shell:Creating package script '/home/arno/microver_ws/install/microver/share/microver/package.zsh'
[2.651s] Level 1:colcon.colcon_core.environment:create_file_with_runtime_dependencies(/home/arno/microver_ws/install/microver/share/colcon-core/packages/microver)
[2.652s] Level 1:colcon.colcon_core.environment:create_environment_scripts_only(rover_input_pkg)
[2.654s] DEBUG:colcon.colcon_core.event_handler.log_command:Invoked command in '/home/arno/microver_ws/build/rover_input_pkg' returned '0': CMAKE_PREFIX_PATH=${CMAKE_PREFIX_PATH}:/opt/ros/humble /usr/bin/cmake --install /home/arno/microver_ws/build/rover_input_pkg
[2.676s] Level 1:colcon.colcon_core.environment:checking '/home/arno/microver_ws/install/rover_input_pkg' for CMake module files
[2.677s] Level 1:colcon.colcon_core.environment:checking '/home/arno/microver_ws/install/rover_input_pkg' for CMake config files
[2.677s] Level 1:colcon.colcon_core.shell:create_environment_hook('rover_input_pkg', 'cmake_prefix_path')
[2.700s] INFO:colcon.colcon_core.shell:Creating environment hook '/home/arno/microver_ws/install/rover_input_pkg/share/rover_input_pkg/hook/cmake_prefix_path.ps1'
[2.700s] INFO:colcon.colcon_core.shell:Creating environment descriptor '/home/arno/microver_ws/install/rover_input_pkg/share/rover_input_pkg/hook/cmake_prefix_path.dsv'
[2.701s] INFO:colcon.colcon_core.shell:Creating environment hook '/home/arno/microver_ws/install/rover_input_pkg/share/rover_input_pkg/hook/cmake_prefix_path.sh'
[2.702s] Level 1:colcon.colcon_core.environment:checking '/home/arno/microver_ws/install/rover_input_pkg/lib'
[2.702s] Level 1:colcon.colcon_core.environment:checking '/home/arno/microver_ws/install/rover_input_pkg/bin'
[2.702s] Level 1:colcon.colcon_core.environment:checking '/home/arno/microver_ws/install/rover_input_pkg/lib/pkgconfig/rover_input_pkg.pc'
[2.702s] Level 1:colcon.colcon_core.environment:checking '/home/arno/microver_ws/install/rover_input_pkg/lib/python3.10/site-packages'
[2.703s] Level 1:colcon.colcon_core.environment:checking '/home/arno/microver_ws/install/rover_input_pkg/bin'
[2.725s] INFO:colcon.colcon_core.shell:Creating package script '/home/arno/microver_ws/install/rover_input_pkg/share/rover_input_pkg/package.ps1'
[2.725s] INFO:colcon.colcon_core.shell:Creating package descriptor '/home/arno/microver_ws/install/rover_input_pkg/share/rover_input_pkg/package.dsv'
[2.726s] INFO:colcon.colcon_core.shell:Creating package script '/home/arno/microver_ws/install/rover_input_pkg/share/rover_input_pkg/package.sh'
[2.726s] INFO:colcon.colcon_core.shell:Creating package script '/home/arno/microver_ws/install/rover_input_pkg/share/rover_input_pkg/package.bash'
[2.726s] INFO:colcon.colcon_core.shell:Creating package script '/home/arno/microver_ws/install/rover_input_pkg/share/rover_input_pkg/package.zsh'
[2.727s] Level 1:colcon.colcon_core.environment:create_file_with_runtime_dependencies(/home/arno/microver_ws/install/rover_input_pkg/share/colcon-core/packages/rover_input_pkg)
[2.779s] Level 1:colcon.colcon_core.environment:create_environment_scripts_only(rover_input_pkg)
[2.806s] Level 1:colcon.colcon_core.environment:checking '/home/arno/microver_ws/install/rover_input_pkg' for CMake module files
[2.807s] Level 1:colcon.colcon_core.environment:checking '/home/arno/microver_ws/install/rover_input_pkg' for CMake config files
[2.808s] Level 1:colcon.colcon_core.shell:create_environment_hook('rover_input_pkg', 'cmake_prefix_path')
[2.838s] INFO:colcon.colcon_core.shell:Creating environment hook '/home/arno/microver_ws/install/rover_input_pkg/share/rover_input_pkg/hook/cmake_prefix_path.ps1'
[2.839s] INFO:colcon.colcon_core.shell:Creating environment descriptor '/home/arno/microver_ws/install/rover_input_pkg/share/rover_input_pkg/hook/cmake_prefix_path.dsv'
[2.840s] INFO:colcon.colcon_core.shell:Creating environment hook '/home/arno/microver_ws/install/rover_input_pkg/share/rover_input_pkg/hook/cmake_prefix_path.sh'
[2.841s] Level 1:colcon.colcon_core.environment:checking '/home/arno/microver_ws/install/rover_input_pkg/lib'
[2.841s] Level 1:colcon.colcon_core.environment:checking '/home/arno/microver_ws/install/rover_input_pkg/bin'
[2.841s] Level 1:colcon.colcon_core.environment:checking '/home/arno/microver_ws/install/rover_input_pkg/lib/pkgconfig/rover_input_pkg.pc'
[2.842s] Level 1:colcon.colcon_core.environment:checking '/home/arno/microver_ws/install/rover_input_pkg/lib/python3.10/site-packages'
[2.842s] Level 1:colcon.colcon_core.environment:checking '/home/arno/microver_ws/install/rover_input_pkg/bin'
[2.874s] INFO:colcon.colcon_core.shell:Creating package script '/home/arno/microver_ws/install/rover_input_pkg/share/rover_input_pkg/package.ps1'
[2.875s] INFO:colcon.colcon_core.shell:Creating package descriptor '/home/arno/microver_ws/install/rover_input_pkg/share/rover_input_pkg/package.dsv'
[2.876s] INFO:colcon.colcon_core.shell:Creating package script '/home/arno/microver_ws/install/rover_input_pkg/share/rover_input_pkg/package.sh'
[2.877s] INFO:colcon.colcon_core.shell:Creating package script '/home/arno/microver_ws/install/rover_input_pkg/share/rover_input_pkg/package.bash'
[2.878s] INFO:colcon.colcon_core.shell:Creating package script '/home/arno/microver_ws/install/rover_input_pkg/share/rover_input_pkg/package.zsh'
[2.878s] Level 1:colcon.colcon_core.environment:create_file_with_runtime_dependencies(/home/arno/microver_ws/install/rover_input_pkg/share/colcon-core/packages/rover_input_pkg)
[2.879s] DEBUG:colcon.colcon_parallel_executor.executor.parallel:closing loop
[2.879s] DEBUG:colcon.colcon_parallel_executor.executor.parallel:loop closed
[2.879s] DEBUG:colcon.colcon_parallel_executor.executor.parallel:run_until_complete finished with '0'
[2.880s] DEBUG:colcon.colcon_core.event_reactor:joining thread
[2.922s] INFO:colcon.colcon_core.plugin_system:Skipping extension 'colcon_notification.desktop_notification.terminal_notifier': Not used on non-Darwin systems
[2.922s] INFO:colcon.colcon_core.plugin_system:Skipping extension 'colcon_notification.desktop_notification.win32': Not used on non-Windows systems
[2.923s] INFO:colcon.colcon_notification.desktop_notification:Sending desktop notification using 'notify2'
[2.941s] DEBUG:colcon.colcon_core.event_reactor:joined thread
[2.975s] INFO:colcon.colcon_core.shell:Creating prefix script '/home/arno/microver_ws/install/local_setup.ps1'
[2.976s] INFO:colcon.colcon_core.shell:Creating prefix util module '/home/arno/microver_ws/install/_local_setup_util_ps1.py'
[2.979s] INFO:colcon.colcon_core.shell:Creating prefix chain script '/home/arno/microver_ws/install/setup.ps1'
[3.015s] INFO:colcon.colcon_core.shell:Creating prefix script '/home/arno/microver_ws/install/local_setup.sh'
[3.016s] INFO:colcon.colcon_core.shell:Creating prefix util module '/home/arno/microver_ws/install/_local_setup_util_sh.py'
[3.017s] INFO:colcon.colcon_core.shell:Creating prefix chain script '/home/arno/microver_ws/install/setup.sh'
[3.048s] INFO:colcon.colcon_core.shell:Creating prefix script '/home/arno/microver_ws/install/local_setup.bash'
[3.049s] INFO:colcon.colcon_core.shell:Creating prefix chain script '/home/arno/microver_ws/install/setup.bash'
[3.075s] INFO:colcon.colcon_core.shell:Creating prefix script '/home/arno/microver_ws/install/local_setup.zsh'
[3.075s] INFO:colcon.colcon_core.shell:Creating prefix chain script '/home/arno/microver_ws/install/setup.zsh'
